                 *** CIOpt *** 
 Intersection Optimization and Energy Minimization
 without analytic derivatives or nonadiabatic coupling
       - Ben Levine and Todd Martinez - 
             Copyright 2004-2005        
  SVN Version: 124
  
 Optimizing in Cartesian coordinates
 Intersection search with smoothed gap
   1.0000000000000000E-002
   1.0000000000000000E-002
   1.0000000000000000E-002
   1.0000000000000000E-002
   1.0000000000000000E-002
   1.0000000000000000E-002
   1.0000000000000000E-002
   1.0000000000000000E-002
   1.0000000000000000E-002
   1.0000000000000000E-002
   1.0000000000000000E-002
   1.0000000000000000E-002
   1.0000000000000000E-002
   1.0000000000000000E-002
   1.0000000000000000E-002
   1.0000000000000000E-002
   1.0000000000000000E-002
   1.0000000000000000E-002
 *** Using BFGS Optimization Scheme ***
 Analytic gradients will be used
 Begin Run MolPro... imode =             2
 istate =             2
 jstate =             1
            2
 Read gradient for istate
            1  -9.9970940000000006E-003
            2   6.0342649999999995E-003
            3  -1.6259630000000000E-002
            4   1.8466448000000000E-002
            5  -9.1672820000000002E-003
            6   1.3632590000000000E-002
            7  -3.6251180000000001E-003
            8  -5.8860000000000001E-005
            9   5.6656100000000000E-003
           10   2.0664270000000000E-003
           11  -2.3953770000000003E-003
           12   3.4348000000000001E-004
           13   2.3461889999999999E-003
           14   1.2081850000000003E-003
           15   6.1868999999999996E-004
           16  -9.2568519999999985E-003
           17   4.3790689999999994E-003
           18  -4.0007500000000000E-003
 Read gradient for jstate, multigrad           18
            1  -9.9970940000000006E-003  -2.4451994000000004E-002
            2   6.0342649999999995E-003   8.3452599999999997E-003
            3  -1.6259630000000000E-002  -1.6290070000000001E-002
            4   1.8466448000000000E-002   3.5843526000000003E-002
            5  -9.1672820000000002E-003  -9.1743539999999975E-003
            6   1.3632590000000000E-002   1.2117290000000001E-002
            7  -3.6251180000000001E-003  -3.1092880000000003E-003
            8  -5.8860000000000001E-005  -1.2079560000000000E-003
            9   5.6656100000000000E-003   1.0400640000000001E-002
           10   2.0664270000000000E-003   3.2228590000000001E-003
           11  -2.3953770000000003E-003  -1.7641810000000002E-003
           12   3.4348000000000001E-004  -1.7154500000000001E-003
           13   2.3461889999999999E-003   4.3717149999999991E-003
           14   1.2081850000000003E-003   4.6990400000000001E-004
           15   6.1868999999999996E-004  -8.8826999999999998E-004
           16  -9.2568519999999985E-003  -1.5876818000000002E-002
           17   4.3790689999999994E-003   3.3313269999999999E-003
           18  -4.0007500000000000E-003  -3.6241400000000001E-003
 ...Run MolPro successful
 In dfunc; eni,enj=   -78.14390419999999        -78.14401660000000      
   -78.14390419999999     
 nefunc =             7
 Gap =    1.1240000000611872E-004
 alpha =    2.5000000372529030E-002
 dlambdagap =     3.500000000000000     
 -0.0099971 -0.0244520  0.0001291 -0.0167727
  0.0060343  0.0083453 -0.0000206  0.0071175
 -0.0162596 -0.0162901  0.0000003 -0.0162739
  0.0184664  0.0358435 -0.0001552  0.0266118
 -0.0091673 -0.0091744  0.0000001 -0.0091706
  0.0136326  0.0121173  0.0000135  0.0129223
 -0.0036251 -0.0031093 -0.0000046 -0.0033833
 -0.0000589 -0.0012080  0.0000103 -0.0005975
  0.0056656  0.0104006 -0.0000423  0.0078851
  0.0020664  0.0032229 -0.0000103  0.0026085
 -0.0023954 -0.0017642 -0.0000056 -0.0020995
  0.0003435 -0.0017155  0.0000184 -0.0006216
  0.0023462  0.0043717 -0.0000181  0.0032956
  0.0012082  0.0004699  0.0000066  0.0008621
  0.0006187 -0.0008883  0.0000135 -0.0000877
 -0.0092569 -0.0158768  0.0000591 -0.0123599
  0.0043791  0.0033313  0.0000094  0.0038880
 -0.0040008 -0.0036241 -0.0000034 -0.0038242
 In dfunc; fval after gcons:   -78.14395863919023     
 Iteration     0 E=    -78.14395864 Cvg=      0.04284612
 Current Geometry
 C    0.0240000000    0.0800000000   -0.4500000000
 C   -0.3060000000   -0.1070000000    0.9580000000
 H    1.0830000000   -0.1580000000   -0.5830000000
 H   -0.1200000000    1.1060000000   -0.7890000000
 H   -0.5400000000   -0.5770000000   -1.1120000000
 H   -0.1410000000   -0.3430000000    1.9770000000
*************************************************
  N=   18   NUMBER OF CORRECTIONS= 5
       INITIAL VALUES
 F= -7.814D+01   GNORM=  4.285D-02
*************************************************

   I   NFN    FUNC        GNORM       STEPLENGTH

 Begin Run MolPro... imode =             2
 istate =             2
 jstate =             1
            2
 Read gradient for istate
            1   3.1422987999999998E-002
            2  -1.4832818999999999E-002
            3   3.7687779999999997E-002
            4   3.3230620000000002E-003
            5   9.6210249999999995E-003
            6  -5.4531410000000005E-002
            7  -2.0657019999999999E-002
            8   5.1976889999999996E-003
            9  -2.0408999999999997E-004
           10  -5.3283170000000002E-003
           11   1.5604480000000001E-002
           12  -5.5922200000000011E-003
           13  -1.1485125999999999E-002
           14  -8.5897169999999985E-003
           15  -1.0421020000000001E-002
           16   2.7244130000000002E-003
           17  -7.0006579999999996E-003
           18   3.3060979999999995E-002
 Read gradient for jstate, multigrad           18
            1   3.1422987999999998E-002  -6.4052319999999998E-003
            2  -1.4832818999999999E-002  -4.2398499999999997E-003
            3   3.7687779999999997E-002   3.1649200000000000E-002
            4   3.3230620000000002E-003   5.3903827000000000E-002
            5   9.6210249999999995E-003  -3.5254560000000001E-003
            6  -5.4531410000000005E-002  -5.1633899999999997E-002
            7  -2.0657019999999999E-002  -2.1616769000000002E-002
            8   5.1976889999999996E-003   3.3792439999999999E-003
            9  -2.0408999999999997E-004   1.0555369999999999E-002
           10  -5.3283170000000002E-003  -3.3022999999999998E-004
           11   1.5604480000000001E-002   1.7692736000000000E-002
           12  -5.5922200000000011E-003  -1.0491729999999999E-002
           13  -1.1485125999999999E-002  -7.5782810000000005E-003
           14  -8.5897169999999985E-003  -1.0874671000000000E-002
           15  -1.0421020000000001E-002  -1.6155900000000001E-002
           16   2.7244130000000002E-003  -1.7973315000000001E-002
           17  -7.0006579999999996E-003  -2.4320019999999998E-003
           18   3.3060979999999995E-002   3.6076950000000001E-002
 ...Run MolPro successful
 In dfunc; eni,enj=   -78.14228070000000        -78.15028359999999      
   -78.14228070000000     
 nefunc =             7
 Gap =    8.0028999999939288E-003
 alpha =    2.5000000372529030E-002
 dlambdagap =     3.500000000000000     
  0.0314230 -0.0064052  0.0161216  0.0689346
 -0.0148328 -0.0042399 -0.0045145 -0.0253371
  0.0376878  0.0316492  0.0025735  0.0436758
  0.0033231  0.0539038 -0.0215565 -0.0468343
  0.0096210 -0.0035255  0.0056028  0.0226575
 -0.0545314 -0.0516339 -0.0012349 -0.0574047
 -0.0206570 -0.0216168  0.0004090 -0.0197053
  0.0051977  0.0033792  0.0007750  0.0070009
 -0.0002041  0.0105554 -0.0045855 -0.0108735
 -0.0053283 -0.0003302 -0.0021301 -0.0102846
  0.0156045  0.0176927 -0.0008900  0.0135337
 -0.0055922 -0.0104917  0.0020881 -0.0007337
 -0.0114851 -0.0075783 -0.0016650 -0.0153593
 -0.0085897 -0.0108747  0.0009738 -0.0063239
 -0.0104210 -0.0161559  0.0024441 -0.0047341
  0.0027244 -0.0179733  0.0088210  0.0232489
 -0.0070007 -0.0024320 -0.0019471 -0.0115311
  0.0330610  0.0360770 -0.0012853  0.0300703
 In dfunc; fval after gcons:   -78.13948994607536     
 Iteration     1 E=    -78.13948995 Cvg=      0.12658852
 Current Geometry
 C    0.0631462943    0.0633881853   -0.4120178034
 C   -0.3681100824   -0.0855964367    0.9278401883
 H    1.0908964634   -0.1566055072   -0.6014033063
 H   -0.1260880463    1.1109001186   -0.7875491785
 H   -0.5476917859   -0.5790121399   -1.1117953586
 H   -0.1121528431   -0.3520742202    1.9859254710
 Begin Run MolPro... imode =             2
 istate =             2
 jstate =             1
            2
 Read gradient for istate
            1  -1.0998150000000000E-003
            2   1.0651380000000001E-003
            3  -4.6143800000000006E-003
            4   1.6098424000000000E-002
            5  -3.7005800000000004E-003
            6  -1.6119500000000002E-003
            7  -7.2192299999999996E-003
            8   1.0260519999999997E-003
            9   4.3107800000000003E-003
           10   3.0100799999999999E-004
           11   1.9176799999999998E-003
           12  -1.1674400000000000E-003
           13  -5.5130200000000009E-004
           14  -1.2692970000000001E-003
           15  -1.8479999999999999E-003
           16  -7.5290850000000002E-003
           17   9.6100700000000003E-004
           18   4.9310100000000006E-003
 Read gradient for jstate, multigrad           18
            1  -1.0998150000000000E-003  -2.0888970000000002E-002
            2   1.0651380000000001E-003   6.1543510000000001E-003
            3  -4.6143800000000006E-003  -5.5440800000000001E-003
            4   1.6098424000000000E-002   4.0424275000000005E-002
            5  -3.7005800000000004E-003  -9.3559339999999995E-003
            6  -1.6119500000000002E-003  -3.2738200000000002E-003
            7  -7.2192299999999996E-003  -6.9821059999999999E-003
            8   1.0260519999999997E-003  -2.7270000000000003E-004
            9   4.3107800000000003E-003   1.0789640000000000E-002
           10   3.0100799999999999E-004   2.7435499999999999E-003
           11   1.9176799999999998E-003   2.6228030000000002E-003
           12  -1.1674400000000000E-003  -3.6039299999999996E-003
           13  -5.5130200000000009E-004   1.5279730000000001E-003
           14  -1.2692970000000001E-003  -2.1234499999999996E-003
           15  -1.8479999999999999E-003  -4.5574599999999998E-003
           16  -7.5290850000000002E-003  -1.6824721000000000E-002
           17   9.6100700000000003E-004   2.9749300000000002E-003
           18   4.9310100000000006E-003   6.1896599999999991E-003
 ...Run MolPro successful
 In dfunc; eni,enj=   -78.14489639999999        -78.14597870000000      
   -78.14489639999999     
 nefunc =             7
 Gap =    1.0823000000073080E-003
 alpha =    2.5000000372529030E-002
 dlambdagap =     3.500000000000000     
 -0.0010998 -0.0208890  0.0016083 -0.0053655
  0.0010651  0.0061544 -0.0004136  0.0021622
 -0.0046144 -0.0055441  0.0000756 -0.0048148
  0.0160984  0.0404243 -0.0019769  0.0213420
 -0.0037006 -0.0093559  0.0004596 -0.0049196
 -0.0016120 -0.0032738  0.0001351 -0.0019702
 -0.0072192 -0.0069821 -0.0000193 -0.0071681
  0.0010261 -0.0002727  0.0001055  0.0007461
  0.0043108  0.0107896 -0.0005265  0.0057073
  0.0003010  0.0027436 -0.0001985  0.0008275
  0.0019177  0.0026228 -0.0000573  0.0020697
 -0.0011674 -0.0036039  0.0001980 -0.0016926
 -0.0005513  0.0015280 -0.0001690 -0.0001031
 -0.0012693 -0.0021235  0.0000694 -0.0014534
 -0.0018480 -0.0045575  0.0002202 -0.0024320
 -0.0075291 -0.0168247  0.0007554 -0.0095328
  0.0009610  0.0029749 -0.0001637  0.0013951
  0.0049310  0.0061897 -0.0001023  0.0052023
 In dfunc; fval after gcons:   -78.14528036269456     
 Iteration     2 E=    -78.14528036 Cvg=      0.02757684
 Current Geometry
 C    0.0323106590    0.0764733539   -0.4419364760
 C   -0.3191858130   -0.1024560778    0.9515971485
 H    1.0846763992   -0.1577039527   -0.5869069753
 H   -0.1212924768    1.1070402828   -0.7886919943
 H   -0.5416329466   -0.5774271722   -1.1119565552
 H   -0.1348758217   -0.3449264339    1.9788948549
   1    3    -7.815D+01   2.758D-02   4.955D+00
 Begin Run MolPro... imode =             2
 istate =             2
 jstate =             1
            2
 Read gradient for istate
            1   7.8074589999999997E-003
            2  -2.7014780000000007E-003
            3   4.2485600000000003E-003
            4   8.3735009999999992E-003
            5  -7.2407600000000008E-004
            6  -7.0390800000000002E-003
            7  -6.1526909999999999E-003
            8   1.5415830000000000E-003
            9   9.4969999999999981E-005
           10  -1.5739360000000002E-003
           11   5.1719349999999995E-003
           12  -2.1444400000000003E-003
           13  -3.6505290000000001E-003
           14  -2.8421530000000001E-003
           15  -3.7934299999999999E-003
           16  -4.8038030000000003E-003
           17  -4.4580999999999991E-004
           18   8.6334200000000010E-003
 Read gradient for jstate, multigrad           18
            1   7.8074589999999997E-003  -2.2588615999999999E-002
            2  -2.7014780000000007E-003   5.6103840000000007E-003
            3   4.2485600000000003E-003   4.2053999999999991E-004
            4   8.3735009999999992E-003   4.8916769999999996E-002
            5  -7.2407600000000008E-004  -1.0830653000000001E-002
            6  -7.0390800000000002E-003  -6.8641400000000008E-003
            7  -6.1526909999999999E-003  -6.6808250000000005E-003
            8   1.5415830000000000E-003  -1.0161099999999998E-004
            9   9.4969999999999981E-005   9.3649300000000011E-003
           10  -1.5739360000000002E-003   2.2950140000000001E-003
           11   5.1719349999999995E-003   6.4245540000000005E-003
           12  -2.1444400000000003E-003  -6.0018600000000006E-003
           13  -3.6505290000000001E-003  -4.4861500000000003E-004
           14  -2.8421530000000001E-003  -4.2929519999999997E-003
           15  -3.7934299999999999E-003  -8.1548800000000004E-003
           16  -4.8038030000000003E-003  -2.1493728000000001E-002
           17  -4.4580999999999991E-004   3.1902790000000003E-003
           18   8.6334200000000010E-003   1.1235400000000000E-002
 ...Run MolPro successful
 In dfunc; eni,enj=   -78.14611970000000        -78.15069240000000      
   -78.14611970000000     
 nefunc =             7
 Gap =    4.5726999999970985E-003
 alpha =    2.5000000372529030E-002
 dlambdagap =     3.500000000000000     
  0.0078075 -0.0225886  0.0086733  0.0229659
 -0.0027015  0.0056104 -0.0023717 -0.0068466
  0.0042486  0.0004205  0.0010923  0.0061576
  0.0083735  0.0489168 -0.0115687 -0.0118454
 -0.0007241 -0.0108307  0.0028838  0.0043161
 -0.0070391 -0.0068641 -0.0000499 -0.0071263
 -0.0061527 -0.0066808  0.0001507 -0.0058893
  0.0015416 -0.0001016  0.0004689  0.0023610
  0.0000950  0.0093649 -0.0026451 -0.0045279
 -0.0015739  0.0022950 -0.0011040 -0.0035034
  0.0051719  0.0064246 -0.0003574  0.0045473
 -0.0021444 -0.0060019  0.0011007 -0.0002208
 -0.0036505 -0.0004486 -0.0009136 -0.0052473
 -0.0028422 -0.0042930  0.0004140 -0.0021186
 -0.0037934 -0.0081549  0.0012445 -0.0016184
 -0.0048038 -0.0214937  0.0047623  0.0035194
 -0.0004458  0.0031903 -0.0010375 -0.0022591
  0.0086334  0.0112354 -0.0007425  0.0073358
 In dfunc; fval after gcons:   -78.14593135044288     
 Iteration     3 E=    -78.14593135 Cvg=      0.03196338
 Current Geometry
 C    0.0435742371    0.0718397118   -0.4315059941
 C   -0.3533940318   -0.0937685405    0.9506924262
 H    1.0946984740   -0.1584962392   -0.5962580465
 H   -0.1230353665    1.1049592600   -0.7863722681
 H   -0.5423722565   -0.5758040512   -1.1088362820
 H   -0.1194710565   -0.3477301410    1.9732801458
   2    4    -7.815D+01   3.196D-02   1.000D+00
 Begin Run MolPro... imode =             2
 istate =             2
 jstate =             1
            2
 Read gradient for istate
            1  -5.0993699999999995E-003
            2   1.1022790000000002E-003
            3   8.6630000000000003E-004
            4   1.1969318000000000E-002
            5  -2.2901549999999999E-003
            6  -3.5325999999999995E-003
            7   2.0706000000000002E-004
            8  -8.9062999999999999E-005
            9   3.4507999999999992E-004
           10  -4.5964000000000009E-005
           11   1.7473010000000000E-003
           12  -1.1780300000000001E-003
           13  -7.8882799999999982E-004
           14  -1.0236390000000000E-003
           15  -1.7906900000000001E-003
           16  -6.2422160000000009E-003
           17   5.5327700000000002E-004
           18   5.2899399999999996E-003
 Read gradient for jstate, multigrad           18
            1  -5.0993699999999995E-003  -3.2003227000000001E-002
            2   1.1022790000000002E-003   8.3034339999999993E-003
            3   8.6630000000000003E-004  -1.7206999999999999E-003
            4   1.1969318000000000E-002   4.7059511999999994E-002
            5  -2.2901549999999999E-003  -1.0846385000000001E-002
            6  -3.5325999999999995E-003  -4.3547200000000004E-003
            7   2.0706000000000002E-004  -1.0885499999999999E-004
            8  -8.9062999999999999E-005  -1.6204220000000003E-003
            9   3.4507999999999992E-004   8.7590500000000020E-003
           10  -4.5964000000000009E-005   3.3516230000000000E-003
           11   1.7473010000000000E-003   2.7847640000000000E-003
           12  -1.1780300000000001E-003  -4.5573600000000001E-003
           13  -7.8882799999999982E-004   2.0528190000000004E-003
           14  -1.0236390000000000E-003  -2.2499080000000000E-003
           15  -1.7906900000000001E-003  -5.5908199999999999E-003
           16  -6.2422160000000009E-003  -2.0351872999999996E-002
           17   5.5327700000000002E-004   3.6285159999999994E-003
           18   5.2899399999999996E-003   7.4645500000000009E-003
 ...Run MolPro successful
 In dfunc; eni,enj=   -78.14599010000001        -78.14904410000000      
   -78.14599010000001     
 nefunc =             7
 Gap =    3.0539999999916745E-003
 alpha =    2.5000000372529030E-002
 dlambdagap =     3.500000000000000     
 -0.0050994 -0.0320032  0.0055388  0.0008343
  0.0011023  0.0083034 -0.0014825 -0.0004860
  0.0008663 -0.0017207  0.0005326  0.0014369
  0.0119693  0.0470595 -0.0072241  0.0042301
 -0.0022902 -0.0108464  0.0017615 -0.0004031
 -0.0035326 -0.0043547  0.0001693 -0.0033513
  0.0002071 -0.0001089  0.0000650  0.0002767
 -0.0000891 -0.0016204  0.0003153  0.0002487
  0.0003451  0.0087591 -0.0017322 -0.0015106
 -0.0000460  0.0033516 -0.0006995 -0.0007953
  0.0017473  0.0027848 -0.0002136  0.0015185
 -0.0011780 -0.0045574  0.0006957 -0.0004327
 -0.0007888  0.0020528 -0.0005850 -0.0014156
 -0.0010236 -0.0022499  0.0002525 -0.0007532
 -0.0017907 -0.0055908  0.0007823 -0.0009526
 -0.0062422 -0.0203519  0.0029048 -0.0031303
  0.0005533  0.0036285 -0.0006331 -0.0001250
  0.0052899  0.0074646 -0.0004477  0.0048103
 In dfunc; fval after gcons:   -78.14635347964047     
 Iteration     4 E=    -78.14635348 Cvg=      0.00861755
 Current Geometry
 C    0.0330268990    0.0749038781   -0.4339706004
 C   -0.3440071848   -0.0962978671    0.9517667805
 H    1.0955144781   -0.1592885876   -0.5932010767
 H   -0.1214297127    1.1037658075   -0.7867562350
 H   -0.5403397893   -0.5753972400   -1.1088739160
 H   -0.1227646911   -0.3466859915    1.9720350333
   3    5    -7.815D+01   8.618D-03   1.000D+00
 Begin Run MolPro... imode =             2
 istate =             2
 jstate =             1
            2
 Read gradient for istate
            1  -6.4872240000000003E-003
            2   1.6881340000000000E-003
            3  -4.6148999999999996E-004
            4   1.1711219000000002E-002
            5  -2.7771480000000004E-003
            6  -6.5184999999999995E-004
            7   1.3450090000000001E-003
            8  -2.9870200000000002E-004
            9  -6.4150000000000018E-005
           10   1.6090700000000002E-004
           11   9.1906900000000000E-004
           12  -9.0616000000000003E-004
           13  -2.3529599999999999E-004
           14  -5.2076399999999996E-004
           15  -1.2475400000000001E-003
           16  -6.4946149999999996E-003
           17   9.8940999999999999E-004
           18   3.3312000000000004E-003
 Read gradient for jstate, multigrad           18
            1  -6.4872240000000003E-003  -3.4026497000000000E-002
            2   1.6881340000000000E-003   9.0787249999999986E-003
            3  -4.6148999999999996E-004  -3.2037599999999999E-003
            4   1.1711219000000002E-002   4.7870087000000003E-002
            5  -2.7771480000000004E-003  -1.1605649000000002E-002
            6  -6.5184999999999995E-004  -1.4736799999999999E-003
            7   1.3450090000000001E-003   9.6914300000000004E-004
            8  -2.9870200000000002E-004  -1.8486709999999999E-003
            9  -6.4150000000000018E-005   8.5245300000000022E-003
           10   1.6090700000000002E-004   3.6376820000000003E-003
           11   9.1906900000000000E-004   1.9675819999999998E-003
           12  -9.0616000000000003E-004  -4.3682400000000001E-003
           13  -2.3529599999999999E-004   2.6778370000000002E-003
           14  -5.2076399999999996E-004  -1.7620050000000001E-003
           15  -1.2475400000000001E-003  -5.1368300000000016E-003
           16  -6.4946149999999996E-003  -2.1128252000000001E-002
           17   9.8940999999999999E-004   4.1700169999999996E-003
           18   3.3312000000000004E-003   5.6579900000000007E-003
 ...Run MolPro successful
 In dfunc; eni,enj=   -78.14611160000000        -78.14940060000001      
   -78.14611160000000     
 nefunc =             7
 Gap =    3.2890000000094233E-003
 alpha =    2.5000000372529030E-002
 dlambdagap =     3.500000000000000     
 -0.0064872 -0.0340265  0.0060314  0.0008531
  0.0016881  0.0090787 -0.0016186 -0.0002817
 -0.0004615 -0.0032038  0.0006006  0.0002694
  0.0117112  0.0478701 -0.0079192  0.0020735
 -0.0027771 -0.0116056  0.0019335 -0.0004240
 -0.0006519 -0.0014737  0.0001800 -0.0004328
  0.0013450  0.0009691  0.0000823  0.0014452
 -0.0002987 -0.0018487  0.0003395  0.0001144
 -0.0000642  0.0085245 -0.0018810 -0.0023534
  0.0001609  0.0036377 -0.0007615 -0.0007658
  0.0009191  0.0019676 -0.0002296  0.0006396
 -0.0009062 -0.0043682  0.0007582  0.0000166
 -0.0002353  0.0026778 -0.0006380 -0.0010118
 -0.0005208 -0.0017620  0.0002718 -0.0001899
 -0.0012475 -0.0051368  0.0008518 -0.0002109
 -0.0064946 -0.0211283  0.0032049 -0.0025942
  0.0009894  0.0041700 -0.0006966  0.0001417
  0.0033312  0.0056580 -0.0005096  0.0027110
 In dfunc; fval after gcons:   -78.14641772384668     
 Iteration     5 E=    -78.14641772 Cvg=      0.00542084
 Current Geometry
 C    0.0319011471    0.0751775586   -0.4338752203
 C   -0.3472508999   -0.0957248930    0.9529992050
 H    1.0962507774   -0.1595830173   -0.5927368630
 H   -0.1209414023    1.1027723604   -0.7864658819
 H   -0.5394417543   -0.5748996241   -1.1082429548
 H   -0.1205178691   -0.3467423853    1.9693217005
   4    6    -7.815D+01   5.421D-03   1.000D+00
 Begin Run MolPro... imode =             2
 istate =             2
 jstate =             1
            2
 Read gradient for istate
            1  -8.7791969999999999E-003
            2   2.4532740000000000E-003
            3  -1.5346599999999999E-003
            4   1.1741707000000001E-002
            5  -3.1759469999999999E-003
            6   1.3711300000000000E-003
            7   2.2591000000000001E-003
            8  -4.7793500000000000E-004
            9  -3.8088999999999995E-004
           10   6.2995299999999999E-004
           11  -5.6300100000000004E-004
           12  -3.8658999999999999E-004
           13   8.3895699999999991E-004
           14   3.1713700000000000E-004
           15  -2.5249999999999999E-004
           16  -6.6905209999999995E-003
           17   1.4464709999999998E-003
           18   1.1835200000000001E-003
 Read gradient for jstate, multigrad           18
            1  -8.7791969999999999E-003  -3.7360318000000001E-002
            2   2.4532740000000000E-003   1.0137313000000001E-002
            3  -1.5346599999999999E-003  -4.4465599999999998E-003
            4   1.1741707000000001E-002   4.9536396000000007E-002
            5  -3.1759469999999999E-003  -1.2394692999999999E-002
            6   1.3711300000000000E-003   4.1396999999999995E-004
            7   2.2591000000000001E-003   1.7932219999999999E-003
            8  -4.7793500000000000E-004  -2.0673919999999999E-003
            9  -3.8088999999999995E-004   8.5256700000000016E-003
           10   6.2995299999999999E-004   4.2309230000000007E-003
           11  -5.6300100000000004E-004   5.0350299999999990E-004
           12  -3.8658999999999999E-004  -3.9814900000000000E-003
           13   8.3895699999999991E-004   3.8651160000000004E-003
           14   3.1713700000000000E-004  -9.4604900000000001E-004
           15  -2.5249999999999999E-004  -4.2845300000000002E-003
           16  -6.6905209999999995E-003  -2.2065339000000002E-002
           17   1.4464709999999998E-003   4.7673180000000004E-003
           18   1.1835200000000001E-003   3.7729299999999997E-003
 ...Run MolPro successful
 In dfunc; eni,enj=   -78.14628290000000        -78.14989170000000      
   -78.14628290000000     
 nefunc =             7
 Gap =    3.6087999999949716E-003
 alpha =    2.5000000372529030E-002
 dlambdagap =     3.500000000000000     
 -0.0087792 -0.0373603  0.0067558  0.0005757
  0.0024533  0.0101373 -0.0018163 -0.0000618
 -0.0015347 -0.0044466  0.0006883 -0.0005816
  0.0117417  0.0495364 -0.0089337 -0.0006288
 -0.0031759 -0.0123947  0.0021791 -0.0001586
  0.0013711  0.0004140  0.0002262  0.0016844
  0.0022591  0.0017932  0.0001101  0.0024116
 -0.0004779 -0.0020674  0.0003757  0.0000423
 -0.0003809  0.0085257 -0.0021053 -0.0032961
  0.0006300  0.0042309 -0.0008512 -0.0005487
 -0.0005630  0.0005035 -0.0002521 -0.0009121
 -0.0003866 -0.0039815  0.0008497  0.0007901
  0.0008390  0.0038651 -0.0007153 -0.0001515
  0.0003171 -0.0009460  0.0002986  0.0007306
 -0.0002525 -0.0042845  0.0009531  0.0010672
 -0.0066905 -0.0220653  0.0036342 -0.0016582
  0.0014465  0.0047673 -0.0007850  0.0003595
  0.0011835  0.0037729 -0.0006121  0.0003360
 In dfunc; fval after gcons:   -78.14649401295384     
 Iteration     6 E=    -78.14649401 Cvg=      0.00520169
 Current Geometry
 C    0.0288965192    0.0758583072   -0.4332782749
 C   -0.3523761358   -0.0945072043    0.9532455775
 H    1.0952199940   -0.1600965743   -0.5889916360
 H   -0.1194147019    1.1012252437   -0.7863772864
 H   -0.5373078787   -0.5743478153   -1.1076137459
 H   -0.1150177982   -0.3471319558    1.9640153311
   5    7    -7.815D+01   5.202D-03   1.000D+00
 Begin Run MolPro... imode =             2
 istate =             2
 jstate =             1
            2
 Read gradient for istate
            1  -9.6006710000000002E-003
            2   2.7802410000000002E-003
            3  -2.1165900000000000E-003
            4   1.2446494000000001E-002
            5  -3.6798150000000001E-003
            6   3.0371000000000006E-003
            7   1.4330280000000002E-003
            8  -3.6205099999999995E-004
            9   6.0000000000000000E-008
           10   1.1039439999999998E-003
           11  -1.3320920000000001E-003
           12  -9.8209999999999997E-005
           13   1.6093560000000000E-003
           14   6.3822900000000002E-004
           15   2.7582000000000000E-004
           16  -6.9921510000000007E-003
           17   1.9554889999999997E-003
           18  -1.0981799999999999E-003
 Read gradient for jstate, multigrad           18
            1  -9.6006710000000002E-003  -3.8994515000000000E-002
            2   2.7802410000000002E-003   1.0668597000000000E-002
            3  -2.1165900000000000E-003  -5.0371699999999997E-003
            4   1.2446494000000001E-002   5.1473950999999998E-002
            5  -3.6798150000000001E-003  -1.3138658000000001E-002
            6   3.0371000000000006E-003   1.6929799999999997E-003
            7   1.4330280000000002E-003   9.0930399999999985E-004
            8  -3.6205099999999995E-004  -2.0004189999999999E-003
            9   6.0000000000000000E-008   9.2260799999999996E-003
           10   1.1039439999999998E-003   4.7769940000000002E-003
           11  -1.3320920000000001E-003  -2.6291799999999999E-004
           12  -9.8209999999999997E-005  -3.7904200000000001E-003
           13   1.6093560000000000E-003   4.7070900000000000E-003
           14   6.3822900000000002E-004  -6.2188699999999999E-004
           15   2.7582000000000000E-004  -3.8559999999999995E-003
           16  -6.9921510000000007E-003  -2.2872824999999999E-002
           17   1.9554889999999997E-003   5.3552850000000003E-003
           18  -1.0981799999999999E-003   1.7645400000000000E-003
 ...Run MolPro successful
 In dfunc; eni,enj=   -78.14643140000000        -78.15021580000000      
   -78.14643140000000     
 nefunc =             7
 Gap =    3.7844000000006872E-003
 alpha =    2.5000000372529030E-002
 dlambdagap =     3.500000000000000     
 -0.0096007 -0.0389945  0.0072210  0.0009758
  0.0027802  0.0106686 -0.0019379 -0.0000581
 -0.0021166 -0.0050372  0.0007175 -0.0010657
  0.0124465  0.0514740 -0.0095876 -0.0015963
 -0.0036798 -0.0131387  0.0023237 -0.0002763
  0.0030371  0.0016930  0.0003302  0.0035207
  0.0014330  0.0009093  0.0001287  0.0016215
 -0.0003621 -0.0020004  0.0004025  0.0002275
  0.0000001  0.0092261 -0.0022665 -0.0033196
  0.0011039  0.0047770 -0.0009023 -0.0002177
 -0.0013321 -0.0002629 -0.0002627 -0.0017168
 -0.0000982 -0.0037904  0.0009070  0.0012303
  0.0016094  0.0047071 -0.0007610  0.0004947
  0.0006382 -0.0006219  0.0003096  0.0010916
  0.0002758 -0.0038560  0.0010150  0.0017625
 -0.0069922 -0.0228728  0.0039013 -0.0012780
  0.0019555  0.0053553 -0.0008352  0.0007322
 -0.0010982  0.0017645 -0.0007033 -0.0021282
 In dfunc; fval after gcons:   -78.14658217439754     
 Iteration     7 E=    -78.14658217 Cvg=      0.00682368
 Current Geometry
 C    0.0249611578    0.0768459979   -0.4328848828
 C   -0.3567089728   -0.0933918002    0.9529198029
 H    1.0909326641   -0.1607723320   -0.5802370312
 H   -0.1170880170    1.1010561883   -0.7875091186
 H   -0.5349703179   -0.5748722158   -1.1086206152
 H   -0.1071265131   -0.3478658342    1.9573317682
   6    8    -7.815D+01   6.824D-03   1.000D+00
 Begin Run MolPro... imode =             2
 istate =             2
 jstate =             1
            2
 Read gradient for istate
            1  -1.4581866000000002E-002
            2   3.5465930000000001E-003
            3   3.8832000000000001E-004
            4   1.3438041000000001E-002
            5  -2.6674250000000006E-003
            6  -3.6515800000000000E-003
            7   2.0838369999999999E-003
            8  -7.4612500000000015E-004
            9   9.7787000000000006E-004
           10   2.0675169999999996E-003
           11  -2.0180730000000002E-003
           12   2.9302999999999999E-004
           13   2.8025069999999994E-003
           14   6.5301999999999989E-004
           15   8.7942999999999998E-004
           16  -5.8100370000000003E-003
           17   1.2320090000000001E-003
           18   1.1129000000000000E-003
 Read gradient for jstate, multigrad           18
            1  -1.4581866000000002E-002  -4.6088489000000008E-002
            2   3.5465930000000001E-003   1.1931455000000000E-002
            3   3.8832000000000001E-004  -2.3811200000000001E-003
            4   1.3438041000000001E-002   5.5406423000000000E-002
            5  -2.6674250000000006E-003  -1.2657445000000001E-002
            6  -3.6515800000000000E-003  -6.1252599999999999E-003
            7   2.0838369999999999E-003   1.3698740000000000E-003
            8  -7.4612500000000015E-004  -2.5102840000000004E-003
            9   9.7787000000000006E-004   1.1085550000000000E-002
           10   2.0675169999999996E-003   5.9166720000000002E-003
           11  -2.0180730000000002E-003  -9.1341900000000003E-004
           12   2.9302999999999999E-004  -3.6643299999999996E-003
           13   2.8025069999999994E-003   6.0641829999999999E-003
           14   6.5301999999999989E-004  -6.1446500000000004E-004
           15   8.7942999999999998E-004  -3.5322899999999997E-003
           16  -5.8100370000000003E-003  -2.2668663000000002E-002
           17   1.2320090000000001E-003   4.7641580000000001E-003
           18   1.1129000000000000E-003   4.6174600000000003E-003
 ...Run MolPro successful
 In dfunc; eni,enj=   -78.14668730000000        -78.15078920000001      
   -78.14668730000000     
 nefunc =             7
 Gap =    4.1019000000090955E-003
 alpha =    2.5000000372529030E-002
 dlambdagap =     3.500000000000000     
 -0.0145819 -0.0460885  0.0082558 -0.0014400
  0.0035466  0.0119315 -0.0021971  0.0000492
  0.0003883 -0.0023811  0.0007257  0.0015435
  0.0134380  0.0554064 -0.0109971 -0.0040675
 -0.0026674 -0.0126574  0.0026177  0.0014995
 -0.0036516 -0.0061253  0.0006482 -0.0026198
  0.0020838  0.0013699  0.0001871  0.0023816
 -0.0007461 -0.0025103  0.0004623 -0.0000103
  0.0009779  0.0110856 -0.0026485 -0.0032382
  0.0020675  0.0059167 -0.0010086  0.0004620
 -0.0020181 -0.0009134 -0.0002895 -0.0024788
  0.0002930 -0.0036643  0.0010370  0.0019437
  0.0028025  0.0060642 -0.0008547  0.0014420
  0.0006530 -0.0006145  0.0003321  0.0011817
  0.0008794 -0.0035323  0.0011560  0.0027196
 -0.0058100 -0.0226687  0.0044175  0.0012219
  0.0012320  0.0047642 -0.0009255 -0.0002413
  0.0011129  0.0046175 -0.0009183 -0.0003489
 In dfunc; fval after gcons:   -78.14671468652541     
 Iteration     8 E=    -78.14671469 Cvg=      0.00830388
 Current Geometry
 C    0.0127501464    0.0798121652   -0.4316120228
 C   -0.3678633588   -0.0897241906    0.9480319739
 H    1.0825199324   -0.1635163544   -0.5556444235
 H   -0.1117423618    1.1028215753   -0.7920270694
 H   -0.5304367112   -0.5771752141   -1.1134719128
 H   -0.0852276468   -0.3512179816    1.9457233578
   7    9    -7.815D+01   8.304D-03   1.000D+00
 Begin Run MolPro... imode =             2
 istate =             2
 jstate =             1
            2
 Read gradient for istate
            1  -1.0773596999999999E-002
            2   3.2632709999999996E-003
            3  -2.6301999999999999E-003
            4   1.5597400000000001E-002
            5  -4.6195059999999994E-003
            6   3.6289299999999995E-003
            7  -2.0585340000000003E-003
            8  -1.9340799999999998E-004
            9   3.4020000000000001E-003
           10   2.2259519999999999E-003
           11   7.2968999999999991E-005
           12  -5.3908000000000005E-004
           13   2.0460449999999994E-003
           14  -8.8887600000000013E-004
           15  -6.4873000000000003E-004
           16  -7.0372669999999999E-003
           17   2.3655500000000003E-003
           18  -3.2129200000000004E-003
 Read gradient for jstate, multigrad           18
            1  -1.0773596999999999E-002  -4.2142461999999998E-002
            2   3.2632709999999996E-003   1.1526677999999999E-002
            3  -2.6301999999999999E-003  -4.9645400000000004E-003
            4   1.5597400000000001E-002   5.7541871000000002E-002
            5  -4.6195059999999994E-003  -1.4369502999999999E-002
            6   3.6289299999999995E-003  -6.5599999999999987E-005
            7  -2.0585340000000003E-003  -2.7657860000000003E-003
            8  -1.9340799999999998E-004  -2.0231720000000002E-003
            9   3.4020000000000001E-003   1.3832030000000000E-002
           10   2.2259519999999999E-003   5.9325880000000000E-003
           11   7.2968999999999991E-005   1.1113249999999999E-003
           12  -5.3908000000000005E-004  -4.4453500000000004E-003
           13   2.0460449999999994E-003   5.2076989999999999E-003
           14  -8.8887600000000013E-004  -2.0510040000000003E-003
           15  -6.4873000000000003E-004  -4.9812499999999993E-003
           16  -7.0372669999999999E-003  -2.3773909000000000E-002
           17   2.3655500000000003E-003   5.8056760000000001E-003
           18  -3.2129200000000004E-003   6.2472000000000003E-004
 ...Run MolPro successful
 In dfunc; eni,enj=   -78.14666420000000        -78.15051040000000      
   -78.14666420000000     
 nefunc =             7
 Gap =    3.8461999999981344E-003
 alpha =    2.5000000372529030E-002
 dlambdagap =     3.500000000000000     
 -0.0107736 -0.0421425  0.0078074  0.0008680
  0.0032633  0.0115267 -0.0020567  0.0001966
 -0.0026302 -0.0049645  0.0005810 -0.0017639
  0.0155974  0.0575419 -0.0104396  0.0000310
 -0.0046195 -0.0143695  0.0024267 -0.0010011
  0.0036289 -0.0000656  0.0009195  0.0050000
 -0.0020585 -0.0027658  0.0001760 -0.0017961
 -0.0001934 -0.0020232  0.0004554  0.0004857
  0.0034020  0.0138320 -0.0025959 -0.0004688
  0.0022260  0.0059326 -0.0009225  0.0008503
  0.0000730  0.0011113 -0.0002584 -0.0003124
 -0.0005391 -0.0044454  0.0009722  0.0009106
  0.0020460  0.0052077 -0.0007869  0.0008727
 -0.0008889 -0.0020510  0.0002892 -0.0004576
 -0.0006487 -0.0049812  0.0010783  0.0009592
 -0.0070373 -0.0237739  0.0041656 -0.0008260
  0.0023656  0.0058057 -0.0008562  0.0010889
 -0.0032129  0.0006247 -0.0009552 -0.0046371
 In dfunc; fval after gcons:   -78.14679238802299     
 Iteration     9 E=    -78.14679239 Cvg=      0.00777818
 Current Geometry
 C    0.0065348658    0.0821242594   -0.4348965893
 C   -0.3709538068   -0.0894460865    0.9505162593
 H    1.0712006851   -0.1656041981   -0.5301987866
 H   -0.1083119522    1.1079665816   -0.7987719260
 H   -0.5291095163   -0.5806504458   -1.1216361247
 H   -0.0693602753   -0.3533901133    1.9359871550
   8   10    -7.815D+01   7.778D-03   1.000D+00
 Begin Run MolPro... imode =             2
 istate =             2
 jstate =             1
            2
 Read gradient for istate
            1  -1.1274251000000000E-002
            2   3.0396269999999999E-003
            3  -1.0731800000000000E-003
            4   1.4858535000000002E-002
            5  -3.6169980000000002E-003
            6  -5.8149000000000006E-004
            7  -1.0535620000000001E-003
            8  -3.9344899999999994E-004
            9   3.2233100000000006E-003
           10   1.9406630000000003E-003
           11   3.6848500000000000E-004
           12  -7.0876999999999990E-004
           13   1.6734869999999999E-003
           14  -9.2080199999999994E-004
           15  -8.8542999999999985E-004
           16  -6.1448720000000003E-003
           17   1.5231370000000000E-003
           18   2.5569999999999999E-005
 Read gradient for jstate, multigrad           18
            1  -1.1274251000000000E-002  -4.2595055999999998E-002
            2   3.0396269999999999E-003   1.1301376000000001E-002
            3  -1.0731800000000000E-003  -3.4450099999999995E-003
            4   1.4858535000000002E-002   5.6629597000000000E-002
            5  -3.6169980000000002E-003  -1.3372575000000000E-002
            6  -5.8149000000000006E-004  -4.0552199999999994E-003
            7  -1.0535620000000001E-003  -1.7572080000000001E-003
            8  -3.9344899999999994E-004  -2.2096300000000002E-003
            9   3.2233100000000006E-003   1.3592700000000000E-002
           10   1.9406630000000003E-003   5.6597670000000004E-003
           11   3.6848500000000000E-004   1.4333860000000000E-003
           12  -7.0876999999999990E-004  -4.6127599999999997E-003
           13   1.6734869999999999E-003   4.8310139999999997E-003
           14  -9.2080199999999994E-004  -2.1132520000000001E-003
           15  -8.8542999999999985E-004  -5.2257199999999990E-003
           16  -6.1448720000000003E-003  -2.2768114000000002E-002
           17   1.5231370000000000E-003   4.9606960000000004E-003
           18   2.5569999999999999E-005   3.7460100000000001E-003
 ...Run MolPro successful
 In dfunc; eni,enj=   -78.14669450000000        -78.15052200000000      
   -78.14669450000000     
 nefunc =             7
 Gap =    3.8274999999998727E-003
 alpha =    2.5000000372529030E-002
 dlambdagap =     3.500000000000000     
 -0.0112743 -0.0425951  0.0077649  0.0002427
  0.0030396  0.0113014 -0.0020482  0.0000017
 -0.0010732 -0.0034450  0.0005880 -0.0002010
  0.0148585  0.0566296 -0.0103557 -0.0005010
 -0.0036170 -0.0133726  0.0024186 -0.0000298
 -0.0005815 -0.0040552  0.0008612  0.0006958
 -0.0010536 -0.0017572  0.0001744 -0.0007948
 -0.0003934 -0.0022096  0.0004503  0.0002744
  0.0032233  0.0135927 -0.0025707 -0.0005896
  0.0019407  0.0056598 -0.0009220  0.0005731
  0.0003685  0.0014334 -0.0002640 -0.0000231
 -0.0007088 -0.0046128  0.0009679  0.0007268
  0.0016735  0.0048310 -0.0007828  0.0005124
 -0.0009208 -0.0021133  0.0002956 -0.0004823
 -0.0008854 -0.0052257  0.0010760  0.0007105
 -0.0061449 -0.0227681  0.0041212 -0.0000324
  0.0015231  0.0049607 -0.0008522  0.0002591
  0.0000256  0.0037460 -0.0009224 -0.0013425
 In dfunc; fval after gcons:   -78.14682959606843     
 Iteration    10 E=    -78.14682960 Cvg=      0.00237017
 Current Geometry
 C    0.0078812383    0.0816263968   -0.4345088009
 C   -0.3699289892   -0.0893980708    0.9491220538
 H    1.0739494223   -0.1656197180   -0.5333784864
 H   -0.1097637585    1.1077679941   -0.7988104049
 H   -0.5303749564   -0.5798040397   -1.1215973562
 H   -0.0717629546   -0.3535725647    1.9401729971
   9   11    -7.815D+01   2.370D-03   1.000D+00
 Begin Run MolPro... imode =             2
 istate =             2
 jstate =             1
            2
 Read gradient for istate
            1  -1.1263775000000000E-002
            2   2.9596540000000001E-003
            3  -6.9981999999999989E-004
            4   1.4655289999999999E-002
            5  -3.3133569999999999E-003
            6  -1.8639699999999998E-003
            7  -5.5185399999999998E-004
            8  -5.2662699999999996E-004
            9   3.3355300000000003E-003
           10   1.6997620000000002E-003
           11   7.1515199999999997E-004
           12  -9.5241999999999987E-004
           13   1.3030310000000001E-003
           14  -1.0170100000000002E-003
           15  -1.2359000000000000E-003
           16  -5.8424540000000000E-003
           17   1.1821880000000000E-003
           18   1.4166000000000000E-003
 Read gradient for jstate, multigrad           18
            1  -1.1263775000000000E-002  -4.2345822999999996E-002
            2   2.9596540000000001E-003   1.1158120000000000E-002
            3  -6.9981999999999989E-004  -3.0431100000000000E-003
            4   1.4655289999999999E-002   5.6042791999999997E-002
            5  -3.3133569999999999E-003  -1.2987972000000001E-002
            6  -1.8639699999999998E-003  -5.2734699999999997E-003
            7  -5.5185399999999998E-004  -1.2389250000000001E-003
            8  -5.2662699999999996E-004  -2.3305940000000001E-003
            9   3.3355300000000003E-003   1.3631170000000001E-002
           10   1.6997620000000002E-003   5.3926259999999999E-003
           11   7.1515199999999997E-004   1.7867709999999999E-003
           12  -9.5241999999999987E-004  -4.8217100000000004E-003
           13   1.3030310000000001E-003   4.4289990000000001E-003
           14  -1.0170100000000002E-003  -2.2172189999999996E-003
           15  -1.2359000000000000E-003  -5.5439600000000002E-003
           16  -5.8424540000000000E-003  -2.2279670000000000E-002
           17   1.1821880000000000E-003   4.5908939999999996E-003
           18   1.4166000000000000E-003   5.0510900000000003E-003
 ...Run MolPro successful
 In dfunc; eni,enj=   -78.14667230000001        -78.15041500000000      
   -78.14667230000001     
 nefunc =             7
 Gap =    3.7426999999894406E-003
 alpha =    2.5000000372529030E-002
 dlambdagap =     3.500000000000000     
 -0.0112638 -0.0423458  0.0075676 -0.0003181
  0.0029597  0.0111581 -0.0019961  0.0000725
 -0.0006998 -0.0030431  0.0005705  0.0001254
  0.0146553  0.0560428 -0.0100767  0.0000806
 -0.0033134 -0.0129880  0.0023555  0.0000936
 -0.0018640 -0.0052735  0.0008301 -0.0006633
 -0.0005519 -0.0012389  0.0001673 -0.0003099
 -0.0005266 -0.0023306  0.0004392  0.0001086
  0.0033355  0.0136312 -0.0025067 -0.0002901
  0.0016998  0.0053926 -0.0008991  0.0003993
  0.0007152  0.0017868 -0.0002609  0.0003378
 -0.0009524 -0.0048217  0.0009421  0.0004102
  0.0013030  0.0044290 -0.0007611  0.0002022
 -0.0010170 -0.0022172  0.0002922 -0.0005944
 -0.0012359 -0.0055440  0.0010489  0.0002812
 -0.0058425 -0.0222797  0.0040020 -0.0000540
  0.0011822  0.0045909 -0.0008299 -0.0000182
  0.0014166  0.0050511 -0.0008849  0.0001367
 In dfunc; fval after gcons:   -78.14683791912296     
 Iteration    11 E=    -78.14683792 Cvg=      0.00130628
 Current Geometry
 C    0.0085794017    0.0814475922   -0.4347636348
 C   -0.3688361560   -0.0896071010    0.9489599554
 H    1.0753632893   -0.1658352401   -0.5337909637
 H   -0.1108567985    1.1079337673   -0.7995991879
 H   -0.5314331509   -0.5791772543   -1.1224120217
 H   -0.0728165834   -0.3537617662    1.9426058605
  10   12    -7.815D+01   1.306D-03   1.000D+00
 Begin Run MolPro... imode =             2
 istate =             2
 jstate =             1
            2
 Read gradient for istate
            1  -1.1041261000000000E-002
            2   2.9244439999999997E-003
            3  -8.2563000000000013E-004
            4   1.4547443999999999E-002
            5  -3.2962650000000004E-003
            6  -1.7857699999999999E-003
            7  -3.7500800000000001E-004
            8  -5.8691199999999997E-004
            9   3.4725000000000001E-003
           10   1.5282700000000000E-003
           11   8.2839799999999997E-004
           12  -1.1377100000000000E-003
           13   1.0999729999999999E-003
           14  -9.7229100000000006E-004
           15  -1.4502400000000002E-003
           16  -5.7594190000000003E-003
           17   1.1026259999999999E-003
           18   1.7268599999999998E-003
 Read gradient for jstate, multigrad           18
            1  -1.1041261000000000E-002  -4.2165547999999999E-002
            2   2.9244439999999997E-003   1.1140072999999999E-002
            3  -8.2563000000000013E-004  -3.1961200000000001E-003
            4   1.4547443999999999E-002   5.6009664000000008E-002
            5  -3.2962650000000004E-003  -1.2988921000000000E-002
            6  -1.7857699999999999E-003  -5.2116300000000004E-003
            7  -3.7500800000000001E-004  -1.0688629999999999E-003
            8  -5.8691199999999997E-004  -2.3926799999999999E-003
            9   3.4725000000000001E-003   1.3794990000000000E-002
           10   1.5282700000000000E-003   5.2247849999999998E-003
           11   8.2839799999999997E-004   1.9091770000000000E-003
           12  -1.1377100000000000E-003  -5.0035499999999997E-003
           13   1.0999729999999999E-003   4.2228529999999997E-003
           14  -9.7229100000000006E-004  -2.1842290000000002E-003
           15  -1.4502400000000002E-003  -5.7589299999999994E-003
           16  -5.7594190000000003E-003  -2.2222890000000000E-002
           17   1.1026259999999999E-003   4.5165800000000003E-003
           18   1.7268599999999998E-003   5.3752499999999994E-003
 ...Run MolPro successful
 In dfunc; eni,enj=   -78.14668110000000        -78.15043960000000      
   -78.14668110000000     
 nefunc =             7
 Gap =    3.7585000000035507E-003
 alpha =    2.5000000372529030E-002
 dlambdagap =     3.500000000000000     
 -0.0110413 -0.0421655  0.0076038  0.0000098
  0.0029244  0.0111401 -0.0020071  0.0000074
 -0.0008256 -0.0031961  0.0005791  0.0000160
  0.0145474  0.0560097 -0.0101294 -0.0001742
 -0.0032963 -0.0129889  0.0023679  0.0001452
 -0.0017858 -0.0052116  0.0008369 -0.0005694
 -0.0003750 -0.0010689  0.0001695 -0.0001286
 -0.0005869 -0.0023927  0.0004412  0.0000542
  0.0034725  0.0137950 -0.0025218 -0.0001926
  0.0015283  0.0052248 -0.0009031  0.0002158
  0.0008284  0.0019092 -0.0002640  0.0004447
 -0.0011377 -0.0050036  0.0009444  0.0002349
  0.0011000  0.0042229 -0.0007629 -0.0000088
 -0.0009723 -0.0021842  0.0002961 -0.0005420
 -0.0014502 -0.0057589  0.0010526  0.0000796
 -0.0057594 -0.0222229  0.0040221  0.0000861
  0.0011026  0.0045166 -0.0008340 -0.0001095
  0.0017269  0.0053752 -0.0008913  0.0004315
 In dfunc; fval after gcons:   -78.14684113212581     
 Iteration    12 E=    -78.14684113 Cvg=      0.00111257
 Current Geometry
 C    0.0087809856    0.0813934024   -0.4349412192
 C   -0.3690106474   -0.0895968940    0.9492676647
 H    1.0758259009   -0.1661530726   -0.5325017617
 H   -0.1115097191    1.1077982567   -0.8005907895
 H   -0.5319271182   -0.5784320275   -1.1233130764
 H   -0.0721593998   -0.3540096675    1.9430791704
 BFGS Converged
 Gap Direction Gradient Norm / dlambdagap =    4.2162998375947192E-005
 Perpendicular Direction Gradient Norm =    1.1027393145256437E-003
 Gradient Convergence Threshold:    5.0000000000000000E-003
 Energy Change =    3.2130028557730839E-006
 Convergence Threshold:    1.0010000000000003E-006
 Begin Run MolPro... imode =             0
 Skip calc!!!
FINAL GEOMETRY, E=   -78.14668110, gap=     0.00375850
 C    0.0087809856    0.0813934024   -0.4349412192
 C   -0.3690106474   -0.0895968940    0.9492676647
 H    1.0758259009   -0.1661530726   -0.5325017617
 H   -0.1115097191    1.1077982567   -0.8005907895
 H   -0.5319271182   -0.5784320275   -1.1233130764
 H   -0.0721593998   -0.3540096675    1.9430791704
 Increasing penalty in seq penalty method    14.00000000000000     
 New tolerance:    1.0010000000000003E-006
 New gradient tolerance (gtol):    5.0000000000000000E-003
 Begin Run MolPro... imode =             2
 istate =             2
 jstate =             1
            2
 Read gradient for istate
            1  -1.1041261000000000E-002
            2   2.9244450000000001E-003
            3  -8.2563000000000013E-004
            4   1.4547445999999999E-002
            5  -3.2962660000000001E-003
            6  -1.7857699999999999E-003
            7  -3.7500800000000001E-004
            8  -5.8691199999999997E-004
            9   3.4725000000000001E-003
           10   1.5282700000000000E-003
           11   8.2839799999999997E-004
           12  -1.1377100000000000E-003
           13   1.0999729999999999E-003
           14  -9.7229100000000006E-004
           15  -1.4502400000000002E-003
           16  -5.7594190000000003E-003
           17   1.1026259999999999E-003
           18   1.7268599999999998E-003
 Read gradient for jstate, multigrad           18
            1  -1.1041261000000000E-002  -4.2165545000000000E-002
            2   2.9244450000000001E-003   1.1140072000000001E-002
            3  -8.2563000000000013E-004  -3.1961200000000001E-003
            4   1.4547445999999999E-002   5.6009660999999999E-002
            5  -3.2962660000000001E-003  -1.2988919999999999E-002
            6  -1.7857699999999999E-003  -5.2116300000000004E-003
            7  -3.7500800000000001E-004  -1.0688629999999999E-003
            8  -5.8691199999999997E-004  -2.3926799999999999E-003
            9   3.4725000000000001E-003   1.3794990000000000E-002
           10   1.5282700000000000E-003   5.2247839999999997E-003
           11   8.2839799999999997E-004   1.9091770000000000E-003
           12  -1.1377100000000000E-003  -5.0035499999999997E-003
           13   1.0999729999999999E-003   4.2228519999999996E-003
           14  -9.7229100000000006E-004  -2.1842290000000002E-003
           15  -1.4502400000000002E-003  -5.7589299999999994E-003
           16  -5.7594190000000003E-003  -2.2222890000000000E-002
           17   1.1026259999999999E-003   4.5165800000000003E-003
           18   1.7268599999999998E-003   5.3752499999999994E-003
 ...Run MolPro successful
 In dfunc; eni,enj=   -78.14668110000000        -78.15043960000000      
   -78.14668110000000     
 nefunc =             7
 Gap =    3.7585000000035507E-003
 alpha =    2.5000000372529030E-002
 dlambdagap =     14.00000000000000     
 -0.0110413 -0.0421655  0.0076038  0.0798493
  0.0029244  0.0111401 -0.0020071 -0.0210672
 -0.0008256 -0.0031961  0.0005791  0.0060968
  0.0145474  0.0560097 -0.0101294 -0.1065324
 -0.0032963 -0.0129889  0.0023679  0.0250087
 -0.0017858 -0.0052116  0.0008369  0.0082186
 -0.0003750 -0.0010689  0.0001695  0.0016512
 -0.0005869 -0.0023927  0.0004412  0.0046864
  0.0034725  0.0137950 -0.0025218 -0.0266717
  0.0015283  0.0052248 -0.0009031 -0.0092665
  0.0008284  0.0019092 -0.0002640 -0.0023277
 -0.0011377 -0.0050036  0.0009444  0.0101515
  0.0011000  0.0042229 -0.0007629 -0.0080196
 -0.0009723 -0.0021842  0.0002961  0.0025669
 -0.0014502 -0.0057589  0.0010526  0.0111322
 -0.0057594 -0.0222229  0.0040221  0.0423180
  0.0011026  0.0045166 -0.0008340 -0.0088670
  0.0017269  0.0053752 -0.0008913 -0.0089273
 In dfunc; fval after gcons:   -78.14168347850327     
 Iteration     0 E=    -78.14168348 Cvg=      0.14823428
 Current Geometry
 C    0.0087809856    0.0813934024   -0.4349412192
 C   -0.3690106474   -0.0895968940    0.9492676647
 H    1.0758259009   -0.1661530726   -0.5325017617
 H   -0.1115097191    1.1077982567   -0.8005907895
 H   -0.5319271182   -0.5784320275   -1.1233130764
 H   -0.0721593998   -0.3540096675    1.9430791704
*************************************************
  N=   18   NUMBER OF CORRECTIONS= 5
       INITIAL VALUES
 F= -7.814D+01   GNORM=  1.482D-01
*************************************************

   I   NFN    FUNC        GNORM       STEPLENGTH

 Begin Run MolPro... imode =             2
 istate =             2
 jstate =             1
            2
 Read gradient for istate
            1  -6.1478462999999994E-002
            2   1.5086474999999999E-002
            3   1.3592899999999999E-003
            4   2.9435137999999998E-002
            5  -6.1127339999999997E-003
            6  -6.4573000000000000E-003
            7   2.4208925999999997E-002
            8  -7.6311479999999996E-003
            9   8.2439700000000009E-003
           10   6.4516669999999996E-003
           11  -9.2806620000000013E-003
           12   1.0811799999999998E-003
           13   9.8547749999999983E-003
           14   4.3081110000000002E-003
           15   3.7109000000000005E-003
           16  -8.4720429999999993E-003
           17   3.6299570000000001E-003
           18  -7.9380500000000005E-003
 Read gradient for jstate, multigrad           18
            1  -6.1478462999999994E-002  -6.2647168999999998E-002
            2   1.5086474999999999E-002   1.6060552000000001E-002
            3   1.3592899999999999E-003  -2.2063800000000002E-003
            4   2.9435137999999998E-002   3.4396554000000004E-002
            5  -6.1127339999999997E-003  -7.8904699999999997E-003
            6  -6.4573000000000000E-003  -3.6478799999999998E-003
            7   2.4208925999999997E-002   2.2015462000000001E-002
            8  -7.6311479999999996E-003  -7.3284950000000002E-003
            9   8.2439700000000009E-003   9.5214900000000000E-003
           10   6.4516669999999996E-003   6.8926960000000008E-003
           11  -9.2806620000000013E-003  -9.1126799999999992E-003
           12   1.0811799999999998E-003   7.3757999999999999E-004
           13   9.8547749999999983E-003   1.0198958000000000E-002
           14   4.3081110000000002E-003   4.0908959999999999E-003
           15   3.7109000000000005E-003   3.2928100000000002E-003
           16  -8.4720429999999993E-003  -1.0856500999999998E-002
           17   3.6299570000000001E-003   4.1801980000000007E-003
           18  -7.9380500000000005E-003  -7.6976199999999997E-003
 ...Run MolPro successful
 In dfunc; eni,enj=   -78.13668760000000        -78.13799480000000      
   -78.13668760000000     
 nefunc =             7
 Gap =    1.3071999999993977E-003
 alpha =    2.5000000372529030E-002
 dlambdagap =     14.00000000000000     
 -0.0614785 -0.0626472  0.0001133 -0.0604772
  0.0150865  0.0160606 -0.0000944  0.0142519
  0.0013593 -0.0022064  0.0003456  0.0044142
  0.0294351  0.0343966 -0.0004808  0.0251845
 -0.0061127 -0.0078905  0.0001723 -0.0045897
 -0.0064573 -0.0036479 -0.0002723 -0.0088643
  0.0242089  0.0220155  0.0002126  0.0260882
 -0.0076311 -0.0073285 -0.0000293 -0.0078904
  0.0082440  0.0095215 -0.0001238  0.0071495
  0.0064517  0.0068927 -0.0000427  0.0060738
 -0.0092807 -0.0091127 -0.0000163 -0.0094246
  0.0010812  0.0007376  0.0000333  0.0013756
  0.0098548  0.0101990 -0.0000334  0.0095599
  0.0043081  0.0040909  0.0000211  0.0044942
  0.0037109  0.0032928  0.0000405  0.0040691
 -0.0084720 -0.0108565  0.0002311 -0.0064292
  0.0036300  0.0041802 -0.0000533  0.0031585
 -0.0079381 -0.0076976 -0.0000233 -0.0081440
 In dfunc; fval after gcons:   -78.13643183657778     
 Iteration     1 E=    -78.13643184 Cvg=      0.07603515
 Current Geometry
 C   -0.0450859658    0.0956055012   -0.4390541562
 C   -0.2971430615   -0.1064679327    0.9437233452
 H    1.0747119758   -0.1693145368   -0.5145088221
 H   -0.1052584942    1.1093685695   -0.8074390648
 H   -0.5265170335   -0.5801636549   -1.1308229401
 H   -0.1007074234   -0.3480279488    1.9491016197
 Begin Run MolPro... imode =             2
 istate =             2
 jstate =             1
            2
 Read gradient for istate
            1  -2.4386957000000002E-002
            2   6.2508869999999996E-003
            3  -8.1541999999999994E-004
            4   2.0260158000000001E-002
            5  -4.6546150000000006E-003
            6  -2.1256800000000000E-003
            7   5.5454869999999996E-003
            8  -2.2997899999999998E-003
            9   4.7063099999999993E-003
           10   2.8716879999999998E-003
           11  -1.4500959999999998E-003
           12  -7.4458000000000002E-004
           13   3.2901610000000003E-003
           14   1.4914800000000001E-004
           15  -4.0701000000000001E-004
           16  -7.5805369999999996E-003
           17   2.0044670000000000E-003
           18  -6.1360999999999999E-004
 Read gradient for jstate, multigrad           18
            1  -2.4386957000000002E-002  -4.9356536999999996E-002
            2   6.2508869999999996E-003   1.2576011000000000E-002
            3  -8.1541999999999994E-004  -1.3241000000000001E-003
            4   2.0260158000000001E-002   5.2276886000000005E-002
            5  -4.6546150000000006E-003  -1.1851502000000000E-002
            6  -2.1256800000000000E-003  -6.2884899999999995E-003
            7   5.5454869999999996E-003   5.3063729999999998E-003
            8  -2.2997899999999998E-003  -3.8737240000000002E-003
            9   4.7063099999999993E-003   1.3228329999999999E-002
           10   2.8716879999999998E-003   5.7819500000000001E-003
           11  -1.4500959999999998E-003  -6.0597099999999990E-004
           12  -7.4458000000000002E-004  -3.8021300000000000E-003
           13   3.2901610000000003E-003   5.7521649999999998E-003
           14   1.4914800000000001E-004  -7.9423799999999991E-004
           15  -4.0701000000000001E-004  -3.8100999999999994E-003
           16  -7.5805369999999996E-003  -1.9760835000000000E-002
           17   2.0044670000000000E-003   4.5494240000000001E-003
           18  -6.1360999999999999E-004   1.9965000000000000E-003
 ...Run MolPro successful
 In dfunc; eni,enj=   -78.14554830000000        -78.14712849999999      
   -78.14554830000000     
 nefunc =             7
 Gap =    1.5801999999922600E-003
 alpha =    2.5000000372529030E-002
 dlambdagap =     14.00000000000000     
 -0.0243870 -0.0493565  0.0028806  0.0034573
  0.0062509  0.0125760 -0.0007297 -0.0008024
 -0.0008154 -0.0013241  0.0000587 -0.0002482
  0.0202602  0.0522769 -0.0036936 -0.0154426
 -0.0046546 -0.0118515  0.0008303  0.0033708
 -0.0021257 -0.0062885  0.0004802  0.0025164
  0.0055455  0.0053064  0.0000276  0.0058121
 -0.0022998 -0.0038737  0.0001816 -0.0005447
  0.0047063  0.0132283 -0.0009832 -0.0047968
  0.0028717  0.0057820 -0.0003357 -0.0003736
 -0.0014501 -0.0006060 -0.0000974 -0.0023914
 -0.0007446 -0.0038021  0.0003527  0.0026650
  0.0032902  0.0057522 -0.0002840  0.0005447
  0.0001491 -0.0007942  0.0001088  0.0012011
 -0.0004070 -0.0038101  0.0003926  0.0033879
 -0.0075805 -0.0197608  0.0014052  0.0060020
  0.0020045  0.0045494 -0.0002936 -0.0008335
 -0.0006136  0.0019965 -0.0003011 -0.0035242
 In dfunc; fval after gcons:   -78.14502319364075     
 Iteration     2 E=    -78.14502319 Cvg=      0.02003071
 Current Geometry
 C   -0.0032715492    0.0845733079   -0.4358614739
 C   -0.3529305360   -0.0933717277    0.9480271433
 H    1.0755766642   -0.1668604387   -0.5284759068
 H   -0.1101110302    1.1081496085   -0.8021230662
 H   -0.5307166314   -0.5788194728   -1.1249933811
 H   -0.0785469164   -0.3526712796    1.9444266716
   1    3    -7.815D+01   2.003D-02   1.509D+00
 Begin Run MolPro... imode =             2
 istate =             2
 jstate =             1
            2
 Read gradient for istate
            1  -2.4494433999999998E-002
            2   6.1431369999999994E-003
            3  -1.1117000000000001E-004
            4   2.0978925999999998E-002
            5  -4.6931300000000000E-003
            6  -2.8583099999999998E-003
            7   5.0861999999999998E-003
            8  -2.2505500000000001E-003
            9   5.0507299999999997E-003
           10   2.9088430000000001E-003
           11  -1.2126940000000002E-003
           12  -9.0251000000000019E-004
           13   3.2277570000000000E-003
           14  -8.1330000000000009E-006
           15  -6.4180999999999999E-004
           16  -7.7072919999999998E-003
           17   2.0213710000000003E-003
           18  -5.3689999999999998E-004
 Read gradient for jstate, multigrad           18
            1  -2.4494433999999998E-002  -4.8527716999999999E-002
            2   6.1431369999999994E-003   1.2191578999999999E-002
            3  -1.1117000000000001E-004  -3.9384000000000000E-004
            4   2.0978925999999998E-002   5.1563853999999996E-002
            5  -4.6931300000000000E-003  -1.1524802000000001E-002
            6  -2.8583099999999998E-003  -7.0625700000000000E-003
            7   5.0861999999999998E-003   4.9289119999999995E-003
            8  -2.2505500000000001E-003  -3.7898990000000001E-003
            9   5.0507299999999997E-003   1.3286140000000000E-002
           10   2.9088430000000001E-003   5.7006429999999995E-003
           11  -1.2126940000000002E-003  -3.9769200000000007E-004
           12  -9.0251000000000019E-004  -3.8372200000000003E-003
           13   3.2277570000000000E-003   5.5871760000000004E-003
           14  -8.1330000000000009E-006  -9.1690900000000024E-004
           15  -6.4180999999999999E-004  -3.9097000000000005E-003
           16  -7.7072919999999998E-003  -1.9252869000000000E-002
           17   2.0213710000000003E-003   4.4377239999999993E-003
           18  -5.3689999999999998E-004   1.9172000000000001E-003
 ...Run MolPro successful
 In dfunc; eni,enj=   -78.14539210000000        -78.14671690000000      
   -78.14539210000000     
 nefunc =             7
 Gap =    1.3248000000061211E-003
 alpha =    2.5000000372529030E-002
 dlambdagap =     14.00000000000000     
 -0.0244944 -0.0485277  0.0023581 -0.0034978
  0.0061431  0.0121916 -0.0005935  0.0008589
 -0.0001112 -0.0003938  0.0000277  0.0001358
  0.0209789  0.0515639 -0.0030009 -0.0057415
 -0.0046931 -0.0115248  0.0006703  0.0012753
 -0.0028583 -0.0070626  0.0004125  0.0008147
  0.0050862  0.0049289  0.0000154  0.0052236
 -0.0022506 -0.0037899  0.0001510 -0.0009057
  0.0050507  0.0132861 -0.0008080 -0.0021441
  0.0029088  0.0057006 -0.0002739  0.0004698
 -0.0012127 -0.0003977 -0.0000800 -0.0019247
 -0.0009025 -0.0038372  0.0002879  0.0016614
  0.0032278  0.0055872 -0.0002315  0.0011665
 -0.0000081 -0.0009169  0.0000892  0.0007858
 -0.0006418 -0.0039097  0.0003206  0.0022132
 -0.0077073 -0.0192529  0.0011328  0.0023795
  0.0020214  0.0044377 -0.0002371 -0.0000897
 -0.0005369  0.0019172 -0.0002408 -0.0026809
 In dfunc; fval after gcons:   -78.14512110904498     
 Iteration     3 E=    -78.14512111 Cvg=      0.01036191
 Current Geometry
 C   -0.0038240060    0.0846980177   -0.4358054157
 C   -0.3501160877   -0.0939836374    0.9475558516
 H    1.0744640830   -0.1667494665   -0.5275927712
 H   -0.1100522108    1.1086050949   -0.8026201810
 H   -0.5308322368   -0.5790463146   -1.1256277997
 H   -0.0796395401   -0.3525236970    1.9450903009
   2    4    -7.815D+01   1.036D-02   1.000D+00
 Begin Run MolPro... imode =             2
 istate =             2
 jstate =             1
            2
 Read gradient for istate
            1  -2.2304998999999999E-002
            2   5.4369280000000000E-003
            3   7.2629999999999999E-004
            4   2.1424571000000001E-002
            5  -4.6693289999999994E-003
            6  -3.5602500000000004E-003
            7   3.1124280000000000E-003
            8  -1.8488590000000000E-003
            9   5.5312800000000006E-003
           10   2.7538419999999997E-003
           11  -4.2721900000000010E-004
           12  -1.2511300000000001E-003
           13   2.7615580000000000E-003
           14  -4.6164199999999997E-004
           15  -1.2302199999999999E-003
           16  -7.7473999999999998E-003
           17   1.9701210000000000E-003
           18  -2.1597000000000004E-004
 Read gradient for jstate, multigrad           18
            1  -2.2304998999999999E-002  -4.5633222000000000E-002
            2   5.4369280000000000E-003   1.1285863999999999E-002
            3   7.2629999999999999E-004   5.6650999999999998E-004
            4   2.1424571000000001E-002   5.0936047999999996E-002
            5  -4.6693289999999994E-003  -1.1235937999999999E-002
            6  -3.5602500000000004E-003  -7.7456499999999995E-003
            7   3.1124280000000000E-003   3.0227420000000000E-003
            8  -1.8488590000000000E-003  -3.3649850000000003E-003
            9   5.5312800000000006E-003   1.3558110000000001E-002
           10   2.7538419999999997E-003   5.4568289999999999E-003
           11  -4.2721900000000010E-004   3.7072400000000001E-004
           12  -1.2511300000000001E-003  -4.0931600000000001E-003
           13   2.7615580000000000E-003   5.0420359999999995E-003
           14  -4.6164199999999997E-004  -1.3487779999999998E-003
           15  -1.2302199999999999E-003  -4.3977399999999998E-003
           16  -7.7473999999999998E-003  -1.8824434000000000E-002
           17   1.9701210000000000E-003   4.2931140000000001E-003
           18  -2.1597000000000004E-004   2.1119200000000000E-003
 ...Run MolPro successful
 In dfunc; eni,enj=   -78.14532199999999        -78.14648180000000      
   -78.14532199999999     
 nefunc =             7
 Gap =    1.1598000000105912E-003
 alpha =    2.5000000372529030E-002
 dlambdagap =     14.00000000000000     
 -0.0223050 -0.0456332  0.0020227 -0.0056517
  0.0054369  0.0112859 -0.0005071  0.0012616
  0.0007263  0.0005665  0.0000139  0.0008404
  0.0214246  0.0509360 -0.0025588  0.0003573
 -0.0046693 -0.0112359  0.0005694  0.0000184
 -0.0035603 -0.0077456  0.0003629 -0.0005724
  0.0031124  0.0030227  0.0000078  0.0031765
 -0.0018489 -0.0033650  0.0001315 -0.0007665
  0.0055313  0.0135581 -0.0006960 -0.0001988
  0.0027538  0.0054568 -0.0002344  0.0008243
 -0.0004272  0.0003707 -0.0000692 -0.0009968
 -0.0012511 -0.0040932  0.0002464  0.0007777
  0.0027616  0.0050420 -0.0001977  0.0011336
 -0.0004616 -0.0013488  0.0000769  0.0001717
 -0.0012302 -0.0043977  0.0002746  0.0010310
 -0.0077474 -0.0188244  0.0009604  0.0001601
  0.0019701  0.0042931 -0.0002014  0.0003118
 -0.0002160  0.0021119 -0.0002018 -0.0018778
 In dfunc; fval after gcons:   -78.14518202047904     
 Iteration     4 E=    -78.14518202 Cvg=      0.00732918
 Current Geometry
 C   -0.0026718657    0.0844203151   -0.4358830856
 C   -0.3473668975   -0.0945991111    0.9471903811
 H    1.0723068478   -0.1663933949   -0.5266134048
 H   -0.1102122100    1.1094061965   -0.8033410489
 H   -0.5312836640   -0.5793792458   -1.1265794632
 H   -0.0807722096   -0.3524547632    1.9462265867
   3    5    -7.815D+01   7.329D-03   1.000D+00
 Begin Run MolPro... imode =             2
 istate =             2
 jstate =             1
            2
 Read gradient for istate
            1  -1.8447535999999999E-002
            2   4.4631489999999996E-003
            3   7.8184000000000005E-004
            4   2.1410882999999998E-002
            5  -4.6764299999999990E-003
            6  -3.5014099999999999E-003
            7   2.1836600000000002E-004
            8  -1.2218159999999998E-003
            9   6.0386100000000003E-003
           10   2.4517010000000004E-003
           11   5.2177100000000003E-004
           12  -1.6326400000000003E-003
           13   2.0926009999999997E-003
           14  -9.7068999999999974E-004
           15  -1.8945600000000002E-003
           16  -7.7260149999999994E-003
           17   1.8840170000000001E-003
           18   2.0815000000000001E-004
 Read gradient for jstate, multigrad           18
            1  -1.8447535999999999E-002  -4.1471426999999998E-002
            2   4.4631489999999996E-003   1.0238870000000000E-002
            3   7.8184000000000005E-004   6.0656999999999996E-004
            4   2.1410882999999998E-002   5.0481772000000005E-002
            5  -4.6764299999999990E-003  -1.1145802999999999E-002
            6  -3.5014099999999999E-003  -7.6126700000000005E-003
            7   2.1836600000000002E-004   1.6200700000000001E-004
            8  -1.2218159999999998E-003  -2.7314630000000002E-003
            9   6.0386100000000003E-003   1.3989170000000000E-002
           10   2.4517010000000004E-003   5.1164439999999995E-003
           11   5.2177100000000003E-004   1.3158200000000004E-003
           12  -1.6326400000000003E-003  -4.4342100000000002E-003
           13   2.0926009999999997E-003   4.3376929999999998E-003
           14  -9.7068999999999974E-004  -1.8518710000000000E-003
           15  -1.8945600000000002E-003  -5.0193499999999993E-003
           16  -7.7260149999999994E-003  -1.8626489999999997E-002
           17   1.8840170000000001E-003   4.1744479999999999E-003
           18   2.0815000000000001E-004   2.4704900000000003E-003
 ...Run MolPro successful
 In dfunc; eni,enj=   -78.14533190000000        -78.14645450000000      
   -78.14533190000000     
 nefunc =             7
 Gap =    1.1226000000021941E-003
 alpha =    2.5000000372529030E-002
 dlambdagap =     14.00000000000000     
 -0.0184475 -0.0414714  0.0019364 -0.0028506
  0.0044631  0.0102389 -0.0004857  0.0005505
  0.0007818  0.0006066  0.0000147  0.0009006
  0.0214109  0.0504818 -0.0024449  0.0017175
 -0.0046764 -0.0111458  0.0005441 -0.0002939
 -0.0035014 -0.0076127  0.0003458 -0.0007163
  0.0002184  0.0001620  0.0000047  0.0002565
 -0.0012218 -0.0027315  0.0001270 -0.0001991
  0.0060386  0.0139892 -0.0006687  0.0006527
  0.0024517  0.0051164 -0.0002241  0.0006465
  0.0005218  0.0013158 -0.0000668 -0.0000161
 -0.0016326 -0.0044342  0.0002356  0.0002652
  0.0020926  0.0043377 -0.0001888  0.0005717
 -0.0009707 -0.0018519  0.0000741 -0.0003738
 -0.0018946 -0.0050193  0.0002628  0.0002223
 -0.0077260 -0.0186265  0.0009167 -0.0003418
  0.0018840  0.0041744 -0.0001926  0.0003324
  0.0002082  0.0024705 -0.0001903 -0.0013244
 In dfunc; fval after gcons:   -78.14521779899135     
 Iteration     5 E=    -78.14521780 Cvg=      0.00403817
 Current Geometry
 C   -0.0001208812    0.0838966674   -0.4365211877
 C   -0.3454454296   -0.0951052062    0.9473371740
 H    1.0698899276   -0.1659188314   -0.5258956680
 H   -0.1106276917    1.1102148273   -0.8041291647
 H   -0.5319641188   -0.5795784899   -1.1275829409
 H   -0.0817318055   -0.3525089702    1.9477917387
   4    6    -7.815D+01   4.038D-03   1.000D+00
 Begin Run MolPro... imode =             2
 istate =             2
 jstate =             1
            2
 Read gradient for istate
            1  -1.6749508999999998E-002
            2   4.2098529999999998E-003
            3  -1.2395000000000003E-004
            4   2.1020159000000000E-002
            5  -4.6208410000000004E-003
            6  -3.2752100000000000E-003
            7  -7.7890100000000011E-004
            8  -1.0071040000000000E-003
            9   6.2325300000000006E-003
           10   2.2575919999999998E-003
           11   7.3689500000000008E-004
           12  -1.7426699999999999E-003
           13   1.8286840000000000E-003
           14  -1.0206430000000000E-003
           15  -2.0596999999999999E-003
           16  -7.5780259999999995E-003
           17   1.7018389999999997E-003
           18   9.6900000000000013E-004
 Read gradient for jstate, multigrad           18
            1  -1.6749508999999998E-002  -3.9774799000000002E-002
            2   4.2098529999999998E-003   9.9982450000000007E-003
            3  -1.2395000000000003E-004  -3.6379000000000001E-004
            4   2.1020159000000000E-002   5.0124158000000012E-002
            5  -4.6208410000000004E-003  -1.1109879000000000E-002
            6  -3.2752100000000000E-003  -7.3206699999999998E-003
            7  -7.7890100000000011E-004  -8.3658900000000003E-004
            8  -1.0071040000000000E-003  -2.5178970000000001E-003
            9   6.2325300000000006E-003   1.4192079999999998E-002
           10   2.2575919999999998E-003   4.9230600000000004E-003
           11   7.3689500000000008E-004   1.5322380000000000E-003
           12  -1.7426699999999999E-003  -4.5432100000000002E-003
           13   1.8286840000000000E-003   4.0738599999999998E-003
           14  -1.0206430000000000E-003  -1.9041499999999999E-003
           15  -2.0596999999999999E-003  -5.1837400000000002E-003
           16  -7.5780259999999995E-003  -1.8509688999999998E-002
           17   1.7018389999999997E-003   4.0014430000000001E-003
           18   9.6900000000000013E-004   3.2193399999999994E-003
 ...Run MolPro successful
 In dfunc; eni,enj=   -78.14536459999999        -78.14651960000000      
   -78.14536459999999     
 nefunc =             7
 Gap =    1.1550000000113414E-003
 alpha =    2.5000000372529030E-002
 dlambdagap =     14.00000000000000     
 -0.0167495 -0.0397748  0.0019887 -0.0004206
  0.0042099  0.0099982 -0.0004999  0.0001049
 -0.0001240 -0.0003638  0.0000207  0.0000461
  0.0210202  0.0501242 -0.0025137  0.0003804
 -0.0046208 -0.0111099  0.0005605 -0.0000190
 -0.0032752 -0.0073207  0.0003494 -0.0004063
 -0.0007789 -0.0008366  0.0000050 -0.0007380
 -0.0010071 -0.0025179  0.0001305  0.0000643
  0.0062325  0.0141921 -0.0006875  0.0005878
  0.0022576  0.0049231 -0.0002302  0.0003673
  0.0007369  0.0015322 -0.0000687  0.0001729
 -0.0017427 -0.0045432  0.0002419  0.0002434
  0.0018287  0.0040739 -0.0001939  0.0002365
 -0.0010206 -0.0019042  0.0000763 -0.0003941
 -0.0020597 -0.0051837  0.0002698  0.0001558
 -0.0075780 -0.0185097  0.0009442  0.0001744
  0.0017018  0.0040014 -0.0001986  0.0000710
  0.0009690  0.0032193 -0.0001944 -0.0006269
 In dfunc; fval after gcons:   -78.14522803577769     
 Iteration     6 E=    -78.14522804 Cvg=      0.00151076
 Current Geometry
 C    0.0013722419    0.0836984707   -0.4375051255
 C   -0.3450732387   -0.0952806964    0.9477835620
 H    1.0695749581   -0.1657993908   -0.5260462633
 H   -0.1111750553    1.1103099893   -0.8046784810
 H   -0.5324619976   -0.5792152095   -1.1281117176
 H   -0.0822369083   -0.3527131680    1.9495580022
 BFGS Converged
 Gap Direction Gradient Norm / dlambdagap =    4.4081373624147062E-005
 Perpendicular Direction Gradient Norm =    1.3789638541020448E-003
 Gradient Convergence Threshold:    5.0000000000000000E-003
 Energy Change =    1.0236786337713966E-005
 Convergence Threshold:    1.0010000000000003E-006
 Begin Run MolPro... imode =             0
 Skip calc!!!
FINAL GEOMETRY, E=   -78.14536460, gap=     0.00115500
 C    0.0013722419    0.0836984707   -0.4375051255
 C   -0.3450732387   -0.0952806964    0.9477835620
 H    1.0695749581   -0.1657993908   -0.5260462633
 H   -0.1111750553    1.1103099893   -0.8046784810
 H   -0.5324619976   -0.5792152095   -1.1281117176
 H   -0.0822369083   -0.3527131680    1.9495580022
 Increasing penalty in seq penalty method    56.00000000000000     
 New tolerance:    1.0010000000000003E-006
 New gradient tolerance (gtol):    5.0000000000000000E-003
 Begin Run MolPro... imode =             2
 istate =             2
 jstate =             1
            2
 Read gradient for istate
            1  -1.6749508999999998E-002
            2   4.2098540000000000E-003
            3  -1.2395000000000003E-004
            4   2.1020159000000000E-002
            5  -4.6208410000000004E-003
            6  -3.2752100000000000E-003
            7  -7.7890100000000011E-004
            8  -1.0071040000000000E-003
            9   6.2325300000000006E-003
           10   2.2575930000000000E-003
           11   7.3689500000000008E-004
           12  -1.7426699999999999E-003
           13   1.8286840000000000E-003
           14  -1.0206430000000000E-003
           15  -2.0596999999999999E-003
           16  -7.5780269999999996E-003
           17   1.7018389999999997E-003
           18   9.6900000000000013E-004
 Read gradient for jstate, multigrad           18
            1  -1.6749508999999998E-002  -3.9774798000000002E-002
            2   4.2098540000000000E-003   9.9982439999999997E-003
            3  -1.2395000000000003E-004  -3.6379000000000001E-004
            4   2.1020159000000000E-002   5.0124154999999995E-002
            5  -4.6208410000000004E-003  -1.1109879000000000E-002
            6  -3.2752100000000000E-003  -7.3206699999999998E-003
            7  -7.7890100000000011E-004  -8.3658900000000003E-004
            8  -1.0071040000000000E-003  -2.5178970000000001E-003
            9   6.2325300000000006E-003   1.4192079999999998E-002
           10   2.2575930000000000E-003   4.9230600000000004E-003
           11   7.3689500000000008E-004   1.5322380000000000E-003
           12  -1.7426699999999999E-003  -4.5432100000000002E-003
           13   1.8286840000000000E-003   4.0738599999999998E-003
           14  -1.0206430000000000E-003  -1.9041499999999999E-003
           15  -2.0596999999999999E-003  -5.1837400000000002E-003
           16  -7.5780269999999996E-003  -1.8509688000000001E-002
           17   1.7018389999999997E-003   4.0014430000000001E-003
           18   9.6900000000000013E-004   3.2193399999999994E-003
 ...Run MolPro successful
 In dfunc; eni,enj=   -78.14536459999999        -78.14651960000000      
   -78.14536459999999     
 nefunc =             7
 Gap =    1.1550000000113414E-003
 alpha =    2.5000000372529030E-002
 dlambdagap =     56.00000000000000     
 -0.0167495 -0.0397748  0.0019887  0.0831041
  0.0042099  0.0099982 -0.0004999 -0.0208926
 -0.0001240 -0.0003638  0.0000207  0.0009162
  0.0210202  0.0501242 -0.0025137 -0.1051950
 -0.0046208 -0.0111099  0.0005605  0.0235201
 -0.0032752 -0.0073207  0.0003494  0.0142687
 -0.0007789 -0.0008366  0.0000050 -0.0005287
 -0.0010071 -0.0025179  0.0001305  0.0055447
  0.0062325  0.0141921 -0.0006875 -0.0282856
  0.0022576  0.0049231 -0.0002302 -0.0093017
  0.0007369  0.0015322 -0.0000687 -0.0027123
 -0.0017427 -0.0045432  0.0002419  0.0104024
  0.0018287  0.0040739 -0.0001939 -0.0079080
 -0.0010206 -0.0019042  0.0000763  0.0028109
 -0.0020597 -0.0051837  0.0002698  0.0114883
 -0.0075780 -0.0185097  0.0009442  0.0398292
  0.0017018  0.0040014 -0.0001986 -0.0082708
  0.0009690  0.0032193 -0.0001944 -0.0087900
 In dfunc; fval after gcons:   -78.14308584311078     
 Iteration     0 E=    -78.14308584 Cvg=      0.14877520
 Current Geometry
 C    0.0013722419    0.0836984707   -0.4375051255
 C   -0.3450732387   -0.0952806964    0.9477835620
 H    1.0695749581   -0.1657993908   -0.5260462633
 H   -0.1111750553    1.1103099893   -0.8046784810
 H   -0.5324619976   -0.5792152095   -1.1281117176
 H   -0.0822369083   -0.3527131680    1.9495580022
*************************************************
  N=   18   NUMBER OF CORRECTIONS= 5
       INITIAL VALUES
 F= -7.814D+01   GNORM=  1.488D-01
*************************************************

   I   NFN    FUNC        GNORM       STEPLENGTH

 Begin Run MolPro... imode =             2
 istate =             2
 jstate =             1
            2
 Read gradient for istate
            1  -5.7315059000000002E-002
            2   1.2729636000000000E-002
            3   8.2208500000000004E-003
            4   2.0817444000000003E-002
            5  -2.0505309999999999E-003
            6  -1.6448350000000000E-002
            7   2.5581973000000002E-002
            8  -7.6451580000000003E-003
            9   6.5742700000000003E-003
           10   5.7554600000000002E-003
           11  -8.8240909999999992E-003
           12   1.4005000000000001E-003
           13   8.9916690000000017E-003
           14   4.1362370000000004E-003
           15   3.8995300000000000E-003
           16  -3.8314849999999998E-003
           17   1.6539059999999997E-003
           18  -3.6468200000000000E-003
 Read gradient for jstate, multigrad           18
            1  -5.7315059000000002E-002  -6.7529529000000004E-002
            2   1.2729636000000000E-002   1.5969264999999999E-002
            3   8.2208500000000004E-003   4.5991499999999998E-003
            4   2.0817444000000003E-002   3.7070696000000005E-002
            5  -2.0505309999999999E-003  -6.2141599999999997E-003
            6  -1.6448350000000000E-002  -1.5818360000000000E-002
            7   2.5581973000000002E-002   2.2446256000000000E-002
            8  -7.6451580000000003E-003  -7.9269549999999995E-003
            9   6.5742700000000003E-003   1.2120560000000000E-002
           10   5.7554600000000002E-003   7.3985190000000012E-003
           11  -8.8240909999999992E-003  -8.2547249999999988E-003
           12   1.4005000000000001E-003  -1.2194999999999998E-004
           13   8.9916690000000017E-003   1.0325268000000001E-002
           14   4.1362370000000004E-003   3.4525160000000001E-003
           15   3.8995300000000000E-003   2.1372299999999997E-003
           16  -3.8314849999999998E-003  -9.7112099999999995E-003
           17   1.6539059999999997E-003   2.9740590000000001E-003
           18  -3.6468200000000000E-003  -2.9166300000000000E-003
 ...Run MolPro successful
 In dfunc; eni,enj=   -78.13453310000000        -78.13509660000000      
   -78.13453310000000     
 nefunc =             7
 Gap =    5.6349999999838474E-004
 alpha =    2.5000000372529030E-002
 dlambdagap =     56.00000000000000     
 -0.0573151 -0.0675295  0.0004454 -0.0374824
  0.0127296  0.0159693 -0.0001412  0.0064395
  0.0082209  0.0045992  0.0001579  0.0152528
  0.0208174  0.0370707 -0.0007086 -0.0107402
 -0.0020505 -0.0062142  0.0001815  0.0060337
 -0.0164484 -0.0158184 -0.0000275 -0.0176716
  0.0255820  0.0224463  0.0001367  0.0316704
 -0.0076452 -0.0079270  0.0000123 -0.0070980
  0.0065743  0.0121206 -0.0002418 -0.0041945
  0.0057555  0.0073985 -0.0000716  0.0025653
 -0.0088241 -0.0082547 -0.0000248 -0.0099296
  0.0014005 -0.0001220  0.0000664  0.0043565
  0.0089917  0.0103253 -0.0000581  0.0064023
  0.0041362  0.0034525  0.0000298  0.0054638
  0.0038995  0.0021372  0.0000768  0.0073213
 -0.0038315 -0.0097112  0.0002564  0.0075847
  0.0016539  0.0029741 -0.0000576 -0.0009093
 -0.0036468 -0.0029166 -0.0000318 -0.0050646
 In dfunc; fval after gcons:   -78.13411925644901     
 Iteration     1 E=    -78.13411926 Cvg=      0.05955401
 Current Geometry
 C   -0.0544866192    0.0977415534   -0.4381209289
 C   -0.2743659052   -0.1110898726    0.9381927743
 H    1.0699303438   -0.1695263181   -0.5070339510
 H   -0.1049228555    1.1121330515   -0.8116705173
 H   -0.5271466237   -0.5811045411   -1.1358336408
 H   -0.1090083364   -0.3471538807    1.9554662698
 Begin Run MolPro... imode =             2
 istate =             2
 jstate =             1
            2
 Read gradient for istate
            1  -2.6104134999999999E-002
            2   6.3564310000000006E-003
            3   7.8191999999999995E-004
            4   2.4441932999999998E-002
            5  -5.1087989999999994E-003
            6  -5.0181899999999988E-003
            7   3.5950490000000004E-003
            8  -2.2544110000000002E-003
            9   7.0518100000000006E-003
           10   3.1563460000000001E-003
           11  -7.1676099999999998E-004
           12  -1.5074100000000001E-003
           13   3.2736750000000003E-003
           14  -3.2098700000000004E-004
           15  -1.4084600000000000E-003
           16  -8.3628680000000006E-003
           17   2.0445270000000000E-003
           18   1.0033000000000001E-004
 Read gradient for jstate, multigrad           18
            1  -2.6104134999999999E-002  -4.4248007000000005E-002
            2   6.3564310000000006E-003   1.0738305000000001E-002
            3   7.8191999999999995E-004   1.6662500000000000E-003
            4   2.4441932999999998E-002   4.6325163000000007E-002
            5  -5.1087989999999994E-003  -9.8176099999999984E-003
            6  -5.0181899999999988E-003  -9.2803199999999997E-003
            7   3.5950490000000004E-003   3.9163180000000008E-003
            8  -2.2544110000000002E-003  -3.5528810000000002E-003
            9   7.0518100000000006E-003   1.3405739999999999E-002
           10   3.1563460000000001E-003   5.2118570000000002E-003
           11  -7.1676099999999998E-004  -1.1505799999999999E-004
           12  -1.5074100000000001E-003  -3.6761099999999995E-003
           13   3.2736750000000003E-003   4.9924770000000009E-003
           14  -3.2098700000000004E-004  -9.8476299999999988E-004
           15  -1.4084600000000000E-003  -3.8291000000000007E-003
           16  -8.3628680000000006E-003  -1.6197809000000003E-002
           17   2.0445270000000000E-003   3.7320069999999994E-003
           18   1.0033000000000001E-004   1.7135399999999999E-003
 ...Run MolPro successful
 In dfunc; eni,enj=   -78.14436780000000        -78.14446100000001      
   -78.14436780000000     
 nefunc =             7
 Gap =    9.3200000009119321E-005
 alpha =    2.5000000372529030E-002
 dlambdagap =     56.00000000000000     
 -0.0261041 -0.0442480  0.0001345 -0.0276425
  0.0063564  0.0107383 -0.0000325  0.0067280
  0.0007819  0.0016663 -0.0000066  0.0008569
  0.0244419  0.0463252 -0.0001623  0.0262974
 -0.0051088 -0.0098176  0.0000349 -0.0055080
 -0.0050182 -0.0092803  0.0000316 -0.0053796
  0.0035950  0.0039163 -0.0000024  0.0036223
 -0.0022544 -0.0035529  0.0000096 -0.0023645
  0.0070518  0.0134057 -0.0000471  0.0075905
  0.0031563  0.0052119 -0.0000152  0.0033306
 -0.0007168 -0.0001151 -0.0000045 -0.0006657
 -0.0015074 -0.0036761  0.0000161 -0.0016913
  0.0032737  0.0049925 -0.0000127  0.0034194
 -0.0003210 -0.0009848  0.0000049 -0.0003773
 -0.0014085 -0.0038291  0.0000179 -0.0016137
 -0.0083629 -0.0161978  0.0000581 -0.0090272
  0.0020445  0.0037320 -0.0000125  0.0021876
  0.0001003  0.0017135 -0.0000120  0.0002371
 In dfunc; fval after gcons:   -78.14439501508963     
 Iteration     2 E=    -78.14439502 Cvg=      0.04186206
 Current Geometry
 C   -0.0072527301    0.0858668142   -0.4376002095
 C   -0.3341555658   -0.0977217362    0.9463026819
 H    1.0696298319   -0.1663748526   -0.5231106385
 H   -0.1102096749    1.1105914820   -0.8057580969
 H   -0.5316412692   -0.5795069346   -1.1293040329
 H   -0.0863705911   -0.3518547778    1.9504702772
   1    3    -7.814D+01   4.186D-02   1.038D+00
 Begin Run MolPro... imode =             2
 istate =             2
 jstate =             1
            2
 Read gradient for istate
            1  -2.3715643000000002E-002
            2   5.8190059999999999E-003
            3   5.5818000000000012E-004
            4   2.3718540999999997E-002
            5  -5.0629560000000007E-003
            6  -4.4976399999999996E-003
            7   2.3897689999999998E-003
            8  -1.9279749999999998E-003
            9   6.9146500000000000E-003
           10   2.9377940000000002E-003
           11  -3.0005100000000002E-004
           12  -1.6013500000000001E-003
           13   2.8880770000000000E-003
           14  -5.2879999999999994E-004
           15  -1.6269200000000001E-003
           16  -8.2185379999999988E-003
           17   2.0007760000000001E-003
           18   2.5308999999999999E-004
 Read gradient for jstate, multigrad           18
            1  -2.3715643000000002E-002  -4.2925202000000002E-002
            2   5.8190059999999999E-003   1.0483331000000000E-002
            3   5.5818000000000012E-004   1.2023100000000000E-003
            4   2.3718540999999997E-002   4.7171419999999999E-002
            5  -5.0629560000000007E-003  -1.0101947999999998E-002
            6  -4.4976399999999996E-003  -8.7141899999999985E-003
            7   2.3897689999999998E-003   2.6260940000000002E-003
            8  -1.9279749999999998E-003  -3.2733990000000004E-003
            9   6.9146500000000000E-003   1.3629519999999999E-002
           10   2.9377940000000002E-003   5.1181789999999996E-003
           11  -3.0005100000000002E-004   3.4767799999999993E-004
           12  -1.6013500000000001E-003  -3.9101700000000008E-003
           13   2.8880770000000000E-003   4.7295200000000008E-003
           14  -5.2879999999999994E-004  -1.2433030000000000E-003
           15  -1.6269200000000001E-003  -4.1973000000000003E-003
           16  -8.2185379999999988E-003  -1.6720011000000001E-002
           17   2.0007760000000001E-003   3.7876420000000000E-003
           18   2.5308999999999999E-004   1.9898400000000001E-003
 ...Run MolPro successful
 In dfunc; eni,enj=   -78.14460900000000        -78.14490739999999      
   -78.14460900000000     
 nefunc =             7
 Gap =    2.9839999999126121E-004
 alpha =    2.5000000372529030E-002
 dlambdagap =     56.00000000000000     
 -0.0237156 -0.0429252  0.0004505 -0.0080930
  0.0058190  0.0104833 -0.0001094  0.0020256
  0.0005582  0.0012023 -0.0000151  0.0000343
  0.0237185  0.0471714 -0.0005500  0.0046450
 -0.0050630 -0.0101019  0.0001182 -0.0009649
 -0.0044976 -0.0087142  0.0000989 -0.0010684
  0.0023898  0.0026261 -0.0000055  0.0021976
 -0.0019280 -0.0032734  0.0000316 -0.0008338
  0.0069147  0.0136295 -0.0001575  0.0014536
  0.0029378  0.0051182 -0.0000511  0.0011645
 -0.0003001  0.0003477 -0.0000152 -0.0008268
 -0.0016014 -0.0039102  0.0000541  0.0002764
  0.0028881  0.0047295 -0.0000432  0.0013905
 -0.0005288 -0.0012433  0.0000168  0.0000523
 -0.0016269 -0.0041973  0.0000603  0.0004635
 -0.0082185 -0.0167200  0.0001994 -0.0013045
  0.0020008  0.0037876 -0.0000419  0.0005476
  0.0002531  0.0019898 -0.0000407 -0.0011594
 In dfunc; fval after gcons:   -78.14456109728654     
 Iteration     3 E=    -78.14456110 Cvg=      0.01041634
 Current Geometry
 C   -0.0050998433    0.0853396593   -0.4376503716
 C   -0.3363277344   -0.0972597131    0.9467126209
 H    1.0693968952   -0.1661981202   -0.5237277556
 H   -0.1104656980    1.1106209589   -0.8056011338
 H   -0.5318963246   -0.5794695939   -1.1291468514
 H   -0.0856072941   -0.3520331961    1.9504134728
   2    4    -7.814D+01   1.042D-02   1.000D+00
 Begin Run MolPro... imode =             2
 istate =             2
 jstate =             1
            2
 Read gradient for istate
            1  -2.2631341999999997E-002
            2   5.5339960000000001E-003
            3   6.1507000000000005E-004
            4   2.3497306000000000E-002
            5  -5.0133280000000005E-003
            6  -4.4396599999999999E-003
            7   1.7687600000000002E-003
            8  -1.7720970000000000E-003
            9   6.9116499999999998E-003
           10   2.8343100000000000E-003
           11  -5.0038999999999989E-005
           12  -1.6839199999999998E-003
           13   2.6919079999999997E-003
           14  -6.5774799999999995E-004
           15  -1.7813099999999999E-003
           16  -8.1609419999999986E-003
           17   1.9592160000000000E-003
           18   3.7816000000000005E-004
 Read gradient for jstate, multigrad           18
            1  -2.2631341999999997E-002  -4.2136753000000002E-002
            2   5.5339960000000001E-003   1.0290997000000000E-002
            3   6.1507000000000005E-004   1.1854199999999997E-003
            4   2.3497306000000000E-002   4.7383265000000003E-002
            5  -5.0133280000000005E-003  -1.0174741000000000E-002
            6  -4.4396599999999999E-003  -8.6386099999999999E-003
            7   1.7687600000000002E-003   1.9822339999999997E-003
            8  -1.7720970000000000E-003  -3.1314639999999998E-003
            9   6.9116499999999998E-003   1.3728050000000001E-002
           10   2.8343100000000000E-003   5.0542759999999998E-003
           11  -5.0038999999999989E-005   6.1003499999999997E-004
           12  -1.6839199999999998E-003  -4.0302400000000009E-003
           13   2.6919079999999997E-003   4.5628580000000003E-003
           14  -6.5774799999999995E-004  -1.3865349999999999E-003
           15  -1.7813099999999999E-003  -4.3957400000000009E-003
           16  -8.1609419999999986E-003  -1.6845882000000001E-002
           17   1.9592160000000000E-003   3.7917069999999997E-003
           18   3.7816000000000005E-004   2.1511100000000001E-003
 ...Run MolPro successful
 In dfunc; eni,enj=   -78.14468069999999        -78.14504180000000      
   -78.14468069999999     
 nefunc =             7
 Gap =    3.6110000000633136E-004
 alpha =    2.5000000372529030E-002
 dlambdagap =     56.00000000000000     
 -0.0226313 -0.0421368  0.0005515 -0.0015003
  0.0055340  0.0102910 -0.0001345  0.0003805
  0.0006151  0.0011854 -0.0000161 -0.0000028
  0.0234973  0.0473833 -0.0006754 -0.0023793
 -0.0050133 -0.0101747  0.0001459  0.0005782
 -0.0044397 -0.0086386  0.0001187  0.0001092
  0.0017688  0.0019822 -0.0000060  0.0015375
 -0.0017721 -0.0031315  0.0000384 -0.0002994
  0.0069117  0.0137281 -0.0001927 -0.0004728
  0.0028343  0.0050543 -0.0000628  0.0004293
 -0.0000500  0.0006100 -0.0000187 -0.0007651
 -0.0016839 -0.0040302  0.0000663  0.0008579
  0.0026919  0.0045629 -0.0000529  0.0006650
 -0.0006577 -0.0013865  0.0000206  0.0001318
 -0.0017813 -0.0043957  0.0000739  0.0010510
 -0.0081609 -0.0168459  0.0002456  0.0012478
  0.0019592  0.0037917 -0.0000518 -0.0000260
  0.0003782  0.0021511 -0.0000501 -0.0015425
 In dfunc; fval after gcons:   -78.14457332795982     
 Iteration     4 E=    -78.14457333 Cvg=      0.00425297
 Current Geometry
 C   -0.0042000381    0.0851121766   -0.4376441599
 C   -0.3368053616   -0.0971587355    0.9468164823
 H    1.0691389741   -0.1661041008   -0.5238780921
 H   -0.1105988204    1.1107218623   -0.8056434111
 H   -0.5320571762   -0.5794770884   -1.1292121456
 H   -0.0854775770   -0.3520941192    1.9505613062
 BFGS Converged
 Gap Direction Gradient Norm / dlambdagap =    2.5304094778907364E-005
 Perpendicular Direction Gradient Norm =    4.0099553153247918E-003
 Gradient Convergence Threshold:    5.0000000000000000E-003
 Energy Change =    1.2230673277713322E-005
 Convergence Threshold:    1.0010000000000003E-006
 Begin Run MolPro... imode =             0
 Skip calc!!!
FINAL GEOMETRY, E=   -78.14468070, gap=     0.00036110
 C   -0.0042000381    0.0851121766   -0.4376441599
 C   -0.3368053616   -0.0971587355    0.9468164823
 H    1.0691389741   -0.1661041008   -0.5238780921
 H   -0.1105988204    1.1107218623   -0.8056434111
 H   -0.5320571762   -0.5794770884   -1.1292121456
 H   -0.0854775770   -0.3520941192    1.9505613062
 Sequential penalty converged, gap=   3.6110000000633136E-004
