   -78.14401660000000        -78.14390419999999     
   -78.15028359999999        -78.14228070000000     
   -78.14597870000000        -78.14489639999999     
   -78.15069240000000        -78.14611970000000     
   -78.14904410000000        -78.14599010000001     
   -78.14940060000001        -78.14611160000000     
   -78.14989170000000        -78.14628290000000     
   -78.15021580000000        -78.14643140000000     
   -78.15078920000001        -78.14668730000000     
   -78.15051040000000        -78.14666420000000     
   -78.15052200000000        -78.14669450000000     
   -78.15041500000000        -78.14667230000001     
   -78.15043960000000        -78.14668110000000     
   -78.15043960000000        -78.14668110000000     
   -78.13799480000000        -78.13668760000000     
   -78.14712849999999        -78.14554830000000     
   -78.14671690000000        -78.14539210000000     
   -78.14648180000000        -78.14532199999999     
   -78.14645450000000        -78.14533190000000     
   -78.14651960000000        -78.14536459999999     
   -78.14651960000000        -78.14536459999999     
   -78.13509660000000        -78.13453310000000     
   -78.14446100000001        -78.14436780000000     
   -78.14490739999999        -78.14460900000000     
   -78.14504180000000        -78.14468069999999     
