    * Using serial Knowles-Handy algorithm in FCI.
  ---------------------------
        FCI calculation      
  ---------------------------

  Performs exactly the same way as Knowles & Handy 1984 CPL

  o alpha-beta strings
      length:             4
  o size of the space 
      determinant space:  4
      spin-adapted space: 3

  o single displacement lists (alpha)
      length:             4
  o single displacement lists (beta)
      length:             4
    * Integral transformation done. Elapsed time: 0.44

     guess   0:   closed ..                   open 11                  
     guess   1:   closed 1.                   open ..                  

  === FCI iteration ===

      0  0       -77.82902000     9.28e-05      0.01
      0  1       -77.77599176     1.21e-03      0.00
    - linear dependency detected:    1 /    4    min eigenvalue:     3.8858e-16    max eigenvalue:     3.8858e-16
    * Using canonical orthogonalization due to linear dependency


      1  0 *     -77.82902016     1.71e-16      0.00
      1  1 *     -77.77602668     2.76e-16      0.00

     * ci vector, state   0, <S^2> = 0.0000
       ab     0.7071065270
       ba     0.7071065270

     * ci vector, state   1, <S^2> = 0.0000
       2.    -0.9998950246
 
  ========       state-averaged       ======== 
  ======== natural occupation numbers ======== 
   Orbital 0 : 1.4998
   Orbital 1 : 0.5002
  ============================================ 
       - FCI and RDMs                              0.01
    * Integral transformation done. Elapsed time: 0.42

     guess   0:   closed ..                   open 11                  
     guess   1:   closed 1.                   open ..                  

  === FCI iteration ===

      0  0       -77.86785306     4.84e-06      0.00
      0  1       -77.76342361     1.07e-03      0.00
    - linear dependency detected:    1 /    4    min eigenvalue:     1.1102e-16    max eigenvalue:     1.1102e-16
    * Using canonical orthogonalization due to linear dependency


      1  0 *     -77.86785306     1.44e-16      0.00
      1  1 *     -77.76346554     9.23e-15      0.00

     * ci vector, state   0, <S^2> = 0.0000
       ba     0.7071066837
       ab     0.7071066837

     * ci vector, state   1, <S^2> = 0.0000
       2.    -0.9998085782
 
  ========       state-averaged       ======== 
  ======== natural occupation numbers ======== 
   Orbital 0 : 1.4996
   Orbital 1 : 0.5004
  ============================================ 
       - FCI and RDMs                              0.00
    * Integral transformation done. Elapsed time: 0.34

     guess   0:   closed ..                   open 11                  
     guess   1:   closed 1.                   open ..                  

  === FCI iteration ===

      0  0       -77.86832941     1.19e-08      0.00
      0  1       -77.76298701     1.06e-03      0.00
    - linear dependency detected:    1 /    4    min eigenvalue:     2.2204e-16    max eigenvalue:     2.2204e-16
    * Using canonical orthogonalization due to linear dependency


      1  0 *     -77.86832941     1.78e-16      0.00
      1  1 *     -77.76302793     3.75e-12      0.00

     * ci vector, state   0, <S^2> = 0.0000
       ba    -0.7071066665
       ab    -0.7071066665

     * ci vector, state   1, <S^2> = 0.0000
       2.    -0.9998138718
 
  ========       state-averaged       ======== 
  ======== natural occupation numbers ======== 
   Orbital 0 : 1.4996
   Orbital 1 : 0.5004
  ============================================ 
       - FCI and RDMs                              0.00
    * Integral transformation done. Elapsed time: 0.28

     guess   0:   closed ..                   open 11                  
     guess   1:   closed 1.                   open ..                  

  === FCI iteration ===

      0  0       -77.86833139     9.47e-07      0.00
      0  1       -77.76298503     1.06e-03      0.00
    - linear dependency detected:    1 /    4    min eigenvalue:     6.6613e-16    max eigenvalue:     6.6613e-16
    * Using canonical orthogonalization due to linear dependency


      1  0 *     -77.86833139     3.56e-16      0.00
      1  1 *     -77.76302595     4.71e-14      0.00

     * ci vector, state   0, <S^2> = 0.0000
       ab     0.7071066624
       ba     0.7071066624

     * ci vector, state   1, <S^2> = 0.0000
       2.    -0.9998138714
 
  ========       state-averaged       ======== 
  ======== natural occupation numbers ======== 
   Orbital 0 : 1.4996
   Orbital 1 : 0.5004
  ============================================ 
       - FCI and RDMs                              0.00
    * Integral transformation done. Elapsed time: 0.62

     guess   0:   closed ..                   open 11                  
     guess   1:   closed 1.                   open ..                  

  === FCI iteration ===

      0  0       -77.86833139     1.15e-06      0.00
      0  1       -77.76298503     1.06e-03      0.00
    - linear dependency detected:    1 /    4    min eigenvalue:     3.3307e-16    max eigenvalue:     3.3307e-16
    * Using canonical orthogonalization due to linear dependency


      1  0 *     -77.86833139     1.80e-16      0.00
      1  1 *     -77.76302595     1.77e-16      0.00

     * ci vector, state   0, <S^2> = 0.0000
       ab     0.7071066615
       ba     0.7071066615

     * ci vector, state   1, <S^2> = 0.0000
       2.    -0.9998138702
 
  ========       state-averaged       ======== 
  ======== natural occupation numbers ======== 
   Orbital 0 : 1.4996
   Orbital 1 : 0.5004
  ============================================ 
       - FCI and RDMs                              0.00
