   -78.15152780000000        -78.15112200000000     
   -78.15201370000000        -78.15124150000000     
   -78.15243570000000        -78.15101410000000     
   -78.15222960000000        -78.15121739999999     
   -78.15201370000000        -78.15124150000000     
   -78.15232970000000        -78.15116410000000     
   -78.15215499999999        -78.15123560000001     
   -78.15227090000000        -78.15120060000000     
   -78.15222960000000        -78.15121739999999     
   -78.15194720000000        -78.15103510000000     
   -78.15228630000000        -78.15110150000000     
   -78.15230870000001        -78.15123190000000     
   -78.15222960000000        -78.15121739999999     
   -78.15232180000000        -78.15120430000000     
   -78.15228700000000        -78.15123509999999     
   -78.15231690000000        -78.15122470000000     
   -78.15230870000001        -78.15123190000000     
   -78.15242929999999        -78.15132240000000     
   -78.15223290000000        -78.15107420000000     
   -78.15241229999999        -78.15128600000000     
   -78.15240470000001        -78.15130940000000     
   -78.15243120000000        -78.15131690000000     
   -78.15242309999999        -78.15132060000001     
   -78.15242929999999        -78.15132240000000     
   -78.15159559999999        -78.15096690000000     
   -78.15386680000000        -78.15184400000000     
   -78.15638330000000        -78.15253310000000     
   -78.16077050000000        -78.15316630000000     
   -78.15802690000000        -78.15285080000000     
   -78.15539800000001        -78.15229410000001     
   -78.15596830000000        -78.15243700000001     
   -78.15597400000000        -78.15243839999999     
   -78.15674749999999        -78.15261210000000     
   -78.15626770000000        -78.15250700000000     
   -78.15575290000000        -78.15238460000000     
   -78.15597400000000        -78.15243839999999     
   -78.15622399999999        -78.15251170000001     
   -78.15665150000000        -78.15259300000000     
   -78.15638420000001        -78.15254820000000     
   -78.15612710000001        -78.15248579999999     
   -78.15622399999999        -78.15251170000001     
   -78.15604840000000        -78.15233970000000     
   -78.15597760000000        -78.15224940000000     
   -78.15620699999999        -78.15249009999999     
   -78.15618660000000        -78.15247630000000     
   -78.15622879999999        -78.15251499999999     
   -78.15622399999999        -78.15251170000001     
   -78.15622480000000        -78.15250990000000     
   -78.15622879999999        -78.15251499999999     
   -78.15640620000001        -78.15268240000000     
   -78.15644260000001        -78.15270020000000     
   -78.15590680000000        -78.15212820000001     
   -78.15632040000000        -78.15256510000000     
   -78.15646390000001        -78.15272899999999     
   -78.15646300000000        -78.15272950000001     
   -78.15644780000000        -78.15270640000000     
   -78.15645170000001        -78.15272200000000     
   -78.15646310000000        -78.15272670000000     
   -78.15646300000000        -78.15272950000001     
   -78.15647989999999        -78.15271500000000     
   -78.15638749999999        -78.15270750000001     
   -78.15644120000000        -78.15272779999999     
   -78.15646300000000        -78.15272950000001     
   -78.15642339999999        -78.15272260000000     
   -78.15644120000000        -78.15272779999999     
   -78.15621260000000        -78.15268610000000     
   -78.15579920000000        -78.15257590000000     
   -78.15606099999999        -78.15265020000000     
   -78.15630240000000        -78.15270440000000     
   -78.15621260000000        -78.15268610000000     
   -78.15616369999999        -78.15270550000000     
   -78.15604480000000        -78.15269490000000     
   -78.15575180000000        -78.15256960000001     
   -78.15594729999999        -78.15266269999999     
   -78.15609600000001        -78.15270500000000     
   -78.15606150000001        -78.15269890000000     
   -78.15602090000000        -78.15268829999999     
   -78.15606150000001        -78.15269890000000     
   -78.15593300000000        -78.15258860000000     
   -78.15603430000000        -78.15264350000000     
   -78.15608640000001        -78.15271280000000     
   -78.15606150000001        -78.15269890000000     
   -78.15608020000001        -78.15269990000000     
   -78.15608190000000        -78.15271250000001     
   -78.15608640000001        -78.15271280000000     
   -78.15607610000001        -78.15270920000000     
   -78.15608190000000        -78.15271250000001     
   -78.15615880000000        -78.15271340000000     
   -78.15589989999999        -78.15264860000001     
   -78.15602090000000        -78.15269720000001     
   -78.15611450000000        -78.15271629999999     
   -78.15608190000000        -78.15271250000001     
   -78.15606060000000        -78.15275080000001     
   -78.15592650000001        -78.15271319999999     
   -78.15602389999999        -78.15275099999999     
   -78.15606060000000        -78.15275080000001     
   -78.15599229999999        -78.15274210000000     
   -78.15604010000000        -78.15275300000000     
   -78.15602389999999        -78.15275099999999     
   -78.15601909999999        -78.15272469999999     
   -78.15591580000000        -78.15267480000000     
   -78.15599940000000        -78.15273910000001     
   -78.15602860000000        -78.15274760000000     
   -78.15602389999999        -78.15275099999999     
   -78.15607900000001        -78.15272730000000     
   -78.15581500000000        -78.15266660000000     
   -78.15596150000000        -78.15273650000000     
   -78.15605170000001        -78.15274890000001     
   -78.15600259999999        -78.15274810000000     
   -78.15602389999999        -78.15275099999999     
   -78.15600259999999        -78.15274810000000     
   -78.15643390000000        -78.15286840000000     
   -78.15714100000000        -78.15304490000000     
   -78.15670280000001        -78.15293860000000     
   -78.15643390000000        -78.15286840000000     
   -78.15686980000000        -78.15298030000000     
   -78.15670280000001        -78.15293860000000     
   -78.15663700000000        -78.15292660000000     
   -78.15654400000000        -78.15288839999999     
   -78.15659930000000        -78.15291460000000     
   -78.15663700000000        -78.15292660000000     
   -78.15644370000000        -78.15277060000000     
   -78.15666779999999        -78.15289170000000     
   -78.15669100000000        -78.15295639999999     
   -78.15663700000000        -78.15292660000000     
   -78.15669860000000        -78.15294849999999     
   -78.15667639999999        -78.15295120000000     
   -78.15669629999999        -78.15295580000000     
   -78.15669100000000        -78.15295639999999     
   -78.16292480000000        -78.15396900000000     
   -78.14970630000001        -78.14909670000000     
   -78.15333250000000        -78.15190149999999     
   -78.15898460000000        -78.15345569999999     
   -78.15535050000000        -78.15258679999999     
   -78.15755050000000        -78.15316220000000     
   -78.15617130000000        -78.15282040000000     
   -78.15701670000000        -78.15303710000001     
   -78.15649139999999        -78.15290530000000     
   -78.15681499999999        -78.15298749999999     
   -78.15669100000000        -78.15295639999999     
   -78.15641330000000        -78.15283080000000     
   -78.15673990000001        -78.15275210000000     
   -78.15676710000000        -78.15293670000000     
   -78.15660780000000        -78.15293170000000     
   -78.15672859999999        -78.15295750000000     
   -78.15666250000000        -78.15295030000000     
   -78.15669100000000        -78.15295639999999     
   -78.15666250000000        -78.15295030000000     
   -78.15671310000000        -78.15292650000001     
   -78.15619210000000        -78.15259790000000     
   -78.15653880000001        -78.15287200000000     
   -78.15670380000000        -78.15296340000000     
   -78.15666250000000        -78.15295030000000     
   -78.15671580000000        -78.15295780000000     
   -78.15669130000001        -78.15296160000000     
   -78.15670380000000        -78.15296340000000     
   -78.15669130000001        -78.15296160000000     
   -78.15565750000000        -78.15269110000000     
   -78.15841300000000        -78.15332789999999     
   -78.15734260000001        -78.15311220000000     
   -78.15629330000000        -78.15286209999999     
   -78.15693899999999        -78.15302070000000     
   -78.15653880000001        -78.15292420000000     
   -78.15669130000001        -78.15296160000000     
   -78.15653880000001        -78.15292420000000     
   -78.15678280000000        -78.15299109999999     
   -78.15720790000000        -78.15305800000000     
   -78.15694110000000        -78.15302269999999     
   -78.15668780000000        -78.15296789999999     
   -78.15678280000000        -78.15299109999999     
   -78.15668780000000        -78.15296789999999     
   -78.15654410000000        -78.15282100000000     
   -78.15638230000000        -78.15265680000000     
   -78.15664930000000        -78.15292890000001     
   -78.15666299999999        -78.15294249999999     
   -78.15668450000000        -78.15296460000000     
   -78.15668270000000        -78.15296260000000     
   -78.15668780000000        -78.15296789999999     
   -78.15665710000000        -78.15292320000000     
   -78.15649460000000        -78.15279500000000     
   -78.15665050000000        -78.15293870000001     
   -78.15668909999999        -78.15296390000000     
   -78.15667870000000        -78.15296200000000     
   -78.15668780000000        -78.15296789999999     
   -78.15670350000001        -78.15295039999999     
   -78.15661340000000        -78.15294969999999     
   -78.15636200000000        -78.15279550000000     
   -78.15653680000000        -78.15290930000000     
   -78.15664900000000        -78.15296350000000     
   -78.15661340000000        -78.15294969999999     
   -78.15666650000000        -78.15296780000000     
   -78.15664900000000        -78.15296350000000     
   -78.15642430000000        -78.15293029999999     
   -78.15601750000000        -78.15283420000000     
   -78.15627520000000        -78.15289980000000     
   -78.15642430000000        -78.15293029999999     
   -78.15617910000000        -78.15287710000000     
   -78.15627520000000        -78.15289980000000     
   -78.15619289999999        -78.15288380000000     
   -78.15602300000000        -78.15281790000000     
   -78.15613340000000        -78.15286440000000     
   -78.15619289999999        -78.15288380000000     
   -78.15612190000000        -78.15283130000000     
   -78.15606520000000        -78.15272770000000     
   -78.15618060000000        -78.15286030000000     
   -78.15617890000000        -78.15287669999999     
   -78.15619340000001        -78.15288000000000     
   -78.15619289999999        -78.15288380000000     
   -78.15625950000000        -78.15287130000000     
   -78.15602699999999        -78.15284100000000     
   -78.15613810000001        -78.15287669999999     
   -78.15619289999999        -78.15288380000000     
   -78.15609900000000        -78.15286660000000     
   -78.15613810000001        -78.15287669999999     
   -78.15606099999999        -78.15286120000000     
   -78.15583800000000        -78.15273759999999     
   -78.15599010000000        -78.15282840000000     
   -78.15609590000000        -78.15287259999999     
   -78.15606099999999        -78.15286120000000     
   -78.15609590000000        -78.15287259999999     
   -78.15609590000000        -78.15284990000001     
   -78.15597990000001        -78.15279070000000     
   -78.15606840000000        -78.15285849999999     
   -78.15610239999999        -78.15287060000000     
   -78.15608790000000        -78.15286970000000     
   -78.15609590000000        -78.15287259999999     
   -78.15616300000001        -78.15286159999999     
   -78.15586720000000        -78.15276710000001     
   -78.15602590000000        -78.15285020000000     
   -78.15612830000001        -78.15287530000001     
   -78.15607170000000        -78.15286670000000     
   -78.15609590000000        -78.15287259999999     
   -78.15654110000000        -78.15300019999999     
   -78.15726950000000        -78.15318700000000     
   -78.15681840000001        -78.15307460000000     
   -78.15654110000000        -78.15300019999999     
   -78.15699040000000        -78.15311869999999     
   -78.15681840000001        -78.15307460000000     
   -78.15674439999999        -78.15304980000001     
   -78.15695180000000        -78.15309350000000     
   -78.15686750000000        -78.15308500000000     
   -78.15678930000000        -78.15306620000000     
   -78.15681840000001        -78.15307460000000     
   -78.15664030000001        -78.15294120000000     
   -78.15682550000000        -78.15300320000000     
   -78.15686330000000        -78.15309040000000     
   -78.15681840000001        -78.15307460000000     
   -78.15686520000000        -78.15307380000000     
   -78.15685209999999        -78.15309050000000     
   -78.15686330000000        -78.15309040000000     
   -78.15685209999999        -78.15309050000000     
   -78.16325850000000        -78.15415010000000     
   -78.14967849999999        -78.14896740000000     
   -78.15337820000001        -78.15198270000000     
   -78.15921580000000        -78.15361330000000     
   -78.15546720000000        -78.15270300000000     
   -78.15773880000000        -78.15330600000000     
   -78.15631550000001        -78.15294799999999     
   -78.15718819999999        -78.15317500000000     
   -78.15664610000000        -78.15303690000000     
   -78.15698010000000        -78.15312310000000     
   -78.15685209999999        -78.15309050000000     
   -78.15694580000000        -78.15315630000001     
   -78.15694880000000        -78.15311190000000     
   -78.15696910000000        -78.15316180000001     
   -78.15691810000000        -78.15313940000000     
   -78.15695789999999        -78.15316160000000     
   -78.15694580000000        -78.15315630000001     
   -78.15695789999999        -78.15316160000000     
   -78.15664420000000        -78.15301860000000     
   -78.15706570000000        -78.15298240000000     
   -78.15705640000000        -78.15315200000001     
   -78.15686080000000        -78.15313039999999     
   -78.15700400000000        -78.15316670000000     
   -78.15695789999999        -78.15316160000000     
   -78.15693870000000        -78.15307470000000     
   -78.15658580000000        -78.15289820000000     
   -78.15687380000000        -78.15311920000001     
   -78.15697340000000        -78.15315130000000     
   -78.15693430000000        -78.15315400000000     
   -78.15696710000000        -78.15316100000000     
   -78.15695789999999        -78.15316160000000     
   -78.15583570000000        -78.15284650000000     
   -78.15881980000000        -78.15359110000000     
   -78.15766330000000        -78.15333769999999     
   -78.15652620000000        -78.15304560000000     
   -78.15722640000000        -78.15323060000000     
   -78.15679260000000        -78.15311800000001     
   -78.15695789999999        -78.15316160000000     
   -78.15724510000000        -78.15322010000000     
   -78.15653930000001        -78.15301710000000     
   -78.15679090000000        -78.15311380000000     
   -78.15706520000001        -78.15318670000001     
   -78.15695789999999        -78.15316160000000     
   -78.15690630000000        -78.15307500000000     
   -78.15650620000000        -78.15275600000000     
   -78.15686330000000        -78.15308620000000     
   -78.15696810000000        -78.15315900000000     
   -78.15693310000000        -78.15314440000000     
   -78.15696620000000        -78.15316510000000     
   -78.15695789999999        -78.15316160000000     
   -78.15696620000000        -78.15316510000000     
   -78.15693140000000        -78.15311149999999     
   -78.15678339999999        -78.15301030000001     
   -78.15693229999999        -78.15314220000000     
   -78.15696570000000        -78.15315760000000     
   -78.15695830000000        -78.15316150000000     
   -78.15696790000000        -78.15316410000000     
   -78.15696620000000        -78.15316510000000     
   -78.15701249999999        -78.15317580000000     
   -78.15684039999999        -78.15309950000000     
   -78.15692559999999        -78.15314710000000     
   -78.15698670000000        -78.15317180000000     
   -78.15696620000000        -78.15316510000000     
   -78.15699760000000        -78.15317440000000     
   -78.15698670000000        -78.15317180000000     
   -78.15670369999999        -78.15309860000001     
   -78.15740190000000        -78.15324850000000     
   -78.15715150000000        -78.15320730000001     
   -78.15688090000000        -78.15314619999999     
   -78.15698670000000        -78.15317180000000     
   -78.15681410000001        -78.15312890000000     
   -78.15688090000000        -78.15314619999999     
   -78.15677700000001        -78.15311300000000     
   -78.15701240000000        -78.15316009999999     
   -78.15693650000000        -78.15315730000000     
   -78.15684320000000        -78.15313570000001     
   -78.15688090000000        -78.15314619999999     
   -78.15678550000000        -78.15307050000000     
   -78.15679720000000        -78.15303200000000     
   -78.15688460000000        -78.15313810000001     
   -78.15685730000000        -78.15313000000000     
   -78.15688740000000        -78.15314810000000     
   -78.15688090000000        -78.15314619999999     
   -78.15688830000001        -78.15314619999999     
   -78.15688740000000        -78.15314810000000     
   -78.15697580000000        -78.15315560000001     
   -78.15668400000000        -78.15307120000000     
   -78.15681859999999        -78.15312830000001     
   -78.15692450000000        -78.15315459999999     
   -78.15688740000000        -78.15314810000000     
   -78.15676640000000        -78.15309060000000     
   -78.15698660000000        -78.15314410000001     
   -78.15693940000000        -78.15316079999999     
   -78.15684659999999        -78.15313159999999     
   -78.15688740000000        -78.15314810000000     
   -78.15687869999999        -78.15311540000000     
   -78.15678450000000        -78.15308130000000     
   -78.15686510000000        -78.15313999999999     
   -78.15689070000001        -78.15314239999999     
   -78.15688740000000        -78.15314810000000     
   -78.15695970000000        -78.15313449999999     
   -78.15664900000000        -78.15304590000000     
   -78.15681390000000        -78.15312710000001     
   -78.15692190000000        -78.15314990000000     
   -78.15688740000000        -78.15314810000000     
   -78.15678860000000        -78.15311199999999     
   -78.15706249999999        -78.15318340000000     
   -78.15695230000000        -78.15316510000000     
   -78.15684870000000        -78.15313560000000     
   -78.15688740000000        -78.15314810000000     
   -78.15675330000001        -78.15306889999999     
   -78.15682169999999        -78.15298679999999     
   -78.15690470000000        -78.15312990000000     
   -78.15685139999999        -78.15313350000000     
   -78.15690010000000        -78.15314739999999     
   -78.15688740000000        -78.15314810000000     
   -78.16352180000000        -78.15430290000000     
   -78.14948430000000        -78.14862690000000     
   -78.15326850000000        -78.15194889999999     
   -78.15934220000000        -78.15371430000000     
   -78.15544570000000        -78.15272920000000     
   -78.15780920000000        -78.15338130000001     
   -78.15632900000000        -78.15299410000000     
   -78.15723690000000        -78.15323960000001     
   -78.15667310000001        -78.15309019999999     
   -78.15688740000000        -78.15314810000000     
   -78.15690330000000        -78.15313570000001     
   -78.15671700000000        -78.15302079999999     
   -78.15684299999999        -78.15312059999999     
   -78.15690180000000        -78.15315180000000     
   -78.15687350000000        -78.15314069999999     
   -78.15688740000000        -78.15314810000000     
   -78.15679880000000        -78.15311680000001     
   -78.15699239999999        -78.15316100000000     
   -78.15693310000000        -78.15315860000000     
   -78.15685569999999        -78.15313829999999     
   -78.15688740000000        -78.15314810000000     
   -78.15688740000000        -78.15314810000000     
   -78.15655940000001        -78.15298830000000     
   -78.15560770000000        -78.15229590000000     
   -78.15290340000000        -78.14997080000001     
   -78.15474930000001        -78.15158870000000     
   -78.15603390000000        -78.15262509999999     
   -78.15614500000000        -78.15270700000001     
   -78.15569150000000        -78.15236210000000     
   -78.15631910000000        -78.15283070000000     
   -78.15598319999999        -78.15258710000001     
   -78.15621380000000        -78.15275660000000     
   -78.15614500000000        -78.15270700000001     
   -78.15616280000000        -78.15266110000000     
   -78.15572370000000        -78.15238720000001     
   -78.15604060000000        -78.15264150000000     
   -78.15614500000000        -78.15270700000001     
   -78.15594090000000        -78.15256580000000     
   -78.15608880000001        -78.15267489999999     
   -78.15600569999999        -78.15261580000001     
   -78.15604060000000        -78.15264150000000     
   -78.15495310000000        -78.15233220000000     
   -78.15326010000000        -78.15175840000001     
   -78.15079270000000        -78.15060939999999     
   -78.15226450000000        -78.15136020000000     
   -78.15326010000000        -78.15175840000001     
   -78.15261420000000        -78.15150590000000     
   -78.15188160000000        -78.15119220000000     
   -78.15233100000000        -78.15138840000000     
   -78.15285880000000        -78.15160390000000     
   -78.15250560000000        -78.15146129999999     
   -78.15261420000000        -78.15150590000000     
   -78.15292789999999        -78.15162450000000     
   -78.15220979999999        -78.15121950000000     
   -78.15244290000000        -78.15141170000000     
   -78.15272920000000        -78.15155570000000     
   -78.15261420000000        -78.15150590000000     
   -78.15280340000000        -78.15158350000000     
   -78.15272920000000        -78.15155570000000     
   -78.15260139999999        -78.15136149999999     
   -78.15237890000000        -78.15130510000000     
   -78.15267640000000        -78.15154219999999     
   -78.15272920000000        -78.15155570000000     
   -78.15259370000000        -78.15148300000000     
   -78.15270839999999        -78.15155930000000     
   -78.15267640000000        -78.15154219999999     
   -78.15272090000001        -78.15156250000000     
   -78.15270839999999        -78.15155930000000     
   -78.15264910000000        -78.15149560000000     
   -78.15256979999999        -78.15142630000000     
   -78.15269080000000        -78.15154400000000     
   -78.15269840000001        -78.15154769999999     
   -78.15270670000000        -78.15155849999999     
   -78.15270649999999        -78.15155670000000     
   -78.15270839999999        -78.15155930000000     
   -78.15278510000000        -78.15160650000000     
   -78.15285880000000        -78.15163450000000     
   -78.15282050000000        -78.15162420000000     
   -78.15278510000000        -78.15160650000000     
   -78.15283789999999        -78.15163080000001     
   -78.15282050000000        -78.15162420000000     
   -78.15268800000000        -78.15155090000000     
   -78.15300290000000        -78.15170569999999     
   -78.15320890000000        -78.15173860000000     
   -78.15309490000000        -78.15173280000000     
   -78.15293800000001        -78.15168000000000     
   -78.15300290000000        -78.15170569999999     
   -78.15289500000000        -78.15166069999999     
   -78.15293800000001        -78.15168000000000     
   -78.15308000000000        -78.15183180000000     
   -78.15306300000000        -78.15183080000000     
   -78.15244570000000        -78.15123860000000     
   -78.15290930000000        -78.15168690000000     
   -78.15310420000000        -78.15186600000000     
   -78.15310750000000        -78.15186799999999     
   -78.15307050000000        -78.15183759999999     
   -78.15310730000000        -78.15186450000000     
   -78.15309920000000        -78.15186220000000     
   -78.15310750000000        -78.15186799999999     
   -78.15316400000000        -78.15186989999999     
   -78.15295639999999        -78.15179970000000     
   -78.15305850000000        -78.15185150000001     
   -78.15310750000000        -78.15186799999999     
   -78.15302290000000        -78.15183540000000     
   -78.15305850000000        -78.15185150000001     
   -78.15300040000000        -78.15182740000000     
   -78.15281630000000        -78.15169140000000     
   -78.15294310000000        -78.15178969999999     
   -78.15302760000000        -78.15184200000000     
   -78.15300040000000        -78.15182740000000     
   -78.15302760000000        -78.15184200000000     
   -78.15305510000000        -78.15185870000001     
   -78.15297810000000        -78.15176219999999     
   -78.15304350000000        -78.15184000000001     
   -78.15305130000000        -78.15185920000000     
   -78.15305510000000        -78.15185870000001     
   -78.15304480000000        -78.15185520000000     
   -78.15305130000000        -78.15185920000000     
   -78.15310780000000        -78.15184300000000     
   -78.15284000000000        -78.15176300000000     
   -78.15298790000000        -78.15184010000000     
   -78.15305130000000        -78.15185920000000     
   -78.15293800000001        -78.15181740000000     
   -78.15301460000001        -78.15185000000000     
   -78.15298790000000        -78.15184010000000     
   -78.15287890000000        -78.15180540000000     
   -78.15274250000000        -78.15170860000001     
   -78.15282060000000        -78.15177450000000     
   -78.15291850000000        -78.15182090000000     
   -78.15287890000000        -78.15180540000000     
   -78.15294430000000        -78.15182910000000     
   -78.15291850000000        -78.15182090000000     
   -78.15283429999999        -78.15177490000001     
   -78.15275970000000        -78.15159389999999     
   -78.15290220000000        -78.15177940000000     
   -78.15290220000000        -78.15181950000000     
   -78.15291850000000        -78.15182090000000     
   -78.15288230000000        -78.15180860000000     
   -78.15290220000000        -78.15181950000000     
   -78.15887510000000        -78.15354809999999     
   -78.14760210000000        -78.14650070000000     
   -78.15038670000000        -78.14990800000000     
   -78.15503680000000        -78.15258609999999     
   -78.15170390000000        -78.15128050000000     
   -78.15369200000001        -78.15212680000000     
   -78.15243169999999        -78.15162050000001     
   -78.15319990000000        -78.15193900000000     
   -78.15272090000001        -78.15174440000000     
   -78.15301530000001        -78.15186550000000     
   -78.15290220000000        -78.15181950000000     
   -78.15308560000000        -78.15189370000000     
   -78.15301530000001        -78.15186550000000     
   -78.15287360000001        -78.15175900000000     
   -78.15311490000001        -78.15188870000000     
   -78.15307220000000        -78.15189560000000     
   -78.15301530000001        -78.15186550000000     
   -78.15309569999999        -78.15190090000000     
   -78.15305330000000        -78.15188720000000     
   -78.15307220000000        -78.15189560000000     
   -78.15300070000001        -78.15186340000000     
   -78.15315000000000        -78.15190970000000     
   -78.15310750000000        -78.15190650000000     
   -78.15304700000000        -78.15188540000000     
   -78.15307220000000        -78.15189560000000     
   -78.15303010000000        -78.15187779999999     
   -78.15304700000000        -78.15188540000000     
   -78.15033649999999        -78.14991830000000     
   -78.15954170000001        -78.15375040000001     
   -78.15534580000001        -78.15270470000000     
   -78.15176219999999        -78.15132290000000     
   -78.15389440000000        -78.15221230000000     
   -78.15254340000000        -78.15167529999999     
   -78.15336600000001        -78.15201220000000     
   -78.15285280000001        -78.15180590000000     
   -78.15316820000000        -78.15193410000001     
   -78.15304700000000        -78.15188540000000     
   -78.15301060000000        -78.15182450000000     
   -78.15270760000000        -78.15158430000000     
   -78.15297470000000        -78.15182790000000     
   -78.15305570000000        -78.15188480000000     
   -78.15302790000000        -78.15187190000000     
   -78.15304700000000        -78.15188540000000     
   -78.15210350000000        -78.15148660000000     
   -78.15466270000000        -78.15246209999999     
   -78.15365230000000        -78.15211560000000     
   -78.15268100000000        -78.15173700000000     
   -78.15327640000000        -78.15197480000000     
   -78.15290650000000        -78.15182930000000     
   -78.15304700000000        -78.15188540000000     
   -78.15282010000000        -78.15179420000000     
   -78.15290650000000        -78.15182930000000     
   -78.15316220000000        -78.15190610000001     
   -78.15258810000000        -78.15161670000001     
   -78.15276940000000        -78.15176219999999     
   -78.15299960000000        -78.15186290000000     
   -78.15285200000000        -78.15180560000000     
   -78.15290650000000        -78.15182930000000     
   -78.15284400000000        -78.15171370000000     
   -78.15245430000000        -78.15145440000001     
   -78.15281419999999        -78.15176790000000     
   -78.15291350000000        -78.15181650000000     
   -78.15288300000000        -78.15181780000000     
   -78.15291370000000        -78.15182900000001     
   -78.15290650000000        -78.15182930000000     
   -78.15289160000000        -78.15181240000000     
   -78.15268620000001        -78.15161089999999     
   -78.15285910000000        -78.15178280000001     
   -78.15291390000000        -78.15183600000000     
   -78.15290650000000        -78.15182930000000     
   -78.15291030000000        -78.15183200000000     
   -78.15291390000000        -78.15183600000000     
   -78.15296910000001        -78.15186129999999     
   -78.15301040000000        -78.15185610000000     
   -78.15299180000000        -78.15186600000000     
   -78.15296910000001        -78.15186129999999     
   -78.15287549999999        -78.15181930000000     
   -78.15308480000000        -78.15188780000000     
   -78.15301860000000        -78.15187750000000     
   -78.15293530000000        -78.15184760000000     
   -78.15296910000001        -78.15186129999999     
   -78.15289380000000        -78.15179950000000     
   -78.15285160000001        -78.15172240000000     
   -78.15296010000000        -78.15184400000000     
   -78.15295320000000        -78.15185060000000     
   -78.15297080000001        -78.15185980000000     
   -78.15296910000001        -78.15186129999999     
   -78.15304510000000        -78.15187920000000     
   -78.15278660000000        -78.15176780000000     
   -78.15290810000000        -78.15183510000000     
   -78.15300139999999        -78.15187170000000     
   -78.15296910000001        -78.15186129999999     
   -78.15289919999999        -78.15183530000000     
   -78.15269490000000        -78.15169640000001     
   -78.15283440000000        -78.15179639999999     
   -78.15293100000000        -78.15185060000000     
   -78.15289919999999        -78.15183530000000     
   -78.15293100000000        -78.15185060000000     
   -78.15292890000001        -78.15183360000000     
   -78.15281500000000        -78.15175640000000     
   -78.15290400000001        -78.15183220000000     
   -78.15293690000000        -78.15185090000000     
   -78.15292320000000        -78.15184610000000     
   -78.15293100000000        -78.15185060000000     
   -78.15299960000000        -78.15185440000000     
   -78.15270049999999        -78.15172120000000     
   -78.15286020000001        -78.15181900000000     
   -78.15296390000000        -78.15185900000000     
   -78.15293100000000        -78.15185060000000     
   -78.15285360000000        -78.15181010000001     
   -78.15309030000000        -78.15187800000000     
   -78.15298730000001        -78.15186640000000     
   -78.15289930000000        -78.15183730000000     
   -78.15295180000000        -78.15185740000000     
   -78.15293100000000        -78.15185060000000     
   -78.15281419999999        -78.15176649999999     
   -78.15282689999999        -78.15168770000000     
   -78.15293520000000        -78.15183320000000     
   -78.15290210000001        -78.15183450000001     
   -78.15293890000000        -78.15185030000001     
   -78.15293100000000        -78.15185060000000     
   -78.15880009999999        -78.15355230000000     
   -78.14772610000000        -78.14667660000001     
   -78.15043760000000        -78.15001080000000     
   -78.15502570000000        -78.15260240000001     
   -78.15175220000000        -78.15132740000000     
   -78.15370580000000        -78.15215139999999     
   -78.15246910000000        -78.15165639999999     
   -78.15322300000000        -78.15196740000000     
   -78.15275300000000        -78.15177710000000     
   -78.15304200000000        -78.15189549999999     
   -78.15293100000000        -78.15185060000000     
   -78.15311090000000        -78.15192310000000     
   -78.15304200000000        -78.15189549999999     
   -78.15294380000000        -78.15183550000000     
   -78.15307460000000        -78.15184690000000     
   -78.15307290000000        -78.15189770000001     
   -78.15301150000001        -78.15188089999999     
   -78.15305640000000        -78.15189940000000     
   -78.15304200000000        -78.15189549999999     
   -78.15296180000000        -78.15185520000000     
   -78.15313370000000        -78.15192290000000     
   -78.15308250000000        -78.15191150000000     
   -78.15301350000000        -78.15188220000000     
   -78.15304200000000        -78.15189549999999     
   -78.15038410000000        -78.14995450000001     
   -78.15946810000000        -78.15370290000000     
   -78.15531430000000        -78.15269270000000     
   -78.15177389999999        -78.15134630000000     
   -78.15387920000001        -78.15221390000001     
   -78.15254460000000        -78.15169059999999     
   -78.15335709999999        -78.15201910000000     
   -78.15285009999999        -78.15181790000000     
   -78.15316160000000        -78.15194300000000     
   -78.15304200000000        -78.15189549999999     
   -78.15300920000000        -78.15187890000000     
   -78.15303640000000        -78.15186600000000     
   -78.15304829999999        -78.15189239999999     
   -78.15303270000000        -78.15189230000000     
   -78.15304200000000        -78.15189549999999     
   -78.15302500000000        -78.15188840000000     
   -78.15303270000000        -78.15189230000000     
   -78.15301200000000        -78.15184750000000     
   -78.15266360000000        -78.15156100000000     
   -78.15294969999999        -78.15182390000000     
   -78.15304759999999        -78.15189810000000     
   -78.15300960000000        -78.15187469999999     
   -78.15304170000000        -78.15189780000000     
   -78.15303270000000        -78.15189230000000     
   -78.15304170000000        -78.15189780000000     
   -78.15209630000000        -78.15149409999999     
   -78.15466300000000        -78.15248040000000     
   -78.15364900000000        -78.15213050000000     
   -78.15267480000000        -78.15174780000000     
   -78.15327180000000        -78.15198810000000     
   -78.15290080000000        -78.15184110000000     
   -78.15312930000000        -78.15193250000000     
   -78.15304170000000        -78.15189780000000     
   -78.15328990000000        -78.15196550000000     
   -78.15273180000000        -78.15170310000001     
   -78.15290850000000        -78.15183700000000     
   -78.15313220000000        -78.15192780000000     
   -78.15298880000000        -78.15187650000000     
   -78.15304170000000        -78.15189780000000     
   -78.15295740000001        -78.15186210000000     
   -78.15298880000000        -78.15187650000000     
   -78.15292450000000        -78.15176250000000     
   -78.15253780000000        -78.15149649999999     
   -78.15289730000001        -78.15181350000000     
   -78.15299530000000        -78.15186450000000     
   -78.15296570000000        -78.15186439999999     
   -78.15299580000000        -78.15187650000000     
   -78.15298880000000        -78.15187650000000     
   -78.15294930000000        -78.15183469999999     
   -78.15281070000000        -78.15170060000000     
   -78.15295720000000        -78.15184590000000     
   -78.15298670000000        -78.15187360000000     
   -78.15298190000000        -78.15187000000000     
   -78.15298880000000        -78.15187650000000     
   -78.15302360000000        -78.15188120000001     
   -78.15288459999999        -78.15182270000000     
   -78.15295610000000        -78.15186270000000     
   -78.15300480000001        -78.15188080000000     
   -78.15298880000000        -78.15187650000000     
   -78.15289110000001        -78.15182890000000     
   -78.15311140000000        -78.15191170000000     
   -78.15304089999999        -78.15189599999999     
   -78.15295340000000        -78.15186060000001     
   -78.15298880000000        -78.15187650000000     
   -78.15290810000000        -78.15181070000000     
   -78.15288110000000        -78.15174519999999     
   -78.15298340000000        -78.15186199999999     
   -78.15297080000001        -78.15186410000000     
   -78.15299190000000        -78.15187600000000     
   -78.15298880000000        -78.15187650000000     
   -78.15307129999999        -78.15189950000000     
   -78.15279570000000        -78.15177470000000     
   -78.15292380000000        -78.15184710000000     
   -78.15302360000000        -78.15188879999999     
   -78.15298880000000        -78.15187650000000     
   -78.15298490000001        -78.15185660000000     
   -78.15287570000000        -78.15178690000000     
   -78.15296290000001        -78.15185990000001     
   -78.15299400000001        -78.15187570000001     
   -78.15298150000000        -78.15187270000000     
   -78.15298880000000        -78.15187650000000     
   -78.15305600000001        -78.15188060000000     
   -78.15276040000001        -78.15174580000000     
   -78.15291890000000        -78.15184450000000     
   -78.15302120000000        -78.15188499999999     
   -78.15298880000000        -78.15187650000000     
   -78.15291940000000        -78.15183159999999     
   -78.15313620000001        -78.15191100000000     
   -78.15304039999999        -78.15189510000000     
   -78.15296020000000        -78.15186150000000     
   -78.15298880000000        -78.15187650000000     
   -78.15287970000000        -78.15179809999999     
   -78.15287140000000        -78.15170350000000     
   -78.15298810000000        -78.15185540000000     
   -78.15296300000000        -78.15186270000000     
   -78.15299480000000        -78.15187480000000     
   -78.15298880000000        -78.15187650000000     
   -78.15886759999999        -78.15355080000000     
   -78.14778130000001        -78.14673000000001     
   -78.15046839999999        -78.15007170000000     
   -78.15508869999999        -78.15261740000000     
   -78.15180320000000        -78.15136339999999     
   -78.15376600000000        -78.15217290000000     
   -78.15252510000001        -78.15168530000000     
   -78.15328180000000        -78.15199160000000     
   -78.15281020000000        -78.15180420000000     
   -78.15310020000000        -78.15192070000001     
   -78.15298880000000        -78.15187650000000     
   -78.15287990000000        -78.15181490000001     
   -78.15303740000000        -78.15183140000001     
   -78.15302610000001        -78.15187990000000     
   -78.15295430000000        -78.15186129999999     
   -78.15300580000000        -78.15188080000000     
   -78.15298880000000        -78.15187650000000     
   -78.15291089999999        -78.15183770000000     
   -78.15307700000000        -78.15190149999999     
   -78.15302800000001        -78.15189150000000     
   -78.15296119999999        -78.15186380000000     
   -78.15298880000000        -78.15187650000000     
   -78.15037510000001        -78.14992780000000     
   -78.15938430000000        -78.15367070000001     
   -78.15524809999999        -78.15266760000000     
   -78.15172889999999        -78.15133230000001     
   -78.15382090000000        -78.15219240000000     
   -78.15249470000001        -78.15167330000000     
   -78.15330200000000        -78.15199910000000     
   -78.15279820000001        -78.15179960000000     
   -78.15310770000001        -78.15192360000000     
   -78.15298880000000        -78.15187650000000     
   -78.15294810000000        -78.15185289999999     
   -78.15299620000000        -78.15185820000001     
   -78.15300010000000        -78.15187770000000     
   -78.15297660000000        -78.15187060000000     
   -78.15298880000000        -78.15187650000000     
   -78.15294419999999        -78.15185500000000     
   -78.15305950000000        -78.15189930000000     
   -78.15301610000000        -78.15188689999999     
   -78.15297190000000        -78.15186900000000     
   -78.15298880000000        -78.15187650000000     
   -78.15298880000000        -78.15187650000000     
   -78.15204180000001        -78.15147440000000     
   -78.15079080000000        -78.15058300000000     
   -78.15148330000000        -78.15120760000001     
   -78.15204180000001        -78.15147440000000     
   -78.15115990000000        -78.15102500000000     
   -78.15169349999999        -78.15131169999999     
   -78.15148330000000        -78.15120760000001     
   -78.15182550000000        -78.15137460000000     
   -78.15161270000000        -78.15127240000000     
   -78.15169349999999        -78.15131169999999     
   -78.15161270000000        -78.15127240000000     
   -78.15187940000000        -78.15132190000000     
   -78.15138740000000        -78.15099770000000     
   -78.15148890000000        -78.15120320000000     
   -78.15170830000000        -78.15129709999999     
   -78.15155990000000        -78.15125110000000     
   -78.15161270000000        -78.15127240000000     
   -78.15153050000001        -78.15123500000000     
   -78.15155990000000        -78.15125110000000     
   -78.15149289999999        -78.15112420000000     
   -78.15110470000000        -78.15087280000000     
   -78.15146760000000        -78.15119199999999     
   -78.15156610000000        -78.15123509999999     
   -78.15153669999999        -78.15124100000000     
   -78.15155990000000        -78.15125110000000     
   -78.15151490000000        -78.15122700000001     
   -78.15153669999999        -78.15124100000000     
   -78.15149680000000        -78.15120589999999     
   -78.15135900000000        -78.15105459999999     
   -78.15150520000000        -78.15120640000001     
   -78.15153440000000        -78.15124059999999     
   -78.15153669999999        -78.15124100000000     
   -78.15152500000001        -78.15123230000000     
   -78.15153440000000        -78.15124059999999     
   -78.15157700000000        -78.15125590000000     
   -78.15141830000000        -78.15116940000000     
   -78.15149700000001        -78.15122030000001     
   -78.15155330000000        -78.15124900000001     
   -78.15153440000000        -78.15124059999999     
   -78.15144630000000        -78.15119090000000     
   -78.15164700000000        -78.15127440000001     
   -78.15158210000000        -78.15126010000000     
   -78.15150230000000        -78.15122430000000     
   -78.15153440000000        -78.15124059999999     
   -78.15145870000001        -78.15117640000000     
   -78.15142010000000        -78.15110570000000     
   -78.15152639999999        -78.15122479999999     
   -78.15151820000000        -78.15122900000000     
   -78.15153640000000        -78.15123970000000     
   -78.15153440000000        -78.15124059999999     
   -78.15160980000000        -78.15126500000000     
   -78.15135490000000        -78.15113420000000     
   -78.15147420000000        -78.15120990000000     
   -78.15156650000000        -78.15125360000000     
   -78.15153440000000        -78.15124059999999     
   -78.15152500000001        -78.15121780000000     
   -78.15143030000000        -78.15115539999999     
   -78.15151200000000        -78.15122580000001     
   -78.15153760000000        -78.15123869999999     
   -78.15153440000000        -78.15124059999999     
   -78.15159389999999        -78.15124580000000     
   -78.15132190000000        -78.15110500000000     
   -78.15146990000000        -78.15120740000000     
   -78.15156380000001        -78.15124969999999     
   -78.15151229999999        -78.15123060000001     
   -78.15153440000000        -78.15124059999999     
   -78.15148920000000        -78.15117540000000     
   -78.15170180000000        -78.15125050000000     
   -78.15158800000000        -78.15125530000000     
   -78.15151090000001        -78.15122180000000     
   -78.15155280000000        -78.15124830000001     
   -78.15152449999999        -78.15123440000001     
   -78.15153440000000        -78.15124059999999     
   -78.15143820000000        -78.15116639999999     
   -78.15139410000000        -78.15105430000000     
   -78.15152530000000        -78.15121530000000     
   -78.15151360000000        -78.15122880000000     
   -78.15153730000000        -78.15123749999999     
   -78.15153440000000        -78.15124059999999     
   -78.15704270000001        -78.15309379999999     
   -78.14703150000000        -78.14608339999999     
   -78.14975880000000        -78.14893440000000     
   -78.15346750000000        -78.15204000000000     
   -78.15070020000000        -78.15046090000000     
   -78.15224470000000        -78.15155799999999     
   -78.15111469999999        -78.15103650000000     
   -78.15180150000000        -78.15136350000000     
   -78.15137210000000        -78.15116350000000     
   -78.15163579999999        -78.15128780000001     
   -78.15147220000000        -78.15121130000000     
   -78.15153440000000        -78.15124059999999     
   -78.15135950000000        -78.15111760000001     
   -78.15171750000000        -78.15127050000000     
   -78.15162130000000        -78.15127400000000     
   -78.15147190000000        -78.15120450000001     
   -78.15156990000000        -78.15125680000000     
   -78.15153440000000        -78.15124059999999     
   -78.15159040000000        -78.15126470000000     
   -78.15156990000000        -78.15125680000000     
   -78.15150300000001        -78.15122070000000     
   -78.15164000000000        -78.15127710000000     
   -78.15160220000000        -78.15127010000000     
   -78.15154649999999        -78.15124520000001     
   -78.15156990000000        -78.15125680000000     
   -78.14969800000000        -78.14886530000000     
   -78.15751450000000        -78.15322420000000     
   -78.15362960000000        -78.15210240000000     
   -78.15068750000000        -78.15044270000000     
   -78.15232250000000        -78.15159199999999     
   -78.15112760000000        -78.15104150000001     
   -78.15185219999999        -78.15138660000000     
   -78.15139859999999        -78.15117549999999     
   -78.15167690000000        -78.15130670000001     
   -78.15150410000000        -78.15122590000000     
   -78.15156990000000        -78.15125680000000     
   -78.15152310000001        -78.15122650000001     
   -78.15158719999999        -78.15124830000001     
   -78.15158490000000        -78.15126189999999     
   -78.15155530000000        -78.15124849999999     
   -78.15156990000000        -78.15125680000000     
   -78.15152930000001        -78.15122520000000     
   -78.15164330000000        -78.15128710000000     
   -78.15159700000000        -78.15127130000000     
   -78.15156990000000        -78.15125680000000     
   -78.15161430000001        -78.15127830000000     
   -78.15159700000000        -78.15127130000000     
   -78.15060720000000        -78.15031230000000     
   -78.15389879999999        -78.15221740000000     
   -78.15244490000001        -78.15165290000000     
   -78.15109450000000        -78.15102280000001     
   -78.15191609999999        -78.15141980000000     
   -78.15140280000000        -78.15117770000001     
   -78.15171810000000        -78.15132840000000     
   -78.15152250000000        -78.15123570000000     
   -78.15164310000000        -78.15129320000000     
   -78.15159700000000        -78.15127130000000     
   -78.15183440000000        -78.15132260000000     
   -78.15142530000000        -78.15098700000000     
   -78.15149830000000        -78.15119380000000     
   -78.15167950000000        -78.15129850000000     
   -78.15155360000000        -78.15124720000000     
   -78.15162690000000        -78.15128319999999     
   -78.15159700000000        -78.15127130000000     
   -78.15157689999999        -78.15119410000000     
   -78.15106760000000        -78.15081570000000     
   -78.15147610000000        -78.15118210000000     
   -78.15162090000000        -78.15127409999999     
   -78.15156279999999        -78.15124960000000     
   -78.15161070000001        -78.15127699999999     
   -78.15158560000000        -78.15126480000001     
   -78.15159700000000        -78.15127130000000     
   -78.15151640000001        -78.15119559999999     
   -78.15148970000000        -78.15115510000000     
   -78.15159170000000        -78.15126280000000     
   -78.15157890000000        -78.15125519999999     
   -78.15160000000000        -78.15127310000000     
   -78.15159700000000        -78.15127130000000     
   -78.15159880000000        -78.15127110000000     
   -78.15160000000000        -78.15127310000000     
   -78.15163330000000        -78.15128009999999     
   -78.15149920000000        -78.15121550000001     
   -78.15156840000000        -78.15125790000000     
   -78.15161540000000        -78.15127830000000     
   -78.15160000000000        -78.15127310000000     
   -78.15150950000000        -78.15122420000000     
   -78.15171460000001        -78.15130710000000     
   -78.15164870000000        -78.15129250000000     
   -78.15156709999999        -78.15125700000000     
   -78.15160000000000        -78.15127310000000     
   -78.15152750000000        -78.15121090000000     
   -78.15147970000000        -78.15113440000000     
   -78.15158970000000        -78.15125600000000     
   -78.15158510000001        -78.15126220000001     
   -78.15160120000000        -78.15127170000000     
   -78.15160000000000        -78.15127310000000     
   -78.15166950000000        -78.15129300000000     
   -78.15143060000000        -78.15117420000000     
   -78.15154360000000        -78.15124520000001     
   -78.15162979999999        -78.15128439999999     
   -78.15160000000000        -78.15127310000000     
   -78.15158830000000        -78.15124860000000     
   -78.15149950000000        -78.15119050000000     
   -78.15157900000000        -78.15125930000001     
   -78.15160229999999        -78.15127060000000     
   -78.15160000000000        -78.15127310000000     
   -78.15165610000000        -78.15127409999999     
   -78.15139189999999        -78.15114560000001     
   -78.15153730000000        -78.15124280000001     
   -78.15162810000000        -78.15128050000000     
   -78.15157859999999        -78.15126420000000     
   -78.15160000000000        -78.15127310000000     
   -78.15157859999999        -78.15126420000000     
   -78.15152930000001        -78.15120300000000     
   -78.15174430000000        -78.15127550000000     
   -78.15163230000000        -78.15127870000001     
   -78.15155400000000        -78.15124650000000     
   -78.15159720000000        -78.15127160000000     
   -78.15156840000000        -78.15125829999999     
   -78.15157859999999        -78.15126420000000     
   -78.15147890000000        -78.15118690000000     
   -78.15144330000000        -78.15108350000000     
   -78.15157150000000        -78.15124100000000     
   -78.15155640000000        -78.15125110000000     
   -78.15158219999999        -78.15126189999999     
   -78.15157859999999        -78.15126420000000     
   -78.15704680000000        -78.15310760000000     
   -78.14708990000000        -78.14616049999999     
   -78.14979350000000        -78.14899730000000     
   -78.15349680000000        -78.15205899999999     
   -78.15072850000000        -78.15051230000000     
   -78.15228329999999        -78.15157970000000     
   -78.15116240000000        -78.15106100000000     
   -78.15184350000000        -78.15138640000001     
   -78.15141760000000        -78.15118750000001     
   -78.15167910000000        -78.15131110000000     
   -78.15151690000000        -78.15123500000000     
   -78.15157859999999        -78.15126420000000     
   -78.15142570000000        -78.15116039999999     
   -78.15172750000001        -78.15126530000001     
   -78.15165200000000        -78.15128650000000     
   -78.15152449999999        -78.15123520000000     
   -78.15160880000001        -78.15127620000000     
   -78.15157859999999        -78.15126420000000     
   -78.15150710000000        -78.15122420000000     
   -78.15165630000000        -78.15129080000000     
   -78.15161380000001        -78.15127990000001     
   -78.15155340000000        -78.15125110000000     
   -78.15157859999999        -78.15126420000000     
   -78.14969180000000        -78.14886530000000     
   -78.15753770000001        -78.15325020000000     
   -78.15364420000000        -78.15211690000000     
   -78.15068890000001        -78.15044910000000     
   -78.15233360000001        -78.15160200000000     
   -78.15113370000000        -78.15104839999999     
   -78.15186190000000        -78.15139490000000     
   -78.15140670000000        -78.15118240000000     
   -78.15168610000001        -78.15131440000000     
   -78.15151260000000        -78.15123300000000     
   -78.15157859999999        -78.15126420000000     
   -78.15154010000001        -78.15124040000001     
   -78.15158320000000        -78.15124530000000     
   -78.15158870000000        -78.15126530000001     
   -78.15156709999999        -78.15125829999999     
   -78.15157859999999        -78.15126420000000     
   -78.15153500000000        -78.15123670000000     
   -78.15165589999999        -78.15128880000000     
   -78.15160740000000        -78.15127630000001     
   -78.15156140000001        -78.15125490000000     
   -78.15157859999999        -78.15126420000000     
   -78.15060850000000        -78.15030720000000     
   -78.15385990000000        -78.15219580000000     
   -78.15241870000000        -78.15164020000000     
   -78.15108050000001        -78.15101970000001     
   -78.15189470000000        -78.15141060000001     
   -78.15138630000000        -78.15117200000000     
   -78.15169860000000        -78.15132050000000     
   -78.15150490000001        -78.15122909999999     
   -78.15157859999999        -78.15126420000000     
   -78.15155080000000        -78.15124750000000     
   -78.15160370000000        -78.15127080000001     
   -78.15159100000000        -78.15126970000000     
   -78.15156910000000        -78.15125900000000     
   -78.15157859999999        -78.15126420000000     
