
libgomp: Invalid value for environment variable OMP_NUM_THREADS

libgomp: Invalid value for environment variable OMP_NUM_THREADS

libgomp: Invalid value for environment variable OMP_NUM_THREADS

libgomp: Invalid value for environment variable OMP_NUM_THREADS

libgomp: Invalid value for environment variable OMP_NUM_THREADS

libgomp: Invalid value for environment variable OMP_NUM_THREADS

libgomp: Invalid value for environment variable OMP_NUM_THREADS

libgomp: Invalid value for environment variable OMP_NUM_THREADS
  * process grid (2, 4) will be used
    r22c03b01.bem2.kdm.wcss.pl      
    r22c03b01.bem2.kdm.wcss.pl      
    r22c03b01.bem2.kdm.wcss.pl      
    r22c03b01.bem2.kdm.wcss.pl      
    r22c03b01.bem2.kdm.wcss.pl      
    r22c03b01.bem2.kdm.wcss.pl      
    r22c03b01.bem2.kdm.wcss.pl      
    r22c03b01.bem2.kdm.wcss.pl      

  * using 48 threads per process
OMP: Warning #232: OMP_NUM_THREADS: Invalid symbols found. Check the value "".
OMP: Warning #232: OMP_NUM_THREADS: Invalid symbols found. Check the value "".
OMP: Warning #232: OMP_NUM_THREADS: Invalid symbols found. Check the value "".
OMP: Warning #232: OMP_NUM_THREADS: Invalid symbols found. Check the value "".
OMP: Warning #232: OMP_NUM_THREADS: Invalid symbols found. Check the value "".
OMP: Warning #232: OMP_NUM_THREADS: Invalid symbols found. Check the value "".
OMP: Warning #232: OMP_NUM_THREADS: Invalid symbols found. Check the value "".
OMP: Warning #232: OMP_NUM_THREADS: Invalid symbols found. Check the value "".

  ===============================================================
    BAGEL - Freshly leavened quantum chemistry                   
  ===============================================================

  *** Geometry ***

  { "atom" : "C", "xyz" : [      1.321863,      0.000000,     -0.001890 ] },
  { "atom" : "C", "xyz" : [     -1.229267,     -0.000189,     -0.003590 ] },
  { "atom" : "H", "xyz" : [      2.380110,      1.716438,      0.469786 ] },
  { "atom" : "H", "xyz" : [      2.381055,     -1.716249,     -0.472243 ] },
  { "atom" : "H", "xyz" : [     -2.363669,     -1.702454,      0.438605 ] },
  { "atom" : "H", "xyz" : [     -2.362347,      1.702643,     -0.447487 ] },

  Number of auxiliary basis functions:      222

  Since a DF basis is specified, we compute 2- and 3-index integrals:
    o Being stored without compression. Storage requirement is 0.004 GB
       - 3-index ints prep                         0.00
       - 3-index ints                              0.38
       - 2-index ints                              0.06
       - computing inverse                         0.07
        elapsed time:        0.52 sec.


  Number of basis functions:       48
  Number of electrons      :       16


    * METHOD: MOLECULE                             0.56

       - Overlap matrix                            0.01
       - Hcore matrix                              0.04
       - Overlap orthog                            0.00

  *** RHF ***

  === Nuclear Repulsion ===
  
    32.8811417143

      * DIIS with orbital gradients will be used.

       - SCF startup                               0.71

  === RHF iteration (svp) ===
  
               o Fock build                                  0.17
      0        -77.88669736          0.01974204           0.17
               o DIIS                                        0.00
               o Diag                                        0.00
               o Post process                                0.00
               o Fock build                                  0.19
      1        -77.94801714          0.00737913           0.20
               o DIIS                                        0.00
               o Diag                                        0.00
               o Post process                                0.00
               o Fock build                                  0.12
      2        -77.95543893          0.00163143           0.12
               o DIIS                                        0.00
               o Diag                                        0.00
               o Post process                                0.00
               o Fock build                                  0.10
      3        -77.95593561          0.00013410           0.10
               o DIIS                                        0.00
               o Diag                                        0.00
               o Post process                                0.00
               o Fock build                                  0.08
      4        -77.95594099          0.00003707           0.09
               o DIIS                                        0.00
               o Diag                                        0.00
               o Post process                                0.00
               o Fock build                                  0.08
      5        -77.95594132          0.00001728           0.08
               o DIIS                                        0.00
               o Diag                                        0.00
               o Post process                                0.00
               o Fock build                                  0.12
      6        -77.95594137          0.00000394           0.12
               o DIIS                                        0.00
               o Diag                                        0.00
               o Post process                                0.00
               o Fock build                                  0.14
      7        -77.95594137          0.00000073           0.14
               o DIIS                                        0.00
               o Diag                                        0.00
               o Post process                                0.00
               o Fock build                                  0.11
      8        -77.95594137          0.00000023           0.11
               o DIIS                                        0.00
               o Diag                                        0.00
               o Post process                                0.00
               o Fock build                                  0.14
      9        -77.95594137          0.00000011           0.14
               o DIIS                                        0.00
               o Diag                                        0.00
               o Post process                                0.00
               o Fock build                                  0.15
     10        -77.95594137          0.00000004           0.16
               o DIIS                                        0.00
               o Diag                                        0.00
               o Post process                                0.00
               o Fock build                                  0.15
     11        -77.95594137          0.00000001           0.15
  
    * SCF iteration converged.

    * Permanent dipole moment:
           (    0.005955,    -0.000009,     0.000036) a.u.


    * METHOD: HF                                   2.38


    * METHOD: PRINT                                0.00

  ---------------------------
      CASSCF calculation     
  ---------------------------

 
    ==== Active orbitals : ===== 
         Orbital 8
         Orbital 9
    ============================ 

    * nstate   :      2
    * nclosed  :      7
    * nact     :      2
    * nvirt    :     39
  === CASSCF iteration (svp) ===

    * Using the second-order algorithm

      0  0       -77.97310079     7.13e-03      0.25
      0  1       -77.66392869     0.00e+00      0.25

         res : 7.32e-02   lamb: 1.00e+00   eps : -1.18e-02   step: 2.22e-01    0.00
         res : 1.50e-02   lamb: 1.00e+00   eps : -1.31e-02   step: 2.58e-01    0.00
         res : 5.22e-03   lamb: 1.00e+00   eps : -1.32e-02   step: 2.60e-01    0.00
         res : 1.53e-03   lamb: 1.00e+00   eps : -1.32e-02   step: 2.66e-01    0.00
         res : 3.86e-04   lamb: 1.00e+00   eps : -1.32e-02   step: 2.66e-01    0.00
         res : 3.86e-05   lamb: 1.00e+00   eps : -1.32e-02   step: 2.66e-01    0.00
         res : 5.96e-06   lamb: 1.00e+00   eps : -1.32e-02   step: 2.66e-01    0.00

      1  0       -77.96468305     6.33e-04      0.95
      1  1       -77.68540263     0.00e+00      0.95

         res : 4.39e-03   lamb: 1.00e+00   eps : -6.21e-05   step: 8.79e-03    0.00
         res : 1.43e-03   lamb: 1.00e+00   eps : -6.88e-05   step: 1.21e-02    0.00
         res : 7.53e-04   lamb: 1.00e+00   eps : -7.02e-05   step: 1.43e-02    0.00
         res : 1.65e-04   lamb: 1.00e+00   eps : -7.04e-05   step: 1.48e-02    0.00
         res : 4.12e-05   lamb: 1.00e+00   eps : -7.04e-05   step: 1.48e-02    0.00
         res : 1.21e-05   lamb: 1.00e+00   eps : -7.04e-05   step: 1.48e-02    0.00
         res : 2.58e-06   lamb: 1.00e+00   eps : -7.04e-05   step: 1.48e-02    0.00
         res : 4.08e-07   lamb: 1.00e+00   eps : -7.04e-05   step: 1.48e-02    0.00

      2  0       -77.96495445     2.17e-05      1.02
      2  1       -77.68520169     0.00e+00      1.02

         res : 1.43e-04   lamb: 1.00e+00   eps : -5.25e-08   step: 3.04e-04    0.00
         res : 4.02e-05   lamb: 1.00e+00   eps : -6.09e-08   step: 4.09e-04    0.00
         res : 1.01e-05   lamb: 1.00e+00   eps : -6.16e-08   step: 4.18e-04    0.00
         res : 4.65e-06   lamb: 1.00e+00   eps : -6.17e-08   step: 4.26e-04    0.00
         res : 1.28e-06   lamb: 1.00e+00   eps : -6.17e-08   step: 4.29e-04    0.00
         res : 3.42e-07   lamb: 1.00e+00   eps : -6.17e-08   step: 4.29e-04    0.00
         res : 1.22e-07   lamb: 1.00e+00   eps : -6.17e-08   step: 4.29e-04    0.00
         res : 2.60e-08   lamb: 1.00e+00   eps : -6.17e-08   step: 4.29e-04    0.00

      3  0       -77.96496244     1.41e-05      1.20
      3  1       -77.68519381     0.00e+00      1.20

         res : 8.88e-05   lamb: 1.00e+00   eps : -1.99e-08   step: 1.73e-04    0.00
         res : 2.29e-05   lamb: 1.00e+00   eps : -2.32e-08   step: 2.33e-04    0.00
         res : 3.37e-06   lamb: 1.00e+00   eps : -2.34e-08   step: 2.36e-04    0.00
         res : 8.73e-07   lamb: 1.00e+00   eps : -2.34e-08   step: 2.38e-04    0.00
         res : 2.72e-07   lamb: 1.00e+00   eps : -2.34e-08   step: 2.38e-04    0.00
         res : 1.03e-07   lamb: 1.00e+00   eps : -2.34e-08   step: 2.38e-04    0.00
         res : 4.71e-08   lamb: 1.00e+00   eps : -2.34e-08   step: 2.38e-04    0.00
         res : 1.16e-08   lamb: 1.00e+00   eps : -2.34e-08   step: 2.38e-04    0.00

      4  0       -77.96496350     9.29e-06      0.97
      4  1       -77.68519278     0.00e+00      0.97

         res : 5.85e-05   lamb: 1.00e+00   eps : -8.59e-09   step: 1.14e-04    0.00
         res : 1.51e-05   lamb: 1.00e+00   eps : -1.01e-08   step: 1.53e-04    0.00
         res : 2.13e-06   lamb: 1.00e+00   eps : -1.01e-08   step: 1.56e-04    0.00
         res : 5.18e-07   lamb: 1.00e+00   eps : -1.01e-08   step: 1.57e-04    0.00
         res : 3.60e-07   lamb: 1.00e+00   eps : -1.01e-08   step: 1.57e-04    0.00
         res : 1.06e-07   lamb: 1.00e+00   eps : -1.01e-08   step: 1.57e-04    0.00
         res : 3.19e-08   lamb: 1.00e+00   eps : -1.01e-08   step: 1.57e-04    0.00
         res : 8.09e-09   lamb: 1.00e+00   eps : -1.01e-08   step: 1.57e-04    0.00

      5  0       -77.96496349     6.14e-06      1.16
      5  1       -77.68519281     0.00e+00      1.16

         res : 3.87e-05   lamb: 1.00e+00   eps : -3.76e-09   step: 7.52e-05    0.00
         res : 1.00e-05   lamb: 1.00e+00   eps : -4.40e-09   step: 1.02e-04    0.00
         res : 1.42e-06   lamb: 1.00e+00   eps : -4.43e-09   step: 1.03e-04    0.00
         res : 3.67e-07   lamb: 1.00e+00   eps : -4.43e-09   step: 1.04e-04    0.00
         res : 2.69e-07   lamb: 1.00e+00   eps : -4.43e-09   step: 1.04e-04    0.00
         res : 7.19e-08   lamb: 1.00e+00   eps : -4.43e-09   step: 1.04e-04    0.00
         res : 1.68e-08   lamb: 1.00e+00   eps : -4.43e-09   step: 1.04e-04    0.00
         res : 4.45e-09   lamb: 1.00e+00   eps : -4.43e-09   step: 1.04e-04    0.00

      6  0       -77.96496336     4.06e-06      1.00
      6  1       -77.68519295     0.00e+00      1.00

         res : 2.56e-05   lamb: 1.00e+00   eps : -1.64e-09   step: 4.98e-05    0.00
         res : 6.63e-06   lamb: 1.00e+00   eps : -1.93e-09   step: 6.73e-05    0.00
         res : 9.47e-07   lamb: 1.00e+00   eps : -1.94e-09   step: 6.83e-05    0.00
         res : 2.50e-07   lamb: 1.00e+00   eps : -1.94e-09   step: 6.90e-05    0.00
         res : 1.81e-07   lamb: 1.00e+00   eps : -1.94e-09   step: 6.91e-05    0.00
         res : 4.84e-08   lamb: 1.00e+00   eps : -1.94e-09   step: 6.91e-05    0.00
         res : 1.16e-08   lamb: 1.00e+00   eps : -1.94e-09   step: 6.91e-05    0.00
         res : 3.01e-09   lamb: 1.00e+00   eps : -1.94e-09   step: 6.91e-05    0.00

      7  0       -77.96496325     2.69e-06      1.10
      7  1       -77.68519306     0.00e+00      1.10

         res : 1.69e-05   lamb: 1.00e+00   eps : -7.20e-10   step: 3.30e-05    0.00
         res : 4.39e-06   lamb: 1.00e+00   eps : -8.43e-10   step: 4.45e-05    0.00
         res : 6.28e-07   lamb: 1.00e+00   eps : -8.50e-10   step: 4.52e-05    0.00
         res : 1.67e-07   lamb: 1.00e+00   eps : -8.50e-10   step: 4.57e-05    0.00
         res : 1.20e-07   lamb: 1.00e+00   eps : -8.50e-10   step: 4.58e-05    0.00
         res : 3.22e-08   lamb: 1.00e+00   eps : -8.50e-10   step: 4.58e-05    0.00
         res : 7.80e-09   lamb: 1.00e+00   eps : -8.50e-10   step: 4.57e-05    0.00
         res : 2.02e-09   lamb: 1.00e+00   eps : -8.50e-10   step: 4.57e-05    0.00

      8  0       -77.96496317     1.78e-06      1.13
      8  1       -77.68519314     0.00e+00      1.13

         res : 1.12e-05   lamb: 1.00e+00   eps : -3.15e-10   step: 2.18e-05    0.00
         res : 2.90e-06   lamb: 1.00e+00   eps : -3.69e-10   step: 2.95e-05    0.00
         res : 4.15e-07   lamb: 1.00e+00   eps : -3.72e-10   step: 2.99e-05    0.00
         res : 1.10e-07   lamb: 1.00e+00   eps : -3.72e-10   step: 3.02e-05    0.00
         res : 7.97e-08   lamb: 1.00e+00   eps : -3.72e-10   step: 3.03e-05    0.00
         res : 2.14e-08   lamb: 1.00e+00   eps : -3.72e-10   step: 3.03e-05    0.00
         res : 5.19e-09   lamb: 1.00e+00   eps : -3.72e-10   step: 3.03e-05    0.00
         res : 1.34e-09   lamb: 1.00e+00   eps : -3.72e-10   step: 3.03e-05    0.00

      9  0       -77.96496311     1.18e-06      1.09
      9  1       -77.68519320     0.00e+00      1.09

         res : 7.42e-06   lamb: 1.00e+00   eps : -1.38e-10   step: 1.44e-05    0.00
         res : 1.92e-06   lamb: 1.00e+00   eps : -1.62e-10   step: 1.95e-05    0.00
         res : 2.75e-07   lamb: 1.00e+00   eps : -1.63e-10   step: 1.98e-05    0.00
         res : 7.31e-08   lamb: 1.00e+00   eps : -1.63e-10   step: 2.00e-05    0.00
         res : 5.27e-08   lamb: 1.00e+00   eps : -1.63e-10   step: 2.00e-05    0.00
         res : 1.41e-08   lamb: 1.00e+00   eps : -1.63e-10   step: 2.00e-05    0.00
         res : 3.44e-09   lamb: 1.00e+00   eps : -1.63e-10   step: 2.00e-05    0.00

     10  0       -77.96496308     7.78e-07      1.05
     10  1       -77.68519323     0.00e+00      1.05

         res : 4.91e-06   lamb: 1.00e+00   eps : -6.04e-11   step: 9.55e-06    0.00
         res : 1.27e-06   lamb: 1.00e+00   eps : -7.07e-11   step: 1.29e-05    0.00
         res : 1.82e-07   lamb: 1.00e+00   eps : -7.13e-11   step: 1.31e-05    0.00
         res : 4.84e-08   lamb: 1.00e+00   eps : -7.13e-11   step: 1.32e-05    0.00
         res : 3.49e-08   lamb: 1.00e+00   eps : -7.13e-11   step: 1.33e-05    0.00
         res : 9.34e-09   lamb: 1.00e+00   eps : -7.13e-11   step: 1.33e-05    0.00
         res : 2.27e-09   lamb: 1.00e+00   eps : -7.13e-11   step: 1.33e-05    0.00

     11  0       -77.96496306     5.15e-07      1.05
     11  1       -77.68519325     0.00e+00      1.05

         res : 3.25e-06   lamb: 1.00e+00   eps : -2.64e-11   step: 6.32e-06    0.00
         res : 8.41e-07   lamb: 1.00e+00   eps : -3.10e-11   step: 8.53e-06    0.00
         res : 1.20e-07   lamb: 1.00e+00   eps : -3.12e-11   step: 8.67e-06    0.00
         res : 3.20e-08   lamb: 1.00e+00   eps : -3.12e-11   step: 8.75e-06    0.00
         res : 2.31e-08   lamb: 1.00e+00   eps : -3.12e-11   step: 8.77e-06    0.00
         res : 6.18e-09   lamb: 1.00e+00   eps : -3.12e-11   step: 8.77e-06    0.00
         res : 1.50e-09   lamb: 1.00e+00   eps : -3.12e-11   step: 8.77e-06    0.00

     12  0       -77.96496304     3.41e-07      0.97
     12  1       -77.68519327     0.00e+00      0.97

         res : 2.15e-06   lamb: 1.00e+00   eps : -1.16e-11   step: 4.18e-06    0.00
         res : 5.56e-07   lamb: 1.00e+00   eps : -1.36e-11   step: 5.65e-06    0.00
         res : 7.96e-08   lamb: 1.00e+00   eps : -1.37e-11   step: 5.74e-06    0.00
         res : 2.12e-08   lamb: 1.00e+00   eps : -1.37e-11   step: 5.79e-06    0.00
         res : 1.53e-08   lamb: 1.00e+00   eps : -1.37e-11   step: 5.80e-06    0.00
         res : 4.09e-09   lamb: 1.00e+00   eps : -1.37e-11   step: 5.80e-06    0.00

     13  0       -77.96496303     2.26e-07      1.10
     13  1       -77.68519328     0.00e+00      1.10

         res : 1.42e-06   lamb: 1.00e+00   eps : -5.07e-12   step: 2.77e-06    0.00
         res : 3.68e-07   lamb: 1.00e+00   eps : -5.93e-12   step: 3.73e-06    0.00
         res : 5.27e-08   lamb: 1.00e+00   eps : -5.98e-12   step: 3.79e-06    0.00
         res : 1.40e-08   lamb: 1.00e+00   eps : -5.98e-12   step: 3.83e-06    0.00
         res : 1.01e-08   lamb: 1.00e+00   eps : -5.98e-12   step: 3.84e-06    0.00
         res : 2.71e-09   lamb: 1.00e+00   eps : -5.98e-12   step: 3.84e-06    0.00

     14  0       -77.96496303     1.49e-07      1.03
     14  1       -77.68519329     0.00e+00      1.03

         res : 9.41e-07   lamb: 1.00e+00   eps : -2.22e-12   step: 1.83e-06    0.00
         res : 2.44e-07   lamb: 1.00e+00   eps : -2.60e-12   step: 2.47e-06    0.00
         res : 3.49e-08   lamb: 1.00e+00   eps : -2.62e-12   step: 2.51e-06    0.00
         res : 9.28e-09   lamb: 1.00e+00   eps : -2.62e-12   step: 2.54e-06    0.00
         res : 6.68e-09   lamb: 1.00e+00   eps : -2.62e-12   step: 2.54e-06    0.00
         res : 1.80e-09   lamb: 1.00e+00   eps : -2.62e-12   step: 2.54e-06    0.00

     15  0       -77.96496302     9.87e-08      0.81
     15  1       -77.68519329     0.00e+00      0.81

         res : 6.22e-07   lamb: 1.00e+00   eps : -9.72e-13   step: 1.21e-06    0.00
         res : 1.61e-07   lamb: 1.00e+00   eps : -1.14e-12   step: 1.63e-06    0.00
         res : 2.31e-08   lamb: 1.00e+00   eps : -1.15e-12   step: 1.66e-06    0.00
         res : 6.14e-09   lamb: 1.00e+00   eps : -1.15e-12   step: 1.68e-06    0.00
         res : 4.42e-09   lamb: 1.00e+00   eps : -1.15e-12   step: 1.68e-06    0.00

     16  0       -77.96496302     6.53e-08      0.90
     16  1       -77.68519329     0.00e+00      0.90

         res : 4.12e-07   lamb: 1.00e+00   eps : -4.25e-13   step: 8.01e-07    0.00
         res : 1.07e-07   lamb: 1.00e+00   eps : -4.98e-13   step: 1.08e-06    0.00
         res : 1.54e-08   lamb: 1.00e+00   eps : -5.02e-13   step: 1.10e-06    0.00
         res : 4.22e-09   lamb: 1.00e+00   eps : -5.02e-13   step: 1.11e-06    0.00

     17  0       -77.96496302     4.32e-08      0.88
     17  1       -77.68519330     0.00e+00      0.88

         res : 2.73e-07   lamb: 1.00e+00   eps : -1.86e-13   step: 5.30e-07    0.00
         res : 7.06e-08   lamb: 1.00e+00   eps : -2.18e-13   step: 7.17e-07    0.00
         res : 1.03e-08   lamb: 1.00e+00   eps : -2.20e-13   step: 7.29e-07    0.00
         res : 2.80e-09   lamb: 1.00e+00   eps : -2.20e-13   step: 7.36e-07    0.00

     18  0       -77.96496301     2.86e-08      0.91
     18  1       -77.68519330     0.00e+00      0.91

         res : 1.80e-07   lamb: 1.00e+00   eps : -8.15e-14   step: 3.51e-07    0.00
         res : 4.67e-08   lamb: 1.00e+00   eps : -9.54e-14   step: 4.74e-07    0.00
         res : 6.79e-09   lamb: 1.00e+00   eps : -9.62e-14   step: 4.82e-07    0.00
         res : 1.87e-09   lamb: 1.00e+00   eps : -9.63e-14   step: 4.87e-07    0.00

     19  0       -77.96496301     1.89e-08      0.91
     19  1       -77.68519330     0.00e+00      0.91

         res : 1.19e-07   lamb: 1.00e+00   eps : -3.57e-14   step: 2.32e-07    0.00
         res : 3.09e-08   lamb: 1.00e+00   eps : -4.18e-14   step: 3.14e-07    0.00
         res : 4.50e-09   lamb: 1.00e+00   eps : -4.21e-14   step: 3.19e-07    0.00

     20  0       -77.96496301     1.24e-08      0.85
     20  1       -77.68519330     0.00e+00      0.85

         res : 7.87e-08   lamb: 1.00e+00   eps : -1.56e-14   step: 1.55e-07    0.00
         res : 2.08e-08   lamb: 1.00e+00   eps : -1.83e-14   step: 2.10e-07    0.00
         res : 3.08e-09   lamb: 1.00e+00   eps : -1.85e-14   step: 2.14e-07    0.00

     21  0       -77.96496301     8.23e-09      0.81
     21  1       -77.68519330     0.00e+00      0.81

    * Second-order optimization converged. *   

    * Integral transformation done. Elapsed time: 0.17

     guess   0:   closed 1.                   open ..                  
     guess   1:   closed ..                   open 11                  

  === FCI iteration ===

      0  0       -77.95462746     3.35e-02      0.00
      0  1       -77.68519327     3.37e-05      0.00
    - linear dependency detected:    1 /    4    min eigenvalue:     1.6653e-16    max eigenvalue:     1.6653e-16
    * Using canonical orthogonalization due to linear dependency


      1  0 *     -77.96496301     1.60e-17      0.00
      1  1 *     -77.68519330     9.19e-17      0.00

     * ci vector, state   0, <S^2> = 0.0000
       2.     0.9882805449
       .2    -0.1526264263

     * ci vector, state   1, <S^2> = 0.0000
       ab    -0.7071043987
       ba    -0.7071043987

    * METHOD: CASSCF                              21.80


    * METHOD: PRINT                                0.00


  
  ===============================================================

