
libgomp: Invalid value for environment variable OMP_NUM_THREADS

libgomp: Invalid value for environment variable OMP_NUM_THREADS

libgomp: Invalid value for environment variable OMP_NUM_THREADS

libgomp: Invalid value for environment variable OMP_NUM_THREADS

libgomp: Invalid value for environment variable OMP_NUM_THREADS

libgomp: Invalid value for environment variable OMP_NUM_THREADS

libgomp: Invalid value for environment variable OMP_NUM_THREADS

libgomp: Invalid value for environment variable OMP_NUM_THREADS
  * process grid (2, 4) will be used
    r30c02b05.bem2.kdm.wcss.pl      
    r30c02b05.bem2.kdm.wcss.pl      
    r30c02b05.bem2.kdm.wcss.pl      
    r30c02b05.bem2.kdm.wcss.pl      
    r30c02b05.bem2.kdm.wcss.pl      
    r30c02b05.bem2.kdm.wcss.pl      
    r30c02b05.bem2.kdm.wcss.pl      
    r30c02b05.bem2.kdm.wcss.pl      

  * using 48 threads per process
OMP: Warning #232: OMP_NUM_THREADS: Invalid symbols found. Check the value "".
OMP: Warning #232: OMP_NUM_THREADS: Invalid symbols found. Check the value "".
OMP: Warning #232: OMP_NUM_THREADS: Invalid symbols found. Check the value "".
OMP: Warning #232: OMP_NUM_THREADS: Invalid symbols found. Check the value "".
OMP: Warning #232: OMP_NUM_THREADS: Invalid symbols found. Check the value "".
OMP: Warning #232: OMP_NUM_THREADS: Invalid symbols found. Check the value "".
OMP: Warning #232: OMP_NUM_THREADS: Invalid symbols found. Check the value "".
OMP: Warning #232: OMP_NUM_THREADS: Invalid symbols found. Check the value "".

  ===============================================================
    BAGEL - Freshly leavened quantum chemistry                   
  ===============================================================

  *** Geometry ***

  { "atom" : "C", "xyz" : [      1.237771,     -0.000000,     -0.001890 ] },
  { "atom" : "C", "xyz" : [     -1.237771,      0.000000,     -0.000945 ] },
  { "atom" : "H", "xyz" : [      2.258223,      1.767461,      0.000000 ] },
  { "atom" : "H", "xyz" : [      2.258223,     -1.767461,      0.004157 ] },
  { "atom" : "H", "xyz" : [     -2.258223,     -1.767461,     -0.002835 ] },
  { "atom" : "H", "xyz" : [     -2.258223,      1.767461,      0.001512 ] },

  Number of auxiliary basis functions:      222

  Since a DF basis is specified, we compute 2- and 3-index integrals:
    o Being stored without compression. Storage requirement is 0.004 GB
       - 3-index ints prep                         0.00
       - 3-index ints                              0.26
       - 2-index ints                              0.22
       - computing inverse                         0.18
        elapsed time:        0.66 sec.


  Number of basis functions:       48
  Number of electrons      :       16


    * METHOD: MOLECULE                             0.70

       - Overlap matrix                            0.03
       - Hcore matrix                              0.05
       - Overlap orthog                            0.00

  *** RHF ***

  === Nuclear Repulsion ===
  
    33.7856820101

      * DIIS with orbital gradients will be used.

       - SCF startup                               1.60

  === RHF iteration (svp) ===
  
               o Fock build                                  0.34
      0        -77.90248794          0.02145267           0.34
               o DIIS                                        0.00
               o Diag                                        0.00
               o Post process                                0.02
               o Fock build                                  0.35
      1        -77.96861217          0.00780783           0.37
               o DIIS                                        0.00
               o Diag                                        0.00
               o Post process                                0.00
               o Fock build                                  0.27
      2        -77.97659235          0.00163229           0.27
               o DIIS                                        0.00
               o Diag                                        0.00
               o Post process                                0.00
               o Fock build                                  0.15
      3        -77.97703640          0.00009107           0.15
               o DIIS                                        0.00
               o Diag                                        0.00
               o Post process                                0.00
               o Fock build                                  0.24
      4        -77.97703835          0.00001309           0.24
               o DIIS                                        0.00
               o Diag                                        0.00
               o Post process                                0.00
               o Fock build                                  0.34
      5        -77.97703839          0.00000141           0.34
               o DIIS                                        0.00
               o Diag                                        0.00
               o Post process                                0.00
               o Fock build                                  0.31
      6        -77.97703839          0.00000017           0.31
               o DIIS                                        0.00
               o Diag                                        0.00
               o Post process                                0.00
               o Fock build                                  0.24
      7        -77.97703839          0.00000003           0.24
               o DIIS                                        0.00
               o Diag                                        0.00
               o Post process                                0.00
               o Fock build                                  0.21
      8        -77.97703839          0.00000001           0.21
  
    * SCF iteration converged.

    * Permanent dipole moment:
           (    0.000005,    -0.000001,    -0.001325) a.u.


    * METHOD: HF                                   4.19


    * METHOD: PRINT                                0.00


  
  ===============================================================

