
libgomp: Invalid value for environment variable OMP_NUM_THREADS

libgomp: Invalid value for environment variable OMP_NUM_THREADS

libgomp: Invalid value for environment variable OMP_NUM_THREADS

libgomp: Invalid value for environment variable OMP_NUM_THREADS

libgomp: Invalid value for environment variable OMP_NUM_THREADS

libgomp: Invalid value for environment variable OMP_NUM_THREADS

libgomp: Invalid value for environment variable OMP_NUM_THREADS

libgomp: Invalid value for environment variable OMP_NUM_THREADS
  * process grid (2, 4) will be used
    r29c02b05.bem2.kdm.wcss.pl      
    r29c02b05.bem2.kdm.wcss.pl      
    r29c02b05.bem2.kdm.wcss.pl      
    r29c02b05.bem2.kdm.wcss.pl      
    r29c02b05.bem2.kdm.wcss.pl      
    r29c02b05.bem2.kdm.wcss.pl      
    r29c02b05.bem2.kdm.wcss.pl      
    r29c02b05.bem2.kdm.wcss.pl      

  * using 48 threads per process
OMP: Warning #232: OMP_NUM_THREADS: Invalid symbols found. Check the value "".
OMP: Warning #232: OMP_NUM_THREADS: Invalid symbols found. Check the value "".
OMP: Warning #232: OMP_NUM_THREADS: Invalid symbols found. Check the value "".
OMP: Warning #232: OMP_NUM_THREADS: Invalid symbols found. Check the value "".
OMP: Warning #232: OMP_NUM_THREADS: Invalid symbols found. Check the value "".
OMP: Warning #232: OMP_NUM_THREADS: Invalid symbols found. Check the value "".
OMP: Warning #232: OMP_NUM_THREADS: Invalid symbols found. Check the value "".
OMP: Warning #232: OMP_NUM_THREADS: Invalid symbols found. Check the value "".

  ===============================================================
    BAGEL - Freshly leavened quantum chemistry                   
  ===============================================================

  *** Geometry ***

  { "atom" : "C", "xyz" : [      1.237771,     -0.000000,     -0.001890 ] },
  { "atom" : "C", "xyz" : [     -1.237771,      0.000000,     -0.000945 ] },
  { "atom" : "H", "xyz" : [      2.258223,      1.767461,      0.000000 ] },
  { "atom" : "H", "xyz" : [      2.258223,     -1.767461,      0.004157 ] },
  { "atom" : "H", "xyz" : [     -2.258223,     -1.767461,     -0.002835 ] },
  { "atom" : "H", "xyz" : [     -2.258223,      1.767461,      0.001512 ] },

  Number of auxiliary basis functions:      222

  Since a DF basis is specified, we compute 2- and 3-index integrals:
    o Being stored without compression. Storage requirement is 0.004 GB
       - 3-index ints prep                         0.00
       - 3-index ints                              0.29
       - 2-index ints                              0.25
       - computing inverse                         0.05
        elapsed time:        0.59 sec.


  Number of basis functions:       48
  Number of electrons      :       16


    * METHOD: MOLECULE                             0.65

       - Overlap matrix                            0.02
       - Hcore matrix                              0.04
       - Overlap orthog                            0.01

  *** RHF ***

  === Nuclear Repulsion ===
  
    33.7856820101

      * DIIS with orbital gradients will be used.

       - SCF startup                               1.43

  === RHF iteration (svp) ===
  
               o Fock build                                  0.23
      0        -77.90248794          0.02145267           0.23
               o DIIS                                        0.00
               o Diag                                        0.00
               o Post process                                0.00
               o Fock build                                  0.18
      1        -77.96861217          0.00780783           0.18
               o DIIS                                        0.00
               o Diag                                        0.00
               o Post process                                0.00
               o Fock build                                  0.28
      2        -77.97659235          0.00163229           0.28
               o DIIS                                        0.00
               o Diag                                        0.00
               o Post process                                0.00
               o Fock build                                  0.42
      3        -77.97703640          0.00009107           0.42
               o DIIS                                        0.00
               o Diag                                        0.00
               o Post process                                0.00
               o Fock build                                  0.24
      4        -77.97703835          0.00001309           0.24
               o DIIS                                        0.00
               o Diag                                        0.00
               o Post process                                0.00
               o Fock build                                  0.23
      5        -77.97703839          0.00000141           0.24
               o DIIS                                        0.00
               o Diag                                        0.00
               o Post process                                0.00
               o Fock build                                  0.20
      6        -77.97703839          0.00000017           0.20
               o DIIS                                        0.00
               o Diag                                        0.00
               o Post process                                0.00
               o Fock build                                  0.23
      7        -77.97703839          0.00000003           0.24
               o DIIS                                        0.00
               o Diag                                        0.00
               o Post process                                0.00
               o Fock build                                  0.14
      8        -77.97703839          0.00000001           0.14
  
    * SCF iteration converged.

    * Permanent dipole moment:
           (    0.000005,    -0.000001,    -0.001325) a.u.


    * METHOD: HF                                   3.72

  ---------------------------
      CASSCF calculation     
  ---------------------------

 
    ==== Active orbitals : ===== 
         Orbital 8
         Orbital 9
    ============================ 

    * nstate   :      2
    * nclosed  :      7
    * nact     :      2
    * nvirt    :     39
  === CASSCF iteration (svp) ===

    * Using the second-order algorithm

      0  0       -77.99442484     8.24e-03      0.40
      0  1       -77.61225750     0.00e+00      0.40

         res : 2.91e-02   lamb: 1.00e+00   eps : -3.41e-03   step: 2.61e-02    0.00
         res : 6.32e-03   lamb: 1.00e+00   eps : -3.59e-03   step: 2.67e-02    0.00
         res : 8.42e-04   lamb: 1.00e+00   eps : -3.60e-03   step: 2.77e-02    0.00
         res : 3.65e-04   lamb: 1.00e+00   eps : -3.60e-03   step: 2.83e-02    0.00
         res : 1.13e-04   lamb: 1.00e+00   eps : -3.60e-03   step: 2.90e-02    0.00
         res : 7.20e-05   lamb: 1.00e+00   eps : -3.60e-03   step: 2.90e-02    0.00
         res : 4.88e-05   lamb: 1.00e+00   eps : -3.60e-03   step: 2.90e-02    0.00
         res : 1.10e-05   lamb: 1.00e+00   eps : -3.60e-03   step: 2.90e-02    0.00
         res : 1.67e-05   lamb: 1.00e+00   eps : -3.60e-03   step: 2.90e-02    0.00
         res : 4.37e-06   lamb: 1.00e+00   eps : -3.60e-03   step: 2.90e-02    0.00
         res : 1.55e-06   lamb: 1.00e+00   eps : -3.60e-03   step: 2.90e-02    0.01

      1  0       -77.99280167     5.25e-05      1.41
      1  1       -77.61749224     0.00e+00      1.41

         res : 5.06e-04   lamb: 1.00e+00   eps : -5.02e-07   step: 1.50e-03    0.00
         res : 1.65e-04   lamb: 1.00e+00   eps : -5.83e-07   step: 1.84e-03    0.00
         res : 2.17e-04   lamb: 1.00e+00   eps : -6.32e-07   step: 3.53e-03    0.00
         res : 8.04e-05   lamb: 1.00e+00   eps : -6.53e-07   step: 4.56e-03    0.00
         res : 8.07e-05   lamb: 1.00e+00   eps : -6.62e-07   step: 5.01e-03    0.00
         res : 3.68e-05   lamb: 1.00e+00   eps : -6.66e-07   step: 5.32e-03    0.00
         res : 2.66e-05   lamb: 1.00e+00   eps : -6.67e-07   step: 5.41e-03    0.00
         res : 6.33e-06   lamb: 1.00e+00   eps : -6.67e-07   step: 5.43e-03    0.00
         res : 2.54e-06   lamb: 1.00e+00   eps : -6.67e-07   step: 5.44e-03    0.00
         res : 4.46e-07   lamb: 1.00e+00   eps : -6.67e-07   step: 5.44e-03    0.00

      2  0       -77.99283467     2.04e-06      1.51
      2  1       -77.61745993     0.00e+00      1.51

         res : 2.38e-05   lamb: 1.00e+00   eps : -1.09e-09   step: 4.07e-05    0.00
         res : 3.14e-06   lamb: 1.00e+00   eps : -1.22e-09   step: 4.97e-05    0.00
         res : 4.88e-06   lamb: 1.00e+00   eps : -1.23e-09   step: 6.84e-05    0.00
         res : 2.91e-06   lamb: 1.00e+00   eps : -1.25e-09   step: 9.78e-05    0.00
         res : 1.35e-06   lamb: 1.00e+00   eps : -1.25e-09   step: 1.09e-04    0.00
         res : 1.39e-06   lamb: 1.00e+00   eps : -1.25e-09   step: 1.12e-04    0.00
         res : 5.63e-07   lamb: 1.00e+00   eps : -1.26e-09   step: 1.16e-04    0.00
         res : 2.81e-07   lamb: 1.00e+00   eps : -1.26e-09   step: 1.16e-04    0.00
         res : 1.06e-07   lamb: 1.00e+00   eps : -1.26e-09   step: 1.17e-04    0.00
         res : 2.49e-08   lamb: 1.00e+00   eps : -1.26e-09   step: 1.17e-04    0.00
         res : 4.15e-09   lamb: 1.00e+00   eps : -1.26e-09   step: 1.17e-04    0.00

      3  0       -77.99283706     1.98e-07      1.66
      3  1       -77.61745754     0.00e+00      1.66

         res : 1.63e-06   lamb: 1.00e+00   eps : -5.91e-12   step: 2.65e-06    0.00
         res : 2.50e-07   lamb: 1.00e+00   eps : -6.54e-12   step: 3.28e-06    0.00
         res : 3.18e-07   lamb: 1.00e+00   eps : -6.60e-12   step: 4.23e-06    0.00
         res : 3.23e-07   lamb: 1.00e+00   eps : -6.69e-12   step: 6.61e-06    0.00
         res : 1.09e-07   lamb: 1.00e+00   eps : -6.73e-12   step: 8.13e-06    0.00
         res : 5.80e-08   lamb: 1.00e+00   eps : -6.74e-12   step: 8.28e-06    0.00
         res : 3.03e-08   lamb: 1.00e+00   eps : -6.74e-12   step: 8.46e-06    0.00
         res : 1.56e-08   lamb: 1.00e+00   eps : -6.74e-12   step: 8.43e-06    0.00
         res : 5.59e-09   lamb: 1.00e+00   eps : -6.74e-12   step: 8.44e-06    0.00
         res : 1.68e-09   lamb: 1.00e+00   eps : -6.74e-12   step: 8.44e-06    0.00

      4  0       -77.99283722     7.25e-08      1.74
      4  1       -77.61745739     0.00e+00      1.74

         res : 2.97e-07   lamb: 1.00e+00   eps : -3.39e-13   step: 3.23e-07    0.00
         res : 4.94e-08   lamb: 1.00e+00   eps : -3.65e-13   step: 3.79e-07    0.00
         res : 1.19e-08   lamb: 1.00e+00   eps : -3.66e-13   step: 3.96e-07    0.00
         res : 1.46e-08   lamb: 1.00e+00   eps : -3.66e-13   step: 4.16e-07    0.00
         res : 1.80e-08   lamb: 1.00e+00   eps : -3.67e-13   step: 5.04e-07    0.00
         res : 2.93e-09   lamb: 1.00e+00   eps : -3.67e-13   step: 5.44e-07    0.00

      5  0       -77.99283723     3.34e-08      1.57
      5  1       -77.61745738     0.00e+00      1.57

         res : 1.31e-07   lamb: 1.00e+00   eps : -6.91e-14   step: 1.34e-07    0.00
         res : 2.19e-08   lamb: 1.00e+00   eps : -7.43e-14   step: 1.51e-07    0.00
         res : 3.33e-09   lamb: 1.00e+00   eps : -7.44e-14   step: 1.54e-07    0.00

      6  0       -77.99283723     1.55e-08      1.54
      6  1       -77.61745738     0.00e+00      1.54

         res : 6.08e-08   lamb: 1.00e+00   eps : -1.48e-14   step: 6.23e-08    0.00
         res : 1.03e-08   lamb: 1.00e+00   eps : -1.60e-14   step: 7.04e-08    0.00
         res : 1.57e-09   lamb: 1.00e+00   eps : -1.60e-14   step: 7.18e-08    0.00

      7  0       -77.99283723     7.19e-09      1.74
      7  1       -77.61745738     0.00e+00      1.74

    * Second-order optimization converged. *   

    * Integral transformation done. Elapsed time: 0.41

     guess   0:   closed 1.                   open ..                  
     guess   1:   closed ..                   open 11                  

  === FCI iteration ===

      0  0       -77.97516125     5.01e-02      0.00
      0  1       -77.61745738     7.18e-07      0.00
    - linear dependency detected:    1 /    4    min eigenvalue:     0.0000e+00    max eigenvalue:     0.0000e+00
    * Using canonical orthogonalization due to linear dependency


      1  0 *     -77.99283723     2.40e-16      0.00
      1  1 *     -77.61745738     2.72e-16      0.00

     * ci vector, state   0, <S^2> = 0.0000
       2.     0.9847944951
       .2    -0.1737233460

     * ci vector, state   1, <S^2> = 0.0000
       ab    -0.7071067807
       ba    -0.7071067807

    * METHOD: CASSCF                              12.70


    * METHOD: PRINT                                0.00

    * Use approximate Hessian for optimization
  ---------------------------
      CASSCF calculation     
  ---------------------------

 
    ==== Active orbitals : ===== 
         Orbital 8
         Orbital 9
    ============================ 

    * nstate   :      2
    * nclosed  :      7
    * nact     :      2
    * nvirt    :     39
  === CASSCF iteration (svp) ===

    * Using the second-order algorithm

      0  0       -77.99283723     7.19e-09      0.35
      0  1       -77.61745738     0.00e+00      0.35

    * Second-order optimization converged. *   

    * Integral transformation done. Elapsed time: 0.50

     guess   0:   closed 1.                   open ..                  
     guess   1:   closed ..                   open 11                  

  === FCI iteration ===

      0  0       -77.97516125     5.01e-02      0.00
      0  1       -77.61745738     7.18e-07      0.00
    - linear dependency detected:    1 /    4    min eigenvalue:    -5.5511e-17    max eigenvalue:    -5.5511e-17
    * Using canonical orthogonalization due to linear dependency


      1  0 *     -77.99283723     1.68e-17      0.00
      1  1 *     -77.61745738     2.38e-16      0.00

     * ci vector, state   0, <S^2> = 0.0000
       2.     0.9847944951
       .2    -0.1737233460

     * ci vector, state   1, <S^2> = 0.0000
       ab    -0.7071067807
       ba    -0.7071067807
       - Reference calculation                     1.83

  === DF-CASPT2Grad calculation ===

    * freezing 2 orbitals
    * SS-SR internal contraction is used

    * Approximate memory requirement for SMITH calculation per MPI process:
      o Storage requirement for T-amplitude, lambda, and residual is 0.00 GB
      o Storage requirement for MO integrals is 0.00 GB
      o Storage requirement for SMITH-computed gradient tensors is 0.00 GB
       - MO integral evaluation                    1.08

  ++ State-averaged Fock matrix over basis states ++

                         0                   1
     0       -0.5917561568        0.0000064832
     1        0.0000064832       -0.2124413860


  ++ Extended multi-state CASPT2 (XMS-CASPT2) rotation matrix ++

                         0                   1
     0       -0.9999999999       -0.0000170919
     1        0.0000170919       -0.9999999999


     * ci vector, state   0, <S^2> = 0.0000
       2.    -0.9847944956
       .2     0.1737233461

     * ci vector, state   1, <S^2> = 0.0000
       ab     0.7071067810
       ba     0.7071067810

  ++ Reference energies in XMS basis ++

                         0                   1
     0      -77.9928372268       -0.0000064160
     1       -0.0000064160      -77.6174573782

    * Calculating and saving rdm4

    - linear dependency detected:    3 /    4    min eigenvalue:    -8.8675e-17    max eigenvalue:     8.1341e-17
    - linear dependency detected:    3 /    4    min eigenvalue:    -2.2204e-16    max eigenvalue:     3.3285e-16
    - linear dependency detected:    3 /    4    min eigenvalue:    -1.7763e-15    max eigenvalue:     4.6261e-16
    - linear dependency detected:    3 /    4    min eigenvalue:    -2.6866e-15    max eigenvalue:    -5.3375e-16
    - linear dependency detected:    4 /    8    min eigenvalue:    -2.3238e-16    max eigenvalue:     1.5962e-15
    - linear dependency detected:    4 /    8    min eigenvalue:    -1.3936e-15    max eigenvalue:     3.3554e-16
    - linear dependency detected:    6 /    8    min eigenvalue:    -7.7165e-17    max eigenvalue:     2.4840e-16
    - linear dependency detected:    6 /    8    min eigenvalue:    -5.9443e-17    max eigenvalue:     4.2447e-16
    - linear dependency detected:    6 /    8    min eigenvalue:    -2.9287e-15    max eigenvalue:     3.3817e-15
    - linear dependency detected:    6 /    8    min eigenvalue:    -3.3664e-16    max eigenvalue:     2.6903e-15
       - RDM + denominator evaluation              0.07

    * Zeroth order energy : state  0       -0.5917561569
    * Zeroth order energy : state  1       -0.2124413859

    * CASPT2 iteration is performed using redundant basis

      ---- iteration ----

        0    -0.26413563     0.00051191      0.07
        1    -0.26414423     0.00000916      0.06
        2    -0.26414423     0.00000010      0.04
        3    -0.26414423     0.00000000      0.03

        0    -0.32158987     0.00102891      0.04
        1    -0.32163028     0.00002179      0.04
        2    -0.32163031     0.00000052      0.04
        3    -0.32163031     0.00000002      0.04
        4    -0.32163031     0.00000000      0.04

      -------------------

       - CASPT2 energy evaluation                  0.44

    * CASPT2 energy : state  0      -78.2569814544
        reference weight              0.9161986911

    * CASPT2 energy : state  1      -77.9390876927
        reference weight              0.8689988423


    * MS-CASPT2 Heff
            -78.2569814544       -0.0000056617
             -0.0000056617      -77.9390876927


    * MS-CASPT2 rotation matrix
             -0.9999999998        0.0000178102
             -0.0000178102       -0.9999999998


    * XMS-CASPT2 rotation matrix
              1.0000000000       -0.0000007183
              0.0000007183        1.0000000000

    * MS-CASPT2 energy : state  0      -78.2569814545
    * MS-CASPT2 energy : state  1      -77.9390876926


      ---- iteration ----

        0    -0.26413563     0.00051191      0.03
        1    -0.26414422     0.00000916      0.04
        2    -0.26414423     0.00000010      0.03
        3    -0.26414423     0.00000000      0.04

        0    -0.00000000     0.00000001      0.04
    - linear dependency detected:    1 /    2    min eigenvalue:     8.9537e-12    max eigenvalue:     8.9537e-12
    * Using canonical orthogonalization due to linear dependency

        1    -0.00000000     0.00000101      0.05
    - linear dependency detected:    1 /    3    min eigenvalue:    -1.5407e-33    max eigenvalue:    -1.5407e-33
    * Using canonical orthogonalization due to linear dependency

        2    -0.00000000     0.00000000      0.03

      -------------------

       - CASPT2 lambda equation                    0.27
       - Correlated density matrix evaluation      0.23
       - CI derivative evaluation   ( 1 / 2)       0.13
       - CI derivative evaluation   ( 2 / 2)       0.07
       - CI derivative contraction                 0.20
       - T1 norm evaluation                        0.04
       - Postprocessing SMITH                      0.39
    * CASPT2 energy:  -78.256981454487
    * Permanent dipole moment: CASPT2 unrelaxed
           (    0.000008,     0.000000,    -0.001337) a.u.

       - Yrs evaluation                            0.77
       - Yrs non-Lagrangian terms                  0.00
    * Integral transformation done. Elapsed time: 0.30

    * Integral transformation done. Elapsed time: 0.16

  === CASSCF Z-vector iteration ===

         0      0.0007643910     0.0042138097      0.38
         1      0.0001685641     0.0002809390      0.50
         2      0.0000397252     0.0004545202      0.32
         3      0.0000086065     0.0000191014      0.46
         4      0.0000031008     0.0000089894      0.61
         5      0.0000025960     0.0000011114      0.41
         6      0.0000024387     0.0000008259      0.34
         7      0.0000018021     0.0000002429      0.48
         8      0.0000015837     0.0000000874      0.65
         9      0.0000010323     0.0000006604      0.34
        10      0.0000007263     0.0000001809      0.25
        11      0.0000005781     0.0000002667      0.49
        12      0.0000004203     0.0000007985      0.36
        13      0.0000003598     0.0000000574      0.35
        14      0.0000003035     0.0000003827      0.47
        15      0.0000001276     0.0000003417      0.47
        16      0.0000000765     0.0000002862      0.45
        17      0.0000000584     0.0000001150      0.39
        18      0.0000000336     0.0000001037      0.52
        19      0.0000000108     0.0000001555      0.42
        20      0.0000000054     0.0000000979      0.55
        21      0.0000000036     0.0000000415      0.42
        22      0.0000000014     0.0000000057      0.45
       - Z-CASSCF solution                        12.09
    * Permanent dipole moment: CASPT2 relaxed
           (   -0.000042,    -0.000036,    -0.001263) a.u.

       - Effective densities                       0.80

  * Nuclear energy gradient

    o Atom   0
        x         -0.0245259192
        y          0.0000014801
        z          0.0004478764
    o Atom   1
        x          0.0245301470
        y          0.0000018015
        z         -0.0006227210
    o Atom   2
        x         -0.0090356891
        y         -0.0047923316
        z         -0.0000885806
    o Atom   3
        x         -0.0090383944
        y          0.0047898451
        z         -0.0001232477
    o Atom   4
        x          0.0090374736
        y          0.0047886917
        z          0.0002109262
    o Atom   5
        x          0.0090323821
        y         -0.0047894868
        z          0.0001757468
       - Gradient integral contraction             0.18

  === Convergence status ===

                         Maximum     Tolerance   Converged?
  * Gradient            0.024530      0.000300           No
  * Displacement        0.024490      0.001200           No
  * Energy change     -78.256981      0.000001           No


  *** Geometry optimization started ***
     iter         energy               grad rms       time

      1        -78.25698145          0.00949360       18.98
      2        -78.25774396          0.00645614       24.04
      3        -78.25830093          0.00383296       23.30
      4        -78.25873086          0.00212732       24.16
      5        -78.25901211          0.00142673       22.28
      6        -78.25914786          0.00008555       27.49


  *** Geometry ***

  { "atom" : "C", "xyz" : [      1.265671,      0.000000,     -0.001912 ] },
  { "atom" : "C", "xyz" : [     -1.265671,     -0.000000,      0.000020 ] },
  { "atom" : "H", "xyz" : [      2.347098,      1.756736,      0.069065 ] },
  { "atom" : "H", "xyz" : [      2.347013,     -1.757146,     -0.063466 ] },
  { "atom" : "H", "xyz" : [     -2.347122,     -1.756580,     -0.074586 ] },
  { "atom" : "H", "xyz" : [     -2.346986,      1.756990,      0.066165 ] },


    * METHOD: OPTIMIZE                           140.27


    * METHOD: PRINT                                0.00


  
  ===============================================================

