
libgomp: Invalid value for environment variable OMP_NUM_THREADS

libgomp: Invalid value for environment variable OMP_NUM_THREADS

libgomp: Invalid value for environment variable OMP_NUM_THREADS

libgomp: Invalid value for environment variable OMP_NUM_THREADS

libgomp: Invalid value for environment variable OMP_NUM_THREADS

libgomp: Invalid value for environment variable OMP_NUM_THREADS

libgomp: Invalid value for environment variable OMP_NUM_THREADS

libgomp: Invalid value for environment variable OMP_NUM_THREADS
  * process grid (2, 4) will be used
    r22c03b03.bem2.kdm.wcss.pl      
    r22c03b03.bem2.kdm.wcss.pl      
    r22c03b03.bem2.kdm.wcss.pl      
    r22c03b03.bem2.kdm.wcss.pl      
    r22c03b03.bem2.kdm.wcss.pl      
    r22c03b03.bem2.kdm.wcss.pl      
    r22c03b03.bem2.kdm.wcss.pl      
    r22c03b03.bem2.kdm.wcss.pl      

  * using 48 threads per process
OMP: Warning #232: OMP_NUM_THREADS: Invalid symbols found. Check the value "".
OMP: Warning #232: OMP_NUM_THREADS: Invalid symbols found. Check the value "".
OMP: Warning #232: OMP_NUM_THREADS: Invalid symbols found. Check the value "".
OMP: Warning #232: OMP_NUM_THREADS: Invalid symbols found. Check the value "".
OMP: Warning #232: OMP_NUM_THREADS: Invalid symbols found. Check the value "".
OMP: Warning #232: OMP_NUM_THREADS: Invalid symbols found. Check the value "".
OMP: Warning #232: OMP_NUM_THREADS: Invalid symbols found. Check the value "".
OMP: Warning #232: OMP_NUM_THREADS: Invalid symbols found. Check the value "".

  ===============================================================
    BAGEL - Freshly leavened quantum chemistry                   
  ===============================================================

  *** Geometry ***

  { "atom" : "C", "xyz" : [      1.359658,      0.000000,     -0.001890 ] },
  { "atom" : "C", "xyz" : [     -1.205456,     -0.000189,     -0.003590 ] },
  { "atom" : "H", "xyz" : [      2.415637,      1.613448,      0.756646 ] },
  { "atom" : "H", "xyz" : [      2.417149,     -1.613259,     -0.759103 ] },
  { "atom" : "H", "xyz" : [     -2.388425,     -1.586425,      0.725844 ] },
  { "atom" : "H", "xyz" : [     -2.386157,      1.586614,     -0.735292 ] },

  Number of auxiliary basis functions:      222

  Since a DF basis is specified, we compute 2- and 3-index integrals:
    o Being stored without compression. Storage requirement is 0.004 GB
       - 3-index ints prep                         0.00
       - 3-index ints                              0.41
       - 2-index ints                              0.04
       - computing inverse                         0.12
        elapsed time:        0.57 sec.


  Number of basis functions:       48
  Number of electrons      :       16


    * METHOD: MOLECULE                             0.62

       - Overlap matrix                            0.01
       - Hcore matrix                              0.03
       - Overlap orthog                            0.00

  *** RHF ***

  === Nuclear Repulsion ===
  
    32.7019626196

      * DIIS with orbital gradients will be used.

       - SCF startup                               1.24

  === RHF iteration (svp) ===
  
               o Fock build                                  0.11
      0        -77.85125110          0.01930013           0.11
               o DIIS                                        0.00
               o Diag                                        0.00
               o Post process                                0.00
               o Fock build                                  0.11
      1        -77.91194365          0.00741312           0.12
               o DIIS                                        0.00
               o Diag                                        0.00
               o Post process                                0.00
               o Fock build                                  0.12
      2        -77.91953937          0.00167864           0.12
               o DIIS                                        0.00
               o Diag                                        0.00
               o Post process                                0.00
               o Fock build                                  0.12
      3        -77.92011685          0.00020423           0.12
               o DIIS                                        0.00
               o Diag                                        0.00
               o Post process                                0.00
               o Fock build                                  0.11
      4        -77.92013004          0.00007616           0.11
               o DIIS                                        0.00
               o Diag                                        0.00
               o Post process                                0.00
               o Fock build                                  0.12
      5        -77.92013132          0.00002828           0.12
               o DIIS                                        0.00
               o Diag                                        0.00
               o Post process                                0.00
               o Fock build                                  0.10
      6        -77.92013151          0.00000461           0.11
               o DIIS                                        0.00
               o Diag                                        0.00
               o Post process                                0.00
               o Fock build                                  0.11
      7        -77.92013151          0.00000139           0.12
               o DIIS                                        0.00
               o Diag                                        0.00
               o Post process                                0.00
               o Fock build                                  0.12
      8        -77.92013152          0.00000058           0.12
               o DIIS                                        0.00
               o Diag                                        0.00
               o Post process                                0.00
               o Fock build                                  0.12
      9        -77.92013152          0.00000026           0.12
               o DIIS                                        0.00
               o Diag                                        0.00
               o Post process                                0.00
               o Fock build                                  0.11
     10        -77.92013152          0.00000009           0.12
               o DIIS                                        0.00
               o Diag                                        0.00
               o Post process                                0.00
               o Fock build                                  0.15
     11        -77.92013152          0.00000002           0.15
               o DIIS                                        0.00
               o Diag                                        0.00
               o Post process                                0.00
               o Fock build                                  0.12
     12        -77.92013152          0.00000001           0.12
  
    * SCF iteration converged.

    * Permanent dipole moment:
           (    0.013980,    -0.000040,     0.000116) a.u.


    * METHOD: HF                                   2.90


    * METHOD: PRINT                                0.00

  ---------------------------
      CASSCF calculation     
  ---------------------------

 
    ==== Active orbitals : ===== 
         Orbital 8
         Orbital 9
    ============================ 

    * nstate   :      2
    * nclosed  :      7
    * nact     :      2
    * nvirt    :     39
  === CASSCF iteration (svp) ===

    * Using the second-order algorithm

      0  0       -77.93902503     6.42e-03      0.28
      0  1       -77.69942611     0.00e+00      0.28

         res : 6.76e-02   lamb: 1.00e+00   eps : -1.01e-02   step: 1.50e-01    0.00
         res : 1.18e-02   lamb: 1.00e+00   eps : -1.10e-02   step: 1.73e-01    0.00
         res : 3.42e-03   lamb: 1.00e+00   eps : -1.10e-02   step: 1.74e-01    0.00
         res : 8.04e-04   lamb: 1.00e+00   eps : -1.10e-02   step: 1.75e-01    0.00
         res : 1.20e-04   lamb: 1.00e+00   eps : -1.10e-02   step: 1.76e-01    0.00
         res : 3.25e-05   lamb: 1.00e+00   eps : -1.10e-02   step: 1.76e-01    0.00
         res : 6.28e-06   lamb: 1.00e+00   eps : -1.10e-02   step: 1.76e-01    0.00

      1  0       -77.93257100     4.56e-04      1.11
      1  1       -77.71692954     0.00e+00      1.11

         res : 3.13e-03   lamb: 1.00e+00   eps : -2.55e-05   step: 5.57e-03    0.00
         res : 7.23e-04   lamb: 1.00e+00   eps : -2.86e-05   step: 6.79e-03    0.00
         res : 1.87e-04   lamb: 1.00e+00   eps : -2.88e-05   step: 6.79e-03    0.00
         res : 5.35e-05   lamb: 1.00e+00   eps : -2.88e-05   step: 6.81e-03    0.00
         res : 1.43e-05   lamb: 1.00e+00   eps : -2.88e-05   step: 6.83e-03    0.00
         res : 4.70e-06   lamb: 1.00e+00   eps : -2.88e-05   step: 6.84e-03    0.00
         res : 1.04e-06   lamb: 1.00e+00   eps : -2.88e-05   step: 6.84e-03    0.00
         res : 1.61e-07   lamb: 1.00e+00   eps : -2.88e-05   step: 6.84e-03    0.00

      2  0       -77.93249051     3.20e-04      1.05
      2  1       -77.71705062     0.00e+00      1.05

         res : 1.76e-03   lamb: 1.00e+00   eps : -8.67e-06   step: 3.02e-03    0.00
         res : 4.39e-04   lamb: 1.00e+00   eps : -1.01e-05   step: 4.07e-03    0.00
         res : 6.41e-05   lamb: 1.00e+00   eps : -1.02e-05   step: 4.09e-03    0.00
         res : 1.79e-05   lamb: 1.00e+00   eps : -1.02e-05   step: 4.11e-03    0.00
         res : 5.51e-06   lamb: 1.00e+00   eps : -1.02e-05   step: 4.11e-03    0.00
         res : 1.57e-06   lamb: 1.00e+00   eps : -1.02e-05   step: 4.11e-03    0.00
         res : 4.73e-07   lamb: 1.00e+00   eps : -1.02e-05   step: 4.11e-03    0.00
         res : 6.79e-08   lamb: 1.00e+00   eps : -1.02e-05   step: 4.11e-03    0.00

      3  0       -77.93247288     2.83e-04      1.32
      3  1       -77.71708737     0.00e+00      1.32

         res : 1.56e-03   lamb: 1.00e+00   eps : -6.78e-06   step: 2.67e-03    0.00
         res : 3.91e-04   lamb: 1.00e+00   eps : -7.90e-06   step: 3.61e-03    0.00
         res : 5.81e-05   lamb: 1.00e+00   eps : -7.95e-06   step: 3.63e-03    0.00
         res : 1.73e-05   lamb: 1.00e+00   eps : -7.95e-06   step: 3.65e-03    0.00
         res : 5.48e-06   lamb: 1.00e+00   eps : -7.95e-06   step: 3.65e-03    0.00
         res : 1.44e-06   lamb: 1.00e+00   eps : -7.95e-06   step: 3.65e-03    0.00
         res : 3.13e-07   lamb: 1.00e+00   eps : -7.95e-06   step: 3.65e-03    0.00

      4  0       -77.93247946     2.50e-04      0.92
      4  1       -77.71709577     0.00e+00      0.92

         res : 1.38e-03   lamb: 1.00e+00   eps : -5.30e-06   step: 2.36e-03    0.00
         res : 3.46e-04   lamb: 1.00e+00   eps : -6.18e-06   step: 3.19e-03    0.00
         res : 5.33e-05   lamb: 1.00e+00   eps : -6.22e-06   step: 3.22e-03    0.00
         res : 1.60e-05   lamb: 1.00e+00   eps : -6.22e-06   step: 3.23e-03    0.00
         res : 5.25e-06   lamb: 1.00e+00   eps : -6.22e-06   step: 3.23e-03    0.00
         res : 1.42e-06   lamb: 1.00e+00   eps : -6.22e-06   step: 3.23e-03    0.00
         res : 2.70e-07   lamb: 1.00e+00   eps : -6.22e-06   step: 3.23e-03    0.00

      5  0       -77.93248954     2.20e-04      1.05
      5  1       -77.71709739     0.00e+00      1.05

         res : 1.21e-03   lamb: 1.00e+00   eps : -4.10e-06   step: 2.08e-03    0.00
         res : 3.05e-04   lamb: 1.00e+00   eps : -4.78e-06   step: 2.80e-03    0.00
         res : 4.81e-05   lamb: 1.00e+00   eps : -4.81e-06   step: 2.83e-03    0.00
         res : 1.45e-05   lamb: 1.00e+00   eps : -4.81e-06   step: 2.84e-03    0.00
         res : 4.83e-06   lamb: 1.00e+00   eps : -4.81e-06   step: 2.84e-03    0.00
         res : 1.31e-06   lamb: 1.00e+00   eps : -4.81e-06   step: 2.84e-03    0.00
         res : 2.42e-07   lamb: 1.00e+00   eps : -4.81e-06   step: 2.84e-03    0.00

      6  0       -77.93249961     1.93e-04      0.80
      6  1       -77.71709634     0.00e+00      0.80

         res : 1.06e-03   lamb: 1.00e+00   eps : -3.14e-06   step: 1.82e-03    0.00
         res : 2.67e-04   lamb: 1.00e+00   eps : -3.66e-06   step: 2.45e-03    0.00
         res : 4.29e-05   lamb: 1.00e+00   eps : -3.68e-06   step: 2.47e-03    0.00
         res : 1.29e-05   lamb: 1.00e+00   eps : -3.68e-06   step: 2.48e-03    0.00
         res : 4.37e-06   lamb: 1.00e+00   eps : -3.68e-06   step: 2.48e-03    0.00
         res : 1.19e-06   lamb: 1.00e+00   eps : -3.68e-06   step: 2.49e-03    0.00
         res : 2.15e-07   lamb: 1.00e+00   eps : -3.68e-06   step: 2.49e-03    0.00

      7  0       -77.93250902     1.68e-04      1.32
      7  1       -77.71709383     0.00e+00      1.32

         res : 9.23e-04   lamb: 1.00e+00   eps : -2.38e-06   step: 1.58e-03    0.00
         res : 2.33e-04   lamb: 1.00e+00   eps : -2.77e-06   step: 2.13e-03    0.00
         res : 3.80e-05   lamb: 1.00e+00   eps : -2.79e-06   step: 2.15e-03    0.00
         res : 1.15e-05   lamb: 1.00e+00   eps : -2.79e-06   step: 2.16e-03    0.00
         res : 3.92e-06   lamb: 1.00e+00   eps : -2.79e-06   step: 2.16e-03    0.00
         res : 1.06e-06   lamb: 1.00e+00   eps : -2.79e-06   step: 2.16e-03    0.00
         res : 1.90e-07   lamb: 1.00e+00   eps : -2.79e-06   step: 2.16e-03    0.00

      8  0       -77.93251759     1.45e-04      0.83
      8  1       -77.71709047     0.00e+00      0.83

         res : 8.00e-04   lamb: 1.00e+00   eps : -1.79e-06   step: 1.37e-03    0.00
         res : 2.02e-04   lamb: 1.00e+00   eps : -2.08e-06   step: 1.85e-03    0.00
         res : 3.35e-05   lamb: 1.00e+00   eps : -2.09e-06   step: 1.86e-03    0.00
         res : 1.01e-05   lamb: 1.00e+00   eps : -2.10e-06   step: 1.87e-03    0.00
         res : 3.48e-06   lamb: 1.00e+00   eps : -2.10e-06   step: 1.87e-03    0.00
         res : 9.37e-07   lamb: 1.00e+00   eps : -2.10e-06   step: 1.87e-03    0.00
         res : 1.66e-07   lamb: 1.00e+00   eps : -2.10e-06   step: 1.87e-03    0.00

      9  0       -77.93252529     1.25e-04      1.17
      9  1       -77.71708667     0.00e+00      1.17

         res : 6.90e-04   lamb: 1.00e+00   eps : -1.33e-06   step: 1.18e-03    0.00
         res : 1.74e-04   lamb: 1.00e+00   eps : -1.55e-06   step: 1.59e-03    0.00
         res : 2.92e-05   lamb: 1.00e+00   eps : -1.56e-06   step: 1.61e-03    0.00
         res : 8.79e-06   lamb: 1.00e+00   eps : -1.56e-06   step: 1.61e-03    0.00
         res : 3.07e-06   lamb: 1.00e+00   eps : -1.56e-06   step: 1.61e-03    0.00
         res : 8.23e-07   lamb: 1.00e+00   eps : -1.56e-06   step: 1.61e-03    0.00
         res : 1.45e-07   lamb: 1.00e+00   eps : -1.56e-06   step: 1.61e-03    0.00

     10  0       -77.93253214     1.08e-04      0.92
     10  1       -77.71708272     0.00e+00      0.92

         res : 5.93e-04   lamb: 1.00e+00   eps : -9.81e-07   step: 1.01e-03    0.00
         res : 1.50e-04   lamb: 1.00e+00   eps : -1.14e-06   step: 1.37e-03    0.00
         res : 2.54e-05   lamb: 1.00e+00   eps : -1.15e-06   step: 1.38e-03    0.00
         res : 7.63e-06   lamb: 1.00e+00   eps : -1.15e-06   step: 1.38e-03    0.00
         res : 2.68e-06   lamb: 1.00e+00   eps : -1.15e-06   step: 1.39e-03    0.00
         res : 7.17e-07   lamb: 1.00e+00   eps : -1.15e-06   step: 1.39e-03    0.00
         res : 1.26e-07   lamb: 1.00e+00   eps : -1.15e-06   step: 1.39e-03    0.00

     11  0       -77.93253816     9.21e-05      0.81
     11  1       -77.71707883     0.00e+00      0.81

         res : 5.07e-04   lamb: 1.00e+00   eps : -7.19e-07   step: 8.69e-04    0.00
         res : 1.28e-04   lamb: 1.00e+00   eps : -8.37e-07   step: 1.17e-03    0.00
         res : 2.19e-05   lamb: 1.00e+00   eps : -8.43e-07   step: 1.18e-03    0.00
         res : 6.58e-06   lamb: 1.00e+00   eps : -8.43e-07   step: 1.18e-03    0.00
         res : 2.33e-06   lamb: 1.00e+00   eps : -8.43e-07   step: 1.19e-03    0.00
         res : 6.22e-07   lamb: 1.00e+00   eps : -8.43e-07   step: 1.19e-03    0.00
         res : 1.08e-07   lamb: 1.00e+00   eps : -8.43e-07   step: 1.19e-03    0.00

     12  0       -77.93254343     7.86e-05      1.27
     12  1       -77.71707512     0.00e+00      1.27

         res : 4.33e-04   lamb: 1.00e+00   eps : -5.23e-07   step: 7.41e-04    0.00
         res : 1.10e-04   lamb: 1.00e+00   eps : -6.10e-07   step: 9.97e-04    0.00
         res : 1.89e-05   lamb: 1.00e+00   eps : -6.14e-07   step: 1.01e-03    0.00
         res : 5.66e-06   lamb: 1.00e+00   eps : -6.14e-07   step: 1.01e-03    0.00
         res : 2.02e-06   lamb: 1.00e+00   eps : -6.14e-07   step: 1.01e-03    0.00
         res : 5.36e-07   lamb: 1.00e+00   eps : -6.14e-07   step: 1.01e-03    0.00
         res : 9.30e-08   lamb: 1.00e+00   eps : -6.14e-07   step: 1.01e-03    0.00

     13  0       -77.93254800     6.68e-05      0.72
     13  1       -77.71707169     0.00e+00      0.72

         res : 3.68e-04   lamb: 1.00e+00   eps : -3.79e-07   step: 6.31e-04    0.00
         res : 9.32e-05   lamb: 1.00e+00   eps : -4.41e-07   step: 8.48e-04    0.01
         res : 1.62e-05   lamb: 1.00e+00   eps : -4.44e-07   step: 8.56e-04    0.00
         res : 4.84e-06   lamb: 1.00e+00   eps : -4.44e-07   step: 8.58e-04    0.00
         res : 1.74e-06   lamb: 1.00e+00   eps : -4.44e-07   step: 8.60e-04    0.00
         res : 4.60e-07   lamb: 1.00e+00   eps : -4.44e-07   step: 8.60e-04    0.00
         res : 7.96e-08   lamb: 1.00e+00   eps : -4.44e-07   step: 8.60e-04    0.00

     14  0       -77.93255194     5.67e-05      1.23
     14  1       -77.71706857     0.00e+00      1.23

         res : 3.13e-04   lamb: 1.00e+00   eps : -2.73e-07   step: 5.35e-04    0.00
         res : 7.92e-05   lamb: 1.00e+00   eps : -3.18e-07   step: 7.19e-04    0.00
         res : 1.38e-05   lamb: 1.00e+00   eps : -3.20e-07   step: 7.26e-04    0.00
         res : 4.13e-06   lamb: 1.00e+00   eps : -3.20e-07   step: 7.28e-04    0.00
         res : 1.49e-06   lamb: 1.00e+00   eps : -3.20e-07   step: 7.30e-04    0.00
         res : 3.94e-07   lamb: 1.00e+00   eps : -3.20e-07   step: 7.30e-04    0.00
         res : 6.79e-08   lamb: 1.00e+00   eps : -3.20e-07   step: 7.30e-04    0.00

     15  0       -77.93255533     4.81e-05      0.71
     15  1       -77.71706577     0.00e+00      0.71

         res : 2.65e-04   lamb: 1.00e+00   eps : -1.96e-07   step: 4.53e-04    0.00
         res : 6.71e-05   lamb: 1.00e+00   eps : -2.28e-07   step: 6.09e-04    0.00
         res : 1.18e-05   lamb: 1.00e+00   eps : -2.30e-07   step: 6.15e-04    0.00
         res : 3.51e-06   lamb: 1.00e+00   eps : -2.30e-07   step: 6.17e-04    0.00
         res : 1.27e-06   lamb: 1.00e+00   eps : -2.30e-07   step: 6.18e-04    0.00
         res : 3.36e-07   lamb: 1.00e+00   eps : -2.30e-07   step: 6.18e-04    0.00
         res : 5.77e-08   lamb: 1.00e+00   eps : -2.30e-07   step: 6.18e-04    0.00

     16  0       -77.93255823     4.06e-05      1.12
     16  1       -77.71706330     0.00e+00      1.12

         res : 2.24e-04   lamb: 1.00e+00   eps : -1.40e-07   step: 3.83e-04    0.00
         res : 5.67e-05   lamb: 1.00e+00   eps : -1.63e-07   step: 5.15e-04    0.00
         res : 9.98e-06   lamb: 1.00e+00   eps : -1.64e-07   step: 5.20e-04    0.00
         res : 2.98e-06   lamb: 1.00e+00   eps : -1.64e-07   step: 5.21e-04    0.00
         res : 1.08e-06   lamb: 1.00e+00   eps : -1.64e-07   step: 5.22e-04    0.00
         res : 2.85e-07   lamb: 1.00e+00   eps : -1.64e-07   step: 5.23e-04    0.00
         res : 4.90e-08   lamb: 1.00e+00   eps : -1.64e-07   step: 5.22e-04    0.00

     17  0       -77.93256069     3.43e-05      0.83
     17  1       -77.71706114     0.00e+00      0.83

         res : 1.89e-04   lamb: 1.00e+00   eps : -9.99e-08   step: 3.24e-04    0.00
         res : 4.79e-05   lamb: 1.00e+00   eps : -1.16e-07   step: 4.35e-04    0.00
         res : 8.46e-06   lamb: 1.00e+00   eps : -1.17e-07   step: 4.39e-04    0.00
         res : 2.52e-06   lamb: 1.00e+00   eps : -1.17e-07   step: 4.40e-04    0.00
         res : 9.19e-07   lamb: 1.00e+00   eps : -1.17e-07   step: 4.41e-04    0.00
         res : 2.42e-07   lamb: 1.00e+00   eps : -1.17e-07   step: 4.41e-04    0.00
         res : 4.15e-08   lamb: 1.00e+00   eps : -1.17e-07   step: 4.41e-04    0.00

     18  0       -77.93256279     2.89e-05      1.30
     18  1       -77.71705925     0.00e+00      1.30

         res : 1.59e-04   lamb: 1.00e+00   eps : -7.10e-08   step: 2.73e-04    0.00
         res : 4.04e-05   lamb: 1.00e+00   eps : -8.27e-08   step: 3.66e-04    0.00
         res : 7.15e-06   lamb: 1.00e+00   eps : -8.33e-08   step: 3.70e-04    0.00
         res : 2.13e-06   lamb: 1.00e+00   eps : -8.33e-08   step: 3.71e-04    0.00
         res : 7.79e-07   lamb: 1.00e+00   eps : -8.33e-08   step: 3.72e-04    0.00
         res : 2.05e-07   lamb: 1.00e+00   eps : -8.33e-08   step: 3.72e-04    0.00
         res : 3.50e-08   lamb: 1.00e+00   eps : -8.33e-08   step: 3.72e-04    0.00

     19  0       -77.93256457     2.44e-05      0.89
     19  1       -77.71705763     0.00e+00      0.89

         res : 1.34e-04   lamb: 1.00e+00   eps : -5.04e-08   step: 2.30e-04    0.00
         res : 3.40e-05   lamb: 1.00e+00   eps : -5.87e-08   step: 3.09e-04    0.00
         res : 6.04e-06   lamb: 1.00e+00   eps : -5.91e-08   step: 3.11e-04    0.00
         res : 1.80e-06   lamb: 1.00e+00   eps : -5.91e-08   step: 3.12e-04    0.00
         res : 6.58e-07   lamb: 1.00e+00   eps : -5.91e-08   step: 3.13e-04    0.00
         res : 1.73e-07   lamb: 1.00e+00   eps : -5.91e-08   step: 3.13e-04    0.00
         res : 2.96e-08   lamb: 1.00e+00   eps : -5.91e-08   step: 3.13e-04    0.00

     20  0       -77.93256608     2.05e-05      1.01
     20  1       -77.71705623     0.00e+00      1.01

         res : 1.13e-04   lamb: 1.00e+00   eps : -3.57e-08   step: 1.93e-04    0.00
         res : 2.87e-05   lamb: 1.00e+00   eps : -4.15e-08   step: 2.60e-04    0.00
         res : 5.09e-06   lamb: 1.00e+00   eps : -4.18e-08   step: 2.62e-04    0.00
         res : 1.52e-06   lamb: 1.00e+00   eps : -4.18e-08   step: 2.63e-04    0.00
         res : 5.56e-07   lamb: 1.00e+00   eps : -4.18e-08   step: 2.63e-04    0.00
         res : 1.46e-07   lamb: 1.00e+00   eps : -4.18e-08   step: 2.63e-04    0.00
         res : 2.49e-08   lamb: 1.00e+00   eps : -4.18e-08   step: 2.63e-04    0.00

     21  0       -77.93256735     1.72e-05      0.97
     21  1       -77.71705504     0.00e+00      0.97

         res : 9.50e-05   lamb: 1.00e+00   eps : -2.52e-08   step: 1.63e-04    0.00
         res : 2.41e-05   lamb: 1.00e+00   eps : -2.94e-08   step: 2.18e-04    0.00
         res : 4.29e-06   lamb: 1.00e+00   eps : -2.96e-08   step: 2.20e-04    0.00
         res : 1.28e-06   lamb: 1.00e+00   eps : -2.96e-08   step: 2.21e-04    0.00
         res : 4.69e-07   lamb: 1.00e+00   eps : -2.96e-08   step: 2.21e-04    0.00
         res : 1.23e-07   lamb: 1.00e+00   eps : -2.96e-08   step: 2.21e-04    0.00
         res : 2.10e-08   lamb: 1.00e+00   eps : -2.96e-08   step: 2.21e-04    0.00

     22  0       -77.93256842     1.45e-05      1.28
     22  1       -77.71705402     0.00e+00      1.28

         res : 7.98e-05   lamb: 1.00e+00   eps : -1.78e-08   step: 1.37e-04    0.00
         res : 2.02e-05   lamb: 1.00e+00   eps : -2.07e-08   step: 1.83e-04    0.00
         res : 3.61e-06   lamb: 1.00e+00   eps : -2.09e-08   step: 1.85e-04    0.00
         res : 1.07e-06   lamb: 1.00e+00   eps : -2.09e-08   step: 1.86e-04    0.00
         res : 3.95e-07   lamb: 1.00e+00   eps : -2.09e-08   step: 1.86e-04    0.00
         res : 1.03e-07   lamb: 1.00e+00   eps : -2.09e-08   step: 1.86e-04    0.00
         res : 1.76e-08   lamb: 1.00e+00   eps : -2.09e-08   step: 1.86e-04    0.00

     23  0       -77.93256933     1.22e-05      0.94
     23  1       -77.71705315     0.00e+00      0.94

         res : 6.70e-05   lamb: 1.00e+00   eps : -1.26e-08   step: 1.15e-04    0.00
         res : 1.70e-05   lamb: 1.00e+00   eps : -1.46e-08   step: 1.54e-04    0.00
         res : 3.03e-06   lamb: 1.00e+00   eps : -1.47e-08   step: 1.55e-04    0.00
         res : 9.03e-07   lamb: 1.00e+00   eps : -1.47e-08   step: 1.56e-04    0.00
         res : 3.32e-07   lamb: 1.00e+00   eps : -1.47e-08   step: 1.56e-04    0.00
         res : 8.70e-08   lamb: 1.00e+00   eps : -1.47e-08   step: 1.56e-04    0.00
         res : 1.48e-08   lamb: 1.00e+00   eps : -1.47e-08   step: 1.56e-04    0.00

     24  0       -77.93257009     1.02e-05      0.81
     24  1       -77.71705242     0.00e+00      0.81

         res : 5.62e-05   lamb: 1.00e+00   eps : -8.84e-09   step: 9.62e-05    0.00
         res : 1.43e-05   lamb: 1.00e+00   eps : -1.03e-08   step: 1.29e-04    0.00
         res : 2.55e-06   lamb: 1.00e+00   eps : -1.04e-08   step: 1.30e-04    0.00
         res : 7.59e-07   lamb: 1.00e+00   eps : -1.04e-08   step: 1.31e-04    0.00
         res : 2.79e-07   lamb: 1.00e+00   eps : -1.04e-08   step: 1.31e-04    0.00
         res : 7.31e-08   lamb: 1.00e+00   eps : -1.04e-08   step: 1.31e-04    0.00
         res : 1.25e-08   lamb: 1.00e+00   eps : -1.04e-08   step: 1.31e-04    0.00

     25  0       -77.93257073     8.56e-06      1.00
     25  1       -77.71705180     0.00e+00      1.00

         res : 4.72e-05   lamb: 1.00e+00   eps : -6.22e-09   step: 8.07e-05    0.00
         res : 1.20e-05   lamb: 1.00e+00   eps : -7.24e-09   step: 1.08e-04    0.00
         res : 2.14e-06   lamb: 1.00e+00   eps : -7.29e-09   step: 1.09e-04    0.00
         res : 6.37e-07   lamb: 1.00e+00   eps : -7.29e-09   step: 1.10e-04    0.00
         res : 2.35e-07   lamb: 1.00e+00   eps : -7.29e-09   step: 1.10e-04    0.00
         res : 6.14e-08   lamb: 1.00e+00   eps : -7.29e-09   step: 1.10e-04    0.00
         res : 1.05e-08   lamb: 1.00e+00   eps : -7.29e-09   step: 1.10e-04    0.00

     26  0       -77.93257126     7.18e-06      0.79
     26  1       -77.71705127     0.00e+00      0.79

         res : 3.96e-05   lamb: 1.00e+00   eps : -4.38e-09   step: 6.77e-05    0.00
         res : 1.00e-05   lamb: 1.00e+00   eps : -5.10e-09   step: 9.09e-05    0.00
         res : 1.80e-06   lamb: 1.00e+00   eps : -5.13e-09   step: 9.17e-05    0.00
         res : 5.34e-07   lamb: 1.00e+00   eps : -5.13e-09   step: 9.20e-05    0.00
         res : 1.97e-07   lamb: 1.00e+00   eps : -5.13e-09   step: 9.22e-05    0.00
         res : 5.16e-08   lamb: 1.00e+00   eps : -5.13e-09   step: 9.22e-05    0.00
         res : 8.78e-09   lamb: 1.00e+00   eps : -5.13e-09   step: 9.22e-05    0.00

     27  0       -77.93257171     6.02e-06      1.20
     27  1       -77.71705083     0.00e+00      1.20

         res : 3.32e-05   lamb: 1.00e+00   eps : -3.08e-09   step: 5.68e-05    0.00
         res : 8.42e-06   lamb: 1.00e+00   eps : -3.58e-09   step: 7.62e-05    0.00
         res : 1.51e-06   lamb: 1.00e+00   eps : -3.61e-09   step: 7.69e-05    0.00
         res : 4.48e-07   lamb: 1.00e+00   eps : -3.61e-09   step: 7.71e-05    0.00
         res : 1.65e-07   lamb: 1.00e+00   eps : -3.61e-09   step: 7.73e-05    0.00
         res : 4.33e-08   lamb: 1.00e+00   eps : -3.61e-09   step: 7.73e-05    0.00
         res : 7.36e-09   lamb: 1.00e+00   eps : -3.61e-09   step: 7.73e-05    0.00

     28  0       -77.93257209     5.05e-06      0.81
     28  1       -77.71705046     0.00e+00      0.81

         res : 2.78e-05   lamb: 1.00e+00   eps : -2.16e-09   step: 4.76e-05    0.00
         res : 7.06e-06   lamb: 1.00e+00   eps : -2.52e-09   step: 6.38e-05    0.00
         res : 1.26e-06   lamb: 1.00e+00   eps : -2.53e-09   step: 6.45e-05    0.00
         res : 3.76e-07   lamb: 1.00e+00   eps : -2.53e-09   step: 6.47e-05    0.00
         res : 1.39e-07   lamb: 1.00e+00   eps : -2.53e-09   step: 6.48e-05    0.00
         res : 3.63e-08   lamb: 1.00e+00   eps : -2.53e-09   step: 6.48e-05    0.00
         res : 6.17e-09   lamb: 1.00e+00   eps : -2.53e-09   step: 6.48e-05    0.00

     29  0       -77.93257241     4.23e-06      1.05
     29  1       -77.71705015     0.00e+00      1.05

         res : 2.33e-05   lamb: 1.00e+00   eps : -1.52e-09   step: 3.99e-05    0.00
         res : 5.91e-06   lamb: 1.00e+00   eps : -1.77e-09   step: 5.35e-05    0.00
         res : 1.06e-06   lamb: 1.00e+00   eps : -1.78e-09   step: 5.40e-05    0.00
         res : 3.15e-07   lamb: 1.00e+00   eps : -1.78e-09   step: 5.42e-05    0.00
         res : 1.16e-07   lamb: 1.00e+00   eps : -1.78e-09   step: 5.43e-05    0.00
         res : 3.04e-08   lamb: 1.00e+00   eps : -1.78e-09   step: 5.43e-05    0.00
         res : 5.18e-09   lamb: 1.00e+00   eps : -1.78e-09   step: 5.43e-05    0.00

     30  0       -77.93257268     3.54e-06      0.95
     30  1       -77.71704988     0.00e+00      0.95

         res : 1.95e-05   lamb: 1.00e+00   eps : -1.07e-09   step: 3.34e-05    0.00
         res : 4.96e-06   lamb: 1.00e+00   eps : -1.24e-09   step: 4.48e-05    0.00
         res : 8.88e-07   lamb: 1.00e+00   eps : -1.25e-09   step: 4.53e-05    0.00
         res : 2.64e-07   lamb: 1.00e+00   eps : -1.25e-09   step: 4.54e-05    0.00
         res : 9.75e-08   lamb: 1.00e+00   eps : -1.25e-09   step: 4.55e-05    0.00
         res : 2.55e-08   lamb: 1.00e+00   eps : -1.25e-09   step: 4.55e-05    0.00
         res : 4.34e-09   lamb: 1.00e+00   eps : -1.25e-09   step: 4.55e-05    0.00

     31  0       -77.93257290     2.97e-06      1.05
     31  1       -77.71704966     0.00e+00      1.05

         res : 1.64e-05   lamb: 1.00e+00   eps : -7.48e-10   step: 2.80e-05    0.00
         res : 4.15e-06   lamb: 1.00e+00   eps : -8.71e-10   step: 3.76e-05    0.00
         res : 7.44e-07   lamb: 1.00e+00   eps : -8.77e-10   step: 3.79e-05    0.00
         res : 2.21e-07   lamb: 1.00e+00   eps : -8.77e-10   step: 3.80e-05    0.00
         res : 8.17e-08   lamb: 1.00e+00   eps : -8.77e-10   step: 3.81e-05    0.00
         res : 2.14e-08   lamb: 1.00e+00   eps : -8.77e-10   step: 3.81e-05    0.00
         res : 3.63e-09   lamb: 1.00e+00   eps : -8.77e-10   step: 3.81e-05    0.00

     32  0       -77.93257309     2.49e-06      0.82
     32  1       -77.71704948     0.00e+00      0.82

         res : 1.37e-05   lamb: 1.00e+00   eps : -5.25e-10   step: 2.34e-05    0.00
         res : 3.48e-06   lamb: 1.00e+00   eps : -6.11e-10   step: 3.15e-05    0.00
         res : 6.23e-07   lamb: 1.00e+00   eps : -6.15e-10   step: 3.18e-05    0.00
         res : 1.85e-07   lamb: 1.00e+00   eps : -6.15e-10   step: 3.19e-05    0.00
         res : 6.85e-08   lamb: 1.00e+00   eps : -6.15e-10   step: 3.19e-05    0.00
         res : 1.79e-08   lamb: 1.00e+00   eps : -6.15e-10   step: 3.19e-05    0.00
         res : 3.05e-09   lamb: 1.00e+00   eps : -6.15e-10   step: 3.19e-05    0.00

     33  0       -77.93257324     2.08e-06      0.98
     33  1       -77.71704932     0.00e+00      0.98

         res : 1.15e-05   lamb: 1.00e+00   eps : -3.68e-10   step: 1.96e-05    0.00
         res : 2.91e-06   lamb: 1.00e+00   eps : -4.29e-10   step: 2.63e-05    0.00
         res : 5.22e-07   lamb: 1.00e+00   eps : -4.32e-10   step: 2.66e-05    0.00
         res : 1.55e-07   lamb: 1.00e+00   eps : -4.32e-10   step: 2.67e-05    0.00
         res : 5.74e-08   lamb: 1.00e+00   eps : -4.32e-10   step: 2.67e-05    0.00
         res : 1.50e-08   lamb: 1.00e+00   eps : -4.32e-10   step: 2.67e-05    0.00
         res : 2.55e-09   lamb: 1.00e+00   eps : -4.32e-10   step: 2.67e-05    0.00

     34  0       -77.93257338     1.74e-06      1.02
     34  1       -77.71704919     0.00e+00      1.02

         res : 9.61e-06   lamb: 1.00e+00   eps : -2.58e-10   step: 1.64e-05    0.00
         res : 2.44e-06   lamb: 1.00e+00   eps : -3.01e-10   step: 2.21e-05    0.00
         res : 4.37e-07   lamb: 1.00e+00   eps : -3.03e-10   step: 2.23e-05    0.00
         res : 1.30e-07   lamb: 1.00e+00   eps : -3.03e-10   step: 2.24e-05    0.00
         res : 4.81e-08   lamb: 1.00e+00   eps : -3.03e-10   step: 2.24e-05    0.00
         res : 1.26e-08   lamb: 1.00e+00   eps : -3.03e-10   step: 2.24e-05    0.00
         res : 2.14e-09   lamb: 1.00e+00   eps : -3.03e-10   step: 2.24e-05    0.00

     35  0       -77.93257349     1.46e-06      0.81
     35  1       -77.71704908     0.00e+00      0.81

         res : 8.05e-06   lamb: 1.00e+00   eps : -1.81e-10   step: 1.38e-05    0.00
         res : 2.04e-06   lamb: 1.00e+00   eps : -2.11e-10   step: 1.85e-05    0.00
         res : 3.66e-07   lamb: 1.00e+00   eps : -2.12e-10   step: 1.87e-05    0.00
         res : 1.09e-07   lamb: 1.00e+00   eps : -2.12e-10   step: 1.87e-05    0.00
         res : 4.03e-08   lamb: 1.00e+00   eps : -2.12e-10   step: 1.87e-05    0.00
         res : 1.05e-08   lamb: 1.00e+00   eps : -2.12e-10   step: 1.88e-05    0.00
         res : 1.79e-09   lamb: 1.00e+00   eps : -2.12e-10   step: 1.88e-05    0.00

     36  0       -77.93257358     1.22e-06      0.99
     36  1       -77.71704899     0.00e+00      0.99

         res : 6.74e-06   lamb: 1.00e+00   eps : -1.27e-10   step: 1.15e-05    0.00
         res : 1.71e-06   lamb: 1.00e+00   eps : -1.48e-10   step: 1.55e-05    0.00
         res : 3.07e-07   lamb: 1.00e+00   eps : -1.49e-10   step: 1.56e-05    0.00
         res : 9.13e-08   lamb: 1.00e+00   eps : -1.49e-10   step: 1.57e-05    0.00
         res : 3.37e-08   lamb: 1.00e+00   eps : -1.49e-10   step: 1.57e-05    0.00
         res : 8.82e-09   lamb: 1.00e+00   eps : -1.49e-10   step: 1.57e-05    0.00
         res : 1.50e-09   lamb: 1.00e+00   eps : -1.49e-10   step: 1.57e-05    0.00

     37  0       -77.93257366     1.02e-06      1.00
     37  1       -77.71704891     0.00e+00      1.00

         res : 5.65e-06   lamb: 1.00e+00   eps : -8.91e-11   step: 9.66e-06    0.00
         res : 1.43e-06   lamb: 1.00e+00   eps : -1.04e-10   step: 1.30e-05    0.00
         res : 2.57e-07   lamb: 1.00e+00   eps : -1.04e-10   step: 1.31e-05    0.00
         res : 7.64e-08   lamb: 1.00e+00   eps : -1.04e-10   step: 1.31e-05    0.00
         res : 2.83e-08   lamb: 1.00e+00   eps : -1.04e-10   step: 1.31e-05    0.00
         res : 7.38e-09   lamb: 1.00e+00   eps : -1.04e-10   step: 1.32e-05    0.00
         res : 1.26e-09   lamb: 1.00e+00   eps : -1.04e-10   step: 1.32e-05    0.00

     38  0       -77.93257372     8.58e-07      0.87
     38  1       -77.71704885     0.00e+00      0.87

         res : 4.73e-06   lamb: 1.00e+00   eps : -6.25e-11   step: 8.09e-06    0.00
         res : 1.20e-06   lamb: 1.00e+00   eps : -7.27e-11   step: 1.09e-05    0.00
         res : 2.15e-07   lamb: 1.00e+00   eps : -7.32e-11   step: 1.10e-05    0.00
         res : 6.40e-08   lamb: 1.00e+00   eps : -7.32e-11   step: 1.10e-05    0.00
         res : 2.37e-08   lamb: 1.00e+00   eps : -7.32e-11   step: 1.10e-05    0.00
         res : 6.18e-09   lamb: 1.00e+00   eps : -7.32e-11   step: 1.10e-05    0.00
         res : 1.05e-09   lamb: 1.00e+00   eps : -7.32e-11   step: 1.10e-05    0.00

     39  0       -77.93257377     7.18e-07      1.29
     39  1       -77.71704879     0.00e+00      1.29

         res : 3.96e-06   lamb: 1.00e+00   eps : -4.38e-11   step: 6.77e-06    0.00
         res : 1.00e-06   lamb: 1.00e+00   eps : -5.10e-11   step: 9.08e-06    0.00
         res : 1.80e-07   lamb: 1.00e+00   eps : -5.13e-11   step: 9.17e-06    0.00
         res : 5.36e-08   lamb: 1.00e+00   eps : -5.13e-11   step: 9.20e-06    0.00
         res : 1.98e-08   lamb: 1.00e+00   eps : -5.13e-11   step: 9.22e-06    0.00
         res : 5.18e-09   lamb: 1.00e+00   eps : -5.13e-11   step: 9.22e-06    0.00
         res : 8.80e-10   lamb: 1.00e+00   eps : -5.13e-11   step: 9.22e-06    0.00

     40  0       -77.93257382     6.01e-07      0.84
     40  1       -77.71704875     0.00e+00      0.84

         res : 3.31e-06   lamb: 1.00e+00   eps : -3.07e-11   step: 5.67e-06    0.00
         res : 8.41e-07   lamb: 1.00e+00   eps : -3.57e-11   step: 7.61e-06    0.00
         res : 1.51e-07   lamb: 1.00e+00   eps : -3.60e-11   step: 7.68e-06    0.00
         res : 4.49e-08   lamb: 1.00e+00   eps : -3.60e-11   step: 7.70e-06    0.00
         res : 1.66e-08   lamb: 1.00e+00   eps : -3.60e-11   step: 7.72e-06    0.00
         res : 4.34e-09   lamb: 1.00e+00   eps : -3.60e-11   step: 7.72e-06    0.00

     41  0       -77.93257386     5.04e-07      0.92
     41  1       -77.71704871     0.00e+00      0.92

         res : 2.77e-06   lamb: 1.00e+00   eps : -2.15e-11   step: 4.75e-06    0.00
         res : 7.04e-07   lamb: 1.00e+00   eps : -2.51e-11   step: 6.37e-06    0.00
         res : 1.26e-07   lamb: 1.00e+00   eps : -2.52e-11   step: 6.43e-06    0.00
         res : 3.76e-08   lamb: 1.00e+00   eps : -2.52e-11   step: 6.45e-06    0.00
         res : 1.39e-08   lamb: 1.00e+00   eps : -2.52e-11   step: 6.46e-06    0.00
         res : 3.64e-09   lamb: 1.00e+00   eps : -2.52e-11   step: 6.46e-06    0.00

     42  0       -77.93257389     4.22e-07      0.93
     42  1       -77.71704868     0.00e+00      0.93

         res : 2.32e-06   lamb: 1.00e+00   eps : -1.51e-11   step: 3.97e-06    0.00
         res : 5.90e-07   lamb: 1.00e+00   eps : -1.76e-11   step: 5.33e-06    0.00
         res : 1.06e-07   lamb: 1.00e+00   eps : -1.77e-11   step: 5.38e-06    0.00
         res : 3.15e-08   lamb: 1.00e+00   eps : -1.77e-11   step: 5.40e-06    0.00
         res : 1.17e-08   lamb: 1.00e+00   eps : -1.77e-11   step: 5.41e-06    0.00
         res : 3.04e-09   lamb: 1.00e+00   eps : -1.77e-11   step: 5.41e-06    0.00

     43  0       -77.93257392     3.53e-07      0.87
     43  1       -77.71704865     0.00e+00      0.87

         res : 1.94e-06   lamb: 1.00e+00   eps : -1.06e-11   step: 3.33e-06    0.00
         res : 4.94e-07   lamb: 1.00e+00   eps : -1.23e-11   step: 4.46e-06    0.00
         res : 8.86e-08   lamb: 1.00e+00   eps : -1.24e-11   step: 4.51e-06    0.00
         res : 2.63e-08   lamb: 1.00e+00   eps : -1.24e-11   step: 4.52e-06    0.00
         res : 9.76e-09   lamb: 1.00e+00   eps : -1.24e-11   step: 4.53e-06    0.00
         res : 2.55e-09   lamb: 1.00e+00   eps : -1.24e-11   step: 4.53e-06    0.00

     44  0       -77.93257394     2.96e-07      0.80
     44  1       -77.71704863     0.00e+00      0.80

         res : 1.63e-06   lamb: 1.00e+00   eps : -7.41e-12   step: 2.78e-06    0.00
         res : 4.13e-07   lamb: 1.00e+00   eps : -8.63e-12   step: 3.74e-06    0.00
         res : 7.42e-08   lamb: 1.00e+00   eps : -8.68e-12   step: 3.77e-06    0.00
         res : 2.21e-08   lamb: 1.00e+00   eps : -8.69e-12   step: 3.79e-06    0.00
         res : 8.17e-09   lamb: 1.00e+00   eps : -8.69e-12   step: 3.79e-06    0.00
         res : 2.13e-09   lamb: 1.00e+00   eps : -8.69e-12   step: 3.79e-06    0.00

     45  0       -77.93257396     2.47e-07      1.05
     45  1       -77.71704861     0.00e+00      1.05

         res : 1.36e-06   lamb: 1.00e+00   eps : -5.19e-12   step: 2.33e-06    0.00
         res : 3.46e-07   lamb: 1.00e+00   eps : -6.05e-12   step: 3.13e-06    0.00
         res : 6.21e-08   lamb: 1.00e+00   eps : -6.09e-12   step: 3.16e-06    0.00
         res : 1.85e-08   lamb: 1.00e+00   eps : -6.09e-12   step: 3.17e-06    0.00
         res : 6.84e-09   lamb: 1.00e+00   eps : -6.09e-12   step: 3.17e-06    0.00
         res : 1.79e-09   lamb: 1.00e+00   eps : -6.09e-12   step: 3.18e-06    0.00

     46  0       -77.93257397     2.07e-07      1.01
     46  1       -77.71704859     0.00e+00      1.01

         res : 1.14e-06   lamb: 1.00e+00   eps : -3.64e-12   step: 1.95e-06    0.00
         res : 2.90e-07   lamb: 1.00e+00   eps : -4.24e-12   step: 2.62e-06    0.00
         res : 5.20e-08   lamb: 1.00e+00   eps : -4.27e-12   step: 2.64e-06    0.00
         res : 1.55e-08   lamb: 1.00e+00   eps : -4.27e-12   step: 2.65e-06    0.00
         res : 5.73e-09   lamb: 1.00e+00   eps : -4.27e-12   step: 2.66e-06    0.00
         res : 1.50e-09   lamb: 1.00e+00   eps : -4.27e-12   step: 2.66e-06    0.00

     47  0       -77.93257399     1.73e-07      0.89
     47  1       -77.71704858     0.00e+00      0.89

         res : 9.55e-07   lamb: 1.00e+00   eps : -2.55e-12   step: 1.63e-06    0.00
         res : 2.43e-07   lamb: 1.00e+00   eps : -2.97e-12   step: 2.19e-06    0.00
         res : 4.35e-08   lamb: 1.00e+00   eps : -2.99e-12   step: 2.21e-06    0.00
         res : 1.29e-08   lamb: 1.00e+00   eps : -2.99e-12   step: 2.22e-06    0.00
         res : 4.80e-09   lamb: 1.00e+00   eps : -2.99e-12   step: 2.22e-06    0.00

     48  0       -77.93257400     1.45e-07      0.99
     48  1       -77.71704857     0.00e+00      0.99

         res : 8.00e-07   lamb: 1.00e+00   eps : -1.79e-12   step: 1.37e-06    0.00
         res : 2.03e-07   lamb: 1.00e+00   eps : -2.08e-12   step: 1.84e-06    0.00
         res : 3.65e-08   lamb: 1.00e+00   eps : -2.10e-12   step: 1.85e-06    0.00
         res : 1.09e-08   lamb: 1.00e+00   eps : -2.10e-12   step: 1.86e-06    0.00
         res : 4.03e-09   lamb: 1.00e+00   eps : -2.10e-12   step: 1.86e-06    0.00

     49  0       -77.93257401     1.22e-07      0.88
     49  1       -77.71704856     0.00e+00      0.88

         res : 6.70e-07   lamb: 1.00e+00   eps : -1.25e-12   step: 1.15e-06    0.00
         res : 1.70e-07   lamb: 1.00e+00   eps : -1.46e-12   step: 1.54e-06    0.00
         res : 3.06e-08   lamb: 1.00e+00   eps : -1.47e-12   step: 1.55e-06    0.00
         res : 9.14e-09   lamb: 1.00e+00   eps : -1.47e-12   step: 1.56e-06    0.00
         res : 3.38e-09   lamb: 1.00e+00   eps : -1.47e-12   step: 1.56e-06    0.00

     50  0       -77.93257401     1.02e-07      1.10
     50  1       -77.71704855     0.00e+00      1.10

         res : 5.61e-07   lamb: 1.00e+00   eps : -8.79e-13   step: 9.59e-07    0.00
         res : 1.42e-07   lamb: 1.00e+00   eps : -1.02e-12   step: 1.29e-06    0.00
         res : 2.56e-08   lamb: 1.00e+00   eps : -1.03e-12   step: 1.30e-06    0.00
         res : 7.65e-09   lamb: 1.00e+00   eps : -1.03e-12   step: 1.30e-06    0.00
         res : 2.83e-09   lamb: 1.00e+00   eps : -1.03e-12   step: 1.31e-06    0.00

     51  0       -77.93257402     8.52e-08      0.94
     51  1       -77.71704855     0.00e+00      0.94

         res : 4.69e-07   lamb: 1.00e+00   eps : -6.16e-13   step: 8.03e-07    0.00
         res : 1.19e-07   lamb: 1.00e+00   eps : -7.17e-13   step: 1.08e-06    0.00
         res : 2.14e-08   lamb: 1.00e+00   eps : -7.22e-13   step: 1.09e-06    0.00
         res : 6.41e-09   lamb: 1.00e+00   eps : -7.22e-13   step: 1.09e-06    0.00
         res : 2.37e-09   lamb: 1.00e+00   eps : -7.22e-13   step: 1.09e-06    0.00

     52  0       -77.93257403     7.13e-08      0.91
     52  1       -77.71704854     0.00e+00      0.91

         res : 3.93e-07   lamb: 1.00e+00   eps : -4.32e-13   step: 6.72e-07    0.00
         res : 9.97e-08   lamb: 1.00e+00   eps : -5.02e-13   step: 9.02e-07    0.00
         res : 1.79e-08   lamb: 1.00e+00   eps : -5.06e-13   step: 9.11e-07    0.00
         res : 5.36e-09   lamb: 1.00e+00   eps : -5.06e-13   step: 9.14e-07    0.00
         res : 1.98e-09   lamb: 1.00e+00   eps : -5.06e-13   step: 9.15e-07    0.00

     53  0       -77.93257403     5.97e-08      0.88
     53  1       -77.71704854     0.00e+00      0.88

         res : 3.29e-07   lamb: 1.00e+00   eps : -3.02e-13   step: 5.63e-07    0.00
         res : 8.35e-08   lamb: 1.00e+00   eps : -3.52e-13   step: 7.55e-07    0.00
         res : 1.50e-08   lamb: 1.00e+00   eps : -3.54e-13   step: 7.63e-07    0.00
         res : 4.49e-09   lamb: 1.00e+00   eps : -3.55e-13   step: 7.65e-07    0.00

     54  0       -77.93257403     4.99e-08      0.90
     54  1       -77.71704853     0.00e+00      0.90

         res : 2.75e-07   lamb: 1.00e+00   eps : -2.12e-13   step: 4.72e-07    0.00
         res : 7.00e-08   lamb: 1.00e+00   eps : -2.47e-13   step: 6.33e-07    0.00
         res : 1.25e-08   lamb: 1.00e+00   eps : -2.48e-13   step: 6.40e-07    0.00
         res : 3.68e-09   lamb: 1.00e+00   eps : -2.48e-13   step: 6.42e-07    0.00

     55  0       -77.93257404     4.18e-08      0.99
     55  1       -77.71704853     0.00e+00      0.99

         res : 2.30e-07   lamb: 1.00e+00   eps : -1.49e-13   step: 3.95e-07    0.00
         res : 5.86e-08   lamb: 1.00e+00   eps : -1.73e-13   step: 5.30e-07    0.00
         res : 1.04e-08   lamb: 1.00e+00   eps : -1.74e-13   step: 5.35e-07    0.00
         res : 3.08e-09   lamb: 1.00e+00   eps : -1.74e-13   step: 5.37e-07    0.00

     56  0       -77.93257404     3.50e-08      1.00
     56  1       -77.71704853     0.00e+00      1.00

         res : 1.93e-07   lamb: 1.00e+00   eps : -1.04e-13   step: 3.31e-07    0.00
         res : 4.90e-08   lamb: 1.00e+00   eps : -1.21e-13   step: 4.44e-07    0.00
         res : 8.74e-09   lamb: 1.00e+00   eps : -1.22e-13   step: 4.48e-07    0.00
         res : 2.58e-09   lamb: 1.00e+00   eps : -1.22e-13   step: 4.50e-07    0.00

     57  0       -77.93257404     2.93e-08      0.96
     57  1       -77.71704853     0.00e+00      0.96

         res : 1.61e-07   lamb: 1.00e+00   eps : -7.30e-14   step: 2.77e-07    0.00
         res : 4.11e-08   lamb: 1.00e+00   eps : -8.49e-14   step: 3.72e-07    0.00
         res : 7.32e-09   lamb: 1.00e+00   eps : -8.55e-14   step: 3.75e-07    0.00
         res : 2.16e-09   lamb: 1.00e+00   eps : -8.55e-14   step: 3.76e-07    0.00

     58  0       -77.93257404     2.45e-08      0.85
     58  1       -77.71704852     0.00e+00      0.85

         res : 1.35e-07   lamb: 1.00e+00   eps : -5.11e-14   step: 2.32e-07    0.00
         res : 3.44e-08   lamb: 1.00e+00   eps : -5.95e-14   step: 3.11e-07    0.00
         res : 6.13e-09   lamb: 1.00e+00   eps : -5.99e-14   step: 3.14e-07    0.00
         res : 1.81e-09   lamb: 1.00e+00   eps : -5.99e-14   step: 3.15e-07    0.00

     59  0       -77.93257405     2.05e-08      1.10
     59  1       -77.71704852     0.00e+00      1.10

         res : 1.13e-07   lamb: 1.00e+00   eps : -3.58e-14   step: 1.94e-07    0.00
         res : 2.88e-08   lamb: 1.00e+00   eps : -4.17e-14   step: 2.60e-07    0.00
         res : 5.13e-09   lamb: 1.00e+00   eps : -4.20e-14   step: 2.63e-07    0.00
         res : 1.51e-09   lamb: 1.00e+00   eps : -4.20e-14   step: 2.64e-07    0.00

     60  0       -77.93257405     1.72e-08      0.82
     60  1       -77.71704852     0.00e+00      0.82

         res : 9.47e-08   lamb: 1.00e+00   eps : -2.51e-14   step: 1.62e-07    0.00
         res : 2.41e-08   lamb: 1.00e+00   eps : -2.92e-14   step: 2.18e-07    0.00
         res : 4.29e-09   lamb: 1.00e+00   eps : -2.94e-14   step: 2.20e-07    0.01

     61  0       -77.93257405     1.44e-08      0.98
     61  1       -77.71704852     0.00e+00      0.98

         res : 7.90e-08   lamb: 1.00e+00   eps : -1.76e-14   step: 1.36e-07    0.00
         res : 2.04e-08   lamb: 1.00e+00   eps : -2.05e-14   step: 1.83e-07    0.00
         res : 3.73e-09   lamb: 1.00e+00   eps : -2.06e-14   step: 1.85e-07    0.00

     62  0       -77.93257405     1.21e-08      0.82
     62  1       -77.71704852     0.00e+00      0.82

         res : 6.61e-08   lamb: 1.00e+00   eps : -1.23e-14   step: 1.14e-07    0.00
         res : 1.71e-08   lamb: 1.00e+00   eps : -1.44e-14   step: 1.53e-07    0.00
         res : 3.13e-09   lamb: 1.00e+00   eps : -1.45e-14   step: 1.55e-07    0.00

     63  0       -77.93257405     1.01e-08      0.92
     63  1       -77.71704852     0.00e+00      0.92

         res : 5.54e-08   lamb: 1.00e+00   eps : -8.65e-15   step: 9.53e-08    0.00
         res : 1.43e-08   lamb: 1.00e+00   eps : -1.01e-14   step: 1.28e-07    0.00
         res : 2.62e-09   lamb: 1.00e+00   eps : -1.01e-14   step: 1.30e-07    0.00

     64  0       -77.93257405     8.45e-09      1.01
     64  1       -77.71704852     0.00e+00      1.01

    * Second-order optimization converged. *   

    * Integral transformation done. Elapsed time: 0.21

     guess   0:   closed 1.                   open ..                  
     guess   1:   closed ..                   open 11                  

  === FCI iteration ===

      0  0       -77.92051520     3.05e-02      0.00
      0  1       -77.71692387     1.86e-03      0.00
    - linear dependency detected:    1 /    4    min eigenvalue:     2.2204e-16    max eigenvalue:     2.2204e-16
    * Using canonical orthogonalization due to linear dependency


      1  0 *     -77.93257405     5.89e-17      0.00
      1  1 *     -77.71704852     3.21e-16      0.00

     * ci vector, state   0, <S^2> = 0.0000
       2.     0.9661753248
       .2    -0.1939708851
       ab     0.1201676691
       ba     0.1201676691

     * ci vector, state   1, <S^2> = 0.0000
       ab    -0.6968211616
       ba    -0.6968211616
       2.     0.1666181269

    * METHOD: CASSCF                              63.65


    * METHOD: PRINT                                0.00


  
  ===============================================================

