                 *** CIOpt *** 
 Intersection Optimization and Energy Minimization
 without analytic derivatives or nonadiabatic coupling
       - Ben Levine and Todd Martinez - 
             Copyright 2004-2005        
  SVN Version: 124
  
 Optimizing in Cartesian coordinates
 Intersection search with smoothed gap
   1.0000000000000000E-002
   1.0000000000000000E-002
   1.0000000000000000E-002
   1.0000000000000000E-002
   1.0000000000000000E-002
   1.0000000000000000E-002
   1.0000000000000000E-002
   1.0000000000000000E-002
   1.0000000000000000E-002
   1.0000000000000000E-002
   1.0000000000000000E-002
   1.0000000000000000E-002
   1.0000000000000000E-002
   1.0000000000000000E-002
   1.0000000000000000E-002
   1.0000000000000000E-002
   1.0000000000000000E-002
   1.0000000000000000E-002
 *** Using BFGS Optimization Scheme ***
 Analytic gradients will be used
 Begin Run MolPro... imode =             1
            1
 Read gradient for istate
            1  -9.9970940000000006E-003
            2   6.0342649999999995E-003
            3  -1.6259630000000000E-002
            4   1.8466448000000000E-002
            5  -9.1672820000000002E-003
            6   1.3632590000000000E-002
            7  -3.6251180000000001E-003
            8  -5.8860000000000001E-005
            9   5.6656100000000000E-003
           10   2.0664270000000000E-003
           11  -2.3953770000000003E-003
           12   3.4348000000000001E-004
           13   2.3461889999999999E-003
           14   1.2081850000000003E-003
           15   6.1868999999999996E-004
           16  -9.2568519999999985E-003
           17   4.3790689999999994E-003
           18  -4.0007500000000000E-003
 ...Run MolPro successful
 Begin Run MolPro... imode =             1
            1
 Read gradient for istate
            1  -2.4451995000000002E-002
            2   8.3452579999999994E-003
            3  -1.6290070000000001E-002
            4   3.5843528000000004E-002
            5  -9.1743459999999999E-003
            6   1.2117290000000001E-002
            7  -3.1092880000000003E-003
            8  -1.2079569999999999E-003
            9   1.0400640000000001E-002
           10   3.2228590000000001E-003
           11  -1.7641810000000002E-003
           12  -1.7154500000000001E-003
           13   4.3717149999999991E-003
           14   4.6990299999999996E-004
           15  -8.8826999999999998E-004
           16  -1.5876818999999999E-002
           17   3.3313220000000001E-003
           18  -3.6241400000000001E-003
 ...Run MolPro successful
 In dfunc; eni,enj=   -78.14390419999999        -78.14401660000000      
   -78.14401660000000     
 nefunc =             7
 Gap =    1.1240000000611872E-004
 alpha =    2.5000000372529030E-002
 dlambdagap =     3.500000000000000     
 -0.0099971 -0.0244520  0.0001291 -0.0167727
  0.0060343  0.0083453 -0.0000206  0.0071175
 -0.0162596 -0.0162901  0.0000003 -0.0162739
  0.0184664  0.0358435 -0.0001552  0.0266118
 -0.0091673 -0.0091743  0.0000001 -0.0091706
  0.0136326  0.0121173  0.0000135  0.0129223
 -0.0036251 -0.0031093 -0.0000046 -0.0033833
 -0.0000589 -0.0012080  0.0000103 -0.0005975
  0.0056656  0.0104006 -0.0000423  0.0078851
  0.0020664  0.0032229 -0.0000103  0.0026085
 -0.0023954 -0.0017642 -0.0000056 -0.0020995
  0.0003435 -0.0017155  0.0000184 -0.0006216
  0.0023462  0.0043717 -0.0000181  0.0032956
  0.0012082  0.0004699  0.0000066  0.0008621
  0.0006187 -0.0008883  0.0000135 -0.0000877
 -0.0092569 -0.0158768  0.0000591 -0.0123599
  0.0043791  0.0033313  0.0000094  0.0038879
 -0.0040008 -0.0036241 -0.0000034 -0.0038242
 In dfunc; fval after gcons:   -78.14395863919023     
 Iteration     0 E=    -78.14395864 Cvg=      0.04284612
 Current Geometry
 C    0.0240000000    0.0800000000   -0.4500000000
 C   -0.3060000000   -0.1070000000    0.9580000000
 H    1.0830000000   -0.1580000000   -0.5830000000
 H   -0.1200000000    1.1060000000   -0.7890000000
 H   -0.5400000000   -0.5770000000   -1.1120000000
 H   -0.1410000000   -0.3430000000    1.9770000000
*************************************************
  N=   18   NUMBER OF CORRECTIONS= 5
       INITIAL VALUES
 F= -7.814D+01   GNORM=  4.285D-02
*************************************************

   I   NFN    FUNC        GNORM       STEPLENGTH

 Begin Run MolPro... imode =             1
            1
 Read gradient for istate
            1   3.1422999000000003E-002
            2  -1.4832818999999999E-002
            3   3.7687770000000005E-002
            4   3.3230610000000000E-003
            5   9.6210229999999992E-003
            6  -5.4531410000000005E-002
            7  -2.0657027000000001E-002
            8   5.1976909999999998E-003
            9  -2.0408999999999997E-004
           10  -5.3283170000000002E-003
           11   1.5604480000000001E-002
           12  -5.5922200000000011E-003
           13  -1.1485129000000001E-002
           14  -8.5897179999999995E-003
           15  -1.0421030000000000E-002
           16   2.7244130000000002E-003
           17  -7.0006559999999993E-003
           18   3.3060979999999995E-002
 ...Run MolPro successful
 Begin Run MolPro... imode =             1
            1
 Read gradient for istate
            1  -6.4052190000000007E-003
            2  -4.2398530000000001E-003
            3   3.1649209999999997E-002
            4   5.3903827000000000E-002
            5  -3.5254560000000001E-003
            6  -5.1633899999999997E-002
            7  -2.1616775000000001E-002
            8   3.3792450000000001E-003
            9   1.0555369999999999E-002
           10  -3.3023200000000004E-004
           11   1.7692737999999999E-002
           12  -1.0491729999999999E-002
           13  -7.5782850000000002E-003
           14  -1.0874672000000001E-002
           15  -1.6155909999999998E-002
           16  -1.7973316000000001E-002
           17  -2.4320019999999998E-003
           18   3.6076950000000001E-002
 ...Run MolPro successful
 In dfunc; eni,enj=   -78.14228070000000        -78.15028359999999      
   -78.15028359999999     
 nefunc =             7
 Gap =    8.0028999999939288E-003
 alpha =    2.5000000372529030E-002
 dlambdagap =     3.500000000000000     
  0.0314230 -0.0064052  0.0161216  0.0689346
 -0.0148328 -0.0042399 -0.0045145 -0.0253371
  0.0376878  0.0316492  0.0025735  0.0436758
  0.0033231  0.0539038 -0.0215565 -0.0468343
  0.0096210 -0.0035255  0.0056028  0.0226575
 -0.0545314 -0.0516339 -0.0012349 -0.0574047
 -0.0206570 -0.0216168  0.0004090 -0.0197053
  0.0051977  0.0033792  0.0007750  0.0070009
 -0.0002041  0.0105554 -0.0045855 -0.0108735
 -0.0053283 -0.0003302 -0.0021301 -0.0102846
  0.0156045  0.0176927 -0.0008900  0.0135337
 -0.0055922 -0.0104917  0.0020881 -0.0007337
 -0.0114851 -0.0075783 -0.0016650 -0.0153593
 -0.0085897 -0.0108747  0.0009738 -0.0063239
 -0.0104210 -0.0161559  0.0024441 -0.0047342
  0.0027244 -0.0179733  0.0088210  0.0232489
 -0.0070007 -0.0024320 -0.0019471 -0.0115311
  0.0330610  0.0360770 -0.0012853  0.0300703
 In dfunc; fval after gcons:   -78.13948994607536     
 Iteration     1 E=    -78.13948995 Cvg=      0.12658851
 Current Geometry
 C    0.0631462956    0.0633881874   -0.4120178032
 C   -0.3681100849   -0.0855964453    0.9278401881
 H    1.0908964635   -0.1566055061   -0.6014033065
 H   -0.1260880463    1.1109001187   -0.7875491785
 H   -0.5476917860   -0.5790121388   -1.1117953586
 H   -0.1121528418   -0.3520742148    1.9859254710
 Begin Run MolPro... imode =             1
            1
 Read gradient for istate
            1  -1.0998150000000000E-003
            2   1.0651380000000001E-003
            3  -4.6143800000000006E-003
            4   1.6098424000000000E-002
            5  -3.7005800000000004E-003
            6  -1.6119500000000002E-003
            7  -7.2192299999999996E-003
            8   1.0260519999999997E-003
            9   4.3107800000000003E-003
           10   3.0100799999999999E-004
           11   1.9176799999999998E-003
           12  -1.1674400000000000E-003
           13  -5.5130200000000009E-004
           14  -1.2692970000000001E-003
           15  -1.8479999999999999E-003
           16  -7.5290850000000002E-003
           17   9.6100700000000003E-004
           18   4.9310100000000006E-003
 ...Run MolPro successful
 Begin Run MolPro... imode =             1
            1
 Read gradient for istate
            1  -2.0888974000000000E-002
            2   6.1543499999999991E-003
            3  -5.5440699999999996E-003
            4   4.0424281000000004E-002
            5  -9.3559349999999988E-003
            6  -3.2738200000000002E-003
            7  -6.9821039999999996E-003
            8  -2.7270099999999999E-004
            9   1.0789629999999999E-002
           10   2.7435490000000002E-003
           11   2.6228050000000005E-003
           12  -3.6039299999999996E-003
           13   1.5279719999999999E-003
           14  -2.1234510000000002E-003
           15  -4.5574700000000004E-003
           16  -1.6824722999999999E-002
           17   2.9749310000000001E-003
           18   6.1896599999999991E-003
 ...Run MolPro successful
 In dfunc; eni,enj=   -78.14489639999999        -78.14597870000000      
   -78.14597870000000     
 nefunc =             7
 Gap =    1.0823000000073080E-003
 alpha =    2.5000000372529030E-002
 dlambdagap =     3.500000000000000     
 -0.0010998 -0.0208890  0.0016083 -0.0053655
  0.0010651  0.0061543 -0.0004136  0.0021622
 -0.0046144 -0.0055441  0.0000756 -0.0048148
  0.0160984  0.0404243 -0.0019769  0.0213420
 -0.0037006 -0.0093559  0.0004596 -0.0049196
 -0.0016120 -0.0032738  0.0001351 -0.0019702
 -0.0072192 -0.0069821 -0.0000193 -0.0071681
  0.0010261 -0.0002727  0.0001055  0.0007461
  0.0043108  0.0107896 -0.0005265  0.0057073
  0.0003010  0.0027435 -0.0001985  0.0008275
  0.0019177  0.0026228 -0.0000573  0.0020697
 -0.0011674 -0.0036039  0.0001980 -0.0016926
 -0.0005513  0.0015280 -0.0001690 -0.0001031
 -0.0012693 -0.0021235  0.0000694 -0.0014534
 -0.0018480 -0.0045575  0.0002202 -0.0024320
 -0.0075291 -0.0168247  0.0007554 -0.0095328
  0.0009610  0.0029749 -0.0001637  0.0013951
  0.0049310  0.0061897 -0.0001023  0.0052023
 In dfunc; fval after gcons:   -78.14528036269456     
 Iteration     2 E=    -78.14528036 Cvg=      0.02757684
 Current Geometry
 C    0.0323106587    0.0764733545   -0.4419364765
 C   -0.3191858126   -0.1024560799    0.9515971488
 H    1.0846763991   -0.1577039525   -0.5869069750
 H   -0.1212924767    1.1070402827   -0.7886919943
 H   -0.5416329465   -0.5774271719   -1.1119565552
 H   -0.1348758219   -0.3449264327    1.9788948547
   1    3    -7.815D+01   2.758D-02   4.955D+00
 Begin Run MolPro... imode =             1
            1
 Read gradient for istate
            1   7.8074589999999997E-003
            2  -2.7014780000000007E-003
            3   4.2485500000000007E-003
            4   8.3734999999999999E-003
            5  -7.2407700000000013E-004
            6  -7.0390800000000002E-003
            7  -6.1526930000000002E-003
            8   1.5415830000000000E-003
            9   9.4969999999999981E-005
           10  -1.5739360000000002E-003
           11   5.1719340000000003E-003
           12  -2.1444400000000003E-003
           13  -3.6505270000000003E-003
           14  -2.8421509999999994E-003
           15  -3.7934299999999999E-003
           16  -4.8038040000000004E-003
           17  -4.4580999999999991E-004
           18   8.6334200000000010E-003
 ...Run MolPro successful
 Begin Run MolPro... imode =             1
            1
 Read gradient for istate
            1  -2.2588615000000001E-002
            2   5.6103840000000007E-003
            3   4.2053000000000011E-004
            4   4.8916769000000002E-002
            5  -1.0830654000000002E-002
            6  -6.8641300000000003E-003
            7  -6.6808259999999997E-003
            8  -1.0161099999999998E-004
            9   9.3649300000000011E-003
           10   2.2950140000000001E-003
           11   6.4245530000000004E-003
           12  -6.0018600000000006E-003
           13  -4.4861500000000003E-004
           14  -4.2929500000000003E-003
           15  -8.1548800000000004E-003
           16  -2.1493728000000001E-002
           17   3.1902790000000003E-003
           18   1.1235400000000000E-002
 ...Run MolPro successful
 In dfunc; eni,enj=   -78.14611970000000        -78.15069240000000      
   -78.15069240000000     
 nefunc =             7
 Gap =    4.5726999999970985E-003
 alpha =    2.5000000372529030E-002
 dlambdagap =     3.500000000000000     
  0.0078075 -0.0225886  0.0086733  0.0229659
 -0.0027015  0.0056104 -0.0023717 -0.0068466
  0.0042486  0.0004205  0.0010923  0.0061576
  0.0083735  0.0489168 -0.0115687 -0.0118454
 -0.0007241 -0.0108307  0.0028838  0.0043161
 -0.0070391 -0.0068641 -0.0000499 -0.0071263
 -0.0061527 -0.0066808  0.0001507 -0.0058893
  0.0015416 -0.0001016  0.0004689  0.0023610
  0.0000950  0.0093649 -0.0026451 -0.0045279
 -0.0015739  0.0022950 -0.0011040 -0.0035034
  0.0051719  0.0064246 -0.0003574  0.0045473
 -0.0021444 -0.0060019  0.0011007 -0.0002208
 -0.0036505 -0.0004486 -0.0009136 -0.0052473
 -0.0028422 -0.0042930  0.0004140 -0.0021186
 -0.0037934 -0.0081549  0.0012445 -0.0016184
 -0.0048038 -0.0214937  0.0047623  0.0035194
 -0.0004458  0.0031903 -0.0010375 -0.0022591
  0.0086334  0.0112354 -0.0007425  0.0073358
 In dfunc; fval after gcons:   -78.14593135044288     
 Iteration     3 E=    -78.14593135 Cvg=      0.03196338
 Current Geometry
 C    0.0435742382    0.0718397129   -0.4315059972
 C   -0.3533940323   -0.0937685434    0.9506924258
 H    1.0946984728   -0.1584962384   -0.5962580433
 H   -0.1230353662    1.1049592597   -0.7863722682
 H   -0.5423722563   -0.5758040508   -1.1088362795
 H   -0.1194710564   -0.3477301394    1.9732801463
   2    4    -7.815D+01   3.196D-02   1.000D+00
 Begin Run MolPro... imode =             1
            1
 Read gradient for istate
            1  -5.0993699999999995E-003
            2   1.1022770000000002E-003
            3   8.6629000000000005E-004
            4   1.1969316999999999E-002
            5  -2.2901549999999999E-003
            6  -3.5325999999999995E-003
            7   2.0705900000000002E-004
            8  -8.9062999999999999E-005
            9   3.4507999999999992E-004
           10  -4.5964000000000009E-005
           11   1.7473010000000000E-003
           12  -1.1780300000000001E-003
           13  -7.8882699999999994E-004
           14  -1.0236369999999999E-003
           15  -1.7906900000000001E-003
           16  -6.2422160000000009E-003
           17   5.5327700000000002E-004
           18   5.2899399999999996E-003
 ...Run MolPro successful
 Begin Run MolPro... imode =             1
            1
 Read gradient for istate
            1  -3.2003227999999999E-002
            2   8.3034319999999990E-003
            3  -1.7206999999999999E-003
            4   4.7059512999999997E-002
            5  -1.0846385000000001E-002
            6  -4.3547200000000004E-003
            7  -1.0885600000000002E-004
            8  -1.6204220000000003E-003
            9   8.7590500000000020E-003
           10   3.3516230000000000E-003
           11   2.7847640000000000E-003
           12  -4.5573600000000001E-003
           13   2.0528200000000001E-003
           14  -2.2499059999999997E-003
           15  -5.5908100000000003E-003
           16  -2.0351872999999996E-002
           17   3.6285159999999994E-003
           18   7.4645500000000009E-003
 ...Run MolPro successful
 In dfunc; eni,enj=   -78.14599010000001        -78.14904410000000      
   -78.14904410000000     
 nefunc =             7
 Gap =    3.0539999999916745E-003
 alpha =    2.5000000372529030E-002
 dlambdagap =     3.500000000000000     
 -0.0050994 -0.0320032  0.0055388  0.0008343
  0.0011023  0.0083034 -0.0014825 -0.0004860
  0.0008663 -0.0017207  0.0005326  0.0014369
  0.0119693  0.0470595 -0.0072241  0.0042301
 -0.0022902 -0.0108464  0.0017615 -0.0004031
 -0.0035326 -0.0043547  0.0001693 -0.0033513
  0.0002071 -0.0001089  0.0000650  0.0002767
 -0.0000891 -0.0016204  0.0003153  0.0002487
  0.0003451  0.0087591 -0.0017322 -0.0015106
 -0.0000460  0.0033516 -0.0006995 -0.0007953
  0.0017473  0.0027848 -0.0002136  0.0015185
 -0.0011780 -0.0045574  0.0006957 -0.0004327
 -0.0007888  0.0020528 -0.0005850 -0.0014156
 -0.0010236 -0.0022499  0.0002525 -0.0007532
 -0.0017907 -0.0055908  0.0007823 -0.0009526
 -0.0062422 -0.0203519  0.0029048 -0.0031303
  0.0005533  0.0036285 -0.0006331 -0.0001250
  0.0052899  0.0074646 -0.0004477  0.0048103
 In dfunc; fval after gcons:   -78.14635347964047     
 Iteration     4 E=    -78.14635348 Cvg=      0.00861755
 Current Geometry
 C    0.0330268999    0.0749038793   -0.4339705976
 C   -0.3440071857   -0.0962978699    0.9517667826
 H    1.0955144788   -0.1592885870   -0.5932010745
 H   -0.1214297124    1.1037658076   -0.7867562351
 H   -0.5403397905   -0.5753972403   -1.1088739140
 H   -0.1227646899   -0.3466859896    1.9720350334
   3    5    -7.815D+01   8.618D-03   1.000D+00
 Begin Run MolPro... imode =             1
            1
 Read gradient for istate
            1  -6.4872180000000004E-003
            2   1.6881400000000002E-003
            3  -4.6148999999999996E-004
            4   1.1711220000000000E-002
            5  -2.7771509999999999E-003
            6  -6.5183999999999997E-004
            7   1.3450099999999998E-003
            8  -2.9870200000000002E-004
            9  -6.4150000000000018E-005
           10   1.6090800000000001E-004
           11   9.1907100000000028E-004
           12  -9.0616000000000003E-004
           13  -2.3530199999999999E-004
           14  -5.2077000000000018E-004
           15  -1.2475400000000001E-003
           16  -6.4946169999999999E-003
           17   9.8941300000000005E-004
           18   3.3311899999999999E-003
 ...Run MolPro successful
 Begin Run MolPro... imode =             1
            1
 Read gradient for istate
            1  -3.4026491999999999E-002
            2   9.0787290000000009E-003
            3  -3.2037399999999998E-003
            4   4.7870089999999994E-002
            5  -1.1605650000000001E-002
            6  -1.4736700000000001E-003
            7   9.6914400000000018E-004
            8  -1.8486709999999999E-003
            9   8.5245300000000022E-003
           10   3.6376820000000003E-003
           11   1.9675850000000001E-003
           12  -4.3682499999999997E-003
           13   2.6778300000000002E-003
           14  -1.7620110000000000E-003
           15  -5.1368400000000003E-003
           16  -2.1128255000000000E-002
           17   4.1700189999999999E-003
           18   5.6579800000000002E-003
 ...Run MolPro successful
 In dfunc; eni,enj=   -78.14611160000000        -78.14940060000001      
   -78.14940060000001     
 nefunc =             7
 Gap =    3.2890000000094233E-003
 alpha =    2.5000000372529030E-002
 dlambdagap =     3.500000000000000     
 -0.0064872 -0.0340265  0.0060314  0.0008531
  0.0016881  0.0090787 -0.0016186 -0.0002817
 -0.0004615 -0.0032037  0.0006006  0.0002694
  0.0117112  0.0478701 -0.0079192  0.0020735
 -0.0027772 -0.0116057  0.0019335 -0.0004240
 -0.0006518 -0.0014737  0.0001800 -0.0004328
  0.0013450  0.0009691  0.0000823  0.0014452
 -0.0002987 -0.0018487  0.0003395  0.0001144
 -0.0000642  0.0085245 -0.0018810 -0.0023534
  0.0001609  0.0036377 -0.0007615 -0.0007658
  0.0009191  0.0019676 -0.0002296  0.0006396
 -0.0009062 -0.0043683  0.0007582  0.0000166
 -0.0002353  0.0026778 -0.0006380 -0.0010118
 -0.0005208 -0.0017620  0.0002718 -0.0001899
 -0.0012475 -0.0051368  0.0008518 -0.0002109
 -0.0064946 -0.0211283  0.0032049 -0.0025942
  0.0009894  0.0041700 -0.0006966  0.0001417
  0.0033312  0.0056580 -0.0005096  0.0027110
 In dfunc; fval after gcons:   -78.14641772384668     
 Iteration     5 E=    -78.14641772 Cvg=      0.00542084
 Current Geometry
 C    0.0319011476    0.0751775609   -0.4338752106
 C   -0.3472509009   -0.0957248958    0.9529992077
 H    1.0962507794   -0.1595830168   -0.5927368610
 H   -0.1209414020    1.1027723603   -0.7864658819
 H   -0.5394417561   -0.5748996254   -1.1082429516
 H   -0.1205178672   -0.3467423832    1.9693217003
   4    6    -7.815D+01   5.421D-03   1.000D+00
 Begin Run MolPro... imode =             1
            1
 Read gradient for istate
            1  -8.7792170000000009E-003
            2   2.4532570000000002E-003
            3  -1.5346500000000001E-003
            4   1.1741707000000001E-002
            5  -3.1759389999999996E-003
            6   1.3711000000000002E-003
            7   2.2591100000000002E-003
            8  -4.7793699999999992E-004
            9  -3.8088999999999995E-004
           10   6.2995200000000011E-004
           11  -5.6299500000000009E-004
           12  -3.8658999999999999E-004
           13   8.3896499999999996E-004
           14   3.1714799999999999E-004
           15  -2.5248999999999997E-004
           16  -6.6905159999999997E-003
           17   1.4464660000000000E-003
           18   1.1835400000000003E-003
 ...Run MolPro successful
 Begin Run MolPro... imode =             1
            1
 Read gradient for istate
            1  -3.7360338999999998E-002
            2   1.0137296000000000E-002
            3  -4.4465499999999993E-003
            4   4.9536394999999995E-002
            5  -1.2394685000000001E-002
            6   4.1393000000000004E-004
            7   1.7932320000000002E-003
            8  -2.0673940000000002E-003
            9   8.5256700000000016E-003
           10   4.2309209999999995E-003
           11   5.0350900000000003E-004
           12  -3.9814900000000000E-003
           13   3.8651240000000001E-003
           14  -9.4603899999999985E-004
           15  -4.2845199999999997E-003
           16  -2.2065332999999998E-002
           17   4.7673120000000004E-003
           18   3.7729499999999998E-003
 ...Run MolPro successful
 In dfunc; eni,enj=   -78.14628290000000        -78.14989170000000      
   -78.14989170000000     
 nefunc =             7
 Gap =    3.6087999999949716E-003
 alpha =    2.5000000372529030E-002
 dlambdagap =     3.500000000000000     
 -0.0087792 -0.0373603  0.0067558  0.0005756
  0.0024533  0.0101373 -0.0018163 -0.0000618
 -0.0015347 -0.0044465  0.0006883 -0.0005816
  0.0117417  0.0495364 -0.0089337 -0.0006288
 -0.0031759 -0.0123947  0.0021791 -0.0001586
  0.0013711  0.0004139  0.0002263  0.0016844
  0.0022591  0.0017932  0.0001101  0.0024116
 -0.0004779 -0.0020674  0.0003757  0.0000423
 -0.0003809  0.0085257 -0.0021053 -0.0032961
  0.0006300  0.0042309 -0.0008512 -0.0005487
 -0.0005630  0.0005035 -0.0002521 -0.0009121
 -0.0003866 -0.0039815  0.0008497  0.0007901
  0.0008390  0.0038651 -0.0007153 -0.0001515
  0.0003171 -0.0009460  0.0002986  0.0007306
 -0.0002525 -0.0042845  0.0009531  0.0010672
 -0.0066905 -0.0220653  0.0036342 -0.0016582
  0.0014465  0.0047673 -0.0007850  0.0003595
  0.0011835  0.0037730 -0.0006121  0.0003360
 In dfunc; fval after gcons:   -78.14649401295384     
 Iteration     6 E=    -78.14649401 Cvg=      0.00520168
 Current Geometry
 C    0.0288965096    0.0758582971   -0.4332782590
 C   -0.3523761431   -0.0945072013    0.9532455723
 H    1.0952200041   -0.1600965742   -0.5889916438
 H   -0.1194147057    1.1012252383   -0.7863772894
 H   -0.5373078708   -0.5743478033   -1.1076137453
 H   -0.1150177963   -0.3471319584    1.9640153477
   5    7    -7.815D+01   5.202D-03   1.000D+00
 Begin Run MolPro... imode =             1
            1
 Read gradient for istate
            1  -9.6006220000000013E-003
            2   2.7802739999999999E-003
            3  -2.1165900000000000E-003
            4   1.2446499000000000E-002
            5  -3.6798339999999996E-003
            6   3.0371799999999998E-003
            7   1.4330010000000000E-003
            8  -3.6204700000000001E-004
            9   7.0000000000000009E-008
           10   1.1039450000000000E-003
           11  -1.3321050000000001E-003
           12  -9.8209999999999997E-005
           13   1.6093389999999999E-003
           14   6.3821000000000003E-004
           15   2.7578999999999998E-004
           16  -6.9921629999999997E-003
           17   1.9555020000000001E-003
           18  -1.0982300000000000E-003
 ...Run MolPro successful
 Begin Run MolPro... imode =             1
            1
 Read gradient for istate
            1  -3.8994464999999998E-002
            2   1.0668629999999999E-002
            3  -5.0371699999999997E-003
            4   5.1473957000000006E-002
            5  -1.3138673999999999E-002
            6   1.6930500000000002E-003
            7   9.0927800000000012E-004
            8  -2.0004160000000000E-003
            9   9.2260799999999996E-003
           10   4.7769950000000003E-003
           11  -2.6293100000000003E-004
           12  -3.7904200000000001E-003
           13   4.7070740000000004E-003
           14  -6.2190599999999998E-004
           15  -3.8560299999999996E-003
           16  -2.2872838000000000E-002
           17   5.3552979999999994E-003
           18   1.7644900000000003E-003
 ...Run MolPro successful
 In dfunc; eni,enj=   -78.14643140000000        -78.15021580000000      
   -78.15021580000000     
 nefunc =             7
 Gap =    3.7844000000006872E-003
 alpha =    2.5000000372529030E-002
 dlambdagap =     3.500000000000000     
 -0.0096006 -0.0389945  0.0072210  0.0009758
  0.0027803  0.0106686 -0.0019379 -0.0000581
 -0.0021166 -0.0050372  0.0007175 -0.0010657
  0.0124465  0.0514740 -0.0095876 -0.0015963
 -0.0036798 -0.0131387  0.0023237 -0.0002764
  0.0030372  0.0016931  0.0003302  0.0035208
  0.0014330  0.0009093  0.0001287  0.0016214
 -0.0003620 -0.0020004  0.0004025  0.0002275
  0.0000001  0.0092261 -0.0022665 -0.0033196
  0.0011039  0.0047770 -0.0009023 -0.0002177
 -0.0013321 -0.0002629 -0.0002627 -0.0017168
 -0.0000982 -0.0037904  0.0009070  0.0012303
  0.0016093  0.0047071 -0.0007610  0.0004947
  0.0006382 -0.0006219  0.0003096  0.0010916
  0.0002758 -0.0038560  0.0010150  0.0017625
 -0.0069922 -0.0228728  0.0039013 -0.0012780
  0.0019555  0.0053553 -0.0008352  0.0007322
 -0.0010982  0.0017645 -0.0007033 -0.0021283
 In dfunc; fval after gcons:   -78.14658217439754     
 Iteration     7 E=    -78.14658217 Cvg=      0.00682373
 Current Geometry
 C    0.0249611775    0.0768460239   -0.4328848738
 C   -0.3567089713   -0.0933918129    0.9529198416
 H    1.0909326316   -0.1607723290   -0.5802370039
 H   -0.1170880143    1.1010561802   -0.7875091321
 H   -0.5349703238   -0.5748722344   -1.1086206475
 H   -0.1071265044   -0.3478658311    1.9573317403
   6    8    -7.815D+01   6.824D-03   1.000D+00
 Begin Run MolPro... imode =             1
            1
 Read gradient for istate
            1  -1.4581877999999997E-002
            2   3.5463920000000004E-003
            3   3.8829000000000002E-004
            4   1.3438057999999999E-002
            5  -2.6674170000000004E-003
            6  -3.6515699999999995E-003
            7   2.0837750000000002E-003
            8  -7.4609899999999998E-004
            9   9.7787000000000006E-004
           10   2.0675110000000001E-003
           11  -2.0180080000000000E-003
           12   2.9300999999999998E-004
           13   2.8025860000000002E-003
           14   6.5311500000000011E-004
           15   8.7953000000000010E-004
           16  -5.8100510000000005E-003
           17   1.2320190000000000E-003
           18   1.1128600000000002E-003
 ...Run MolPro successful
 Begin Run MolPro... imode =             1
            1
 Read gradient for istate
            1  -4.6088493000000001E-002
            2   1.1931255000000001E-002
            3  -2.3811499999999999E-003
            4   5.5406421999999997E-002
            5  -1.2657447999999998E-002
            6  -6.1252499999999994E-003
            7   1.3698140000000001E-003
            8  -2.5102560000000000E-003
            9   1.1085539999999998E-002
           10   5.9166680000000005E-003
           11  -9.1335500000000014E-004
           12  -3.6643399999999997E-003
           13   6.0642600000000000E-003
           14  -6.1437100000000004E-004
           15  -3.5321900000000008E-003
           16  -2.2668671000000002E-002
           17   4.7641739999999997E-003
           18   4.6174099999999996E-003
 ...Run MolPro successful
 In dfunc; eni,enj=   -78.14668730000000        -78.15078920000001      
   -78.15078920000001     
 nefunc =             7
 Gap =    4.1019000000090955E-003
 alpha =    2.5000000372529030E-002
 dlambdagap =     3.500000000000000     
 -0.0145819 -0.0460885  0.0082558 -0.0014401
  0.0035464  0.0119313 -0.0021971  0.0000490
  0.0003883 -0.0023812  0.0007257  0.0015435
  0.0134381  0.0554064 -0.0109971 -0.0040675
 -0.0026674 -0.0126574  0.0026177  0.0014996
 -0.0036516 -0.0061252  0.0006482 -0.0026198
  0.0020838  0.0013698  0.0001871  0.0023816
 -0.0007461 -0.0025103  0.0004623 -0.0000102
  0.0009779  0.0110855 -0.0026485 -0.0032382
  0.0020675  0.0059167 -0.0010086  0.0004620
 -0.0020180 -0.0009134 -0.0002895 -0.0024788
  0.0002930 -0.0036643  0.0010370  0.0019437
  0.0028026  0.0060643 -0.0008547  0.0014421
  0.0006531 -0.0006144  0.0003321  0.0011818
  0.0008795 -0.0035322  0.0011560  0.0027197
 -0.0058101 -0.0226687  0.0044175  0.0012219
  0.0012320  0.0047642 -0.0009255 -0.0002413
  0.0011129  0.0046174 -0.0009183 -0.0003489
 In dfunc; fval after gcons:   -78.14671468652541     
 Iteration     8 E=    -78.14671469 Cvg=      0.00830388
 Current Geometry
 C    0.0127501903    0.0798120326   -0.4316120196
 C   -0.3678632728   -0.0897242007    0.9480319410
 H    1.0825198796   -0.1635163055   -0.5556446164
 H   -0.1117423677    1.1028215696   -0.7920270219
 H   -0.5304366434   -0.5771751547   -1.1134717505
 H   -0.0852277827   -0.3512179451    1.9457233294
   7    9    -7.815D+01   8.304D-03   1.000D+00
 Begin Run MolPro... imode =             1
            1
 Read gradient for istate
            1  -1.0773733000000001E-002
            2   3.2633739999999998E-003
            3  -2.6299899999999998E-003
            4   1.5597315000000000E-002
            5  -4.6194000000000006E-003
            6   3.6284399999999999E-003
            7  -2.0584020000000001E-003
            8  -1.9343000000000000E-004
            9   3.4018999999999999E-003
           10   2.2259539999999998E-003
           11   7.2827999999999999E-005
           12  -5.3901999999999992E-004
           13   2.0460550000000000E-003
           14  -8.8885199999999998E-004
           15  -6.4867999999999988E-004
           16  -7.0371899999999998E-003
           17   2.3654809999999999E-003
           18  -3.2126399999999999E-003
 ...Run MolPro successful
 Begin Run MolPro... imode =             1
            1
 Read gradient for istate
            1  -4.2142577999999995E-002
            2   1.1526776000000001E-002
            3  -4.9643400000000000E-003
            4   5.7541741000000002E-002
            5  -1.4369388000000001E-002
            6  -6.6040000000000001E-005
            7  -2.7656510000000001E-003
            8  -2.0231919999999999E-003
            9   1.3831910000000001E-002
           10   5.9325920000000014E-003
           11   1.1111860000000000E-003
           12  -4.4452900000000009E-003
           13   5.2077110000000006E-003
           14  -2.0509840000000001E-003
           15  -4.9811999999999994E-003
           16  -2.3773815000000003E-002
           17   5.8056019999999995E-003
           18   6.2497000000000007E-004
 ...Run MolPro successful
 In dfunc; eni,enj=   -78.14666420000000        -78.15051040000000      
   -78.15051040000000     
 nefunc =             7
 Gap =    3.8461999999981344E-003
 alpha =    2.5000000372529030E-002
 dlambdagap =     3.500000000000000     
 -0.0107737 -0.0421426  0.0078074  0.0008679
  0.0032634  0.0115268 -0.0020567  0.0001967
 -0.0026300 -0.0049643  0.0005810 -0.0017637
  0.0155973  0.0575417 -0.0104396  0.0000309
 -0.0046194 -0.0143694  0.0024267 -0.0010010
  0.0036284 -0.0000660  0.0009195  0.0049995
 -0.0020584 -0.0027657  0.0001760 -0.0017959
 -0.0001934 -0.0020232  0.0004554  0.0004856
  0.0034019  0.0138319 -0.0025959 -0.0004689
  0.0022260  0.0059326 -0.0009225  0.0008503
  0.0000728  0.0011112 -0.0002584 -0.0003125
 -0.0005390 -0.0044453  0.0009722  0.0009107
  0.0020461  0.0052077 -0.0007869  0.0008727
 -0.0008889 -0.0020510  0.0002892 -0.0004576
 -0.0006487 -0.0049812  0.0010783  0.0009592
 -0.0070372 -0.0237738  0.0041656 -0.0008259
  0.0023655  0.0058056 -0.0008562  0.0010888
 -0.0032126  0.0006250 -0.0009551 -0.0046369
 In dfunc; fval after gcons:   -78.14679238802299     
 Iteration     9 E=    -78.14679239 Cvg=      0.00777758
 Current Geometry
 C    0.0065351653    0.0821242334   -0.4348964517
 C   -0.3709535305   -0.0894461264    0.9505160241
 H    1.0712011311   -0.1656040922   -0.5302000149
 H   -0.1083120967    1.1079663463   -0.7987715909
 H   -0.5291095965   -0.5806503651   -1.1216357296
 H   -0.0693610643   -0.3533900062    1.9359876421
   8   10    -7.815D+01   7.778D-03   1.000D+00
 Begin Run MolPro... imode =             1
            1
 Read gradient for istate
            1  -1.1274157000000000E-002
            2   3.0396590000000003E-003
            3  -1.0731500000000000E-003
            4   1.4858535000000002E-002
            5  -3.6170040000000006E-003
            6  -5.8150000000000004E-004
            7  -1.0536140000000001E-003
            8  -3.9344099999999997E-004
            9   3.2233200000000006E-003
           10   1.9406590000000001E-003
           11   3.6849099999999995E-004
           12  -7.0876999999999990E-004
           13   1.6734520000000000E-003
           14  -9.2084399999999995E-004
           15  -8.8546000000000014E-004
           16  -6.1448750000000008E-003
           17   1.5231390000000000E-003
           18   2.5569999999999999E-005
 ...Run MolPro successful
 Begin Run MolPro... imode =             1
            1
 Read gradient for istate
            1  -4.2594957000000004E-002
            2   1.1301403999999999E-002
            3  -3.4449599999999996E-003
            4   5.6629592999999998E-002
            5  -1.3372575000000000E-002
            6  -4.0552199999999994E-003
            7  -1.7572589999999999E-003
            8  -2.2096230000000001E-003
            9   1.3592700000000000E-002
           10   5.6597609999999996E-003
           11   1.4333920000000000E-003
           12  -4.6127599999999997E-003
           13   4.8309769999999999E-003
           14  -2.1132939999999998E-003
           15  -5.2257499999999997E-003
           16  -2.2768115000000000E-002
           17   4.9606960000000004E-003
           18   3.7460000000000000E-003
 ...Run MolPro successful
 In dfunc; eni,enj=   -78.14669450000000        -78.15052200000000      
   -78.15052200000000     
 nefunc =             7
 Gap =    3.8274999999998727E-003
 alpha =    2.5000000372529030E-002
 dlambdagap =     3.500000000000000     
 -0.0112742 -0.0425950  0.0077649  0.0002427
  0.0030397  0.0113014 -0.0020482  0.0000018
 -0.0010732 -0.0034450  0.0005880 -0.0002010
  0.0148585  0.0566296 -0.0103557 -0.0005010
 -0.0036170 -0.0133726  0.0024186 -0.0000298
 -0.0005815 -0.0040552  0.0008612  0.0006958
 -0.0010536 -0.0017573  0.0001744 -0.0007949
 -0.0003934 -0.0022096  0.0004503  0.0002744
  0.0032233  0.0135927 -0.0025707 -0.0005896
  0.0019407  0.0056598 -0.0009220  0.0005731
  0.0003685  0.0014334 -0.0002640 -0.0000231
 -0.0007088 -0.0046128  0.0009679  0.0007268
  0.0016735  0.0048310 -0.0007828  0.0005124
 -0.0009208 -0.0021133  0.0002956 -0.0004824
 -0.0008855 -0.0052258  0.0010760  0.0007105
 -0.0061449 -0.0227681  0.0041212 -0.0000324
  0.0015231  0.0049607 -0.0008522  0.0002591
  0.0000256  0.0037460 -0.0009224 -0.0013425
 In dfunc; fval after gcons:   -78.14682959606843     
 Iteration    10 E=    -78.14682960 Cvg=      0.00237017
 Current Geometry
 C    0.0078813169    0.0816264257   -0.4345088121
 C   -0.3699289330   -0.0893980888    0.9491220178
 H    1.0739493967   -0.1656197112   -0.5333785580
 H   -0.1097637737    1.1077680163   -0.7988104014
 H   -0.5303749994   -0.5798040945   -1.1215973575
 H   -0.0717629984   -0.3535725589    1.9401730050
   9   11    -7.815D+01   2.370D-03   1.000D+00
 Begin Run MolPro... imode =             1
            1
 Read gradient for istate
            1  -1.1263736000000000E-002
            2   2.9596599999999995E-003
            3  -6.9981000000000009E-004
            4   1.4655278999999998E-002
            5  -3.3133500000000007E-003
            6  -1.8640000000000001E-003
            7  -5.5182799999999999E-004
            8  -5.2663600000000006E-004
            9   3.3355399999999999E-003
           10   1.6997410000000002E-003
           11   7.1518999999999995E-004
           12  -9.5244000000000000E-004
           13   1.3029859999999998E-003
           14  -1.0170349999999997E-003
           15  -1.2359499999999999E-003
           16  -5.8424420000000001E-003
           17   1.1821720000000000E-003
           18   1.4166700000000001E-003
 ...Run MolPro successful
 Begin Run MolPro... imode =             1
            1
 Read gradient for istate
            1  -4.2345766999999999E-002
            2   1.1158121999999999E-002
            3  -3.0430999999999999E-003
            4   5.6042755999999994E-002
            5  -1.2987959000000000E-002
            6  -5.2735000000000003E-003
            7  -1.2388980000000001E-003
            8  -2.3306030000000004E-003
            9   1.3631179999999998E-002
           10   5.3926030000000003E-003
           11   1.7868080000000002E-003
           12  -4.8217200000000009E-003
           13   4.4289529999999999E-003
           14  -2.2172440000000000E-003
           15  -5.5440000000000005E-003
           16  -2.2279646000000000E-002
           17   4.5908759999999997E-003
           18   5.0511499999999998E-003
 ...Run MolPro successful
 In dfunc; eni,enj=   -78.14667230000001        -78.15041500000000      
   -78.15041500000000     
 nefunc =             7
 Gap =    3.7426999999894406E-003
 alpha =    2.5000000372529030E-002
 dlambdagap =     3.500000000000000     
 -0.0112637 -0.0423458  0.0075676 -0.0003181
  0.0029597  0.0111581 -0.0019961  0.0000725
 -0.0006998 -0.0030431  0.0005705  0.0001254
  0.0146553  0.0560428 -0.0100767  0.0000806
 -0.0033134 -0.0129880  0.0023555  0.0000936
 -0.0018640 -0.0052735  0.0008301 -0.0006633
 -0.0005518 -0.0012389  0.0001673 -0.0003099
 -0.0005266 -0.0023306  0.0004392  0.0001086
  0.0033355  0.0136312 -0.0025067 -0.0002901
  0.0016997  0.0053926 -0.0008991  0.0003993
  0.0007152  0.0017868 -0.0002609  0.0003378
 -0.0009524 -0.0048217  0.0009421  0.0004101
  0.0013030  0.0044290 -0.0007611  0.0002022
 -0.0010170 -0.0022172  0.0002922 -0.0005944
 -0.0012360 -0.0055440  0.0010489  0.0002811
 -0.0058424 -0.0222796  0.0040020 -0.0000540
  0.0011822  0.0045909 -0.0008299 -0.0000182
  0.0014167  0.0050512 -0.0008849  0.0001368
 In dfunc; fval after gcons:   -78.14683791912296     
 Iteration    11 E=    -78.14683792 Cvg=      0.00130627
 Current Geometry
 C    0.0085794576    0.0814475907   -0.4347636894
 C   -0.3688360747   -0.0896071205    0.9489599550
 H    1.0753633829   -0.1658352728   -0.5337909466
 H   -0.1108568934    1.1079338145   -0.7995992903
 H   -0.5314332580   -0.5791772316   -1.1224121218
 H   -0.0728166047   -0.3537617924    1.9426059948
  10   12    -7.815D+01   1.306D-03   1.000D+00
 Begin Run MolPro... imode =             1
            1
 Read gradient for istate
            1  -1.1041314000000000E-002
            2   2.9244170000000000E-003
            3  -8.2566000000000006E-004
            4   1.4547460000000001E-002
            5  -3.2962690000000006E-003
            6  -1.7857600000000002E-003
            7  -3.7496799999999997E-004
            8  -5.8692499999999992E-004
            9   3.4725200000000007E-003
           10   1.5282609999999998E-003
           11   8.2842599999999997E-004
           12  -1.1377299999999999E-003
           13   1.0999790000000000E-003
           14  -9.7227200000000007E-004
           15  -1.4502400000000002E-003
           16  -5.7594179999999993E-003
           17   1.1026230000000001E-003
           18   1.7268699999999999E-003
 ...Run MolPro successful
 Begin Run MolPro... imode =             1
            1
 Read gradient for istate
            1  -4.2165590000000002E-002
            2   1.1140043000000002E-002
            3  -3.1961400000000002E-003
            4   5.6009665000000002E-002
            5  -1.2988924000000002E-002
            6  -5.2116300000000004E-003
            7  -1.0688230000000001E-003
            8  -2.3926930000000000E-003
            9   1.3795009999999999E-002
           10   5.2247740000000000E-003
           11   1.9092060000000000E-003
           12  -5.0035699999999999E-003
           13   4.2228550000000000E-003
           14  -2.1842099999999998E-003
           15  -5.7589299999999994E-003
           16  -2.2222881000000001E-002
           17   4.5165780000000000E-003
           18   5.3752599999999990E-003
 ...Run MolPro successful
 In dfunc; eni,enj=   -78.14668110000000        -78.15043960000000      
   -78.15043960000000     
 nefunc =             7
 Gap =    3.7585000000035507E-003
 alpha =    2.5000000372529030E-002
 dlambdagap =     3.500000000000000     
 -0.0110413 -0.0421656  0.0076038  0.0000097
  0.0029244  0.0111400 -0.0020071  0.0000074
 -0.0008257 -0.0031961  0.0005791  0.0000160
  0.0145475  0.0560097 -0.0101294 -0.0001742
 -0.0032963 -0.0129889  0.0023679  0.0001452
 -0.0017858 -0.0052116  0.0008370 -0.0005694
 -0.0003750 -0.0010688  0.0001695 -0.0001286
 -0.0005869 -0.0023927  0.0004412  0.0000542
  0.0034725  0.0137950 -0.0025218 -0.0001926
  0.0015283  0.0052248 -0.0009031  0.0002158
  0.0008284  0.0019092 -0.0002640  0.0004447
 -0.0011377 -0.0050036  0.0009444  0.0002349
  0.0011000  0.0042229 -0.0007629 -0.0000088
 -0.0009723 -0.0021842  0.0002961 -0.0005420
 -0.0014502 -0.0057589  0.0010526  0.0000796
 -0.0057594 -0.0222229  0.0040221  0.0000861
  0.0011026  0.0045166 -0.0008340 -0.0001095
  0.0017269  0.0053753 -0.0008913  0.0004315
 In dfunc; fval after gcons:   -78.14684113212581     
 Iteration    12 E=    -78.14684113 Cvg=      0.00111255
 Current Geometry
 C    0.0087809149    0.0813933991   -0.4349412722
 C   -0.3690106510   -0.0895968892    0.9492676650
 H    1.0758258953   -0.1661531185   -0.5325015410
 H   -0.1115097551    1.1077982898   -0.8005909164
 H   -0.5319271448   -0.5784319900   -1.1233131671
 H   -0.0721592482   -0.3540097055    1.9430791267
 BFGS Converged
 Gap Direction Gradient Norm / dlambdagap =    4.2148852003097090E-005
 Perpendicular Direction Gradient Norm =    1.1027250085388409E-003
 Gradient Convergence Threshold:    5.0000000000000000E-003
 Energy Change =    3.2130028557730839E-006
 Convergence Threshold:    1.0010000000000003E-006
 Begin Run MolPro... imode =             0
            0
 ...Run MolPro successful
FINAL GEOMETRY, E=   -78.14668110, gap=     0.00375850
 C    0.0087809149    0.0813933991   -0.4349412722
 C   -0.3690106510   -0.0895968892    0.9492676650
 H    1.0758258953   -0.1661531185   -0.5325015410
 H   -0.1115097551    1.1077982898   -0.8005909164
 H   -0.5319271448   -0.5784319900   -1.1233131671
 H   -0.0721592482   -0.3540097055    1.9430791267
 Increasing penalty in seq penalty method    14.00000000000000     
 New tolerance:    1.0010000000000003E-006
 New gradient tolerance (gtol):    5.0000000000000000E-003
 Begin Run MolPro... imode =             1
            1
 Read gradient for istate
            1  -1.1041314000000000E-002
            2   2.9244170000000000E-003
            3  -8.2566000000000006E-004
            4   1.4547461999999999E-002
            5  -3.2962690000000006E-003
            6  -1.7857600000000002E-003
            7  -3.7496799999999997E-004
            8  -5.8692499999999992E-004
            9   3.4725200000000007E-003
           10   1.5282600000000002E-003
           11   8.2842599999999997E-004
           12  -1.1377299999999999E-003
           13   1.0999779999999999E-003
           14  -9.7227200000000007E-004
           15  -1.4502400000000002E-003
           16  -5.7594190000000003E-003
           17   1.1026230000000001E-003
           18   1.7268699999999999E-003
 ...Run MolPro successful
 Begin Run MolPro... imode =             1
            1
 Read gradient for istate
            1  -4.2165591999999998E-002
            2   1.1140044000000000E-002
            3  -3.1961400000000002E-003
            4   5.6009668000000001E-002
            5  -1.2988924000000002E-002
            6  -5.2116300000000004E-003
            7  -1.0688230000000001E-003
            8  -2.3926930000000000E-003
            9   1.3795009999999999E-002
           10   5.2247740000000000E-003
           11   1.9092060000000000E-003
           12  -5.0035699999999999E-003
           13   4.2228550000000000E-003
           14  -2.1842099999999998E-003
           15  -5.7589299999999994E-003
           16  -2.2222881999999999E-002
           17   4.5165780000000000E-003
           18   5.3752599999999990E-003
 ...Run MolPro successful
 In dfunc; eni,enj=   -78.14668110000000        -78.15043960000000      
   -78.15043960000000     
 nefunc =             7
 Gap =    3.7585000000035507E-003
 alpha =    2.5000000372529030E-002
 dlambdagap =     14.00000000000000     
 -0.0110413 -0.0421656  0.0076038  0.0798492
  0.0029244  0.0111400 -0.0020071 -0.0210672
 -0.0008257 -0.0031961  0.0005791  0.0060967
  0.0145475  0.0560097 -0.0101294 -0.1065324
 -0.0032963 -0.0129889  0.0023679  0.0250087
 -0.0017858 -0.0052116  0.0008370  0.0082186
 -0.0003750 -0.0010688  0.0001695  0.0016513
 -0.0005869 -0.0023927  0.0004412  0.0046864
  0.0034725  0.0137950 -0.0025218 -0.0266717
  0.0015283  0.0052248 -0.0009031 -0.0092665
  0.0008284  0.0019092 -0.0002640 -0.0023277
 -0.0011377 -0.0050036  0.0009444  0.0101515
  0.0011000  0.0042229 -0.0007629 -0.0080196
 -0.0009723 -0.0021842  0.0002961  0.0025669
 -0.0014502 -0.0057589  0.0010526  0.0111322
 -0.0057594 -0.0222229  0.0040221  0.0423179
  0.0011026  0.0045166 -0.0008340 -0.0088670
  0.0017269  0.0053753 -0.0008913 -0.0089273
 In dfunc; fval after gcons:   -78.14168347850327     
 Iteration     0 E=    -78.14168348 Cvg=      0.14823420
 Current Geometry
 C    0.0087809149    0.0813933991   -0.4349412722
 C   -0.3690106510   -0.0895968892    0.9492676650
 H    1.0758258953   -0.1661531185   -0.5325015410
 H   -0.1115097551    1.1077982898   -0.8005909164
 H   -0.5319271448   -0.5784319900   -1.1233131671
 H   -0.0721592482   -0.3540097055    1.9430791267
*************************************************
  N=   18   NUMBER OF CORRECTIONS= 5
       INITIAL VALUES
 F= -7.814D+01   GNORM=  1.482D-01
*************************************************

   I   NFN    FUNC        GNORM       STEPLENGTH

 Begin Run MolPro... imode =             1
            1
 Read gradient for istate
            1  -6.1478439000000007E-002
            2   1.5086471000000001E-002
            3   1.3593199999999999E-003
            4   2.9435134999999999E-002
            5  -6.1127300000000009E-003
            6  -6.4573199999999993E-003
            7   2.4208927000000005E-002
            8  -7.6311530000000003E-003
            9   8.2439900000000002E-003
           10   6.4516559999999998E-003
           11  -9.2806420000000003E-003
           12   1.0811600000000001E-003
           13   9.8547559999999983E-003
           14   4.3081019999999999E-003
           15   3.7108800000000004E-003
           16  -8.4720360000000010E-003
           17   3.6299520000000003E-003
           18  -7.9380400000000009E-003
 ...Run MolPro successful
 Begin Run MolPro... imode =             1
            1
 Read gradient for istate
            1  -6.2647167000000001E-002
            2   1.6060552000000001E-002
            3  -2.2063400000000004E-003
            4   3.4396574999999996E-002
            5  -7.8904689999999995E-003
            6  -3.6479199999999996E-003
            7   2.2015463000000000E-002
            8  -7.3285019999999985E-003
            9   9.5215200000000006E-003
           10   6.8926879999999997E-003
           11  -9.1126600000000000E-003
           12   7.3755999999999986E-004
           13   1.0198942000000002E-002
           14   4.0908850000000001E-003
           15   3.2927900000000001E-003
           16  -1.0856500999999998E-002
           17   4.1801939999999993E-003
           18  -7.6976099999999992E-003
 ...Run MolPro successful
 In dfunc; eni,enj=   -78.13668760000000        -78.13799480000000      
   -78.13799480000000     
 nefunc =             7
 Gap =    1.3071999999993977E-003
 alpha =    2.5000000372529030E-002
 dlambdagap =     14.00000000000000     
 -0.0614784 -0.0626472  0.0001133 -0.0604771
  0.0150865  0.0160606 -0.0000944  0.0142519
  0.0013593 -0.0022063  0.0003456  0.0044142
  0.0294351  0.0343966 -0.0004808  0.0251844
 -0.0061127 -0.0078905  0.0001723 -0.0045897
 -0.0064573 -0.0036479 -0.0002723 -0.0088643
  0.0242089  0.0220155  0.0002126  0.0260882
 -0.0076312 -0.0073285 -0.0000293 -0.0078904
  0.0082440  0.0095215 -0.0001238  0.0071495
  0.0064517  0.0068927 -0.0000427  0.0060738
 -0.0092806 -0.0091127 -0.0000163 -0.0094246
  0.0010812  0.0007376  0.0000333  0.0013755
  0.0098548  0.0101989 -0.0000334  0.0095599
  0.0043081  0.0040909  0.0000211  0.0044942
  0.0037109  0.0032928  0.0000405  0.0040691
 -0.0084720 -0.0108565  0.0002311 -0.0064292
  0.0036300  0.0041802 -0.0000533  0.0031585
 -0.0079380 -0.0076976 -0.0000233 -0.0081440
 In dfunc; fval after gcons:   -78.13643183657778     
 Iteration     1 E=    -78.13643184 Cvg=      0.07603510
 Current Geometry
 C   -0.0450860167    0.0956055241   -0.4390541714
 C   -0.2971430566   -0.1064679365    0.9437233162
 H    1.0747119426   -0.1693145756   -0.5145086056
 H   -0.1052585203    1.1093685865   -0.8074391818
 H   -0.5265170646   -0.5801636312   -1.1308230347
 H   -0.1007072707   -0.3480279797    1.9491015723
 Begin Run MolPro... imode =             1
            1
 Read gradient for istate
            1  -2.4386980999999999E-002
            2   6.2508609999999987E-003
            3  -8.1545000000000005E-004
            4   2.0260172000000001E-002
            5  -4.6546150000000006E-003
            6  -2.1256699999999999E-003
            7   5.5455079999999999E-003
            8  -2.2997980000000000E-003
            9   4.7063400000000000E-003
           10   2.8716779999999996E-003
           11  -1.4500669999999998E-003
           12  -7.4459999999999997E-004
           13   3.2901590000000001E-003
           14   1.4915800000000001E-004
           15  -4.0701000000000001E-004
           16  -7.5805369999999996E-003
           17   2.0044619999999997E-003
           18  -6.1359999999999992E-004
 ...Run MolPro successful
 Begin Run MolPro... imode =             1
            1
 Read gradient for istate
            1  -4.9356551000000000E-002
            2   1.2575986000000001E-002
            3  -1.3241200000000000E-003
            4   5.2276887000000007E-002
            5  -1.1851510000000001E-002
            6  -6.2884899999999995E-003
            7   5.3063949999999993E-003
            8  -3.8737309999999997E-003
            9   1.3228360000000001E-002
           10   5.7819399999999996E-003
           11  -6.0594199999999994E-004
           12  -3.8021499999999996E-003
           13   5.7521580000000005E-003
           14  -7.9422799999999993E-004
           15  -3.8101099999999999E-003
           16  -1.9760828000000004E-002
           17   4.5494250000000003E-003
           18   1.9965199999999999E-003
 ...Run MolPro successful
 In dfunc; eni,enj=   -78.14554830000000        -78.14712849999999      
   -78.14712849999999     
 nefunc =             7
 Gap =    1.5801999999922600E-003
 alpha =    2.5000000372529030E-002
 dlambdagap =     14.00000000000000     
 -0.0243870 -0.0493566  0.0028806  0.0034573
  0.0062509  0.0125760 -0.0007297 -0.0008025
 -0.0008155 -0.0013241  0.0000587 -0.0002482
  0.0202602  0.0522769 -0.0036936 -0.0154425
 -0.0046546 -0.0118515  0.0008303  0.0033708
 -0.0021257 -0.0062885  0.0004802  0.0025164
  0.0055455  0.0053064  0.0000276  0.0058121
 -0.0022998 -0.0038737  0.0001816 -0.0005447
  0.0047063  0.0132284 -0.0009832 -0.0047968
  0.0028717  0.0057819 -0.0003357 -0.0003736
 -0.0014501 -0.0006059 -0.0000974 -0.0023914
 -0.0007446 -0.0038022  0.0003527  0.0026650
  0.0032902  0.0057522 -0.0002840  0.0005447
  0.0001492 -0.0007942  0.0001088  0.0012012
 -0.0004070 -0.0038101  0.0003926  0.0033879
 -0.0075805 -0.0197608  0.0014052  0.0060020
  0.0020045  0.0045494 -0.0002936 -0.0008335
 -0.0006136  0.0019965 -0.0003011 -0.0035242
 In dfunc; fval after gcons:   -78.14502319364075     
 Iteration     2 E=    -78.14502319 Cvg=      0.02003068
 Current Geometry
 C   -0.0032716119    0.0845733095   -0.4358615182
 C   -0.3529305424   -0.0933717236    0.9480271374
 H    1.0755766525   -0.1668604829   -0.5284756882
 H   -0.1101110644    1.1081496379   -0.8021231905
 H   -0.5307166593   -0.5788194383   -1.1249934722
 H   -0.0785467627   -0.3526713164    1.9444266266
   1    3    -7.815D+01   2.003D-02   1.509D+00
 Begin Run MolPro... imode =             1
            1
 Read gradient for istate
            1  -2.4494446999999999E-002
            2   6.1431129999999996E-003
            3  -1.1117000000000001E-004
            4   2.0978938000000000E-002
            5  -4.6931310000000002E-003
            6  -2.8583200000000005E-003
            7   5.0862169999999995E-003
            8  -2.2505570000000001E-003
            9   5.0507499999999990E-003
           10   2.9088329999999999E-003
           11  -1.2126619999999999E-003
           12  -9.0253000000000014E-004
           13   3.2277489999999998E-003
           14  -8.1289999999999996E-006
           15  -6.4182000000000006E-004
           16  -7.7072900000000004E-003
           17   2.0213660000000000E-003
           18  -5.3689000000000000E-004
 ...Run MolPro successful
 Begin Run MolPro... imode =             1
            1
 Read gradient for istate
            1  -4.8527727999999994E-002
            2   1.2191551999999999E-002
            3  -3.9382999999999999E-004
            4   5.1563862999999994E-002
            5  -1.1524803000000001E-002
            6  -7.0625800000000005E-003
            7   4.9289299999999994E-003
            8  -3.7899059999999993E-003
            9   1.3286160000000000E-002
           10   5.7006310000000004E-003
           11  -3.9765900000000007E-004
           12  -3.8372399999999999E-003
           13   5.5871659999999999E-003
           14  -9.1690500000000004E-004
           15  -3.9097100000000001E-003
           16  -1.9252862000000000E-002
           17   4.4377199999999997E-003
           18   1.9172099999999999E-003
 ...Run MolPro successful
 In dfunc; eni,enj=   -78.14539210000000        -78.14671690000000      
   -78.14671690000000     
 nefunc =             7
 Gap =    1.3248000000061211E-003
 alpha =    2.5000000372529030E-002
 dlambdagap =     14.00000000000000     
 -0.0244944 -0.0485277  0.0023581 -0.0034978
  0.0061431  0.0121916 -0.0005935  0.0008589
 -0.0001112 -0.0003938  0.0000277  0.0001358
  0.0209789  0.0515639 -0.0030009 -0.0057415
 -0.0046931 -0.0115248  0.0006703  0.0012753
 -0.0028583 -0.0070626  0.0004125  0.0008147
  0.0050862  0.0049289  0.0000154  0.0052236
 -0.0022506 -0.0037899  0.0001510 -0.0009057
  0.0050507  0.0132862 -0.0008080 -0.0021441
  0.0029088  0.0057006 -0.0002739  0.0004698
 -0.0012127 -0.0003977 -0.0000800 -0.0019247
 -0.0009025 -0.0038372  0.0002879  0.0016614
  0.0032277  0.0055872 -0.0002315  0.0011664
 -0.0000081 -0.0009169  0.0000892  0.0007858
 -0.0006418 -0.0039097  0.0003206  0.0022132
 -0.0077073 -0.0192529  0.0011328  0.0023795
  0.0020214  0.0044377 -0.0002371 -0.0000897
 -0.0005369  0.0019172 -0.0002408 -0.0026809
 In dfunc; fval after gcons:   -78.14512110904498     
 Iteration     3 E=    -78.14512111 Cvg=      0.01036189
 Current Geometry
 C   -0.0038240629    0.0846980247   -0.4358054522
 C   -0.3501160990   -0.0939836352    0.9475558418
 H    1.0744640677   -0.1667495090   -0.5275925583
 H   -0.1100522430    1.1086051187   -0.8026203015
 H   -0.5308322653   -0.5790462820   -1.1256278929
 H   -0.0796393852   -0.3525237315    1.9450902562
   2    4    -7.815D+01   1.036D-02   1.000D+00
 Begin Run MolPro... imode =             1
            1
 Read gradient for istate
            1  -2.2305008000000002E-002
            2   5.4369230000000002E-003
            3   7.2628000000000013E-004
            4   2.1424582000000001E-002
            5  -4.6693330000000008E-003
            6  -3.5602300000000002E-003
            7   3.1124410000000005E-003
            8  -1.8488650000000000E-003
            9   5.5312999999999999E-003
           10   2.7538339999999999E-003
           11  -4.2720699999999994E-004
           12  -1.2511499999999998E-003
           13   2.7615510000000003E-003
           14  -4.6163699999999999E-004
           15  -1.2302299999999999E-003
           16  -7.7473999999999998E-003
           17   1.9701190000000002E-003
           18  -2.1596000000000002E-004
 ...Run MolPro successful
 Begin Run MolPro... imode =             1
            1
 Read gradient for istate
            1  -4.5633227999999999E-002
            2   1.1285859000000000E-002
            3   5.6650000000000000E-004
            4   5.0936056000000001E-002
            5  -1.1235942999999999E-002
            6  -7.7456399999999990E-003
            7   3.0227559999999998E-003
            8  -3.3649920000000000E-003
            9   1.3558129999999999E-002
           10   5.4568200000000004E-003
           11   3.7073599999999995E-004
           12  -4.0931700000000006E-003
           13   5.0420270000000000E-003
           14  -1.3487730000000000E-003
           15  -4.3977499999999994E-003
           16  -1.8824430999999999E-002
           17   4.2931130000000008E-003
           18   2.1119300000000001E-003
 ...Run MolPro successful
 In dfunc; eni,enj=   -78.14532199999999        -78.14648180000000      
   -78.14648180000000     
 nefunc =             7
 Gap =    1.1598000000105912E-003
 alpha =    2.5000000372529030E-002
 dlambdagap =     14.00000000000000     
 -0.0223050 -0.0456332  0.0020227 -0.0056518
  0.0054369  0.0112859 -0.0005071  0.0012616
  0.0007263  0.0005665  0.0000139  0.0008403
  0.0214246  0.0509361 -0.0025588  0.0003573
 -0.0046693 -0.0112359  0.0005694  0.0000184
 -0.0035602 -0.0077456  0.0003629 -0.0005724
  0.0031124  0.0030228  0.0000078  0.0031765
 -0.0018489 -0.0033650  0.0001315 -0.0007666
  0.0055313  0.0135581 -0.0006960 -0.0001988
  0.0027538  0.0054568 -0.0002344  0.0008243
 -0.0004272  0.0003707 -0.0000692 -0.0009968
 -0.0012512 -0.0040932  0.0002464  0.0007777
  0.0027616  0.0050420 -0.0001977  0.0011336
 -0.0004616 -0.0013488  0.0000769  0.0001717
 -0.0012302 -0.0043977  0.0002746  0.0010310
 -0.0077474 -0.0188244  0.0009604  0.0001601
  0.0019701  0.0042931 -0.0002014  0.0003118
 -0.0002160  0.0021119 -0.0002018 -0.0018778
 In dfunc; fval after gcons:   -78.14518202047904     
 Iteration     4 E=    -78.14518202 Cvg=      0.00732918
 Current Geometry
 C   -0.0026719176    0.0844203314   -0.4358831184
 C   -0.3473669156   -0.0945991084    0.9471903754
 H    1.0723068271   -0.1663934347   -0.5266132005
 H   -0.1102122386    1.1094062070   -0.8033411608
 H   -0.5312836896   -0.5793792147   -1.1265795518
 H   -0.0807720533   -0.3524547952    1.9462265372
   3    5    -7.815D+01   7.329D-03   1.000D+00
 Begin Run MolPro... imode =             1
            1
 Read gradient for istate
            1  -1.8447544999999998E-002
            2   4.4631590000000001E-003
            3   7.8186000000000000E-004
            4   2.1410893000000000E-002
            5  -4.6764299999999990E-003
            6  -3.5014400000000001E-003
            7   2.1837400000000002E-004
            8  -1.2218229999999999E-003
            9   6.0386199999999999E-003
           10   2.4516960000000001E-003
           11   5.2177200000000017E-004
           12  -1.6326499999999999E-003
           13   2.0925909999999996E-003
           14  -9.7069200000000002E-004
           15  -1.8945699999999999E-003
           16  -7.7260090000000003E-003
           17   1.8840129999999998E-003
           18   2.0817000000000001E-004
 ...Run MolPro successful
 Begin Run MolPro... imode =             1
            1
 Read gradient for istate
            1  -4.1471432999999998E-002
            2   1.0238878000000000E-002
            3   6.0658999999999992E-004
            4   5.0481778999999989E-002
            5  -1.1145797000000000E-002
            6  -7.6127000000000002E-003
            7   1.6201500000000002E-004
            8  -2.7314689999999997E-003
            9   1.3989180000000001E-002
           10   5.1164379999999996E-003
           11   1.3158210000000001E-003
           12  -4.4342199999999998E-003
           13   4.3376840000000003E-003
           14  -1.8518729999999998E-003
           15  -5.0193599999999989E-003
           16  -1.8626481999999999E-002
           17   4.1744400000000006E-003
           18   2.4705100000000000E-003
 ...Run MolPro successful
 In dfunc; eni,enj=   -78.14533190000000        -78.14645450000000      
   -78.14645450000000     
 nefunc =             7
 Gap =    1.1226000000021941E-003
 alpha =    2.5000000372529030E-002
 dlambdagap =     14.00000000000000     
 -0.0184475 -0.0414714  0.0019363 -0.0028506
  0.0044632  0.0102389 -0.0004857  0.0005505
  0.0007819  0.0006066  0.0000147  0.0009006
  0.0214109  0.0504818 -0.0024449  0.0017176
 -0.0046764 -0.0111458  0.0005441 -0.0002939
 -0.0035014 -0.0076127  0.0003458 -0.0007164
  0.0002184  0.0001620  0.0000047  0.0002566
 -0.0012218 -0.0027315  0.0001270 -0.0001992
  0.0060386  0.0139892 -0.0006687  0.0006527
  0.0024517  0.0051164 -0.0002241  0.0006465
  0.0005218  0.0013158 -0.0000668 -0.0000161
 -0.0016327 -0.0044342  0.0002356  0.0002652
  0.0020926  0.0043377 -0.0001888  0.0005717
 -0.0009707 -0.0018519  0.0000741 -0.0003738
 -0.0018946 -0.0050194  0.0002628  0.0002222
 -0.0077260 -0.0186265  0.0009167 -0.0003418
  0.0018840  0.0041744 -0.0001926  0.0003324
  0.0002082  0.0024705 -0.0001903 -0.0013244
 In dfunc; fval after gcons:   -78.14521779899135     
 Iteration     5 E=    -78.14521780 Cvg=      0.00403819
 Current Geometry
 C   -0.0001209298    0.0838966902   -0.4365211958
 C   -0.3454454586   -0.0951052022    0.9473371442
 H    1.0698899014   -0.1659188681   -0.5258954799
 H   -0.1106277136    1.1102148274   -0.8041292555
 H   -0.5319641399   -0.5795784630   -1.1275830230
 H   -0.0817316468   -0.3525089991    1.9477916806
   4    6    -7.815D+01   4.038D-03   1.000D+00
 Begin Run MolPro... imode =             1
            1
 Read gradient for istate
            1  -1.6749506000000000E-002
            2   4.2098510000000005E-003
            3  -1.2398000000000000E-004
            4   2.1020172000000001E-002
            5  -4.6208509999999992E-003
            6  -3.2751599999999996E-003
            7  -7.7890499999999996E-004
            8  -1.0071060000000001E-003
            9   6.2325400000000002E-003
           10   2.2575879999999997E-003
           11   7.3689700000000009E-004
           12  -1.7426799999999998E-003
           13   1.8286840000000000E-003
           14  -1.0206350000000000E-003
           15  -2.0596999999999999E-003
           16  -7.5780329999999996E-003
           17   1.7018450000000001E-003
           18   9.6898000000000000E-004
 ...Run MolPro successful
 Begin Run MolPro... imode =             1
            1
 Read gradient for istate
            1  -3.9774798000000002E-002
            2   9.9982439999999997E-003
            3  -3.6381999999999999E-004
            4   5.0124174000000004E-002
            5  -1.1109894000000000E-002
            6  -7.3206199999999999E-003
            7  -8.3659400000000002E-004
            8  -2.5178989999999999E-003
            9   1.4192099999999998E-002
           10   4.9230560000000008E-003
           11   1.5322389999999997E-003
           12  -4.5432199999999998E-003
           13   4.0738589999999997E-003
           14  -1.9041420000000000E-003
           15  -5.1837499999999999E-003
           16  -1.8509696999999999E-002
           17   4.0014509999999994E-003
           18   3.2193199999999997E-003
 ...Run MolPro successful
 In dfunc; eni,enj=   -78.14536459999999        -78.14651960000000      
   -78.14651960000000     
 nefunc =             7
 Gap =    1.1550000000113414E-003
 alpha =    2.5000000372529030E-002
 dlambdagap =     14.00000000000000     
 -0.0167495 -0.0397748  0.0019887 -0.0004206
  0.0042099  0.0099982 -0.0004999  0.0001049
 -0.0001240 -0.0003638  0.0000207  0.0000461
  0.0210202  0.0501242 -0.0025137  0.0003804
 -0.0046209 -0.0111099  0.0005605 -0.0000190
 -0.0032752 -0.0073206  0.0003494 -0.0004062
 -0.0007789 -0.0008366  0.0000050 -0.0007380
 -0.0010071 -0.0025179  0.0001305  0.0000643
  0.0062325  0.0141921 -0.0006875  0.0005878
  0.0022576  0.0049231 -0.0002302  0.0003673
  0.0007369  0.0015322 -0.0000687  0.0001729
 -0.0017427 -0.0045432  0.0002419  0.0002434
  0.0018287  0.0040739 -0.0001939  0.0002365
 -0.0010206 -0.0019041  0.0000763 -0.0003941
 -0.0020597 -0.0051838  0.0002698  0.0001558
 -0.0075780 -0.0185097  0.0009442  0.0001744
  0.0017018  0.0040015 -0.0001986  0.0000710
  0.0009690  0.0032193 -0.0001944 -0.0006269
 In dfunc; fval after gcons:   -78.14522803577769     
 Iteration     6 E=    -78.14522804 Cvg=      0.00151076
 Current Geometry
 C    0.0013721983    0.0836984832   -0.4375051575
 C   -0.3450732671   -0.0952806921    0.9477835714
 H    1.0695749173   -0.1657994176   -0.5260460813
 H   -0.1111750693    1.1103099890   -0.8046785634
 H   -0.5324620049   -0.5792151826   -1.1281117918
 H   -0.0822367602   -0.3527131927    1.9495579176
 BFGS Converged
 Gap Direction Gradient Norm / dlambdagap =    4.4081548329933353E-005
 Perpendicular Direction Gradient Norm =    1.3789561458593611E-003
 Gradient Convergence Threshold:    5.0000000000000000E-003
 Energy Change =    1.0236786337713966E-005
 Convergence Threshold:    1.0010000000000003E-006
 Begin Run MolPro... imode =             0
            0
 ...Run MolPro successful
FINAL GEOMETRY, E=   -78.14536460, gap=     0.00115490
 C    0.0013721983    0.0836984832   -0.4375051575
 C   -0.3450732671   -0.0952806921    0.9477835714
 H    1.0695749173   -0.1657994176   -0.5260460813
 H   -0.1111750693    1.1103099890   -0.8046785634
 H   -0.5324620049   -0.5792151826   -1.1281117918
 H   -0.0822367602   -0.3527131927    1.9495579176
 Increasing penalty in seq penalty method    56.00000000000000     
 New tolerance:    1.0010000000000003E-006
 New gradient tolerance (gtol):    5.0000000000000000E-003
 Begin Run MolPro... imode =             1
            1
 Read gradient for istate
            1  -1.6749506000000000E-002
            2   4.2098510000000005E-003
            3  -1.2398000000000000E-004
            4   2.1020172000000001E-002
            5  -4.6208509999999992E-003
            6  -3.2751599999999996E-003
            7  -7.7890499999999996E-004
            8  -1.0071060000000001E-003
            9   6.2325400000000002E-003
           10   2.2575879999999997E-003
           11   7.3689700000000009E-004
           12  -1.7426799999999998E-003
           13   1.8286840000000000E-003
           14  -1.0206359999999999E-003
           15  -2.0596999999999999E-003
           16  -7.5780329999999996E-003
           17   1.7018450000000001E-003
           18   9.6898000000000000E-004
 ...Run MolPro successful
 Begin Run MolPro... imode =             1
            1
 Read gradient for istate
            1  -3.9774799999999999E-002
            2   9.9982450000000007E-003
            3  -3.6381999999999999E-004
            4   5.0124177000000003E-002
            5  -1.1109894000000000E-002
            6  -7.3206199999999999E-003
            7  -8.3659400000000002E-004
            8  -2.5178989999999999E-003
            9   1.4192099999999998E-002
           10   4.9230560000000008E-003
           11   1.5322400000000000E-003
           12  -4.5432199999999998E-003
           13   4.0738589999999997E-003
           14  -1.9041420000000000E-003
           15  -5.1837499999999999E-003
           16  -1.8509698000000000E-002
           17   4.0014509999999994E-003
           18   3.2193199999999997E-003
 ...Run MolPro successful
 In dfunc; eni,enj=   -78.14536459999999        -78.14651960000000      
   -78.14651960000000     
 nefunc =             7
 Gap =    1.1550000000113414E-003
 alpha =    2.5000000372529030E-002
 dlambdagap =     56.00000000000000     
 -0.0167495 -0.0397748  0.0019887  0.0831042
  0.0042099  0.0099982 -0.0004999 -0.0208926
 -0.0001240 -0.0003638  0.0000207  0.0009161
  0.0210202  0.0501242 -0.0025137 -0.1051950
 -0.0046209 -0.0111099  0.0005605  0.0235201
 -0.0032752 -0.0073206  0.0003494  0.0142688
 -0.0007789 -0.0008366  0.0000050 -0.0005287
 -0.0010071 -0.0025179  0.0001305  0.0055447
  0.0062325  0.0141921 -0.0006875 -0.0282856
  0.0022576  0.0049231 -0.0002302 -0.0093017
  0.0007369  0.0015322 -0.0000687 -0.0027123
 -0.0017427 -0.0045432  0.0002419  0.0104024
  0.0018287  0.0040739 -0.0001939 -0.0079080
 -0.0010206 -0.0019041  0.0000763  0.0028109
 -0.0020597 -0.0051838  0.0002698  0.0114884
 -0.0075780 -0.0185097  0.0009442  0.0398293
  0.0017018  0.0040015 -0.0001986 -0.0082708
  0.0009690  0.0032193 -0.0001944 -0.0087901
 In dfunc; fval after gcons:   -78.14308584311078     
 Iteration     0 E=    -78.14308584 Cvg=      0.14877525
 Current Geometry
 C    0.0013721983    0.0836984832   -0.4375051575
 C   -0.3450732671   -0.0952806921    0.9477835714
 H    1.0695749173   -0.1657994176   -0.5260460813
 H   -0.1111750693    1.1103099890   -0.8046785634
 H   -0.5324620049   -0.5792151826   -1.1281117918
 H   -0.0822367602   -0.3527131927    1.9495579176
*************************************************
  N=   18   NUMBER OF CORRECTIONS= 5
       INITIAL VALUES
 F= -7.814D+01   GNORM=  1.488D-01
*************************************************

   I   NFN    FUNC        GNORM       STEPLENGTH

 Begin Run MolPro... imode =             1
            1
 Read gradient for istate
            1  -5.7315033999999994E-002
            2   1.2729655000000002E-002
            3   8.2208699999999997E-003
            4   2.0817445000000001E-002
            5  -2.0505419999999996E-003
            6  -1.6448339999999999E-002
            7   2.5581969000000000E-002
            8  -7.6451580000000003E-003
            9   6.5742899999999995E-003
           10   5.7554549999999995E-003
           11  -8.8240929999999995E-003
           12   1.4005000000000001E-003
           13   8.9916479999999979E-003
           14   4.1362240000000003E-003
           15   3.8995100000000003E-003
           16  -3.8314840000000006E-003
           17   1.6539140000000003E-003
           18  -3.6468300000000005E-003
 ...Run MolPro successful
 Begin Run MolPro... imode =             1
            1
 Read gradient for istate
            1  -6.7529520999999990E-002
            2   1.5969286000000000E-002
            3   4.5991700000000000E-003
            4   3.7070721000000000E-002
            5  -6.2141549999999999E-003
            6  -1.5818360000000000E-002
            7   2.2446253000000000E-002
            8  -7.9269590000000001E-003
            9   1.2120580000000001E-002
           10   7.3985129999999995E-003
           11  -8.2547280000000001E-003
           12  -1.2195999999999998E-004
           13   1.0325251000000000E-002
           14   3.4524990000000000E-003
           15   2.1372000000000000E-003
           16  -9.7112169999999995E-003
           17   2.9740560000000000E-003
           18  -2.9166399999999996E-003
 ...Run MolPro successful
 In dfunc; eni,enj=   -78.13453310000000        -78.13509660000000      
   -78.13509660000000     
 nefunc =             7
 Gap =    5.6349999999838474E-004
 alpha =    2.5000000372529030E-002
 dlambdagap =     56.00000000000000     
 -0.0573150 -0.0675295  0.0004454 -0.0374824
  0.0127297  0.0159693 -0.0001412  0.0064395
  0.0082209  0.0045992  0.0001579  0.0152528
  0.0208174  0.0370707 -0.0007086 -0.0107403
 -0.0020505 -0.0062142  0.0001815  0.0060336
 -0.0164483 -0.0158184 -0.0000275 -0.0176715
  0.0255820  0.0224463  0.0001367  0.0316703
 -0.0076452 -0.0079270  0.0000123 -0.0070980
  0.0065743  0.0121206 -0.0002418 -0.0041945
  0.0057555  0.0073985 -0.0000716  0.0025653
 -0.0088241 -0.0082547 -0.0000248 -0.0099296
  0.0014005 -0.0001220  0.0000664  0.0043565
  0.0089916  0.0103253 -0.0000581  0.0064023
  0.0041362  0.0034525  0.0000298  0.0054638
  0.0038995  0.0021372  0.0000768  0.0073212
 -0.0038315 -0.0097112  0.0002564  0.0075847
  0.0016539  0.0029741 -0.0000576 -0.0009093
 -0.0036468 -0.0029166 -0.0000318 -0.0050646
 In dfunc; fval after gcons:   -78.13411925644901     
 Iteration     1 E=    -78.13411926 Cvg=      0.05955397
 Current Geometry
 C   -0.0544866587    0.0977415744   -0.4381209406
 C   -0.2743659424   -0.1110898704    0.9381927536
 H    1.0699303026   -0.1695263421   -0.5070337535
 H   -0.1049228656    1.1121330492   -0.8116705905
 H   -0.5271466359   -0.5811045153   -1.1358337413
 H   -0.1090081861   -0.3471539057    1.9554661964
 Begin Run MolPro... imode =             1
            1
 Read gradient for istate
            1  -2.6104134999999999E-002
            2   6.3564170000000004E-003
            3   7.8189000000000011E-004
            4   2.4441968000000003E-002
            5  -5.1087460000000000E-003
            6  -5.0181200000000006E-003
            7   3.5950460000000009E-003
            8  -2.2544140000000001E-003
            9   7.0518300000000007E-003
           10   3.1563300000000005E-003
           11  -7.1675900000000006E-004
           12  -1.5074199999999998E-003
           13   3.2736790000000004E-003
           14  -3.2099100000000003E-004
           15  -1.4084699999999999E-003
           16  -8.3628889999999991E-003
           17   2.0444940000000003E-003
           18   1.0029000000000001E-004
 ...Run MolPro successful
 Begin Run MolPro... imode =             1
            1
 Read gradient for istate
            1  -4.4247986000000008E-002
            2   1.0738345999999999E-002
            3   1.6662400000000000E-003
            4   4.6325161000000001E-002
            5  -9.8176939999999995E-003
            6  -9.2802800000000012E-003
            7   3.9163150000000000E-003
            8  -3.5528859999999995E-003
            9   1.3405760000000000E-002
           10   5.2118620000000000E-003
           11  -1.1506300000000000E-004
           12  -3.6761099999999995E-003
           13   4.9924559999999998E-003
           14  -9.8476299999999988E-004
           15  -3.8291199999999996E-003
           16  -1.6197807000000002E-002
           17   3.7320589999999996E-003
           18   1.7135100000000001E-003
 ...Run MolPro successful
 In dfunc; eni,enj=   -78.14436780000000        -78.14446100000001      
   -78.14446100000001     
 nefunc =             7
 Gap =    9.3200000009119321E-005
 alpha =    2.5000000372529030E-002
 dlambdagap =     56.00000000000000     
 -0.0261041 -0.0442480  0.0001345 -0.0276425
  0.0063564  0.0107383 -0.0000325  0.0067279
  0.0007819  0.0016662 -0.0000066  0.0008569
  0.0244420  0.0463252 -0.0001623  0.0262974
 -0.0051087 -0.0098177  0.0000349 -0.0055080
 -0.0050181 -0.0092803  0.0000316 -0.0053795
  0.0035950  0.0039163 -0.0000024  0.0036223
 -0.0022544 -0.0035529  0.0000096 -0.0023645
  0.0070518  0.0134058 -0.0000471  0.0075906
  0.0031563  0.0052119 -0.0000152  0.0033306
 -0.0007168 -0.0001151 -0.0000045 -0.0006657
 -0.0015074 -0.0036761  0.0000161 -0.0016913
  0.0032737  0.0049925 -0.0000127  0.0034194
 -0.0003210 -0.0009848  0.0000049 -0.0003773
 -0.0014085 -0.0038291  0.0000179 -0.0016137
 -0.0083629 -0.0161978  0.0000581 -0.0090272
  0.0020445  0.0037321 -0.0000125  0.0021876
  0.0001003  0.0017135 -0.0000120  0.0002371
 In dfunc; fval after gcons:   -78.14439501508963     
 Iteration     2 E=    -78.14439502 Cvg=      0.04186207
 Current Geometry
 C   -0.0072527739    0.0858668282   -0.4376002385
 C   -0.3341555946   -0.0977217325    0.9463026865
 H    1.0696297911   -0.1663748791   -0.5231104538
 H   -0.1102096883    1.1105914814   -0.8057581781
 H   -0.5316412772   -0.5795069079   -1.1293041112
 H   -0.0863704431   -0.3518548025    1.9504701944
   1    3    -7.814D+01   4.186D-02   1.038D+00
 Begin Run MolPro... imode =             1
            1
 Read gradient for istate
            1  -2.3715638999999999E-002
            2   5.8190150000000003E-003
            3   5.5817000000000005E-004
            4   2.3718555000000001E-002
            5  -5.0629800000000005E-003
            6  -4.4976099999999999E-003
            7   2.3897639999999996E-003
            8  -1.9279779999999999E-003
            9   6.9146600000000005E-003
           10   2.9377919999999996E-003
           11  -3.0004999999999997E-004
           12  -1.6013600000000001E-003
           13   2.8880710000000001E-003
           14  -5.2879699999999996E-004
           15  -1.6269299999999999E-003
           16  -8.2185430000000004E-003
           17   2.0007890000000002E-003
           18   2.5306000000000002E-004
 ...Run MolPro successful
 Begin Run MolPro... imode =             1
            1
 Read gradient for istate
            1  -4.2925198999999994E-002
            2   1.0483328000000001E-002
            3   1.2022999999999999E-003
            4   4.7171436999999994E-002
            5  -1.0101944999999999E-002
            6  -8.7141599999999997E-003
            7   2.6260889999999999E-003
            8  -3.2734010000000002E-003
            9   1.3629530000000001E-002
           10   5.1181730000000005E-003
           11   3.4767999999999999E-004
           12  -3.9101799999999995E-003
           13   4.7295169999999995E-003
           14  -1.2433019999999999E-003
           15  -4.1973099999999999E-003
           16  -1.6720018000000001E-002
           17   3.7876400000000006E-003
           18   1.9898099999999999E-003
 ...Run MolPro successful
 In dfunc; eni,enj=   -78.14460900000000        -78.14490739999999      
   -78.14490739999999     
 nefunc =             7
 Gap =    2.9839999999126121E-004
 alpha =    2.5000000372529030E-002
 dlambdagap =     56.00000000000000     
 -0.0237156 -0.0429252  0.0004505 -0.0080930
  0.0058190  0.0104833 -0.0001094  0.0020257
  0.0005582  0.0012023 -0.0000151  0.0000343
  0.0237186  0.0471714 -0.0005500  0.0046450
 -0.0050630 -0.0101019  0.0001182 -0.0009649
 -0.0044976 -0.0087142  0.0000989 -0.0010684
  0.0023898  0.0026261 -0.0000055  0.0021976
 -0.0019280 -0.0032734  0.0000316 -0.0008338
  0.0069147  0.0136295 -0.0001575  0.0014536
  0.0029378  0.0051182 -0.0000511  0.0011645
 -0.0003001  0.0003477 -0.0000152 -0.0008268
 -0.0016014 -0.0039102  0.0000541  0.0002763
  0.0028881  0.0047295 -0.0000432  0.0013905
 -0.0005288 -0.0012433  0.0000168  0.0000523
 -0.0016269 -0.0041973  0.0000603  0.0004635
 -0.0082185 -0.0167200  0.0001994 -0.0013045
  0.0020008  0.0037876 -0.0000419  0.0005476
  0.0002531  0.0019898 -0.0000407 -0.0011594
 In dfunc; fval after gcons:   -78.14456109728654     
 Iteration     3 E=    -78.14456110 Cvg=      0.01041635
 Current Geometry
 C   -0.0050998875    0.0853396739   -0.4376503989
 C   -0.3363277649   -0.0972597122    0.9467126212
 H    1.0693968547   -0.1661981465   -0.5237275721
 H   -0.1104657105    1.1106209583   -0.8056012145
 H   -0.5318963327   -0.5794695669   -1.1291469290
 H   -0.0856071450   -0.3520332190    1.9504133924
   2    4    -7.814D+01   1.042D-02   1.000D+00
 Begin Run MolPro... imode =             1
            1
 Read gradient for istate
            1  -2.2631342999999999E-002
            2   5.5339860000000005E-003
            3   6.1505000000000001E-004
            4   2.3497324000000002E-002
            5  -5.0133189999999992E-003
            6  -4.4396300000000002E-003
            7   1.7687560000000002E-003
            8  -1.7720989999999999E-003
            9   6.9116599999999995E-003
           10   2.8343029999999999E-003
           11  -5.0036000000000005E-005
           12  -1.6839199999999998E-003
           13   2.6919100000000000E-003
           14  -6.5774100000000004E-004
           15  -1.7813099999999999E-003
           16  -8.1609490000000005E-003
           17   1.9592099999999999E-003
           18   3.7814000000000005E-004
 ...Run MolPro successful
 Begin Run MolPro... imode =             1
            1
 Read gradient for istate
            1  -4.2136745000000007E-002
            2   1.0291002000000000E-002
            3   1.1854000000000000E-003
            4   4.7383274000000002E-002
            5  -1.0174770000000000E-002
            6  -8.6385800000000010E-003
            7   1.9822279999999996E-003
            8  -3.1314660000000001E-003
            9   1.3728070000000001E-002
           10   5.0542740000000013E-003
           11   6.1003700000000007E-004
           12  -4.0302499999999997E-003
           13   4.5628530000000005E-003
           14  -1.3865270000000001E-003
           15  -4.3957400000000009E-003
           16  -1.6845884000000000E-002
           17   3.7917239999999994E-003
           18   2.1511000000000000E-003
 ...Run MolPro successful
 In dfunc; eni,enj=   -78.14468069999999        -78.14504180000000      
   -78.14504180000000     
 nefunc =             7
 Gap =    3.6110000000633136E-004
 alpha =    2.5000000372529030E-002
 dlambdagap =     56.00000000000000     
 -0.0226313 -0.0421367  0.0005515 -0.0015003
  0.0055340  0.0102910 -0.0001345  0.0003805
  0.0006151  0.0011854 -0.0000161 -0.0000028
  0.0234973  0.0473833 -0.0006754 -0.0023793
 -0.0050133 -0.0101748  0.0001459  0.0005783
 -0.0044396 -0.0086386  0.0001187  0.0001093
  0.0017688  0.0019822 -0.0000060  0.0015375
 -0.0017721 -0.0031315  0.0000384 -0.0002994
  0.0069117  0.0137281 -0.0001927 -0.0004728
  0.0028343  0.0050543 -0.0000628  0.0004293
 -0.0000500  0.0006100 -0.0000187 -0.0007651
 -0.0016839 -0.0040303  0.0000663  0.0008580
  0.0026919  0.0045629 -0.0000529  0.0006650
 -0.0006577 -0.0013865  0.0000206  0.0001318
 -0.0017813 -0.0043957  0.0000739  0.0010510
 -0.0081609 -0.0168459  0.0002456  0.0012478
  0.0019592  0.0037917 -0.0000518 -0.0000260
  0.0003781  0.0021511 -0.0000501 -0.0015426
 In dfunc; fval after gcons:   -78.14457332795982     
 Iteration     4 E=    -78.14457333 Cvg=      0.00425297
 Current Geometry
 C   -0.0042000831    0.0851121886   -0.4376441862
 C   -0.3368053930   -0.0971587279    0.9468164794
 H    1.0691389341   -0.1661041266   -0.5238779098
 H   -0.1105988333    1.1107218616   -0.8056434905
 H   -0.5320571832   -0.5794770621   -1.1292122219
 H   -0.0854774277   -0.3520941459    1.9505612294
 BFGS Converged
 Gap Direction Gradient Norm / dlambdagap =    2.5303953357012041E-005
 Perpendicular Direction Gradient Norm =    4.0099609810908925E-003
 Gradient Convergence Threshold:    5.0000000000000000E-003
 Energy Change =    1.2230673277713322E-005
 Convergence Threshold:    1.0010000000000003E-006
 Begin Run MolPro... imode =             0
            0
 ...Run MolPro successful
FINAL GEOMETRY, E=   -78.14468070, gap=     0.00036100
 C   -0.0042000831    0.0851121886   -0.4376441862
 C   -0.3368053930   -0.0971587279    0.9468164794
 H    1.0691389341   -0.1661041266   -0.5238779098
 H   -0.1105988333    1.1107218616   -0.8056434905
 H   -0.5320571832   -0.5794770621   -1.1292122219
 H   -0.0854774277   -0.3520941459    1.9505612294
 Sequential penalty converged, gap=   3.6099999999805732E-004
