
libgomp: Invalid value for environment variable OMP_NUM_THREADS

libgomp: Invalid value for environment variable OMP_NUM_THREADS

libgomp: Invalid value for environment variable OMP_NUM_THREADS

libgomp: Invalid value for environment variable OMP_NUM_THREADS

libgomp: Invalid value for environment variable OMP_NUM_THREADS

libgomp: Invalid value for environment variable OMP_NUM_THREADS

libgomp: Invalid value for environment variable OMP_NUM_THREADS

libgomp: Invalid value for environment variable OMP_NUM_THREADS
  * process grid (2, 4) will be used
    r22c03b11.bem2.kdm.wcss.pl      
    r22c03b11.bem2.kdm.wcss.pl      
    r22c03b11.bem2.kdm.wcss.pl      
    r22c03b11.bem2.kdm.wcss.pl      
    r22c03b11.bem2.kdm.wcss.pl      
    r22c03b11.bem2.kdm.wcss.pl      
    r22c03b11.bem2.kdm.wcss.pl      
    r22c03b11.bem2.kdm.wcss.pl      

  * using 48 threads per process
OMP: Warning #232: OMP_NUM_THREADS: Invalid symbols found. Check the value "".
OMP: Warning #232: OMP_NUM_THREADS: Invalid symbols found. Check the value "".
OMP: Warning #232: OMP_NUM_THREADS: Invalid symbols found. Check the value "".
OMP: Warning #232: OMP_NUM_THREADS: Invalid symbols found. Check the value "".
OMP: Warning #232: OMP_NUM_THREADS: Invalid symbols found. Check the value "".
OMP: Warning #232: OMP_NUM_THREADS: Invalid symbols found. Check the value "".
OMP: Warning #232: OMP_NUM_THREADS: Invalid symbols found. Check the value "".
OMP: Warning #232: OMP_NUM_THREADS: Invalid symbols found. Check the value "".

  ===============================================================
    BAGEL - Freshly leavened quantum chemistry                   
  ===============================================================

  *** Geometry ***

  { "atom" : "C", "xyz" : [      1.378555,      0.000000,     -0.001890 ] },
  { "atom" : "C", "xyz" : [     -1.193362,     -0.000378,     -0.003590 ] },
  { "atom" : "H", "xyz" : [      2.433400,      1.544284,      0.891762 ] },
  { "atom" : "H", "xyz" : [      2.435101,     -1.544095,     -0.894029 ] },
  { "atom" : "H", "xyz" : [     -2.400708,     -1.509324,      0.860581 ] },
  { "atom" : "H", "xyz" : [     -2.397873,      1.509513,     -0.870219 ] },

  Number of auxiliary basis functions:      222

  Since a DF basis is specified, we compute 2- and 3-index integrals:
    o Being stored without compression. Storage requirement is 0.004 GB
       - 3-index ints prep                         0.00
       - 3-index ints                              0.59
       - 2-index ints                              0.15
       - computing inverse                         0.05
        elapsed time:        0.79 sec.


  Number of basis functions:       48
  Number of electrons      :       16


    * METHOD: MOLECULE                             0.82

       - Overlap matrix                            0.02
       - Hcore matrix                              0.05
       - Overlap orthog                            0.00

  *** RHF ***

  === Nuclear Repulsion ===
  
    32.6152164573

      * DIIS with orbital gradients will be used.

       - SCF startup                               1.38

  === RHF iteration (svp) ===
  
               o Fock build                                  0.24
      0        -77.82722867          0.01907869           0.24
               o DIIS                                        0.00
               o Diag                                        0.00
               o Post process                                0.00
               o Fock build                                  0.25
      1        -77.88776806          0.00746087           0.25
               o DIIS                                        0.00
               o Diag                                        0.00
               o Post process                                0.00
               o Fock build                                  0.33
      2        -77.89552354          0.00171431           0.34
               o DIIS                                        0.00
               o Diag                                        0.00
               o Post process                                0.00
               o Fock build                                  0.13
      3        -77.89616336          0.00025547           0.13
               o DIIS                                        0.00
               o Diag                                        0.00
               o Post process                                0.00
               o Fock build                                  0.27
      4        -77.89618324          0.00011366           0.27
               o DIIS                                        0.00
               o Diag                                        0.00
               o Post process                                0.00
               o Fock build                                  0.22
      5        -77.89618623          0.00003332           0.22
               o DIIS                                        0.00
               o Diag                                        0.00
               o Post process                                0.00
               o Fock build                                  0.29
      6        -77.89618652          0.00000614           0.29
               o DIIS                                        0.00
               o Diag                                        0.00
               o Post process                                0.00
               o Fock build                                  0.25
      7        -77.89618654          0.00000272           0.25
               o DIIS                                        0.00
               o Diag                                        0.00
               o Post process                                0.00
               o Fock build                                  0.21
      8        -77.89618654          0.00000116           0.21
               o DIIS                                        0.00
               o Diag                                        0.00
               o Post process                                0.00
               o Fock build                                  0.20
      9        -77.89618654          0.00000044           0.20
               o DIIS                                        0.00
               o Diag                                        0.00
               o Post process                                0.00
               o Fock build                                  0.20
     10        -77.89618654          0.00000015           0.20
               o DIIS                                        0.00
               o Diag                                        0.00
               o Post process                                0.00
               o Fock build                                  0.26
     11        -77.89618654          0.00000004           0.26
               o DIIS                                        0.00
               o Diag                                        0.00
               o Post process                                0.00
               o Fock build                                  0.34
     12        -77.89618654          0.00000001           0.34
               o DIIS                                        0.00
               o Diag                                        0.00
               o Post process                                0.00
               o Fock build                                  0.17
     13        -77.89618654          0.00000000           0.18
  
    * SCF iteration converged.

    * Permanent dipole moment:
           (    0.020916,    -0.000030,     0.000078) a.u.


    * METHOD: HF                                   4.91


    * METHOD: PRINT                                0.00

  ---------------------------
      CASSCF calculation     
  ---------------------------

 
    ==== Active orbitals : ===== 
         Orbital 8
         Orbital 9
    ============================ 

    * nstate   :      2
    * nclosed  :      7
    * nact     :      2
    * nvirt    :     39
  === CASSCF iteration (svp) ===

    * Using the second-order algorithm

      0  0       -77.91821166     6.28e-03      0.27
      0  1       -77.71271925     0.00e+00      0.27

         res : 6.49e-02   lamb: 1.00e+00   eps : -8.91e-03   step: 1.21e-01    0.00
         res : 1.02e-02   lamb: 1.00e+00   eps : -9.72e-03   step: 1.40e-01    0.00
         res : 2.55e-03   lamb: 1.00e+00   eps : -9.76e-03   step: 1.41e-01    0.00
         res : 5.34e-04   lamb: 1.00e+00   eps : -9.76e-03   step: 1.41e-01    0.00
         res : 6.87e-05   lamb: 1.00e+00   eps : -9.76e-03   step: 1.41e-01    0.00
         res : 2.40e-05   lamb: 1.00e+00   eps : -9.76e-03   step: 1.41e-01    0.00
         res : 3.89e-06   lamb: 1.00e+00   eps : -9.76e-03   step: 1.41e-01    0.00

      1  0       -77.91286375     1.40e-03      1.50
      1  1       -77.72793685     0.00e+00      1.50

         res : 6.99e-03   lamb: 1.00e+00   eps : -1.51e-04   step: 1.10e-02    0.00
         res : 1.76e-03   lamb: 1.00e+00   eps : -1.74e-04   step: 1.44e-02    0.00
         res : 2.58e-04   lamb: 1.00e+00   eps : -1.75e-04   step: 1.44e-02    0.00
         res : 4.61e-05   lamb: 1.00e+00   eps : -1.75e-04   step: 1.44e-02    0.00
         res : 1.37e-05   lamb: 1.00e+00   eps : -1.75e-04   step: 1.45e-02    0.00
         res : 3.51e-06   lamb: 1.00e+00   eps : -1.75e-04   step: 1.45e-02    0.00
         res : 1.05e-06   lamb: 1.00e+00   eps : -1.75e-04   step: 1.45e-02    0.00

      2  0       -77.91281272     1.59e-03      1.74
      2  1       -77.72835539     0.00e+00      1.74

         res : 7.59e-03   lamb: 1.00e+00   eps : -1.89e-04   step: 1.24e-02    0.00
         res : 1.90e-03   lamb: 1.00e+00   eps : -2.17e-04   step: 1.65e-02    0.00
         res : 3.47e-04   lamb: 1.00e+00   eps : -2.19e-04   step: 1.65e-02    0.00
         res : 1.06e-04   lamb: 1.00e+00   eps : -2.19e-04   step: 1.65e-02    0.00
         res : 2.50e-05   lamb: 1.00e+00   eps : -2.19e-04   step: 1.66e-02    0.00
         res : 5.08e-06   lamb: 1.00e+00   eps : -2.19e-04   step: 1.66e-02    0.00
         res : 1.21e-06   lamb: 1.00e+00   eps : -2.19e-04   step: 1.66e-02    0.01

      3  0       -77.91284959     1.65e-03      0.94
      3  1       -77.72876886     0.00e+00      0.94

         res : 8.01e-03   lamb: 1.00e+00   eps : -2.07e-04   step: 1.30e-02    0.00
         res : 2.03e-03   lamb: 1.00e+00   eps : -2.38e-04   step: 1.72e-02    0.00
         res : 4.10e-04   lamb: 1.00e+00   eps : -2.40e-04   step: 1.73e-02    0.00
         res : 1.20e-04   lamb: 1.00e+00   eps : -2.40e-04   step: 1.73e-02    0.00
         res : 3.33e-05   lamb: 1.00e+00   eps : -2.40e-04   step: 1.73e-02    0.00
         res : 6.43e-06   lamb: 1.00e+00   eps : -2.40e-04   step: 1.73e-02    0.00
         res : 1.35e-06   lamb: 1.00e+00   eps : -2.40e-04   step: 1.73e-02    0.00

      4  0       -77.91291610     1.51e-03      1.16
      4  1       -77.72916701     0.00e+00      1.16

         res : 7.48e-03   lamb: 1.00e+00   eps : -1.77e-04   step: 1.21e-02    0.00
         res : 1.93e-03   lamb: 1.00e+00   eps : -2.04e-04   step: 1.59e-02    0.00
         res : 4.16e-04   lamb: 1.00e+00   eps : -2.05e-04   step: 1.59e-02    0.00
         res : 1.16e-04   lamb: 1.00e+00   eps : -2.05e-04   step: 1.59e-02    0.00
         res : 3.73e-05   lamb: 1.00e+00   eps : -2.05e-04   step: 1.59e-02    0.00
         res : 6.79e-06   lamb: 1.00e+00   eps : -2.05e-04   step: 1.60e-02    0.00
         res : 1.33e-06   lamb: 1.00e+00   eps : -2.05e-04   step: 1.60e-02    0.00

      5  0       -77.91297957     1.20e-03      1.95
      5  1       -77.72947513     0.00e+00      1.95

         res : 6.06e-03   lamb: 1.00e+00   eps : -1.14e-04   step: 9.70e-03    0.00
         res : 1.59e-03   lamb: 1.00e+00   eps : -1.31e-04   step: 1.26e-02    0.00
         res : 3.59e-04   lamb: 1.00e+00   eps : -1.32e-04   step: 1.27e-02    0.00
         res : 9.37e-05   lamb: 1.00e+00   eps : -1.32e-04   step: 1.27e-02    0.00
         res : 3.42e-05   lamb: 1.00e+00   eps : -1.32e-04   step: 1.27e-02    0.00
         res : 5.86e-06   lamb: 1.00e+00   eps : -1.32e-04   step: 1.27e-02    0.00
         res : 1.12e-06   lamb: 1.00e+00   eps : -1.32e-04   step: 1.27e-02    0.00

      6  0       -77.91302792     8.42e-04      1.75
      6  1       -77.72965264     0.00e+00      1.75

         res : 4.31e-03   lamb: 1.00e+00   eps : -5.67e-05   step: 6.83e-03    0.00
         res : 1.15e-03   lamb: 1.00e+00   eps : -6.51e-05   step: 8.83e-03    0.00
         res : 2.67e-04   lamb: 1.00e+00   eps : -6.55e-05   step: 8.84e-03    0.00
         res : 6.59e-05   lamb: 1.00e+00   eps : -6.55e-05   step: 8.85e-03    0.00
         res : 2.62e-05   lamb: 1.00e+00   eps : -6.55e-05   step: 8.86e-03    0.00
         res : 4.26e-06   lamb: 1.00e+00   eps : -6.55e-05   step: 8.86e-03    0.00
         res : 8.23e-07   lamb: 1.00e+00   eps : -6.55e-05   step: 8.86e-03    0.00

      7  0       -77.91306210     5.34e-04      1.61
      7  1       -77.72972610     0.00e+00      1.61

         res : 2.77e-03   lamb: 1.00e+00   eps : -2.31e-05   step: 4.36e-03    0.00
         res : 7.45e-04   lamb: 1.00e+00   eps : -2.65e-05   step: 5.59e-03    0.00
         res : 1.77e-04   lamb: 1.00e+00   eps : -2.67e-05   step: 5.60e-03    0.00
         res : 4.19e-05   lamb: 1.00e+00   eps : -2.67e-05   step: 5.60e-03    0.00
         res : 1.76e-05   lamb: 1.00e+00   eps : -2.67e-05   step: 5.61e-03    0.00
         res : 2.76e-06   lamb: 1.00e+00   eps : -2.67e-05   step: 5.61e-03    0.00
         res : 5.45e-07   lamb: 1.00e+00   eps : -2.67e-05   step: 5.61e-03    0.00

      8  0       -77.91308613     3.18e-04      1.38
      8  1       -77.72974482     0.00e+00      1.38

         res : 1.66e-03   lamb: 1.00e+00   eps : -8.28e-06   step: 2.61e-03    0.00
         res : 4.52e-04   lamb: 1.00e+00   eps : -9.49e-06   step: 3.33e-03    0.00
         res : 1.08e-04   lamb: 1.00e+00   eps : -9.56e-06   step: 3.33e-03    0.00
         res : 2.50e-05   lamb: 1.00e+00   eps : -9.56e-06   step: 3.33e-03    0.00
         res : 1.08e-05   lamb: 1.00e+00   eps : -9.56e-06   step: 3.34e-03    0.00
         res : 1.67e-06   lamb: 1.00e+00   eps : -9.56e-06   step: 3.34e-03    0.01
         res : 3.36e-07   lamb: 1.00e+00   eps : -9.56e-06   step: 3.34e-03    0.00
         res : 7.70e-08   lamb: 1.00e+00   eps : -9.56e-06   step: 3.34e-03    0.00

      9  0       -77.91310250     1.82e-04      1.74
      9  1       -77.72974352     0.00e+00      1.74

         res : 9.60e-04   lamb: 1.00e+00   eps : -2.74e-06   step: 1.50e-03    0.00
         res : 2.62e-04   lamb: 1.00e+00   eps : -3.14e-06   step: 1.91e-03    0.00
         res : 6.34e-05   lamb: 1.00e+00   eps : -3.16e-06   step: 1.91e-03    0.00
         res : 1.44e-05   lamb: 1.00e+00   eps : -3.16e-06   step: 1.91e-03    0.00
         res : 6.31e-06   lamb: 1.00e+00   eps : -3.16e-06   step: 1.91e-03    0.00
         res : 9.69e-07   lamb: 1.00e+00   eps : -3.16e-06   step: 1.91e-03    0.00
         res : 1.98e-07   lamb: 1.00e+00   eps : -3.16e-06   step: 1.91e-03    0.00
         res : 4.52e-08   lamb: 1.00e+00   eps : -3.16e-06   step: 1.91e-03    0.00

     10  0       -77.91311304     1.02e-04      1.61
     10  1       -77.72973793     0.00e+00      1.61

         res : 5.41e-04   lamb: 1.00e+00   eps : -8.65e-07   step: 8.44e-04    0.00
         res : 1.48e-04   lamb: 1.00e+00   eps : -9.92e-07   step: 1.07e-03    0.00
         res : 3.60e-05   lamb: 1.00e+00   eps : -9.99e-07   step: 1.07e-03    0.00
         res : 8.10e-06   lamb: 1.00e+00   eps : -9.99e-07   step: 1.07e-03    0.00
         res : 3.58e-06   lamb: 1.00e+00   eps : -9.99e-07   step: 1.07e-03    0.00
         res : 5.48e-07   lamb: 1.00e+00   eps : -9.99e-07   step: 1.07e-03    0.00
         res : 1.13e-07   lamb: 1.00e+00   eps : -9.99e-07   step: 1.07e-03    0.00
         res : 2.57e-08   lamb: 1.00e+00   eps : -9.99e-07   step: 1.07e-03    0.00

     11  0       -77.91311944     5.67e-05      1.36
     11  1       -77.72973308     0.00e+00      1.36

         res : 3.00e-04   lamb: 1.00e+00   eps : -2.66e-07   step: 4.69e-04    0.00
         res : 8.25e-05   lamb: 1.00e+00   eps : -3.06e-07   step: 5.94e-04    0.00
         res : 2.01e-05   lamb: 1.00e+00   eps : -3.08e-07   step: 5.93e-04    0.00
         res : 4.50e-06   lamb: 1.00e+00   eps : -3.08e-07   step: 5.94e-04    0.00
         res : 2.00e-06   lamb: 1.00e+00   eps : -3.08e-07   step: 5.95e-04    0.00
         res : 3.05e-07   lamb: 1.00e+00   eps : -3.08e-07   step: 5.95e-04    0.00
         res : 6.32e-08   lamb: 1.00e+00   eps : -3.08e-07   step: 5.95e-04    0.00
         res : 1.43e-08   lamb: 1.00e+00   eps : -3.08e-07   step: 5.95e-04    0.00

     12  0       -77.91312317     3.12e-05      1.70
     12  1       -77.72972983     0.00e+00      1.70

         res : 1.66e-04   lamb: 1.00e+00   eps : -8.09e-08   step: 2.58e-04    0.00
         res : 4.55e-05   lamb: 1.00e+00   eps : -9.28e-08   step: 3.27e-04    0.00
         res : 1.11e-05   lamb: 1.00e+00   eps : -9.34e-08   step: 3.27e-04    0.00
         res : 2.48e-06   lamb: 1.00e+00   eps : -9.34e-08   step: 3.27e-04    0.00
         res : 1.10e-06   lamb: 1.00e+00   eps : -9.34e-08   step: 3.27e-04    0.00
         res : 1.69e-07   lamb: 1.00e+00   eps : -9.34e-08   step: 3.28e-04    0.00
         res : 3.50e-08   lamb: 1.00e+00   eps : -9.34e-08   step: 3.28e-04    0.00
         res : 7.93e-09   lamb: 1.00e+00   eps : -9.34e-08   step: 3.28e-04    0.00

     13  0       -77.91312528     1.71e-05      1.63
     13  1       -77.72972786     0.00e+00      1.63

         res : 9.09e-05   lamb: 1.00e+00   eps : -2.44e-08   step: 1.42e-04    0.00
         res : 2.50e-05   lamb: 1.00e+00   eps : -2.79e-08   step: 1.79e-04    0.00
         res : 6.11e-06   lamb: 1.00e+00   eps : -2.81e-08   step: 1.79e-04    0.00
         res : 1.36e-06   lamb: 1.00e+00   eps : -2.81e-08   step: 1.79e-04    0.00
         res : 6.07e-07   lamb: 1.00e+00   eps : -2.81e-08   step: 1.80e-04    0.00
         res : 9.27e-08   lamb: 1.00e+00   eps : -2.81e-08   step: 1.80e-04    0.00
         res : 1.93e-08   lamb: 1.00e+00   eps : -2.81e-08   step: 1.80e-04    0.00
         res : 4.36e-09   lamb: 1.00e+00   eps : -2.81e-08   step: 1.80e-04    0.00

     14  0       -77.91312646     9.37e-06      1.53
     14  1       -77.72972673     0.00e+00      1.53

         res : 4.98e-05   lamb: 1.00e+00   eps : -7.31e-09   step: 7.76e-05    0.00
         res : 1.37e-05   lamb: 1.00e+00   eps : -8.38e-09   step: 9.83e-05    0.00
         res : 3.35e-06   lamb: 1.00e+00   eps : -8.44e-09   step: 9.82e-05    0.00
         res : 7.46e-07   lamb: 1.00e+00   eps : -8.44e-09   step: 9.83e-05    0.00
         res : 3.33e-07   lamb: 1.00e+00   eps : -8.44e-09   step: 9.84e-05    0.00
         res : 5.08e-08   lamb: 1.00e+00   eps : -8.44e-09   step: 9.84e-05    0.00
         res : 1.06e-08   lamb: 1.00e+00   eps : -8.44e-09   step: 9.84e-05    0.00
         res : 2.39e-09   lamb: 1.00e+00   eps : -8.44e-09   step: 9.84e-05    0.00

     15  0       -77.91312712     5.12e-06      1.35
     15  1       -77.72972609     0.00e+00      1.35

         res : 2.72e-05   lamb: 1.00e+00   eps : -2.19e-09   step: 4.25e-05    0.00
         res : 7.50e-06   lamb: 1.00e+00   eps : -2.51e-09   step: 5.37e-05    0.00
         res : 1.83e-06   lamb: 1.00e+00   eps : -2.52e-09   step: 5.37e-05    0.00
         res : 4.08e-07   lamb: 1.00e+00   eps : -2.53e-09   step: 5.37e-05    0.00
         res : 1.82e-07   lamb: 1.00e+00   eps : -2.53e-09   step: 5.38e-05    0.00
         res : 2.78e-08   lamb: 1.00e+00   eps : -2.53e-09   step: 5.38e-05    0.00
         res : 5.79e-09   lamb: 1.00e+00   eps : -2.53e-09   step: 5.38e-05    0.00
         res : 1.31e-09   lamb: 1.00e+00   eps : -2.53e-09   step: 5.38e-05    0.00

     16  0       -77.91312747     2.80e-06      1.13
     16  1       -77.72972573     0.00e+00      1.13

         res : 1.49e-05   lamb: 1.00e+00   eps : -6.53e-10   step: 2.32e-05    0.00
         res : 4.10e-06   lamb: 1.00e+00   eps : -7.49e-10   step: 2.94e-05    0.00
         res : 1.00e-06   lamb: 1.00e+00   eps : -7.54e-10   step: 2.93e-05    0.00
         res : 2.23e-07   lamb: 1.00e+00   eps : -7.55e-10   step: 2.94e-05    0.00
         res : 9.96e-08   lamb: 1.00e+00   eps : -7.55e-10   step: 2.94e-05    0.00
         res : 1.52e-08   lamb: 1.00e+00   eps : -7.55e-10   step: 2.94e-05    0.00
         res : 3.17e-09   lamb: 1.00e+00   eps : -7.55e-10   step: 2.94e-05    0.00

     17  0       -77.91312767     1.53e-06      1.10
     17  1       -77.72972554     0.00e+00      1.10

         res : 8.14e-06   lamb: 1.00e+00   eps : -1.95e-10   step: 1.27e-05    0.00
         res : 2.24e-06   lamb: 1.00e+00   eps : -2.24e-10   step: 1.60e-05    0.00
         res : 5.48e-07   lamb: 1.00e+00   eps : -2.25e-10   step: 1.60e-05    0.00
         res : 1.22e-07   lamb: 1.00e+00   eps : -2.25e-10   step: 1.61e-05    0.00
         res : 5.44e-08   lamb: 1.00e+00   eps : -2.25e-10   step: 1.61e-05    0.00
         res : 8.31e-09   lamb: 1.00e+00   eps : -2.25e-10   step: 1.61e-05    0.00
         res : 1.73e-09   lamb: 1.00e+00   eps : -2.25e-10   step: 1.61e-05    0.00

     18  0       -77.91312778     8.36e-07      1.22
     18  1       -77.72972543     0.00e+00      1.22

         res : 4.45e-06   lamb: 1.00e+00   eps : -5.82e-11   step: 6.93e-06    0.00
         res : 1.22e-06   lamb: 1.00e+00   eps : -6.68e-11   step: 8.77e-06    0.00
         res : 2.99e-07   lamb: 1.00e+00   eps : -6.72e-11   step: 8.76e-06    0.00
         res : 6.66e-08   lamb: 1.00e+00   eps : -6.73e-11   step: 8.77e-06    0.00
         res : 2.97e-08   lamb: 1.00e+00   eps : -6.73e-11   step: 8.78e-06    0.00
         res : 4.54e-09   lamb: 1.00e+00   eps : -6.73e-11   step: 8.78e-06    0.00

     19  0       -77.91312784     4.57e-07      1.26
     19  1       -77.72972537     0.00e+00      1.26

         res : 2.43e-06   lamb: 1.00e+00   eps : -1.74e-11   step: 3.79e-06    0.00
         res : 6.69e-07   lamb: 1.00e+00   eps : -1.99e-11   step: 4.79e-06    0.00
         res : 1.64e-07   lamb: 1.00e+00   eps : -2.01e-11   step: 4.79e-06    0.00
         res : 3.64e-08   lamb: 1.00e+00   eps : -2.01e-11   step: 4.79e-06    0.00
         res : 1.63e-08   lamb: 1.00e+00   eps : -2.01e-11   step: 4.80e-06    0.00
         res : 2.48e-09   lamb: 1.00e+00   eps : -2.01e-11   step: 4.80e-06    0.00

     20  0       -77.91312787     2.49e-07      1.61
     20  1       -77.72972534     0.00e+00      1.61

         res : 1.33e-06   lamb: 1.00e+00   eps : -5.19e-12   step: 2.07e-06    0.00
         res : 3.65e-07   lamb: 1.00e+00   eps : -5.95e-12   step: 2.62e-06    0.00
         res : 8.94e-08   lamb: 1.00e+00   eps : -5.99e-12   step: 2.61e-06    0.01
         res : 1.99e-08   lamb: 1.00e+00   eps : -5.99e-12   step: 2.62e-06    0.00
         res : 8.89e-09   lamb: 1.00e+00   eps : -5.99e-12   step: 2.62e-06    0.00
         res : 1.36e-09   lamb: 1.00e+00   eps : -5.99e-12   step: 2.62e-06    0.00

     21  0       -77.91312789     1.36e-07      1.53
     21  1       -77.72972532     0.00e+00      1.53

         res : 7.25e-07   lamb: 1.00e+00   eps : -1.55e-12   step: 1.13e-06    0.00
         res : 2.00e-07   lamb: 1.00e+00   eps : -1.77e-12   step: 1.43e-06    0.00
         res : 4.88e-08   lamb: 1.00e+00   eps : -1.79e-12   step: 1.43e-06    0.00
         res : 1.09e-08   lamb: 1.00e+00   eps : -1.79e-12   step: 1.43e-06    0.00
         res : 4.85e-09   lamb: 1.00e+00   eps : -1.79e-12   step: 1.43e-06    0.00

     22  0       -77.91312790     7.44e-08      1.45
     22  1       -77.72972531     0.00e+00      1.45

         res : 3.96e-07   lamb: 1.00e+00   eps : -4.62e-13   step: 6.17e-07    0.00
         res : 1.09e-07   lamb: 1.00e+00   eps : -5.29e-13   step: 7.81e-07    0.00
         res : 2.67e-08   lamb: 1.00e+00   eps : -5.33e-13   step: 7.80e-07    0.00
         res : 5.98e-09   lamb: 1.00e+00   eps : -5.33e-13   step: 7.81e-07    0.00
         res : 2.67e-09   lamb: 1.00e+00   eps : -5.33e-13   step: 7.82e-07    0.00

     23  0       -77.91312790     4.07e-08      1.76
     23  1       -77.72972531     0.00e+00      1.76

         res : 2.16e-07   lamb: 1.00e+00   eps : -1.38e-13   step: 3.37e-07    0.00
         res : 5.95e-08   lamb: 1.00e+00   eps : -1.58e-13   step: 4.27e-07    0.00
         res : 1.46e-08   lamb: 1.00e+00   eps : -1.59e-13   step: 4.26e-07    0.00
         res : 3.27e-09   lamb: 1.00e+00   eps : -1.59e-13   step: 4.27e-07    0.00

     24  0       -77.91312791     2.22e-08      1.55
     24  1       -77.72972530     0.00e+00      1.55

         res : 1.18e-07   lamb: 1.00e+00   eps : -4.11e-14   step: 1.84e-07    0.00
         res : 3.26e-08   lamb: 1.00e+00   eps : -4.71e-14   step: 2.33e-07    0.00
         res : 7.97e-09   lamb: 1.00e+00   eps : -4.74e-14   step: 2.33e-07    0.00
         res : 1.74e-09   lamb: 1.00e+00   eps : -4.75e-14   step: 2.34e-07    0.00

     25  0       -77.91312791     1.21e-08      1.03
     25  1       -77.72972530     0.00e+00      1.03

         res : 6.44e-08   lamb: 1.00e+00   eps : -1.23e-14   step: 1.01e-07    0.00
         res : 1.78e-08   lamb: 1.00e+00   eps : -1.40e-14   step: 1.27e-07    0.00
         res : 4.35e-09   lamb: 1.00e+00   eps : -1.42e-14   step: 1.27e-07    0.00

     26  0       -77.91312791     6.64e-09      1.34
     26  1       -77.72972530     0.00e+00      1.34

    * Second-order optimization converged. *   

    * Integral transformation done. Elapsed time: 0.34

     guess   0:   closed 1.                   open ..                  
     guess   1:   closed ..                   open 11                  

  === FCI iteration ===

      0  0       -77.90796838     1.89e-02      0.00
      0  1       -77.72894582     4.44e-03      0.00
    - linear dependency detected:    1 /    4    min eigenvalue:    -5.5511e-17    max eigenvalue:    -5.5511e-17
    * Using canonical orthogonalization due to linear dependency


      1  0 *     -77.91312791     1.69e-16      0.00
      1  1 *     -77.72972530     1.36e-16      0.00

     * ci vector, state   0, <S^2> = 0.0000
       2.    -0.8292828506
       ab    -0.3833790397
       ba    -0.3833790397
       .2     0.1353919405

     * ci vector, state   1, <S^2> = 0.0000
       ba     0.5941552928
       ab     0.5941552928
       2.    -0.5350952297
       .2     0.0873617264

    * METHOD: CASSCF                              39.56


    * METHOD: PRINT                                0.00


  
  ===============================================================

