Turbomole job particulars:
TURBOTMPDIR=/dev/shm/rgora/3503739


  ========================================================================
                license information 
 Customer : 200000000311349
 ID       : LKO3577586

 License file is VALID, continuing with full version
  ========================================================================

   OpenMP run-time library returned nthreads = 16

 dscf (r21c03b10.bem2.kdm.wcss.pl) : TURBOMOLE rev. V7-6 27 Oct 2021 at 10:11:12 compiled Oct 27th 2021
 Copyright (C) 2021 TURBOMOLE GmbH, Karlsruhe


    2025-04-07 23:37:30.209 



                             d s c f - program

                   idea & directorship : reinhart ahlrichs
                   program development : marco haeser
                                         michael baer
                           dft version : oliver treutler


                          quantum chemistry group
                          universitaet  karlsruhe
                                  germany



   *-----------------------------------------------------------------------*
   |                     program will use 16 thread(s)                     |
   *-----------------------------------------------------------------------*


              +--------------------------------------------------+
              | Atomic coordinate, charge and isotop information |
              +--------------------------------------------------+

                    atomic coordinates            atom    charge  isotop
          1.33028966    1.96278872    1.10210893    c      6.000     0
          2.91702465   -0.05148385    0.23102605    n      7.000     0
          2.13066056   -2.26311029   -0.92704975    c      6.000     0
         -0.43493052   -2.93820531   -0.38507968    n      7.000     0
         -1.69940327   -1.61008411    1.41173179    c      6.000     0
         -1.31810746    1.15115588    1.26609651    c      6.000     0
          3.46948900   -3.63795286   -2.16778819    o      8.000     0
         -2.42537109    2.03752200   -0.27270536    h      1.000     0
          2.21008833    4.06313172    1.35952164    o      8.000     0
          4.74919509    0.43180816   -0.13013837    h      1.000     0
         -0.80767804   -4.80222666   -0.74503110    h      1.000     0
         -2.79618139   -2.63941104    2.85111692    h      1.000     0
 
       center of nuclear mass  :    1.15686756   -0.43897807    0.18640342
       center of nuclear charge:    1.10675654   -0.46645172    0.19441481

              +--------------------------------------------------+
              |               basis set information              |
              +--------------------------------------------------+

              we will work with the 1s 3p 5d 7f 9g ... basis set
              ...i.e. with spherical basis functions...

   type   atoms  prim   cont   basis
   ---------------------------------------------------------------------------
    c        4     24     14   SV(P)   [3s2p1d|7s4p1d]
    n        2     24     14   SV(P)   [3s2p1d|7s4p1d]
    o        2     24     14   SV(P)   [3s2p1d|7s4p1d]
    h        4      4      2   SV(P)   [2s|4s]
   ---------------------------------------------------------------------------
   total:   12    208    120
   ---------------------------------------------------------------------------

   total number of primitive shells          :   40
   total number of contracted shells         :   56
   total number of cartesian basis functions :  128
   total number of SCF-basis functions       :  120


 integral neglect threshold       :  0.26E-10
 integral storage threshold THIZE :  0.10E-04
 integral storage threshold THIME :         5


 DENSITY CONVERGENCE CHECK SWITCHED ON !
 SCF CONVERGENCE IF RMS(delta[D]) <     0.1000000000E-06


 symmetry group of the molecule :   c1 

 the group has the following generators :
   c1(z)

    1 symmetry operations found

 there are 1 real representations :   a   

 maximum number of shells which are related by symmetry :  1


          ------------------------
          nuclear repulsion energy  :   354.335091278    
          ------------------------


         -----------------
         -S,T+V- integrals
         -----------------

 1e-integrals will be neglected if expon. factor < 0.261091E-11
 
   Difference densities algorithm switched on.
   The maximal number of linear combinations of
   difference densities is                    20 .

 DIIS switched on: error vector is FDS-SDF
 Max. Iterations for DIIS is     :   5
 DIIS matrix (see manual) 
    Scaling factor of diagonals  :  1.200
    threshold for scaling factor :  0.000

 scf convergence criterion : increment of total energy < .1000000D-06
                  and increment of one-electron energy < .1000000D-03

 MOs are in ASCII format !


    mo occupation :
   irrep   mo's   occupied
    a      120       29
 
 number of basis functions   :   120
 number of occupied orbitals :    29
 

 reading orbital data $scfmo  from file mos
 orbital characterization : scfconv=7
 mo-orthogonalization by Cholesky decomposition

 automatic virtual orbital shift switched on 
      shift if e(lumo)-e(homo) < 0.10000000    


 DSCF restart information will be dumped onto file mos

 
                                              current damping :  0.300
 ITERATION  ENERGY          1e-ENERGY        2e-ENERGY     RMS[dD(SAO)]   TOL
   1  -411.99012566607    -1264.0334110     497.70819407    0.000D+00 0.260D-10
          max. resid. norm for Fia-block=  3.698D-06 for orbital     29a         
          max. resid. fock norm         =  3.757D-06 for orbital     29a         
          Delta Eig. =     0.0000003197 eV 
 
                                              current damping :  0.300
 ITERATION  ENERGY          1e-ENERGY        2e-ENERGY     RMS[dD(SAO)]   TOL
   2  -411.99012566602    -1264.0334103     497.70819340    0.259D-06 0.165D-10
          Norm of current diis error: 0.13306E-04
          max. resid. norm for Fia-block=  3.675D-06 for orbital     29a         
          max. resid. fock norm         =  3.704D-06 for orbital     29a         
          Delta Eig. =     0.0000177522 eV 

 ENERGY & DENSITY CONVERGED !

 
                                              current damping :  0.350
 ITERATION  ENERGY          1e-ENERGY        2e-ENERGY     RMS[dD(SAO)]   TOL
   3  -411.99012566587    -1264.0334133     497.70819637    0.233D-06 0.113D-10
          max. resid. norm for Fia-block=  2.586D-06 for orbital     29a         
          max. resid. fock norm         =  2.611D-06 for orbital     29a         

 convergence criteria satisfied after     3 iterations


                  ------------------------------------------ 
                 |  total energy      =   -411.99012566587  |
                  ------------------------------------------ 
                 :  kinetic energy    =    410.22537298440  :
                 :  potential energy  =   -822.21549865027  :
                 :  virial theorem    =      1.99571651704  :
                 :  wavefunction norm =      1.00000000000  :
                  .......................................... 


 <geterg> : there is no data group $energy 


 <skperg> : $end is missing 


 orbitals $scfmo  will be written to file mos

    irrep                 25a         26a         27a         28a         29a   
 eigenvalues H         -0.51638    -0.50237    -0.43778    -0.42524    -0.30291
            eV         -14.0514    -13.6703    -11.9127    -11.5715     -8.2426
 occupation              2.0000      2.0000      2.0000      2.0000      2.0000

    irrep                 30a         31a         32a         33a         34a   
 eigenvalues H          0.00631     0.13181     0.15477     0.18741     0.20146
            eV           0.1716      3.5868      4.2115      5.0998      5.4821
 
 
 
 
 ==============================================================================
                           electrostatic moments
 ==============================================================================

 reference point for electrostatic moments:    0.00000   0.00000   0.00000

 
              nuc           elec       ->  total
 ------------------------------------------------------------------------------
                          charge      
 ------------------------------------------------------------------------------
          58.000000     -58.000000      -0.000000
 
 ------------------------------------------------------------------------------
                       dipole moment  
 ------------------------------------------------------------------------------
   x      64.191879     -65.460776      -1.268897
   y     -27.054200      24.756187      -2.298013
   z      11.276059     -11.254741       0.021318
 
   | dipole moment | =     2.6252 a.u. =     6.6725 debye 
 
 ------------------------------------------------------------------------------
                     quadrupole moment
 ------------------------------------------------------------------------------
  xx     298.778972    -333.563126     -34.784154
  yy     410.116087    -449.537091     -39.421004
  zz      96.588011    -133.056831     -36.468820
  xy     -18.825635      23.519686       4.694051
  xz     -65.031372      66.670032       1.638660
  yz     131.233500    -139.181545      -7.948045
 
     1/3  trace=     -36.891326
     anisotropy=      16.739151
 
 ==============================================================================
 
HOMO-LUMO Separation
 HOMO         :   -0.30290767 H =     -8.24254 eV
 LUMO         :    0.00630646 H =     +0.17161 eV
 HOMO-LUMO gap:    0.30921414 H =     +8.41415 eV
 
 ==============================================================================


    ------------------------------------------------------------------------
         total  cpu-time :  13.23 seconds
         total wall-time :   0.99 seconds
    ------------------------------------------------------------------------

   ****  dscf : all done  ****


    2025-04-07 23:37:31.149 

