  -413.102802822000       -413.092602548800     
  -413.093011158700       -413.070435535600     
  -413.100318309900       -413.094393868000     
  -413.097395568400       -413.095149227200     
  -413.098240166900       -413.097053047200     
  -413.098590456200       -413.097481864800     
  -413.100130951700       -413.099193905600     
  -413.100805755500       -413.099991125500     
  -413.101500793100       -413.101391665500     
  -413.102280718300       -413.101640567800     
  -413.102640299300       -413.101925357600     
  -413.103291762200       -413.102842177200     
  -413.109112830500       -413.094755416300     
  -413.103392054600       -413.103038773600     
  -413.103405133300       -413.103070084300     
  -413.106236177400       -413.101942312100     
  -413.103629802000       -413.103536824300     
  -413.108491644700       -413.101869038300     
  -413.104311235200       -413.103921543600     
  -413.108044502900       -413.104470241500     
  -413.105703075800       -413.104814264100     
  -413.107391988900       -413.106343775600     
  -413.109069768300       -413.106220063600     
  -413.108219086700       -413.106854012300     
  -413.109347150600       -413.106789566500     
  -413.108325666000       -413.107978938400     
  -413.108644288500       -413.108436476800     
  -413.109389060400       -413.108884693600     
  -413.109947932100       -413.109542703700     
  -413.110963953500       -413.108858456100     
  -413.110290660200       -413.109685339900     
  -413.110523044700       -413.109877392900     
  -413.110179953200       -413.110100703200     
  -413.110551053700       -413.110060644000     
  -413.110613798500       -413.110066506000     
  -413.110612978000       -413.110067213900     
  -413.106620110100       -413.096015921100     
  -413.110692946000       -413.110050086800     
  -413.110733779800       -413.110089845900     
  -413.110862446900       -413.110078296200     
  -413.110767186700       -413.110184443000     
  -413.110815835900       -413.110197940400     
  -413.110861741600       -413.110297940600     
  -413.111054627000       -413.110302082500     
  -413.110958109700       -413.110423068500     
  -413.111069939500       -413.110415249400     
  -413.110996028100       -413.110504641900     
  -413.111071503200       -413.110503894000     
  -413.111102801900       -413.110544352000     
  -413.111299460400       -413.110575994200     
  -413.111185552700       -413.110759273500     
  -413.111402504100       -413.110729436700     
  -413.111396632900       -413.110796793100     
  -413.111520763800       -413.110827516900     
  -413.111562156300       -413.110969535000     
  -413.111748100400       -413.111113164400     
  -413.112669209300       -413.110536940700     
  -413.111911934500       -413.111095244400     
  -413.111921245800       -413.111244849600     
  -413.112253118000       -413.111186695000     
  -413.112145832500       -413.111279056900     
  -413.112023507700       -413.111365408800     
  -413.111989365000       -413.111414944600     
  -413.112082258500       -413.111425089200     
  -413.111902456600       -413.111529989300     
  -413.112004646000       -413.111506738600     
  -413.112136420700       -413.111473104900     
  -413.112208050900       -413.111462205000     
  -413.112241254800       -413.111466645600     
  -413.112210554300       -413.111486508300     
  -413.112307201800       -413.111471233100     
  -413.112263317400       -413.111486589800     
