   -190.7833329000000        -190.7031121000000        -190.5833966000000     
   -190.5933254000000        -190.5829256000000        -190.4098503000000     
   -190.6118056000000        -190.5992382000000        -190.4342638000000     
   -190.6296551000000        -190.6113316000000        -190.4544975000000     
   -190.6039228000000        -190.5893268000000        -190.4224682000000     
   -190.5943807000000        -190.5803857000000        -190.4106688000000     
   -190.5707169000000        -190.5584366000000        -190.3832473000000     
   -190.5381591000000        -190.5290523000000        -190.3482924000000     
   -190.5227052000000        -190.5174990000000        -190.3370357000000     
   -190.5560311000000        -190.5475443000000        -190.3756412000000     
   -190.5492888000000        -190.5417292000000        -190.3680403000000     
   -190.5481015000000        -190.5408604000000        -190.3669747000000     
   -190.5493430000000        -190.5421266000000        -190.3684818000000     
   -190.5512640000000        -190.5441017000000        -190.3707338000000     
   -190.5539129000000        -190.5469623000000        -190.3737401000000     
   -190.5645725000000        -190.5574136000000        -190.3864099000000     
   -190.5563243000000        -190.5493287000000        -190.3766285000000     
   -190.5555937000000        -190.5487558000000        -190.3756160000000     
   -190.5577765000000        -190.5505717000000        -190.3779416000000     
   -190.5564599000000        -190.5494771000000        -190.3765389000000     
   -190.5555104000000        -190.5486224000000        -190.3753939000000     
   -190.5554376000000        -190.5485498000000        -190.3753108000000     
   -190.5552668000000        -190.5483854000000        -190.3751229000000     
   -190.5552812000000        -190.5483985000000        -190.3751513000000     
   -190.5553738000000        -190.5484975000000        -190.3752864000000     
   -190.5552152000000        -190.5483554000000        -190.3750952000000     
   -190.5552152000000        -190.5483554000000        -190.3750953000000     
   -189.4585758000000        -189.4421102000000        -189.3403636000000     
   -190.4909424000000        -190.4853429000000        -190.3365217000000     
   -190.5293641000000        -190.5266758000000        -190.3723341000000     
   -190.5397239000000        -190.5380728000000        -190.3821677000000     
   -190.5861005000000        -190.5823902000000        -190.4203625000000     
   -190.5671647000000        -190.5659379000000        -190.4056477000000     
   -190.5697267000000        -190.5682684000000        -190.4073677000000     
   -190.5740695000000        -190.5723355000000        -190.4096140000000     
   -190.5778058000000        -190.5760274000000        -190.4104192000000     
   -190.5787794000000        -190.5774751000000        -190.4083952000000     
   -190.5785079000000        -190.5773477000000        -190.4078446000000     
   -190.5785162000000        -190.5773645000000        -190.4078715000000     
   -190.5785489000000        -190.5774312000000        -190.4079786000000     
   -190.5793961000000        -190.5783209000000        -190.4089505000000     
   -190.5814204000000        -190.5803335000000        -190.4104863000000     
   -190.5820543000000        -190.5809161000000        -190.4124223000000     
   -190.5817389000000        -190.5806279000000        -190.4114388000000     
   -190.5826098000000        -190.5814864000000        -190.4119262000000     
   -190.5829612000000        -190.5818677000000        -190.4119399000000     
   -190.5838678000000        -190.5822303000000        -190.4125564000000     
   -190.5830005000000        -190.5818841000000        -190.4119671000000     
   -190.5828239000000        -190.5817118000000        -190.4118369000000     
   -190.5827343000000        -190.5816252000000        -190.4117881000000     
   -190.5827623000000        -190.5816578000000        -190.4118315000000     
   -190.5828589000000        -190.5817547000000        -190.4119113000000     
   -190.5830488000000        -190.5819443000000        -190.4121025000000     
   -190.5830475000000        -190.5820367000000        -190.4121375000000     
   -190.5830488000000        -190.5819535000000        -190.4121061000000     
   -190.5832313000000        -190.5821283000000        -190.4123011000000     
   -190.5832586000000        -190.5821522000000        -190.4123419000000     
   -190.5832586000000        -190.5821521000000        -190.4123419000000     
   -189.7421186000000        -189.7107884000000        -189.5939364000000     
   -190.5719602000000        -190.5710757000000        -190.4024925000000     
   -190.5783441000000        -190.5780656000000        -190.4083935000000     
   -190.5782946000000        -190.5780253000000        -190.4083458000000     
   -190.5782786000000        -190.5780139000000        -190.4083177000000     
   -190.5782682000000        -190.5780167000000        -190.4082213000000     
   -190.5783345000000        -190.5780951000000        -190.4080989000000     
   -190.5785650000000        -190.5783309000000        -190.4079485000000     
   -190.5789411000000        -190.5786867000000        -190.4079498000000     
   -190.5790416000000        -190.5787772000000        -190.4079926000000     
   -190.5790526000000        -190.5787858000000        -190.4080120000000     
   -190.5790433000000        -190.5787785000000        -190.4079956000000     
   -190.5790417000000        -190.5787772000000        -190.4079927000000     
   -190.5790416000000        -190.5787772000000        -190.4079926000000     
   -190.5790416000000        -190.5787772000000        -190.4079926000000     
   -190.5790417000000        -190.5787772000000        -190.4079927000000     
   -190.5790416000000        -190.5787772000000        -190.4079926000000     
   -190.5790416000000        -190.5787772000000        -190.4079926000000     
