
libgomp: Invalid value for environment variable OMP_NUM_THREADS

libgomp: Invalid value for environment variable OMP_NUM_THREADS

libgomp: Invalid value for environment variable OMP_NUM_THREADS

libgomp: Invalid value for environment variable OMP_NUM_THREADS

libgomp: Invalid value for environment variable OMP_NUM_THREADS

libgomp: Invalid value for environment variable OMP_NUM_THREADS

libgomp: Invalid value for environment variable OMP_NUM_THREADS

libgomp: Invalid value for environment variable OMP_NUM_THREADS
  * process grid (2, 4) will be used
    r22c02b09.bem2.kdm.wcss.pl      
    r22c02b09.bem2.kdm.wcss.pl      
    r22c02b09.bem2.kdm.wcss.pl      
    r22c02b09.bem2.kdm.wcss.pl      
    r22c02b09.bem2.kdm.wcss.pl      
    r22c02b09.bem2.kdm.wcss.pl      
    r22c02b09.bem2.kdm.wcss.pl      
    r22c02b09.bem2.kdm.wcss.pl      

  * using 48 threads per process
OMP: Warning #232: OMP_NUM_THREADS: Invalid symbols found. Check the value "".
OMP: Warning #232: OMP_NUM_THREADS: Invalid symbols found. Check the value "".
OMP: Warning #232: OMP_NUM_THREADS: Invalid symbols found. Check the value "".
OMP: Warning #232: OMP_NUM_THREADS: Invalid symbols found. Check the value "".
OMP: Warning #232: OMP_NUM_THREADS: Invalid symbols found. Check the value "".
OMP: Warning #232: OMP_NUM_THREADS: Invalid symbols found. Check the value "".
OMP: Warning #232: OMP_NUM_THREADS: Invalid symbols found. Check the value "".
OMP: Warning #232: OMP_NUM_THREADS: Invalid symbols found. Check the value "".

  ===============================================================
    BAGEL - Freshly leavened quantum chemistry                   
  ===============================================================

  *** Geometry ***

  { "atom" : "C", "xyz" : [      1.302966,      0.000000,     -0.001890 ] },
  { "atom" : "C", "xyz" : [     -1.241361,     -0.000000,     -0.003590 ] },
  { "atom" : "H", "xyz" : [      2.362347,      1.749319,      0.319931 ] },
  { "atom" : "H", "xyz" : [      2.363103,     -1.749131,     -0.322387 ] },
  { "atom" : "H", "xyz" : [     -2.351386,     -1.740627,      0.288561 ] },
  { "atom" : "H", "xyz" : [     -2.350630,      1.740627,     -0.297254 ] },

  Number of auxiliary basis functions:      222

  Since a DF basis is specified, we compute 2- and 3-index integrals:
    o Being stored without compression. Storage requirement is 0.004 GB
       - 3-index ints prep                         0.00
       - 3-index ints                              0.26
       - 2-index ints                              0.31
       - computing inverse                         0.04
        elapsed time:        0.61 sec.


  Number of basis functions:       48
  Number of electrons      :       16


    * METHOD: MOLECULE                             0.65

       - Overlap matrix                            0.04
       - Hcore matrix                              0.09
       - Overlap orthog                            0.00

  *** RHF ***

  === Nuclear Repulsion ===
  
    32.9701896296

      * DIIS with orbital gradients will be used.

       - SCF startup                               1.99

  === RHF iteration (svp) ===
  
               o Fock build                                  0.29
      0        -77.89785837          0.01994536           0.29
               o DIIS                                        0.00
               o Diag                                        0.00
               o Post process                                0.00
               o Fock build                                  0.24
      1        -77.95958464          0.00738497           0.24
               o DIIS                                        0.00
               o Diag                                        0.00
               o Post process                                0.00
               o Fock build                                  0.25
      2        -77.96697595          0.00161757           0.25
               o DIIS                                        0.00
               o Diag                                        0.00
               o Post process                                0.00
               o Fock build                                  0.38
      3        -77.96744871          0.00010966           0.38
               o DIIS                                        0.00
               o Diag                                        0.00
               o Post process                                0.00
               o Fock build                                  0.33
      4        -77.96745208          0.00002575           0.33
               o DIIS                                        0.00
               o Diag                                        0.00
               o Post process                                0.00
               o Fock build                                  0.26
      5        -77.96745225          0.00001105           0.26
               o DIIS                                        0.00
               o Diag                                        0.00
               o Post process                                0.00
               o Fock build                                  0.20
      6        -77.96745227          0.00000349           0.21
               o DIIS                                        0.00
               o Diag                                        0.00
               o Post process                                0.00
               o Fock build                                  0.23
      7        -77.96745227          0.00000063           0.24
               o DIIS                                        0.00
               o Diag                                        0.00
               o Post process                                0.00
               o Fock build                                  0.36
      8        -77.96745227          0.00000016           0.36
               o DIIS                                        0.00
               o Diag                                        0.00
               o Post process                                0.00
               o Fock build                                  0.34
      9        -77.96745227          0.00000006           0.34
               o DIIS                                        0.00
               o Diag                                        0.00
               o Post process                                0.00
               o Fock build                                  0.25
     10        -77.96745227          0.00000002           0.26
               o DIIS                                        0.00
               o Diag                                        0.00
               o Post process                                0.00
               o Fock build                                  0.21
     11        -77.96745227          0.00000000           0.21
  
    * SCF iteration converged.

    * Permanent dipole moment:
           (    0.003517,    -0.000024,     0.000025) a.u.


    * METHOD: HF                                   5.58


    * METHOD: PRINT                                0.00

  ---------------------------
      CASSCF calculation     
  ---------------------------

 
    ==== Active orbitals : ===== 
         Orbital 8
         Orbital 9
    ============================ 

    * nstate   :      2
    * nclosed  :      7
    * nact     :      2
    * nvirt    :     39
  === CASSCF iteration (svp) ===

    * Using the second-order algorithm

      0  0       -77.98514541     7.50e-03      0.41
      0  1       -77.64448695     0.00e+00      0.41

         res : 7.12e-02   lamb: 1.00e+00   eps : -1.08e-02   step: 2.54e-01    0.01
         res : 1.73e-02   lamb: 1.00e+00   eps : -1.23e-02   step: 3.03e-01    0.00
         res : 5.99e-03   lamb: 1.00e+00   eps : -1.24e-02   step: 3.10e-01    0.00
         res : 2.29e-03   lamb: 1.00e+00   eps : -1.25e-02   step: 3.18e-01    0.00
         res : 7.51e-04   lamb: 1.00e+00   eps : -1.25e-02   step: 3.18e-01    0.00
         res : 6.27e-05   lamb: 1.00e+00   eps : -1.25e-02   step: 3.18e-01    0.00
         res : 1.21e-05   lamb: 1.00e+00   eps : -1.25e-02   step: 3.18e-01    0.00

      1  0       -77.97582916     9.85e-04      1.75
      1  1       -77.66596009     0.00e+00      1.75

         res : 5.87e-03   lamb: 1.00e+00   eps : -1.34e-04   step: 1.57e-02    0.00
         res : 2.68e-03   lamb: 1.00e+00   eps : -1.50e-04   step: 2.10e-02    0.00
         res : 1.62e-03   lamb: 1.00e+00   eps : -1.56e-04   step: 2.68e-02    0.00
         res : 3.34e-04   lamb: 1.00e+00   eps : -1.57e-04   step: 2.83e-02    0.00
         res : 8.48e-05   lamb: 1.00e+00   eps : -1.57e-04   step: 2.83e-02    0.00
         res : 1.59e-05   lamb: 1.00e+00   eps : -1.57e-04   step: 2.83e-02    0.00
         res : 4.92e-06   lamb: 1.00e+00   eps : -1.57e-04   step: 2.83e-02    0.00
         res : 9.46e-07   lamb: 1.00e+00   eps : -1.57e-04   step: 2.83e-02    0.00

      2  0       -77.97636431     4.10e-05      1.56
      2  1       -77.66558233     0.00e+00      1.56

         res : 3.66e-04   lamb: 1.00e+00   eps : -3.24e-07   step: 1.14e-03    0.00
         res : 1.63e-04   lamb: 1.00e+00   eps : -3.86e-07   step: 1.63e-03    0.00
         res : 8.21e-05   lamb: 1.00e+00   eps : -4.03e-07   step: 1.82e-03    0.00
         res : 2.79e-05   lamb: 1.00e+00   eps : -4.05e-07   step: 1.92e-03    0.00
         res : 5.25e-06   lamb: 1.00e+00   eps : -4.06e-07   step: 1.94e-03    0.00
         res : 1.49e-06   lamb: 1.00e+00   eps : -4.06e-07   step: 1.94e-03    0.00
         res : 3.85e-07   lamb: 1.00e+00   eps : -4.06e-07   step: 1.94e-03    0.00
         res : 1.45e-07   lamb: 1.00e+00   eps : -4.06e-07   step: 1.94e-03    0.00

      3  0       -77.97641144     2.38e-05      1.76
      3  1       -77.66553576     0.00e+00      1.76

         res : 1.58e-04   lamb: 1.00e+00   eps : -6.61e-08   step: 3.79e-04    0.00
         res : 4.58e-05   lamb: 1.00e+00   eps : -7.63e-08   step: 5.03e-04    0.00
         res : 1.32e-05   lamb: 1.00e+00   eps : -7.73e-08   step: 5.15e-04    0.00
         res : 7.73e-06   lamb: 1.00e+00   eps : -7.74e-08   step: 5.34e-04    0.00
         res : 2.15e-06   lamb: 1.00e+00   eps : -7.74e-08   step: 5.40e-04    0.00
         res : 6.64e-07   lamb: 1.00e+00   eps : -7.74e-08   step: 5.40e-04    0.00
         res : 2.45e-07   lamb: 1.00e+00   eps : -7.74e-08   step: 5.40e-04    0.00
         res : 6.52e-08   lamb: 1.00e+00   eps : -7.74e-08   step: 5.40e-04    0.00
         res : 1.26e-08   lamb: 1.00e+00   eps : -7.74e-08   step: 5.40e-04    0.02

      4  0       -77.97642174     1.47e-05      1.45
      4  1       -77.66552558     0.00e+00      1.45

         res : 9.25e-05   lamb: 1.00e+00   eps : -2.25e-08   step: 1.98e-04    0.00
         res : 2.46e-05   lamb: 1.00e+00   eps : -2.61e-08   step: 2.64e-04    0.00
         res : 4.27e-06   lamb: 1.00e+00   eps : -2.63e-08   step: 2.68e-04    0.00
         res : 1.53e-06   lamb: 1.00e+00   eps : -2.63e-08   step: 2.71e-04    0.00
         res : 4.56e-07   lamb: 1.00e+00   eps : -2.63e-08   step: 2.72e-04    0.00
         res : 2.60e-07   lamb: 1.00e+00   eps : -2.63e-08   step: 2.72e-04    0.00
         res : 1.19e-07   lamb: 1.00e+00   eps : -2.63e-08   step: 2.72e-04    0.00
         res : 3.30e-08   lamb: 1.00e+00   eps : -2.63e-08   step: 2.72e-04    0.00
         res : 7.33e-09   lamb: 1.00e+00   eps : -2.63e-08   step: 2.72e-04    0.02

      5  0       -77.97642380     9.17e-06      1.68
      5  1       -77.66552356     0.00e+00      1.68

         res : 5.75e-05   lamb: 1.00e+00   eps : -8.67e-09   step: 1.21e-04    0.00
         res : 1.52e-05   lamb: 1.00e+00   eps : -1.01e-08   step: 1.62e-04    0.00
         res : 2.41e-06   lamb: 1.00e+00   eps : -1.01e-08   step: 1.65e-04    0.00
         res : 6.25e-07   lamb: 1.00e+00   eps : -1.01e-08   step: 1.67e-04    0.00
         res : 2.27e-07   lamb: 1.00e+00   eps : -1.01e-08   step: 1.67e-04    0.00
         res : 8.26e-08   lamb: 1.00e+00   eps : -1.01e-08   step: 1.67e-04    0.00
         res : 5.44e-08   lamb: 1.00e+00   eps : -1.01e-08   step: 1.67e-04    0.00
         res : 1.54e-08   lamb: 1.00e+00   eps : -1.01e-08   step: 1.67e-04    0.00

      6  0       -77.97642406     5.75e-06      1.87
      6  1       -77.66552332     0.00e+00      1.87

         res : 3.61e-05   lamb: 1.00e+00   eps : -3.41e-09   step: 7.62e-05    0.00
         res : 9.52e-06   lamb: 1.00e+00   eps : -3.96e-09   step: 1.02e-04    0.00
         res : 1.54e-06   lamb: 1.00e+00   eps : -3.99e-09   step: 1.04e-04    0.00
         res : 4.25e-07   lamb: 1.00e+00   eps : -3.99e-09   step: 1.05e-04    0.00
         res : 2.10e-07   lamb: 1.00e+00   eps : -3.99e-09   step: 1.05e-04    0.00
         res : 9.93e-08   lamb: 1.00e+00   eps : -3.99e-09   step: 1.05e-04    0.00
         res : 4.17e-08   lamb: 1.00e+00   eps : -3.99e-09   step: 1.05e-04    0.00
         res : 8.19e-09   lamb: 1.00e+00   eps : -3.99e-09   step: 1.05e-04    0.00

      7  0       -77.97642399     3.61e-06      1.61
      7  1       -77.66552340     0.00e+00      1.61

         res : 2.27e-05   lamb: 1.00e+00   eps : -1.35e-09   step: 4.79e-05    0.00
         res : 5.99e-06   lamb: 1.00e+00   eps : -1.56e-09   step: 6.40e-05    0.00
         res : 9.78e-07   lamb: 1.00e+00   eps : -1.57e-09   step: 6.53e-05    0.00
         res : 2.88e-07   lamb: 1.00e+00   eps : -1.58e-09   step: 6.62e-05    0.00
         res : 1.46e-07   lamb: 1.00e+00   eps : -1.58e-09   step: 6.63e-05    0.00
         res : 6.83e-08   lamb: 1.00e+00   eps : -1.58e-09   step: 6.63e-05    0.00
         res : 2.71e-08   lamb: 1.00e+00   eps : -1.58e-09   step: 6.63e-05    0.00
         res : 5.19e-09   lamb: 1.00e+00   eps : -1.58e-09   step: 6.63e-05    0.00

      8  0       -77.97642389     2.27e-06      2.00
      8  1       -77.66552351     0.00e+00      2.00

         res : 1.42e-05   lamb: 1.00e+00   eps : -5.31e-10   step: 3.01e-05    0.00
         res : 3.76e-06   lamb: 1.00e+00   eps : -6.16e-10   step: 4.02e-05    0.00
         res : 6.18e-07   lamb: 1.00e+00   eps : -6.22e-10   step: 4.10e-05    0.00
         res : 1.87e-07   lamb: 1.00e+00   eps : -6.22e-10   step: 4.16e-05    0.00
         res : 9.48e-08   lamb: 1.00e+00   eps : -6.22e-10   step: 4.17e-05    0.00
         res : 4.36e-08   lamb: 1.00e+00   eps : -6.22e-10   step: 4.17e-05    0.00
         res : 1.73e-08   lamb: 1.00e+00   eps : -6.22e-10   step: 4.17e-05    0.00
         res : 3.34e-09   lamb: 1.00e+00   eps : -6.22e-10   step: 4.17e-05    0.00

      9  0       -77.97642381     1.42e-06      1.60
      9  1       -77.66552358     0.00e+00      1.60

         res : 8.94e-06   lamb: 1.00e+00   eps : -2.10e-10   step: 1.89e-05    0.00
         res : 2.36e-06   lamb: 1.00e+00   eps : -2.43e-10   step: 2.53e-05    0.00
         res : 3.89e-07   lamb: 1.00e+00   eps : -2.45e-10   step: 2.58e-05    0.00
         res : 1.19e-07   lamb: 1.00e+00   eps : -2.45e-10   step: 2.62e-05    0.00
         res : 6.02e-08   lamb: 1.00e+00   eps : -2.45e-10   step: 2.62e-05    0.00
         res : 2.75e-08   lamb: 1.00e+00   eps : -2.45e-10   step: 2.62e-05    0.00
         res : 1.09e-08   lamb: 1.00e+00   eps : -2.45e-10   step: 2.62e-05    0.00
         res : 2.12e-09   lamb: 1.00e+00   eps : -2.45e-10   step: 2.62e-05    0.00

     10  0       -77.97642376     8.95e-07      1.78
     10  1       -77.66552364     0.00e+00      1.78

         res : 5.62e-06   lamb: 1.00e+00   eps : -8.28e-11   step: 1.19e-05    0.00
         res : 1.49e-06   lamb: 1.00e+00   eps : -9.60e-11   step: 1.59e-05    0.00
         res : 2.45e-07   lamb: 1.00e+00   eps : -9.69e-11   step: 1.62e-05    0.00
         res : 7.52e-08   lamb: 1.00e+00   eps : -9.69e-11   step: 1.64e-05    0.00
         res : 3.79e-08   lamb: 1.00e+00   eps : -9.69e-11   step: 1.65e-05    0.00
         res : 1.73e-08   lamb: 1.00e+00   eps : -9.69e-11   step: 1.65e-05    0.00
         res : 6.89e-09   lamb: 1.00e+00   eps : -9.69e-11   step: 1.65e-05    0.00
         res : 1.34e-09   lamb: 1.00e+00   eps : -9.69e-11   step: 1.65e-05    0.00

     11  0       -77.97642372     5.62e-07      1.90
     11  1       -77.66552367     0.00e+00      1.90

         res : 3.53e-06   lamb: 1.00e+00   eps : -3.27e-11   step: 7.47e-06    0.00
         res : 9.34e-07   lamb: 1.00e+00   eps : -3.79e-11   step: 9.98e-06    0.00
         res : 1.54e-07   lamb: 1.00e+00   eps : -3.82e-11   step: 1.02e-05    0.00
         res : 4.73e-08   lamb: 1.00e+00   eps : -3.82e-11   step: 1.03e-05    0.00
         res : 2.39e-08   lamb: 1.00e+00   eps : -3.82e-11   step: 1.04e-05    0.00
         res : 1.09e-08   lamb: 1.00e+00   eps : -3.82e-11   step: 1.04e-05    0.00
         res : 4.33e-09   lamb: 1.00e+00   eps : -3.82e-11   step: 1.04e-05    0.00

     12  0       -77.97642370     3.53e-07      1.91
     12  1       -77.66552369     0.00e+00      1.91

         res : 2.22e-06   lamb: 1.00e+00   eps : -1.29e-11   step: 4.69e-06    0.00
         res : 5.87e-07   lamb: 1.00e+00   eps : -1.50e-11   step: 6.27e-06    0.00
         res : 9.66e-08   lamb: 1.00e+00   eps : -1.51e-11   step: 6.39e-06    0.00
         res : 2.98e-08   lamb: 1.00e+00   eps : -1.51e-11   step: 6.49e-06    0.00
         res : 1.51e-08   lamb: 1.00e+00   eps : -1.51e-11   step: 6.50e-06    0.00
         res : 6.89e-09   lamb: 1.00e+00   eps : -1.51e-11   step: 6.50e-06    0.00
         res : 2.72e-09   lamb: 1.00e+00   eps : -1.51e-11   step: 6.50e-06    0.00

     13  0       -77.97642369     2.22e-07      2.05
     13  1       -77.66552370     0.00e+00      2.05

         res : 1.39e-06   lamb: 1.00e+00   eps : -5.09e-12   step: 2.95e-06    0.00
         res : 3.69e-07   lamb: 1.00e+00   eps : -5.90e-12   step: 3.94e-06    0.00
         res : 6.07e-08   lamb: 1.00e+00   eps : -5.96e-12   step: 4.02e-06    0.00
         res : 1.87e-08   lamb: 1.00e+00   eps : -5.96e-12   step: 4.08e-06    0.00
         res : 9.49e-09   lamb: 1.00e+00   eps : -5.96e-12   step: 4.09e-06    0.00
         res : 4.33e-09   lamb: 1.00e+00   eps : -5.96e-12   step: 4.09e-06    0.00

     14  0       -77.97642368     1.40e-07      1.81
     14  1       -77.66552371     0.00e+00      1.81

         res : 8.75e-07   lamb: 1.00e+00   eps : -2.01e-12   step: 1.85e-06    0.00
         res : 2.31e-07   lamb: 1.00e+00   eps : -2.33e-12   step: 2.47e-06    0.00
         res : 3.81e-08   lamb: 1.00e+00   eps : -2.35e-12   step: 2.52e-06    0.00
         res : 1.18e-08   lamb: 1.00e+00   eps : -2.35e-12   step: 2.56e-06    0.00
         res : 5.88e-09   lamb: 1.00e+00   eps : -2.35e-12   step: 2.57e-06    0.00
         res : 2.66e-09   lamb: 1.00e+00   eps : -2.35e-12   step: 2.57e-06    0.00

     15  0       -77.97642367     8.77e-08      1.90
     15  1       -77.66552372     0.00e+00      1.90

         res : 5.50e-07   lamb: 1.00e+00   eps : -7.93e-13   step: 1.16e-06    0.00
         res : 1.45e-07   lamb: 1.00e+00   eps : -9.20e-13   step: 1.55e-06    0.00
         res : 2.40e-08   lamb: 1.00e+00   eps : -9.28e-13   step: 1.59e-06    0.00
         res : 7.44e-09   lamb: 1.00e+00   eps : -9.28e-13   step: 1.61e-06    0.00
         res : 3.70e-09   lamb: 1.00e+00   eps : -9.28e-13   step: 1.61e-06    0.00

     16  0       -77.97642367     5.51e-08      1.98
     16  1       -77.66552372     0.00e+00      1.98

         res : 3.46e-07   lamb: 1.00e+00   eps : -3.13e-13   step: 7.31e-07    0.00
         res : 9.13e-08   lamb: 1.00e+00   eps : -3.63e-13   step: 9.76e-07    0.00
         res : 1.52e-08   lamb: 1.00e+00   eps : -3.66e-13   step: 9.96e-07    0.00
         res : 4.80e-09   lamb: 1.00e+00   eps : -3.67e-13   step: 1.01e-06    0.00

     17  0       -77.97642367     3.46e-08      1.74
     17  1       -77.66552372     0.00e+00      1.74

         res : 2.17e-07   lamb: 1.00e+00   eps : -1.24e-13   step: 4.60e-07    0.00
         res : 5.74e-08   lamb: 1.00e+00   eps : -1.43e-13   step: 6.15e-07    0.00
         res : 9.69e-09   lamb: 1.00e+00   eps : -1.45e-13   step: 6.28e-07    0.00
         res : 3.16e-09   lamb: 1.00e+00   eps : -1.45e-13   step: 6.37e-07    0.00

     18  0       -77.97642367     2.17e-08      1.34
     18  1       -77.66552372     0.00e+00      1.34

         res : 1.36e-07   lamb: 1.00e+00   eps : -4.88e-14   step: 2.89e-07    0.00
         res : 3.61e-08   lamb: 1.00e+00   eps : -5.66e-14   step: 3.86e-07    0.00
         res : 6.11e-09   lamb: 1.00e+00   eps : -5.71e-14   step: 3.94e-07    0.00
         res : 2.01e-09   lamb: 1.00e+00   eps : -5.71e-14   step: 4.01e-07    0.00

     19  0       -77.97642367     1.37e-08      1.82
     19  1       -77.66552373     0.00e+00      1.82

         res : 8.57e-08   lamb: 1.00e+00   eps : -1.93e-14   step: 1.81e-07    0.03
         res : 2.27e-08   lamb: 1.00e+00   eps : -2.23e-14   step: 2.43e-07    0.00
         res : 3.84e-09   lamb: 1.00e+00   eps : -2.25e-14   step: 2.48e-07    0.00

     20  0       -77.97642367     8.48e-09      1.69
     20  1       -77.66552373     0.00e+00      1.69

    * Second-order optimization converged. *   

    * Integral transformation done. Elapsed time: 0.52

     guess   0:   closed 1.                   open ..                  
     guess   1:   closed ..                   open 11                  

  === FCI iteration ===

      0  0       -77.96599926     3.57e-02      0.00
      0  1       -77.66552367     5.13e-05      0.00
    - linear dependency detected:    1 /    4    min eigenvalue:    -3.6082e-16    max eigenvalue:    -3.6082e-16
    * Using canonical orthogonalization due to linear dependency


      1  0 *     -77.97642367     2.24e-16      0.00
      1  1 *     -77.66552373     2.61e-16      0.00

     * ci vector, state   0, <S^2> = 0.0000
       2.     0.9895103358
       .2    -0.1444163948

     * ci vector, state   1, <S^2> = 0.0000
       ab    -0.7071021142
       ba    -0.7071021142

    * METHOD: CASSCF                              37.22


    * METHOD: PRINT                                0.00


  
  ===============================================================

