
  ========================================================================
                license information 
 Customer : 200000000311349
 ID       : LKO3577586

 License file is VALID, continuing with full version
  ========================================================================

   OpenMP run-time library returned nthreads = 16

 dscf (r21c03b02.bem2.kdm.wcss.pl) : TURBOMOLE rev. V7-6 27 Oct 2021 at 10:11:12 compiled Oct 27th 2021
 Copyright (C) 2021 TURBOMOLE GmbH, Karlsruhe


    2025-04-07 22:06:18.201 



                             d s c f - program

                   idea & directorship : reinhart ahlrichs
                   program development : marco haeser
                                         michael baer
                           dft version : oliver treutler


                          quantum chemistry group
                          universitaet  karlsruhe
                                  germany



   *-----------------------------------------------------------------------*
   |                     program will use 16 thread(s)                     |
   *-----------------------------------------------------------------------*


              +--------------------------------------------------+
              | Atomic coordinate, charge and isotop information |
              +--------------------------------------------------+

                    atomic coordinates            atom    charge  isotop
          1.35328201    1.87783030    1.02916563    c      6.000     0
          2.89043815    0.18220739   -0.29234630    n      7.000     0
          2.17058478   -2.24917282   -0.97652542    c      6.000     0
         -0.26758711   -2.97499962   -0.26297618    n      7.000     0
         -1.89755715   -1.42747644    1.03781680    c      6.000     0
         -1.17586696    0.96290617    1.70679686    c      6.000     0
          3.58492951   -3.72360139   -2.15587515    o      8.000     0
         -2.39648264    2.24572596    2.73140825    h      1.000     0
          2.16821317    4.01290524    1.55422604    o      8.000     0
          4.65501528    0.74583144   -0.79403457    h      1.000     0
         -0.81359135   -4.74619078   -0.75369837    h      1.000     0
         -3.78161977   -2.16394239    1.51923965    h      1.000     0
 
       center of nuclear mass  :    1.17620576   -0.43250751    0.16878094
       center of nuclear charge:    1.11639787   -0.45119254    0.18596531

              +--------------------------------------------------+
              |               basis set information              |
              +--------------------------------------------------+

              we will work with the 1s 3p 5d 7f 9g ... basis set
              ...i.e. with spherical basis functions...

   type   atoms  prim   cont   basis
   ---------------------------------------------------------------------------
    c        4     24     14   SV(P)   [3s2p1d|7s4p1d]
    n        2     24     14   SV(P)   [3s2p1d|7s4p1d]
    o        2     24     14   SV(P)   [3s2p1d|7s4p1d]
    h        4      4      2   SV(P)   [2s|4s]
   ---------------------------------------------------------------------------
   total:   12    208    120
   ---------------------------------------------------------------------------

   total number of primitive shells          :   40
   total number of contracted shells         :   56
   total number of cartesian basis functions :  128
   total number of SCF-basis functions       :  120


 integral neglect threshold       :  0.26E-10
 integral storage threshold THIZE :  0.10E-04
 integral storage threshold THIME :         5


 DENSITY CONVERGENCE CHECK SWITCHED ON !
 SCF CONVERGENCE IF RMS(delta[D]) <     0.1000000000E-06


 symmetry group of the molecule :   c1 

 the group has the following generators :
   c1(z)

    1 symmetry operations found

 there are 1 real representations :   a   

 maximum number of shells which are related by symmetry :  1


          ------------------------
          nuclear repulsion energy  :   353.716566894    
          ------------------------


         -----------------
         -S,T+V- integrals
         -----------------

 1e-integrals will be neglected if expon. factor < 0.261091E-11
 
   Difference densities algorithm switched on.
   The maximal number of linear combinations of
   difference densities is                    20 .

 DIIS switched on: error vector is FDS-SDF
 Max. Iterations for DIIS is     :   5
 DIIS matrix (see manual) 
    Scaling factor of diagonals  :  1.200
    threshold for scaling factor :  0.000

 scf convergence criterion : increment of total energy < .1000000D-06
                  and increment of one-electron energy < .1000000D-03

 MOs are in ASCII format !


    mo occupation :
   irrep   mo's   occupied
    a      120       29
 
 number of basis functions   :   120
 number of occupied orbitals :    29
 

 reading orbital data $scfmo  from file mos
 orbital characterization : expanded
 virtual MOs provided and orthogonalized by Cholesky decomposition

 automatic virtual orbital shift switched on 
      shift if e(lumo)-e(homo) < 0.10000000    


 DSCF restart information will be dumped onto file mos

 
                                              current damping :  0.300
 ITERATION  ENERGY          1e-ENERGY        2e-ENERGY     RMS[dD(SAO)]   TOL
   1  -410.38191069845    -1254.7380844     490.63960678    0.000D+00 0.260D-10
          max. resid. norm for Fia-block=  4.310D-01 for orbital     20a         
          max. resid. fock norm         =  1.365D+00 for orbital     60a         
          Delta Eig. =    45.3362234709 eV 
 
                                              current damping :  0.250
 ITERATION  ENERGY          1e-ENERGY        2e-ENERGY     RMS[dD(SAO)]   TOL
   2  -411.97812119000    -1261.4387999     495.74411182    0.182D-01 0.168D-10
          Norm of current diis error:  1.0353    
          max. resid. norm for Fia-block=  1.217D-01 for orbital      2a         
          max. resid. fock norm         =  2.759D-01 for orbital     88a         
          Delta Eig. =    13.8890784747 eV 
 
                                              current damping :  0.150
 ITERATION  ENERGY          1e-ENERGY        2e-ENERGY     RMS[dD(SAO)]   TOL
   3  -412.10163122679    -1262.8271954     497.00899729    0.603D-02 0.141D-10
          Norm of current diis error: 0.38300    
          max. resid. norm for Fia-block=  3.806D-02 for orbital     29a         
          max. resid. fock norm         =  4.321D-02 for orbital     55a         
          Delta Eig. =     3.1668190003 eV 
 
                                              current damping :  0.100
 ITERATION  ENERGY          1e-ENERGY        2e-ENERGY     RMS[dD(SAO)]   TOL
   4  -412.12571656924    -1263.0035302     497.16124675    0.368D-02 0.122D-10
          Norm of current diis error: 0.10849    
          max. resid. norm for Fia-block=  1.290D-02 for orbital     10a         
          max. resid. fock norm         =  2.086D-02 for orbital    109a         
          Delta Eig. =     1.2342673430 eV 
 
                                              current damping :  0.100
 ITERATION  ENERGY          1e-ENERGY        2e-ENERGY     RMS[dD(SAO)]   TOL
   5  -412.12803874357    -1263.0793913     497.23478567    0.107D-02 0.114D-10
          Norm of current diis error: 0.27104E-01
          max. resid. norm for Fia-block=  4.986D-03 for orbital     29a         
          max. resid. fock norm         =  5.036D-03 for orbital     29a         
 mo-orthogonalization: Cholesky decomposition
          Delta Eig. =     0.3642787646 eV 
 
                                              current damping :  0.100
 ITERATION  ENERGY          1e-ENERGY        2e-ENERGY     RMS[dD(SAO)]   TOL
   6  -412.12829807898    -1263.1132916     497.26842666    0.378D-03 0.108D-10
          Norm of current diis error: 0.12085E-01
          max. resid. norm for Fia-block=  2.414D-03 for orbital     29a         
          max. resid. fock norm         =  2.424D-03 for orbital     29a         
          Delta Eig. =     0.1519499695 eV 
 
                                              current damping :  0.150
 ITERATION  ENERGY          1e-ENERGY        2e-ENERGY     RMS[dD(SAO)]   TOL
   7  -412.12835698809    -1263.1039167     497.25899283    0.194D-03 0.102D-10
          Norm of current diis error: 0.54733E-02
          max. resid. norm for Fia-block=  1.482D-03 for orbital     29a         
          max. resid. fock norm         =  1.491D-03 for orbital     29a         
          Delta Eig. =     0.0403630226 eV 
 
                                              current damping :  0.200
 ITERATION  ENERGY          1e-ENERGY        2e-ENERGY     RMS[dD(SAO)]   TOL
   8  -412.12837363077    -1263.1103970     497.26545648    0.119D-03 0.960D-11
          Norm of current diis error: 0.23085E-02
          max. resid. norm for Fia-block=  7.231D-04 for orbital     29a         
          max. resid. fock norm         =  7.268D-04 for orbital     29a         
          Delta Eig. =     0.0169984152 eV 
 
                                              current damping :  0.250
 ITERATION  ENERGY          1e-ENERGY        2e-ENERGY     RMS[dD(SAO)]   TOL
   9  -412.12837688164    -1263.1098120     497.26486825    0.524D-04 0.912D-11
          Norm of current diis error: 0.95240E-03
          max. resid. norm for Fia-block=  3.005D-04 for orbital     29a         
          max. resid. fock norm         =  3.013D-04 for orbital     29a         
          Delta Eig. =     0.0059262654 eV 
 
                                              current damping :  0.300
 ITERATION  ENERGY          1e-ENERGY        2e-ENERGY     RMS[dD(SAO)]   TOL
  10  -412.12837742995    -1263.1099083     497.26496394    0.229D-04 0.877D-11
          Norm of current diis error: 0.36454E-03
          max. resid. norm for Fia-block=  1.074D-04 for orbital     29a         
          max. resid. fock norm         =  1.110D-04 for orbital     30a         
 mo-orthogonalization: Cholesky decomposition
          Delta Eig. =     0.0026201150 eV 
 
                                              current damping :  0.150
 ITERATION  ENERGY          1e-ENERGY        2e-ENERGY     RMS[dD(SAO)]   TOL
  11  -412.12837750648    -1263.1100150     497.26507064    0.842D-05 0.851D-11
          Norm of current diis error: 0.15109E-03
          max. resid. norm for Fia-block=  3.970D-05 for orbital     29a         
          max. resid. fock norm         =  4.504D-05 for orbital     30a         
          Delta Eig. =     0.0007721623 eV 
 
                                              current damping :  0.200
 ITERATION  ENERGY          1e-ENERGY        2e-ENERGY     RMS[dD(SAO)]   TOL
  12  -412.12837751976    -1263.1099767     497.26503228    0.363D-05 0.827D-11
          Norm of current diis error: 0.57973E-04
          max. resid. norm for Fia-block=  1.318D-05 for orbital     24a         
          max. resid. fock norm         =  1.652D-05 for orbital     27a         
          Delta Eig. =     0.0006463045 eV 

 ENERGY & DENSITY CONVERGED !

 
                                              current damping :  0.250
 ITERATION  ENERGY          1e-ENERGY        2e-ENERGY     RMS[dD(SAO)]   TOL
  13  -412.12837752096    -1263.1099774     497.26503294    0.118D-05 0.810D-11
          max. resid. norm for Fia-block=  4.121D-06 for orbital     24a         
          max. resid. fock norm         =  4.375D-06 for orbital     24a         

 convergence criteria satisfied after    13 iterations


                  ------------------------------------------ 
                 |  total energy      =   -412.12837752096  |
                  ------------------------------------------ 
                 :  kinetic energy    =    410.14157743906  :
                 :  potential energy  =   -822.26995496001  :
                 :  virial theorem    =      1.99517917185  :
                 :  wavefunction norm =      1.00000000000  :
                  .......................................... 


 <geterg> : there is no data group $energy 


 <skperg> : $end is missing 


 orbitals $scfmo  will be written to file mos

    irrep                 25a         26a         27a         28a         29a   
 eigenvalues H         -0.52356    -0.47770    -0.44584    -0.43147    -0.36669
            eV         -14.2470    -12.9991    -12.1320    -11.7409     -9.9781
 occupation              2.0000      2.0000      2.0000      2.0000      2.0000

    irrep                 30a         31a         32a         33a         34a   
 eigenvalues H          0.08650     0.14552     0.15962     0.19759     0.20415
            eV           2.3539      3.9598      4.3434      5.3767      5.5554
 
 
 
 
 ==============================================================================
                           electrostatic moments
 ==============================================================================

 reference point for electrostatic moments:    0.00000   0.00000   0.00000

 
              nuc           elec       ->  total
 ------------------------------------------------------------------------------
                          charge      
 ------------------------------------------------------------------------------
          58.000000     -58.000000      -0.000000
 
 ------------------------------------------------------------------------------
                       dipole moment  
 ------------------------------------------------------------------------------
   x      64.751076     -66.428796      -1.677719
   y     -26.169167      25.134635      -1.034532
   z      10.785988     -10.510564       0.275424
 
   | dipole moment | =     1.9902 a.u. =     5.0586 debye 
 
 ------------------------------------------------------------------------------
                     quadrupole moment
 ------------------------------------------------------------------------------
  xx     310.938648    -344.661208     -33.722559
  yy     404.043619    -444.729498     -40.685880
  zz     104.574940    -141.079711     -36.504771
  xy     -22.376227      26.806982       4.430755
  xz     -83.885591      83.891719       0.006128
  yz     150.797679    -155.913691      -5.116013
 
     1/3  trace=     -36.971070
     anisotropy=      13.201165
 
 ==============================================================================
 
HOMO-LUMO Separation
 HOMO         :   -0.36668606 H =     -9.97804 eV
 LUMO         :    0.08650489 H =     +2.35392 eV
 HOMO-LUMO gap:    0.45319095 H =    +12.33196 eV
 
 ==============================================================================


    ------------------------------------------------------------------------
         total  cpu-time :  22.32 seconds
         total wall-time :   1.58 seconds
    ------------------------------------------------------------------------

   ****  dscf : all done  ****


    2025-04-07 22:06:19.639 

