Running initial dscf.
  ========================================================================
                license information 
 Customer : 200000000311349
 ID       : LKO3577586

 License file is VALID, continuing with full version
  ========================================================================

   OpenMP run-time library returned nthreads = 16

 dscf (r21c03b02.bem2.kdm.wcss.pl) : TURBOMOLE rev. V7-6 27 Oct 2021 at 10:11:12 compiled Oct 27th 2021
 Copyright (C) 2021 TURBOMOLE GmbH, Karlsruhe


    2025-04-07 22:21:18.132 



                             d s c f - program

                   idea & directorship : reinhart ahlrichs
                   program development : marco haeser
                                         michael baer
                           dft version : oliver treutler


                          quantum chemistry group
                          universitaet  karlsruhe
                                  germany



   *-----------------------------------------------------------------------*
   |                     program will use 16 thread(s)                     |
   *-----------------------------------------------------------------------*


              +--------------------------------------------------+
              | Atomic coordinate, charge and isotop information |
              +--------------------------------------------------+

                    atomic coordinates            atom    charge  isotop
          1.35328201    1.87783030    1.02916563    c      6.000     0
          2.89043815    0.18220739   -0.29234630    n      7.000     0
          2.17058478   -2.24917282   -0.97652542    c      6.000     0
         -0.26758711   -2.97499962   -0.26297618    n      7.000     0
         -1.89755715   -1.42747644    1.03781680    c      6.000     0
         -1.17586696    0.96290617    1.70679686    c      6.000     0
          3.58492951   -3.72360139   -2.15587515    o      8.000     0
         -2.39648264    2.24572596    2.73140825    h      1.000     0
          2.16821317    4.01290524    1.55422604    o      8.000     0
          4.65501528    0.74583144   -0.79403457    h      1.000     0
         -0.81359135   -4.74619078   -0.75369837    h      1.000     0
         -3.78161977   -2.16394239    1.51923965    h      1.000     0
 
       center of nuclear mass  :    1.17620576   -0.43250751    0.16878094
       center of nuclear charge:    1.11639787   -0.45119254    0.18596531

              +--------------------------------------------------+
              |               basis set information              |
              +--------------------------------------------------+

              we will work with the 1s 3p 5d 7f 9g ... basis set
              ...i.e. with spherical basis functions...

   type   atoms  prim   cont   basis
   ---------------------------------------------------------------------------
    c        4     24     14   SV(P)   [3s2p1d|7s4p1d]
    n        2     24     14   SV(P)   [3s2p1d|7s4p1d]
    o        2     24     14   SV(P)   [3s2p1d|7s4p1d]
    h        4      4      2   SV(P)   [2s|4s]
   ---------------------------------------------------------------------------
   total:   12    208    120
   ---------------------------------------------------------------------------

   total number of primitive shells          :   40
   total number of contracted shells         :   56
   total number of cartesian basis functions :  128
   total number of SCF-basis functions       :  120


 integral neglect threshold       :  0.26E-10
 integral storage threshold THIZE :  0.10E-04
 integral storage threshold THIME :         5


 DENSITY CONVERGENCE CHECK SWITCHED ON !
 SCF CONVERGENCE IF RMS(delta[D]) <     0.1000000000E-06


 symmetry group of the molecule :   c1 

 the group has the following generators :
   c1(z)

    1 symmetry operations found

 there are 1 real representations :   a   

 maximum number of shells which are related by symmetry :  1


          ------------------------
          nuclear repulsion energy  :   353.716566894    
          ------------------------


         -----------------
         -S,T+V- integrals
         -----------------

 1e-integrals will be neglected if expon. factor < 0.261091E-11
 
   Difference densities algorithm switched on.
   The maximal number of linear combinations of
   difference densities is                    20 .

 DIIS switched on: error vector is FDS-SDF
 Max. Iterations for DIIS is     :   5
 DIIS matrix (see manual) 
    Scaling factor of diagonals  :  1.200
    threshold for scaling factor :  0.000

 scf convergence criterion : increment of total energy < .1000000D-06
                  and increment of one-electron energy < .1000000D-03

 MOs are in ASCII format !


    mo occupation :
   irrep   mo's   occupied
    a      120       29
 
 number of basis functions   :   120
 number of occupied orbitals :    29
 

 reading orbital data $scfmo  from file mos
 orbital characterization : scfconv=7
 mo-orthogonalization by Cholesky decomposition

 automatic virtual orbital shift switched on 
      shift if e(lumo)-e(homo) < 0.10000000    


 DSCF restart information will be dumped onto file mos

 
                                              current damping :  0.300
 ITERATION  ENERGY          1e-ENERGY        2e-ENERGY     RMS[dD(SAO)]   TOL
   1  -412.12837752285    -1263.1099751     497.26503064    0.000D+00 0.260D-10
          max. resid. norm for Fia-block=  1.489D-06 for orbital     24a         
          max. resid. fock norm         =  1.551D-06 for orbital     24a         
          Delta Eig. =     0.0000004860 eV 
 
                                              current damping :  0.300
 ITERATION  ENERGY          1e-ENERGY        2e-ENERGY     RMS[dD(SAO)]   TOL
   2  -412.12837752275    -1263.1099747     497.26503024    0.746D-07 0.165D-10
          Norm of current diis error: 0.56167E-05
          max. resid. norm for Fia-block=  9.862D-07 for orbital     29a         
          max. resid. fock norm         =  1.002D-06 for orbital     29a         
          Delta Eig. =     0.0000522695 eV 

 ENERGY & DENSITY CONVERGED !

 
                                              current damping :  0.150
 ITERATION  ENERGY          1e-ENERGY        2e-ENERGY     RMS[dD(SAO)]   TOL
   3  -412.12837752291    -1263.1099743     497.26502989    0.627D-07 0.118D-10
          max. resid. norm for Fia-block=  5.546D-07 for orbital     24a         
          max. resid. fock norm         =  5.731D-07 for orbital     24a         

 convergence criteria satisfied after     3 iterations


                  ------------------------------------------ 
                 |  total energy      =   -412.12837752291  |
                  ------------------------------------------ 
                 :  kinetic energy    =    410.14156806661  :
                 :  potential energy  =   -822.26994558953  :
                 :  virial theorem    =      1.99517914911  :
                 :  wavefunction norm =      1.00000000000  :
                  .......................................... 


 orbitals $scfmo  will be written to file mos

    irrep                 25a         26a         27a         28a         29a   
 eigenvalues H         -0.52356    -0.47770    -0.44584    -0.43147    -0.36669
            eV         -14.2470    -12.9990    -12.1321    -11.7409     -9.9781
 occupation              2.0000      2.0000      2.0000      2.0000      2.0000

    irrep                 30a         31a         32a         33a         34a   
 eigenvalues H          0.08650     0.14552     0.15962     0.19759     0.20415
            eV           2.3539      3.9598      4.3434      5.3767      5.5554
 
 
 
 
 ==============================================================================
                           electrostatic moments
 ==============================================================================

 reference point for electrostatic moments:    0.00000   0.00000   0.00000

 
              nuc           elec       ->  total
 ------------------------------------------------------------------------------
                          charge      
 ------------------------------------------------------------------------------
          58.000000     -58.000000      -0.000000
 
 ------------------------------------------------------------------------------
                       dipole moment  
 ------------------------------------------------------------------------------
   x      64.751076     -66.428787      -1.677711
   y     -26.169167      25.134677      -1.034490
   z      10.785988     -10.510550       0.275438
 
   | dipole moment | =     1.9902 a.u. =     5.0585 debye 
 
 ------------------------------------------------------------------------------
                     quadrupole moment
 ------------------------------------------------------------------------------
  xx     310.938648    -344.661259     -33.722611
  yy     404.043619    -444.729433     -40.685814
  zz     104.574940    -141.079714     -36.504774
  xy     -22.376227      26.807042       4.430815
  xz     -83.885591      83.891766       0.006175
  yz     150.797679    -155.913650      -5.115972
 
     1/3  trace=     -36.971066
     anisotropy=      13.201130
 
 ==============================================================================
 
HOMO-LUMO Separation
 HOMO         :   -0.36668508 H =     -9.97801 eV
 LUMO         :    0.08650432 H =     +2.35390 eV
 HOMO-LUMO gap:    0.45318940 H =    +12.33192 eV
 
 ==============================================================================


    ------------------------------------------------------------------------
         total  cpu-time :   5.48 seconds
         total wall-time :   0.43 seconds
    ------------------------------------------------------------------------

   ****  dscf : all done  ****


    2025-04-07 22:21:18.516 

Running program  jobex -c 200 -level cc2.OPTIMIZATION CYCLE 1
OPTIMIZATION CYCLE 2
OPTIMIZATION CYCLE 3
OPTIMIZATION CYCLE 4
OPTIMIZATION CYCLE 5
OPTIMIZATION CYCLE 6
OPTIMIZATION CYCLE 7
OPTIMIZATION CYCLE 8
OPTIMIZATION CYCLE 9
OPTIMIZATION CYCLE 10
