   -154.8672520000000        -154.7592190000000        -154.7019808000000      
   -154.6975437000000     
   -154.8604796000000        -154.7440572000000        -154.7126387000000      
   -154.7072159000000     
   -154.2514752000000        -154.1802087000000        -154.1745451000000      
   -154.0352791000000     
   -154.8507746000000        -154.7249427000000        -154.7134638000000      
   -154.7073583000000     
   -154.8255795000000        -154.7034558000000        -154.6968107000000      
   -154.6800934000000     
   -154.8458888000000        -154.7159385000000        -154.7123747000000      
   -154.7060297000000     
   -154.8432431000000        -154.7119976000000        -154.7117534000000      
   -154.7054418000000     
   -154.8436024000000        -154.7131214000000        -154.7121048000000      
   -154.7058697000000     
   -154.8431719000000        -154.7150297000000        -154.7126984000000      
   -154.7069232000000     
   -154.8422166000000        -154.7156092000000        -154.7129481000000      
   -154.7075268000000     
   -154.8442269000000        -154.7173532000000        -154.7143344000000      
   -154.7087593000000     
   -154.8458226000000        -154.7167807000000        -154.7145896000000      
   -154.7092122000000     
   -154.8467482000000        -154.7165829000000        -154.7150129000000      
   -154.7092958000000     
   -154.8476210000000        -154.7167468000000        -154.7155247000000      
   -154.7094167000000     
   -154.8474306000000        -154.7163115000000        -154.7157567000000      
   -154.7094776000000     
   -154.8481990000000        -154.7170640000000        -154.7164029000000      
   -154.7097726000000     
   -154.8475835000000        -154.7171370000000        -154.7163351000000      
   -154.7098843000000     
   -154.8476456000000        -154.7175525000000        -154.7163023000000      
   -154.7101125000000     
   -154.8476536000000        -154.7173675000000        -154.7161212000000      
   -154.7102143000000     
   -154.8479544000000        -154.7177563000000        -154.7166338000000      
   -154.7104382000000     
   -154.8477912000000        -154.7161992000000        -154.7159460000000      
   -154.7103204000000     
   -154.8494991000000        -154.7177248000000        -154.7168182000000      
   -154.7106925000000     
   -154.8496078000000        -154.7178339000000        -154.7170207000000      
   -154.7107494000000     
   -154.8488188000000        -154.7177186000000        -154.7159000000000      
   -154.7107909000000     
   -154.8493996000000        -154.7179480000000        -154.7167359000000      
   -154.7108925000000     
   -154.8487614000000        -154.7186166000000        -154.7174685000000      
   -154.7112253000000     
   -154.8493839000000        -154.7186307000000        -154.7169856000000      
   -154.7114792000000     
   -154.8500789000000        -154.7198312000000        -154.7173767000000      
   -154.7120159000000     
   -154.8395196000000        -154.7136890000000        -154.7092481000000      
   -154.7068888000000     
   -154.8493693000000        -154.7191392000000        -154.7169767000000      
   -154.7119062000000     
   -154.8494149000000        -154.7190502000000        -154.7172463000000      
   -154.7119063000000     
   -154.8486262000000        -154.7188506000000        -154.7168401000000      
   -154.7119944000000     
   -154.8488265000000        -154.7189971000000        -154.7172307000000      
   -154.7120671000000     
   -154.8490185000000        -154.7189165000000        -154.7172711000000      
   -154.7120984000000     
   -154.8487606000000        -154.7189935000000        -154.7174740000000      
   -154.7121534000000     
   -154.8482867000000        -154.7180244000000        -154.7171091000000      
   -154.7120530000000     
   -154.8489255000000        -154.7189452000000        -154.7174776000000      
   -154.7122445000000     
   -154.8488643000000        -154.7189443000000        -154.7175735000000      
   -154.7122613000000     
   -154.8487950000000        -154.7188312000000        -154.7175481000000      
   -154.7122832000000     
   -154.8488212000000        -154.7188950000000        -154.7176436000000      
   -154.7123525000000     
   -154.8488859000000        -154.7188941000000        -154.7175573000000      
   -154.7124417000000     
   -154.8489591000000        -154.7187889000000        -154.7177750000000      
   -154.7122892000000     
   -154.8489704000000        -154.7188752000000        -154.7177215000000      
   -154.7124638000000     
   -154.8500066000000        -154.7207429000000        -154.7183002000000      
   -154.7127553000000     
   -154.8492330000000        -154.7193107000000        -154.7179061000000      
   -154.7125465000000     
   -154.8491519000000        -154.7191860000000        -154.7177673000000      
   -154.7125560000000     
   -154.8487002000000        -154.7190389000000        -154.7177021000000      
   -154.7125582000000     
   -154.8487130000000        -154.7190027000000        -154.7177429000000      
   -154.7125718000000     
   -154.8485279000000        -154.7188892000000        -154.7178132000000      
   -154.7125893000000     
   -154.8490077000000        -154.7190253000000        -154.7181322000000      
   -154.7126411000000     
   -154.8492614000000        -154.7191751000000        -154.7180123000000      
   -154.7126853000000     
   -154.8489843000000        -154.7183379000000        -154.7179349000000      
   -154.7125610000000     
   -154.8491668000000        -154.7188820000000        -154.7179909000000      
   -154.7126447000000     
   -154.8492596000000        -154.7189823000000        -154.7180787000000      
   -154.7126606000000     
   -154.8492596000000        -154.7189823000000        -154.7180787000000      
   -154.7126606000000     
   -154.8192303000000        -154.7035547000000        -154.6986530000000      
   -154.6750773000000     
   -154.8470683000000        -154.7172965000000        -154.7156650000000      
   -154.7121297000000     
   -154.8467104000000        -154.7170221000000        -154.7152420000000      
   -154.7120451000000     
   -154.8457512000000        -154.7160198000000        -154.7143898000000      
   -154.7116993000000     
   -154.8459560000000        -154.7159447000000        -154.7147319000000      
   -154.7116999000000     
   -154.8460214000000        -154.7159516000000        -154.7148016000000      
   -154.7117106000000     
   -154.8460873000000        -154.7159569000000        -154.7148480000000      
   -154.7117189000000     
   -154.8462473000000        -154.7159640000000        -154.7149147000000      
   -154.7117327000000     
   -154.8464522000000        -154.7159576000000        -154.7149277000000      
   -154.7117354000000     
   -154.8466247000000        -154.7159857000000        -154.7149111000000      
   -154.7117535000000     
   -154.8465498000000        -154.7159222000000        -154.7147278000000      
   -154.7117074000000     
   -154.8465498000000        -154.7159222000000        -154.7147278000000      
   -154.7117074000000     
   -154.8153225000000        -154.7014488000000        -154.6945335000000      
   -154.6693167000000     
   -154.8459215000000        -154.7157009000000        -154.7137876000000      
   -154.7115040000000     
   -154.8459098000000        -154.7156740000000        -154.7137924000000      
   -154.7114881000000     
   -154.8457600000000        -154.7154670000000        -154.7136822000000      
   -154.7113321000000     
   -154.8457997000000        -154.7154604000000        -154.7136775000000      
   -154.7113273000000     
   -154.8459556000000        -154.7154309000000        -154.7136558000000      
   -154.7113054000000     
   -154.8468686000000        -154.7151329000000        -154.7133803000000      
   -154.7110555000000     
   -154.8468817000000        -154.7150852000000        -154.7133206000000      
   -154.7110135000000     
   -154.8468767000000        -154.7151097000000        -154.7133489000000      
   -154.7110378000000     
   -154.8468193000000        -154.7151688000000        -154.7134778000000      
   -154.7110940000000     
   -154.8466769000000        -154.7151850000000        -154.7134625000000      
   -154.7111082000000     
   -154.8464065000000        -154.7151551000000        -154.7133815000000      
   -154.7110825000000     
   -154.8463747000000        -154.7151216000000        -154.7133540000000      
   -154.7110537000000     
   -154.8463042000000        -154.7150922000000        -154.7133362000000      
   -154.7110291000000     
   -154.8462189000000        -154.7150697000000        -154.7133220000000      
   -154.7110104000000     
   -154.8462021000000        -154.7150752000000        -154.7133294000000      
   -154.7110155000000     
   -154.8462070000000        -154.7150496000000        -154.7132436000000      
   -154.7109909000000     
   -154.8462039000000        -154.7150661000000        -154.7132987000000      
   -154.7110068000000     
   -154.8462354000000        -154.7150735000000        -154.7133081000000      
   -154.7110135000000     
   -154.8463152000000        -154.7150716000000        -154.7133195000000      
   -154.7110131000000     
   -154.8464245000000        -154.7150765000000        -154.7133321000000      
   -154.7110188000000     
   -154.8464029000000        -154.7150578000000        -154.7133217000000      
   -154.7110038000000     
   -154.8462528000000        -154.7150851000000        -154.7133221000000      
   -154.7110270000000     
   -154.8462566000000        -154.7150953000000        -154.7134023000000      
   -154.7110391000000     
   -154.8462548000000        -154.7150901000000        -154.7133603000000      
   -154.7110330000000     
   -154.8462455000000        -154.7150728000000        -154.7133271000000      
   -154.7110173000000     
   -154.8462455000000        -154.7150728000000        -154.7133271000000      
   -154.7110173000000     
   -154.8152743000000        -154.7002152000000        -154.6929811000000      
   -154.6672553000000     
   -154.8461373000000        -154.7150338000000        -154.7131602000000      
   -154.7109781000000     
   -154.8461411000000        -154.7150299000000        -154.7131648000000      
   -154.7109749000000     
   -154.8461436000000        -154.7149842000000        -154.7131473000000      
   -154.7109344000000     
   -154.8461631000000        -154.7149672000000        -154.7131309000000      
   -154.7109190000000     
   -154.8464794000000        -154.7147698000000        -154.7129434000000      
   -154.7107406000000     
   -154.8468266000000        -154.7145643000000        -154.7127535000000      
   -154.7105539000000     
   -154.8465746000000        -154.7140253000000        -154.7115039000000      
   -154.7100334000000     
   -154.8468158000000        -154.7145387000000        -154.7126916000000      
   -154.7105293000000     
   -154.8470634000000        -154.7144023000000        -154.7125692000000      
   -154.7104048000000     
   -154.8470943000000        -154.7143792000000        -154.7125500000000      
   -154.7103842000000     
   -154.8470715000000        -154.7143488000000        -154.7125251000000      
   -154.7103572000000     
   -154.8470082000000        -154.7143027000000        -154.7124835000000      
   -154.7103152000000     
   -154.8466426000000        -154.7143544000000        -154.7125251000000      
   -154.7103643000000     
   -154.8464858000000        -154.7142369000000        -154.7127034000000      
   -154.7102653000000     
   -154.8466233000000        -154.7143404000000        -154.7125514000000      
   -154.7103530000000     
   -154.8464784000000        -154.7143233000000        -154.7125236000000      
   -154.7103375000000     
   -154.8463367000000        -154.7142801000000        -154.7124681000000      
   -154.7102975000000     
   -154.8463156000000        -154.7142501000000        -154.7124355000000      
   -154.7102697000000     
   -154.8463241000000        -154.7141722000000        -154.7123557000000      
   -154.7101978000000     
   -154.8463594000000        -154.7141329000000        -154.7123181000000      
   -154.7101614000000     
