
libgomp: Invalid value for environment variable OMP_NUM_THREADS

libgomp: Invalid value for environment variable OMP_NUM_THREADS

libgomp: Invalid value for environment variable OMP_NUM_THREADS

libgomp: Invalid value for environment variable OMP_NUM_THREADS

libgomp: Invalid value for environment variable OMP_NUM_THREADS

libgomp: Invalid value for environment variable OMP_NUM_THREADS

libgomp: Invalid value for environment variable OMP_NUM_THREADS

libgomp: Invalid value for environment variable OMP_NUM_THREADS
  * process grid (2, 4) will be used
    r22c01b03.bem2.kdm.wcss.pl      
    r22c01b03.bem2.kdm.wcss.pl      
    r22c01b03.bem2.kdm.wcss.pl      
    r22c01b03.bem2.kdm.wcss.pl      
    r22c01b03.bem2.kdm.wcss.pl      
    r22c01b03.bem2.kdm.wcss.pl      
    r22c01b03.bem2.kdm.wcss.pl      
    r22c01b03.bem2.kdm.wcss.pl      

  * using 48 threads per process
OMP: Warning #232: OMP_NUM_THREADS: Invalid symbols found. Check the value "".
OMP: Warning #232: OMP_NUM_THREADS: Invalid symbols found. Check the value "".
OMP: Warning #232: OMP_NUM_THREADS: Invalid symbols found. Check the value "".
OMP: Warning #232: OMP_NUM_THREADS: Invalid symbols found. Check the value "".
OMP: Warning #232: OMP_NUM_THREADS: Invalid symbols found. Check the value "".
OMP: Warning #232: OMP_NUM_THREADS: Invalid symbols found. Check the value "".
OMP: Warning #232: OMP_NUM_THREADS: Invalid symbols found. Check the value "".
OMP: Warning #232: OMP_NUM_THREADS: Invalid symbols found. Check the value "".

  ===============================================================
    BAGEL - Freshly leavened quantum chemistry                   
  ===============================================================

  *** Geometry ***

  { "atom" : "C", "xyz" : [      1.284069,      0.000000,     -0.001890 ] },
  { "atom" : "C", "xyz" : [     -1.253266,     -0.000000,     -0.003590 ] },
  { "atom" : "H", "xyz" : [      2.344772,      1.769162,      0.167430 ] },
  { "atom" : "H", "xyz" : [      2.344961,     -1.769162,     -0.169886 ] },
  { "atom" : "H", "xyz" : [     -2.339292,     -1.765004,      0.135682 ] },
  { "atom" : "H", "xyz" : [     -2.338725,      1.765193,     -0.144375 ] },

  Number of auxiliary basis functions:      222

  Since a DF basis is specified, we compute 2- and 3-index integrals:
    o Being stored without compression. Storage requirement is 0.004 GB
       - 3-index ints prep                         0.00
       - 3-index ints                              0.42
       - 2-index ints                              0.02
       - computing inverse                         0.27
        elapsed time:        0.72 sec.


  Number of basis functions:       48
  Number of electrons      :       16


    * METHOD: MOLECULE                             0.94

       - Overlap matrix                            0.01
       - Hcore matrix                              0.03
       - Overlap orthog                            0.01

  *** RHF ***

  === Nuclear Repulsion ===
  
    33.0601488365

      * DIIS with orbital gradients will be used.

       - SCF startup                               0.95

  === RHF iteration (svp) ===
  
               o Fock build                                  0.24
      0        -77.90447989          0.02013532           0.24
               o DIIS                                        0.00
               o Diag                                        0.00
               o Post process                                0.00
               o Fock build                                  0.28
      1        -77.96666089          0.00740697           0.29
               o DIIS                                        0.00
               o Diag                                        0.00
               o Post process                                0.00
               o Fock build                                  0.24
      2        -77.97406101          0.00161014           0.24
               o DIIS                                        0.00
               o Diag                                        0.00
               o Post process                                0.00
               o Fock build                                  0.19
      3        -77.97451911          0.00009331           0.20
               o DIIS                                        0.00
               o Diag                                        0.00
               o Post process                                0.00
               o Fock build                                  0.22
      4        -77.97452138          0.00001696           0.22
               o DIIS                                        0.00
               o Diag                                        0.00
               o Post process                                0.00
               o Fock build                                  0.12
      5        -77.97452145          0.00000531           0.12
               o DIIS                                        0.00
               o Diag                                        0.00
               o Post process                                0.00
               o Fock build                                  0.16
      6        -77.97452145          0.00000238           0.16
               o DIIS                                        0.00
               o Diag                                        0.00
               o Post process                                0.00
               o Fock build                                  0.17
      7        -77.97452145          0.00000051           0.17
               o DIIS                                        0.00
               o Diag                                        0.00
               o Post process                                0.00
               o Fock build                                  0.17
      8        -77.97452146          0.00000012           0.17
               o DIIS                                        0.00
               o Diag                                        0.00
               o Post process                                0.00
               o Fock build                                  0.21
      9        -77.97452146          0.00000003           0.21
               o DIIS                                        0.00
               o Diag                                        0.00
               o Post process                                0.00
               o Fock build                                  0.19
     10        -77.97452146          0.00000001           0.19
               o DIIS                                        0.00
               o Diag                                        0.00
               o Post process                                0.00
               o Fock build                                  0.12
     11        -77.97452146          0.00000000           0.12
  
    * SCF iteration converged.

    * Permanent dipole moment:
           (    0.001631,    -0.000005,     0.000025) a.u.


    * METHOD: HF                                   3.42


    * METHOD: PRINT                                0.02

  ---------------------------
      CASSCF calculation     
  ---------------------------

 
    ==== Active orbitals : ===== 
         Orbital 8
         Orbital 9
    ============================ 

    * nstate   :      2
    * nclosed  :      7
    * nact     :      2
    * nvirt    :     39
  === CASSCF iteration (svp) ===

    * Using the second-order algorithm

      0  0       -77.99305626     7.79e-03      0.19
      0  1       -77.62844415     0.00e+00      0.19

         res : 5.50e-02   lamb: 1.00e+00   eps : -6.90e-03   step: 2.11e-01    0.00
         res : 2.23e-02   lamb: 1.00e+00   eps : -8.29e-03   step: 2.85e-01    0.00
         res : 6.23e-03   lamb: 1.00e+00   eps : -8.43e-03   step: 3.11e-01    0.00
         res : 2.97e-03   lamb: 1.00e+00   eps : -8.45e-03   step: 3.22e-01    0.00
         res : 1.16e-03   lamb: 1.00e+00   eps : -8.46e-03   step: 3.21e-01    0.00
         res : 1.45e-04   lamb: 1.00e+00   eps : -8.46e-03   step: 3.22e-01    0.00
         res : 3.81e-05   lamb: 1.00e+00   eps : -8.46e-03   step: 3.22e-01    0.00
         res : 4.63e-06   lamb: 1.00e+00   eps : -8.46e-03   step: 3.22e-01    0.00

      1  0       -77.98485968     1.12e-03      0.90
      1  1       -77.64471058     0.00e+00      0.90

         res : 5.34e-03   lamb: 1.00e+00   eps : -1.25e-04   step: 1.69e-02    0.00
         res : 2.12e-03   lamb: 1.00e+00   eps : -1.39e-04   step: 2.04e-02    0.00
         res : 1.83e-03   lamb: 1.00e+00   eps : -1.44e-04   step: 2.62e-02    0.00
         res : 3.72e-04   lamb: 1.00e+00   eps : -1.45e-04   step: 2.83e-02    0.00
         res : 1.46e-04   lamb: 1.00e+00   eps : -1.45e-04   step: 2.81e-02    0.00
         res : 2.63e-05   lamb: 1.00e+00   eps : -1.45e-04   step: 2.82e-02    0.00
         res : 3.63e-06   lamb: 1.00e+00   eps : -1.45e-04   step: 2.82e-02    0.00
         res : 1.05e-06   lamb: 1.00e+00   eps : -1.45e-04   step: 2.82e-02    0.00

      2  0       -77.98556209     2.75e-05      0.98
      2  1       -77.64415434     0.00e+00      0.98

         res : 4.95e-04   lamb: 1.00e+00   eps : -5.49e-07   step: 2.48e-03    0.00
         res : 2.74e-04   lamb: 1.00e+00   eps : -7.03e-07   step: 3.56e-03    0.00
         res : 1.42e-04   lamb: 1.00e+00   eps : -7.43e-07   step: 3.99e-03    0.00
         res : 3.68e-05   lamb: 1.00e+00   eps : -7.48e-07   step: 4.12e-03    0.00
         res : 8.16e-06   lamb: 1.00e+00   eps : -7.49e-07   step: 4.14e-03    0.00
         res : 1.88e-06   lamb: 1.00e+00   eps : -7.49e-07   step: 4.13e-03    0.00
         res : 4.83e-07   lamb: 1.00e+00   eps : -7.49e-07   step: 4.13e-03    0.00
         res : 1.57e-07   lamb: 1.00e+00   eps : -7.49e-07   step: 4.13e-03    0.00

      3  0       -77.98566550     1.25e-05      1.00
      3  1       -77.64405192     0.00e+00      1.00

         res : 1.57e-04   lamb: 1.00e+00   eps : -6.05e-08   step: 7.26e-04    0.00
         res : 8.22e-05   lamb: 1.00e+00   eps : -7.33e-08   step: 9.97e-04    0.00
         res : 4.81e-05   lamb: 1.00e+00   eps : -7.72e-08   step: 1.13e-03    0.00
         res : 1.28e-05   lamb: 1.00e+00   eps : -7.80e-08   step: 1.20e-03    0.00
         res : 2.69e-06   lamb: 1.00e+00   eps : -7.81e-08   step: 1.20e-03    0.00
         res : 7.68e-07   lamb: 1.00e+00   eps : -7.81e-08   step: 1.20e-03    0.00
         res : 2.15e-07   lamb: 1.00e+00   eps : -7.81e-08   step: 1.20e-03    0.00
         res : 7.61e-08   lamb: 1.00e+00   eps : -7.81e-08   step: 1.20e-03    0.00

      4  0       -77.98569723     6.46e-06      0.73
      4  1       -77.64402028     0.00e+00      0.73

         res : 5.66e-05   lamb: 1.00e+00   eps : -8.01e-09   step: 2.15e-04    0.00
         res : 2.52e-05   lamb: 1.00e+00   eps : -9.49e-09   step: 3.02e-04    0.00
         res : 1.46e-05   lamb: 1.00e+00   eps : -9.90e-09   step: 3.40e-04    0.00
         res : 4.75e-06   lamb: 1.00e+00   eps : -1.00e-08   step: 3.67e-04    0.00
         res : 1.02e-06   lamb: 1.00e+00   eps : -1.00e-08   step: 3.70e-04    0.00
         res : 3.46e-07   lamb: 1.00e+00   eps : -1.00e-08   step: 3.70e-04    0.00
         res : 9.64e-08   lamb: 1.00e+00   eps : -1.00e-08   step: 3.70e-04    0.00
         res : 3.95e-08   lamb: 1.00e+00   eps : -1.00e-08   step: 3.70e-04    0.00
         res : 7.12e-09   lamb: 1.00e+00   eps : -1.00e-08   step: 3.70e-04    0.00

      5  0       -77.98570680     3.70e-06      1.04
      5  1       -77.64401073     0.00e+00      1.04

         res : 2.38e-05   lamb: 1.00e+00   eps : -1.63e-09   step: 7.13e-05    0.00
         res : 8.36e-06   lamb: 1.00e+00   eps : -1.88e-09   step: 9.95e-05    0.00
         res : 4.10e-06   lamb: 1.00e+00   eps : -1.92e-09   step: 1.09e-04    0.00
         res : 1.88e-06   lamb: 1.00e+00   eps : -1.93e-09   step: 1.19e-04    0.00
         res : 4.52e-07   lamb: 1.00e+00   eps : -1.93e-09   step: 1.20e-04    0.00
         res : 1.74e-07   lamb: 1.00e+00   eps : -1.93e-09   step: 1.20e-04    0.00
         res : 4.66e-08   lamb: 1.00e+00   eps : -1.93e-09   step: 1.20e-04    0.00
         res : 1.76e-08   lamb: 1.00e+00   eps : -1.93e-09   step: 1.20e-04    0.00
         res : 3.08e-09   lamb: 1.00e+00   eps : -1.93e-09   step: 1.20e-04    0.00

      6  0       -77.98570964     2.20e-06      1.01
      6  1       -77.64400789     0.00e+00      1.01

         res : 1.23e-05   lamb: 1.00e+00   eps : -4.79e-10   step: 3.08e-05    0.00
         res : 3.57e-06   lamb: 1.00e+00   eps : -5.43e-10   step: 4.13e-05    0.00
         res : 1.15e-06   lamb: 1.00e+00   eps : -5.50e-10   step: 4.31e-05    0.00
         res : 6.55e-07   lamb: 1.00e+00   eps : -5.51e-10   step: 4.60e-05    0.00
         res : 2.01e-07   lamb: 1.00e+00   eps : -5.51e-10   step: 4.64e-05    0.00
         res : 8.90e-08   lamb: 1.00e+00   eps : -5.51e-10   step: 4.65e-05    0.00
         res : 2.37e-08   lamb: 1.00e+00   eps : -5.51e-10   step: 4.65e-05    0.00
         res : 7.95e-09   lamb: 1.00e+00   eps : -5.51e-10   step: 4.65e-05    0.00
         res : 1.58e-09   lamb: 1.00e+00   eps : -5.51e-10   step: 4.65e-05    0.00

      7  0       -77.98571046     1.33e-06      0.87
      7  1       -77.64400708     0.00e+00      0.87

         res : 7.17e-06   lamb: 1.00e+00   eps : -1.66e-10   step: 1.66e-05    0.00
         res : 1.91e-06   lamb: 1.00e+00   eps : -1.87e-10   step: 2.17e-05    0.00
         res : 4.42e-07   lamb: 1.00e+00   eps : -1.89e-10   step: 2.22e-05    0.00
         res : 1.93e-07   lamb: 1.00e+00   eps : -1.89e-10   step: 2.29e-05    0.00
         res : 6.47e-08   lamb: 1.00e+00   eps : -1.89e-10   step: 2.30e-05    0.00
         res : 4.17e-08   lamb: 1.00e+00   eps : -1.89e-10   step: 2.31e-05    0.00
         res : 1.26e-08   lamb: 1.00e+00   eps : -1.89e-10   step: 2.30e-05    0.00
         res : 3.78e-09   lamb: 1.00e+00   eps : -1.89e-10   step: 2.31e-05    0.00

      8  0       -77.98571068     8.05e-07      0.77
      8  1       -77.64400686     0.00e+00      0.77

         res : 4.31e-06   lamb: 1.00e+00   eps : -6.03e-11   step: 9.83e-06    0.00
         res : 1.13e-06   lamb: 1.00e+00   eps : -6.80e-11   step: 1.27e-05    0.00
         res : 2.36e-07   lamb: 1.00e+00   eps : -6.86e-11   step: 1.30e-05    0.00
         res : 7.17e-08   lamb: 1.00e+00   eps : -6.86e-11   step: 1.33e-05    0.00
         res : 1.60e-08   lamb: 1.00e+00   eps : -6.86e-11   step: 1.33e-05    0.00
         res : 9.35e-09   lamb: 1.00e+00   eps : -6.86e-11   step: 1.33e-05    0.00
         res : 5.13e-09   lamb: 1.00e+00   eps : -6.86e-11   step: 1.33e-05    0.00
         res : 1.82e-09   lamb: 1.00e+00   eps : -6.86e-11   step: 1.33e-05    0.00

      9  0       -77.98571073     4.89e-07      0.96
      9  1       -77.64400681     0.00e+00      0.96

         res : 2.62e-06   lamb: 1.00e+00   eps : -2.22e-11   step: 5.96e-06    0.00
         res : 6.84e-07   lamb: 1.00e+00   eps : -2.51e-11   step: 7.71e-06    0.00
         res : 1.42e-07   lamb: 1.00e+00   eps : -2.53e-11   step: 7.86e-06    0.00
         res : 4.04e-08   lamb: 1.00e+00   eps : -2.53e-11   step: 8.02e-06    0.00
         res : 8.69e-09   lamb: 1.00e+00   eps : -2.53e-11   step: 8.05e-06    0.00
         res : 2.04e-09   lamb: 1.00e+00   eps : -2.53e-11   step: 8.05e-06    0.00

     10  0       -77.98571073     2.98e-07      1.07
     10  1       -77.64400681     0.00e+00      1.07

         res : 1.59e-06   lamb: 1.00e+00   eps : -8.23e-12   step: 3.63e-06    0.00
         res : 4.16e-07   lamb: 1.00e+00   eps : -9.28e-12   step: 4.70e-06    0.00
         res : 8.75e-08   lamb: 1.00e+00   eps : -9.35e-12   step: 4.79e-06    0.00
         res : 2.58e-08   lamb: 1.00e+00   eps : -9.36e-12   step: 4.89e-06    0.00
         res : 6.38e-09   lamb: 1.00e+00   eps : -9.36e-12   step: 4.91e-06    0.00
         res : 3.64e-09   lamb: 1.00e+00   eps : -9.36e-12   step: 4.91e-06    0.00

     11  0       -77.98571073     1.81e-07      0.84
     11  1       -77.64400681     0.00e+00      0.84

         res : 9.69e-07   lamb: 1.00e+00   eps : -3.05e-12   step: 2.21e-06    0.00
         res : 2.54e-07   lamb: 1.00e+00   eps : -3.44e-12   step: 2.86e-06    0.00
         res : 5.37e-08   lamb: 1.00e+00   eps : -3.46e-12   step: 2.92e-06    0.00
         res : 1.64e-08   lamb: 1.00e+00   eps : -3.47e-12   step: 2.98e-06    0.00
         res : 4.49e-09   lamb: 1.00e+00   eps : -3.47e-12   step: 2.99e-06    0.00

     12  0       -77.98571072     1.10e-07      0.84
     12  1       -77.64400682     0.00e+00      0.84

         res : 5.90e-07   lamb: 1.00e+00   eps : -1.13e-12   step: 1.35e-06    0.00
         res : 1.54e-07   lamb: 1.00e+00   eps : -1.27e-12   step: 1.74e-06    0.00
         res : 3.30e-08   lamb: 1.00e+00   eps : -1.28e-12   step: 1.78e-06    0.00
         res : 1.04e-08   lamb: 1.00e+00   eps : -1.28e-12   step: 1.82e-06    0.00
         res : 3.10e-09   lamb: 1.00e+00   eps : -1.28e-12   step: 1.83e-06    0.00

     13  0       -77.98571072     6.71e-08      0.75
     13  1       -77.64400682     0.00e+00      0.75

         res : 3.59e-07   lamb: 1.00e+00   eps : -4.18e-13   step: 8.19e-07    0.00
         res : 9.40e-08   lamb: 1.00e+00   eps : -4.72e-13   step: 1.06e-06    0.00
         res : 2.02e-08   lamb: 1.00e+00   eps : -4.76e-13   step: 1.08e-06    0.00
         res : 6.48e-09   lamb: 1.00e+00   eps : -4.76e-13   step: 1.11e-06    0.00
         res : 1.98e-09   lamb: 1.00e+00   eps : -4.76e-13   step: 1.11e-06    0.00

     14  0       -77.98571071     4.08e-08      0.99
     14  1       -77.64400682     0.00e+00      0.99

         res : 2.19e-07   lamb: 1.00e+00   eps : -1.55e-13   step: 4.99e-07    0.00
         res : 5.72e-08   lamb: 1.00e+00   eps : -1.75e-13   step: 6.46e-07    0.00
         res : 1.23e-08   lamb: 1.00e+00   eps : -1.76e-13   step: 6.59e-07    0.00
         res : 3.99e-09   lamb: 1.00e+00   eps : -1.76e-13   step: 6.75e-07    0.00

     15  0       -77.98571071     2.48e-08      0.88
     15  1       -77.64400683     0.00e+00      0.88

         res : 1.33e-07   lamb: 1.00e+00   eps : -5.74e-14   step: 3.04e-07    0.00
         res : 3.49e-08   lamb: 1.00e+00   eps : -6.48e-14   step: 3.95e-07    0.00
         res : 7.64e-09   lamb: 1.00e+00   eps : -6.53e-14   step: 4.03e-07    0.00
         res : 2.52e-09   lamb: 1.00e+00   eps : -6.54e-14   step: 4.14e-07    0.00

     16  0       -77.98571071     1.51e-08      0.97
     16  1       -77.64400683     0.00e+00      0.97

         res : 8.10e-08   lamb: 1.00e+00   eps : -2.13e-14   step: 1.85e-07    0.00
         res : 2.12e-08   lamb: 1.00e+00   eps : -2.40e-14   step: 2.40e-07    0.00
         res : 4.67e-09   lamb: 1.00e+00   eps : -2.42e-14   step: 2.46e-07    0.00

     17  0       -77.98571071     9.06e-09      1.04
     17  1       -77.64400683     0.00e+00      1.04

    * Second-order optimization converged. *   

    * Integral transformation done. Elapsed time: 0.31

     guess   0:   closed 1.                   open ..                  
     guess   1:   closed ..                   open 11                  

  === FCI iteration ===

      0  0       -77.97291513     4.12e-02      0.00
      0  1       -77.64400681     3.05e-05      0.00
    - linear dependency detected:    1 /    4    min eigenvalue:    -2.7756e-16    max eigenvalue:    -2.7756e-16
    * Using canonical orthogonalization due to linear dependency


      1  0 *     -77.98571071     1.15e-16      0.00
      1  1 *     -77.64400683     1.73e-16      0.00

     * ci vector, state   0, <S^2> = 0.0000
       2.     0.9881536417
       .2    -0.1534561288

     * ci vector, state   1, <S^2> = 0.0000
       ab    -0.7071055095
       ba    -0.7071055095

    * METHOD: CASSCF                              16.59


    * METHOD: PRINT                                0.02


  
  ===============================================================

