                 *** CIOpt *** 
 Intersection Optimization and Energy Minimization
 without analytic derivatives or nonadiabatic coupling
       - Ben Levine and Todd Martinez - 
             Copyright 2004-2005        
  SVN Version: 124
  
 Optimizing in Cartesian coordinates
 Intersection search with smoothed gap
   1.0000000000000000E-002
   1.0000000000000000E-002
   1.0000000000000000E-002
   1.0000000000000000E-002
   1.0000000000000000E-002
   1.0000000000000000E-002
   1.0000000000000000E-002
   1.0000000000000000E-002
   1.0000000000000000E-002
   1.0000000000000000E-002
   1.0000000000000000E-002
   1.0000000000000000E-002
   1.0000000000000000E-002
   1.0000000000000000E-002
   1.0000000000000000E-002
   1.0000000000000000E-002
   1.0000000000000000E-002
   1.0000000000000000E-002
 *** Using BFGS Optimization Scheme ***
 Analytic gradients will be used
 Begin Run MolPro... imode =             2
 istate =             2
 jstate =             1
            2
 Read gradient for istate
            1  -1.3608967000000001E-002
            2   3.2445510000000000E-003
            3  -3.7565999999999993E-004
            4   1.7375584000000000E-002
            5  -3.9978249999999997E-003
            6  -1.8919400000000000E-003
            7   2.0436099999999997E-004
            8  -9.6666899999999991E-004
            9   5.1914400000000001E-003
           10   1.6167589999999999E-003
           11   1.2525690000000000E-003
           12  -1.4026600000000000E-003
           13   9.6880000000000006E-004
           14  -1.1522140000000001E-003
           15  -1.9058199999999999E-003
           16  -6.5565349999999984E-003
           17   1.6195879999999998E-003
           18   3.8464999999999998E-004
 Read gradient for jstate, multigrad           18
            1  -1.3608967000000001E-002  -2.9696752999999996E-002
            2   3.2445510000000000E-003   7.4005599999999996E-003
            3  -3.7565999999999993E-004  -1.3832300000000000E-003
            4   1.7375584000000000E-002   3.7761237000000003E-002
            5  -3.9978249999999997E-003  -8.5695330000000016E-003
            6  -1.8919400000000000E-003  -3.5487000000000002E-003
            7   2.0436099999999997E-004   2.5240400000000003E-004
            8  -9.6666899999999991E-004  -2.1353610000000001E-003
            9   5.1914400000000001E-003   1.1204209999999999E-002
           10   1.6167589999999999E-003   3.3784299999999998E-003
           11   1.2525690000000000E-003   1.6567010000000000E-003
           12  -1.4026600000000000E-003  -3.4930500000000002E-003
           13   9.6880000000000006E-004   2.5790829999999998E-003
           14  -1.1522140000000001E-003  -1.5846959999999999E-003
           15  -1.9058199999999999E-003  -4.1096600000000008E-003
           16  -6.5565349999999984E-003  -1.4274401000000001E-002
           17   1.6195879999999998E-003   3.2323280000000003E-003
           18   3.8464999999999998E-004   1.3304399999999998E-003
 ...Run MolPro successful
 In dfunc; eni,enj=   -77.89179420000001        -77.89212990000000      
   -77.89179420000001     
 nefunc =             7
 Gap =    3.3569999999372158E-004
 alpha =    2.5000000372529030E-002
 dlambdagap =     3.500000000000000     
 -0.0136090 -0.0296968  0.0004235 -0.0201706
  0.0032446  0.0074006 -0.0001094  0.0049396
 -0.0003757 -0.0013832  0.0000265 -0.0007866
  0.0173756  0.0377612 -0.0005366  0.0256902
 -0.0039978 -0.0085695  0.0001203 -0.0058625
 -0.0018919 -0.0035487  0.0000436 -0.0025677
  0.0002044  0.0002524 -0.0000013  0.0002240
 -0.0009667 -0.0021354  0.0000308 -0.0014433
  0.0051914  0.0112042 -0.0001583  0.0076438
  0.0016168  0.0033784 -0.0000464  0.0023353
  0.0012526  0.0016567 -0.0000106  0.0014174
 -0.0014027 -0.0034931  0.0000550 -0.0022553
  0.0009688  0.0025791 -0.0000424  0.0016256
 -0.0011522 -0.0015847  0.0000114 -0.0013286
 -0.0019058 -0.0041097  0.0000580 -0.0028047
 -0.0065565 -0.0142744  0.0002032 -0.0097044
  0.0016196  0.0032323 -0.0000425  0.0022774
  0.0003847  0.0013304 -0.0000249  0.0007704
 In dfunc; fval after gcons:   -77.89194648182114     
 Iteration     0 E=    -77.89194648 Cvg=      0.03630642
 Current Geometry
 C    0.0240000000    0.0800000000   -0.4500000000
 C   -0.3060000000   -0.1070000000    0.9580000000
 H    1.0830000000   -0.1580000000   -0.5830000000
 H   -0.1200000000    1.1060000000   -0.7890000000
 H   -0.5400000000   -0.5770000000   -1.1120000000
 H   -0.1410000000   -0.3430000000    1.9770000000
*************************************************
  N=   18   NUMBER OF CORRECTIONS= 5
       INITIAL VALUES
 F= -7.789D+01   GNORM=  3.631D-02
*************************************************

   I   NFN    FUNC        GNORM       STEPLENGTH

 Begin Run MolPro... imode =             2
 istate =             2
 jstate =             1
            2
 Read gradient for istate
            1   6.2158376999999998E-002
            2  -1.3763711000000001E-002
            3  -6.2614999999999998E-003
            4  -6.6166190000000000E-003
            5   7.0200399999999998E-004
            6   4.8362900000000000E-003
            7  -3.7508029999999999E-002
            8   8.8794209999999989E-003
            9   2.4176100000000003E-003
           10  -6.3533369999999989E-003
           11   1.0752337999999999E-002
           12  -2.6071700000000000E-003
           13  -1.0612664000000001E-002
           14  -5.3883589999999995E-003
           15  -5.9903700000000004E-003
           16  -1.0677270000000001E-003
           17  -1.1816940000000000E-003
           18   7.6051399999999987E-003
 Read gradient for jstate, multigrad           18
            1   6.2158376999999998E-002   2.6422357999999999E-002
            2  -1.3763711000000001E-002  -3.1139190000000001E-003
            3  -6.2614999999999998E-003  -1.5291180000000000E-002
            4  -6.6166190000000000E-003   4.6591291999999997E-002
            5   7.0200399999999998E-004  -1.3326494000000000E-002
            6   4.8362900000000000E-003   9.0160599999999995E-003
            7  -3.7508029999999999E-002  -3.8436950999999997E-002
            8   8.8794209999999989E-003   7.0090269999999997E-003
            9   2.4176100000000003E-003   1.3322880000000001E-002
           10  -6.3533369999999989E-003  -2.1643019999999997E-003
           11   1.0752337999999999E-002   1.1801808999999999E-002
           12  -2.6071700000000000E-003  -7.3359799999999993E-003
           13  -1.0612664000000001E-002  -6.9677940000000005E-003
           14  -5.3883589999999995E-003  -6.5084950000000008E-003
           15  -5.9903700000000004E-003  -1.1125030000000000E-002
           16  -1.0677270000000001E-003  -2.5444602000000001E-002
           17  -1.1816940000000000E-003   4.1380730000000003E-003
           18   7.6051399999999987E-003   1.1413260000000001E-002
 ...Run MolPro successful
 In dfunc; eni,enj=   -77.89063539999999        -77.90084400000001      
   -77.89063539999999     
 nefunc =             7
 Gap =    1.0208600000012780E-002
 alpha =    2.5000000372529030E-002
 dlambdagap =     3.500000000000000     
  0.0621584  0.0264224  0.0177188  0.1063060
 -0.0137637 -0.0031139 -0.0052804 -0.0269203
 -0.0062615 -0.0152912  0.0044771  0.0048936
 -0.0066166  0.0465913 -0.0263817 -0.0723487
  0.0007020 -0.0133265  0.0069557  0.0180326
  0.0048363  0.0090161 -0.0020724 -0.0003273
 -0.0375080 -0.0384370  0.0004606 -0.0363605
  0.0088794  0.0070090  0.0009274  0.0111901
  0.0024176  0.0133229 -0.0054071 -0.0110546
 -0.0063533 -0.0021643 -0.0020770 -0.0115284
  0.0107523  0.0118018 -0.0005204  0.0094558
 -0.0026072 -0.0073360  0.0023447  0.0032347
 -0.0106127 -0.0069678 -0.0018072 -0.0151155
 -0.0053884 -0.0065085  0.0005554 -0.0040046
 -0.0059904 -0.0111250  0.0025459  0.0003529
 -0.0010677 -0.0254446  0.0120866  0.0290470
 -0.0011817  0.0041381 -0.0026377 -0.0077536
  0.0076051  0.0114133 -0.0018882  0.0029007
 In dfunc; fval after gcons:   -77.88537989316301     
 Iteration     1 E=    -77.88537989 Cvg=      0.14341698
 Current Geometry
 C    0.0795565488    0.0663945908   -0.4478334095
 C   -0.3767592643   -0.0908528293    0.9650722273
 H    1.0823831504   -0.1540245701   -0.6040536642
 H   -0.1264321433    1.1020960078   -0.7827882760
 H   -0.5444773798   -0.5733405707   -1.1042749565
 H   -0.1142709151   -0.3492726273    1.9748780513
 Begin Run MolPro... imode =             2
 istate =             2
 jstate =             1
            2
 Read gradient for istate
            1  -4.5384929999999999E-003
            2   1.2041940000000002E-003
            3  -9.7967999999999993E-004
            4   1.4804240999999998E-002
            5  -3.5388980000000005E-003
            6  -7.0023999999999997E-004
            7  -4.1527969999999996E-003
            8   2.1676899999999999E-004
            9   4.5949600000000004E-003
           10   6.0615400000000008E-004
           11   2.5349529999999998E-003
           12  -1.5858300000000003E-003
           13  -5.2791700000000006E-004
           14  -1.7616220000000002E-003
           15  -2.4824399999999995E-003
           16  -6.1911870000000002E-003
           17   1.3446050000000001E-003
           18   1.1532499999999999E-003
 Read gradient for jstate, multigrad           18
            1  -4.5384929999999999E-003  -2.4117875999999998E-002
            2   1.2041940000000002E-003   6.4630760000000000E-003
            3  -9.7967999999999993E-004  -3.0406700000000004E-003
            4   1.4804240999999998E-002   4.0669484999999996E-002
            5  -3.5388980000000005E-003  -9.7003000000000004E-003
            6  -7.0023999999999997E-004  -1.7463300000000002E-003
            7  -4.1527969999999996E-003  -4.3552369999999998E-003
            8   2.1676899999999999E-004  -1.0938390000000000E-003
            9   4.5949600000000004E-003   1.1699489999999999E-002
           10   6.0615400000000008E-004   2.8078570000000003E-003
           11   2.5349529999999998E-003   3.0528600000000008E-003
           12  -1.5858300000000003E-003  -4.1400899999999998E-003
           13  -5.2791700000000006E-004   1.4303830000000000E-003
           14  -1.7616220000000002E-003  -2.3127140000000002E-003
           15  -2.4824399999999995E-003  -5.2168599999999996E-003
           16  -6.1911870000000002E-003  -1.6434610999999999E-002
           17   1.3446050000000001E-003   3.5909179999999994E-003
           18   1.1532499999999999E-003   2.4444599999999999E-003
 ...Run MolPro successful
 In dfunc; eni,enj=   -77.89233260000000        -77.89350960000000      
   -77.89233260000000     
 nefunc =             7
 Gap =    1.1769999999984293E-003
 alpha =    2.5000000372529030E-002
 dlambdagap =     3.500000000000000     
 -0.0045385 -0.0241179  0.0017211 -0.0083043
  0.0012042  0.0064631 -0.0004623  0.0022157
 -0.0009797 -0.0030407  0.0001812 -0.0013761
  0.0148042  0.0406695 -0.0022737  0.0197790
 -0.0035389 -0.0097003  0.0005416 -0.0047239
 -0.0007002 -0.0017463  0.0000920 -0.0009014
 -0.0041528 -0.0043552  0.0000178 -0.0041917
  0.0002168 -0.0010938  0.0001152 -0.0000353
  0.0045950  0.0116995 -0.0006245  0.0059614
  0.0006062  0.0028079 -0.0001935  0.0010296
  0.0025350  0.0030529 -0.0000455  0.0026346
 -0.0015858 -0.0041401  0.0002245 -0.0020771
 -0.0005279  0.0014304 -0.0001721 -0.0001513
 -0.0017616 -0.0023127  0.0000484 -0.0018676
 -0.0024824 -0.0052169  0.0002404 -0.0030084
 -0.0061912 -0.0164346  0.0009004 -0.0081613
  0.0013446  0.0035909 -0.0001975  0.0017766
  0.0011533  0.0024445 -0.0001135  0.0014016
 In dfunc; fval after gcons:   -77.89273587436563     
 Iteration     2 E=    -77.89273587 Cvg=      0.02529459
 Current Geometry
 C    0.0316121645    0.0781358343   -0.4497031413
 C   -0.3156951876   -0.1047875710    0.9589690119
 H    1.0829154814   -0.1574553005   -0.5858846996
 H   -0.1208813098    1.1054650886   -0.7881488912
 H   -0.5406134750   -0.5764985978   -1.1109415415
 H   -0.1373376740   -0.3438594535    1.9767092580
   1    3    -7.789D+01   2.529D-02   3.774D+00
 Begin Run MolPro... imode =             2
 istate =             2
 jstate =             1
            2
 Read gradient for istate
            1   2.6735020000000000E-003
            2  -2.2557599999999995E-004
            3  -2.1903600000000001E-003
            4   6.4969140000000003E-003
            5  -1.2135770000000001E-003
            6  -2.0358099999999997E-003
            7  -3.1198200000000003E-003
            8   6.9725600000000014E-004
            9   5.6479999999999997E-004
           10  -7.0811000000000002E-004
           11   1.7472330000000003E-003
           12  -6.9516000000000009E-004
           13  -1.4327930000000000E-003
           14  -9.0704700000000003E-004
           15  -1.2906700000000000E-003
           16  -3.9096929999999999E-003
           17  -9.8289000000000009E-005
           18   5.6471999999999989E-003
 Read gradient for jstate, multigrad           18
            1   2.6735020000000000E-003  -2.5936418999999997E-002
            2  -2.2557599999999995E-004   7.9228360000000011E-003
            3  -2.1903600000000001E-003  -7.5024199999999999E-003
            4   6.4969140000000003E-003   4.7290067999999996E-002
            5  -1.2135770000000001E-003  -1.1542684999999999E-002
            6  -2.0358099999999997E-003  -9.6091999999999995E-004
            7  -3.1198200000000003E-003  -4.0528609999999992E-003
            8   6.9725600000000014E-004  -9.0552700000000019E-004
            9   5.6479999999999997E-004   1.0135250000000000E-002
           10  -7.0811000000000002E-004   2.5981939999999999E-003
           11   1.7472330000000003E-003   2.5334319999999999E-003
           12  -6.9516000000000009E-004  -4.4846699999999995E-003
           13  -1.4327930000000000E-003   1.4787189999999999E-003
           14  -9.0704700000000003E-004  -1.7436769999999995E-003
           15  -1.2906700000000000E-003  -5.3739200000000000E-003
           16  -3.9096929999999999E-003  -2.1377701000000000E-002
           17  -9.8289000000000009E-005   3.7356210000000001E-003
           18   5.6471999999999989E-003   8.1866899999999987E-003
 ...Run MolPro successful
 In dfunc; eni,enj=   -77.89343390000001        -77.89806630000000      
   -77.89343390000001     
 nefunc =             7
 Gap =    4.6323999999913212E-003
 alpha =    2.5000000372529030E-002
 dlambdagap =     3.500000000000000     
  0.0026735 -0.0259364  0.0082459  0.0172293
 -0.0002256  0.0079228 -0.0023485 -0.0043712
 -0.0021904 -0.0075024  0.0015310  0.0005122
  0.0064969  0.0472901 -0.0117574 -0.0142573
 -0.0012136 -0.0115427  0.0029770  0.0040415
 -0.0020358 -0.0009609 -0.0003098 -0.0025827
 -0.0031198 -0.0040529  0.0002689 -0.0026451
  0.0006973 -0.0009055  0.0004620  0.0015127
  0.0005648  0.0101353 -0.0027584 -0.0043043
 -0.0007081  0.0025982 -0.0009529 -0.0023902
  0.0017472  0.0025334 -0.0002266  0.0013472
 -0.0006952 -0.0044847  0.0010922  0.0012328
 -0.0014328  0.0014787 -0.0008392 -0.0029141
 -0.0009070 -0.0017437  0.0002411 -0.0004814
 -0.0012907 -0.0053739  0.0011769  0.0007868
 -0.0039097 -0.0213777  0.0050346  0.0049774
 -0.0000983  0.0037356 -0.0011050 -0.0020489
  0.0056472  0.0081867 -0.0007319  0.0043552
 In dfunc; fval after gcons:   -77.89321547731620     
 Iteration     3 E=    -77.89321548 Cvg=      0.02523164
 Current Geometry
 C    0.0419633864    0.0751924105   -0.4469378001
 C   -0.3495330134   -0.0965935894    0.9599372917
 H    1.0924155903   -0.1579690640   -0.5961241922
 H   -0.1222327562    1.1001343148   -0.7844135486
 H   -0.5396060808   -0.5728527131   -1.1053417771
 H   -0.1230071284   -0.3469113611    1.9738799904
   2    4    -7.789D+01   2.523D-02   1.000D+00
 Begin Run MolPro... imode =             2
 istate =             2
 jstate =             1
            2
 Read gradient for istate
            1  -4.9799199999999990E-003
            2   1.8789069999999997E-003
            3  -3.3074300000000001E-003
            4   1.0515652000000000E-002
            5  -3.1016339999999998E-003
            6   2.5897899999999998E-003
            7  -3.8491099999999999E-004
            8  -1.7988999999999999E-004
            9   1.5988099999999998E-003
           10   3.5416099999999999E-004
           11   5.6300600000000003E-004
           12  -7.0651000000000010E-004
           13   5.4408999999999992E-005
           14  -4.0284400000000007E-004
           15  -9.7324000000000019E-004
           16  -5.5593899999999996E-003
           17   1.2424539999999999E-003
           18   7.9858999999999991E-004
 Read gradient for jstate, multigrad           18
            1  -4.9799199999999990E-003  -3.0104846000000003E-002
            2   1.8789069999999997E-003   8.8872750000000007E-003
            3  -3.3074300000000001E-003  -7.2233899999999984E-003
            4   1.0515652000000000E-002   4.5544862999999998E-002
            5  -3.1016339999999998E-003  -1.1785040999999998E-002
            6   2.5897899999999998E-003   2.6143099999999997E-003
            7  -3.8491099999999999E-004  -1.0665870000000000E-003
            8  -1.7988999999999999E-004  -1.6748520000000000E-003
            9   1.5988099999999998E-003   1.0280600000000000E-002
           10   3.5416099999999999E-004   3.2306520000000001E-003
           11   5.6300600000000003E-004   1.2312729999999998E-003
           12  -7.0651000000000010E-004  -4.0078199999999997E-003
           13   5.4408999999999992E-005   2.5989870000000002E-003
           14  -4.0284400000000007E-004  -1.1182830000000001E-003
           15  -9.7324000000000019E-004  -4.5220599999999997E-003
           16  -5.5593899999999996E-003  -2.0203069000000000E-002
           17   1.2424539999999999E-003   4.4596280000000004E-003
           18   7.9858999999999991E-004   2.8583599999999997E-003
 ...Run MolPro successful
 In dfunc; eni,enj=   -77.89313490000001        -77.89615250000000      
   -77.89313490000001     
 nefunc =             7
 Gap =    3.0175999999926262E-003
 alpha =    2.5000000372529030E-002
 dlambdagap =     3.500000000000000     
 -0.0049799 -0.0301048  0.0051206  0.0003799
  0.0018789  0.0088873 -0.0014284  0.0003838
 -0.0033074 -0.0072234  0.0007981 -0.0024721
  0.0105157  0.0455449 -0.0071392  0.0030430
 -0.0031016 -0.0117850  0.0017697 -0.0012492
  0.0025898  0.0026143 -0.0000050  0.0025846
 -0.0003849 -0.0010666  0.0001389 -0.0002395
 -0.0001799 -0.0016749  0.0003047  0.0001390
  0.0015988  0.0102806 -0.0017694 -0.0002532
  0.0003542  0.0032307 -0.0005863 -0.0002595
  0.0005630  0.0012313 -0.0001362  0.0004204
 -0.0007065 -0.0040078  0.0006728 -0.0000023
  0.0000544  0.0025990 -0.0005186 -0.0004884
 -0.0004028 -0.0011183  0.0001458 -0.0002502
 -0.0009732 -0.0045221  0.0007233 -0.0002162
 -0.0055594 -0.0202031  0.0029845 -0.0024355
  0.0012425  0.0044596 -0.0006557  0.0005561
  0.0007986  0.0028584 -0.0004198  0.0003592
 In dfunc; fval after gcons:   -77.89350617631003     
 Iteration     4 E=    -77.89350618 Cvg=      0.00556831
 Current Geometry
 C    0.0347647556    0.0771629323   -0.4479301082
 C   -0.3371042807   -0.0999583176    0.9613869035
 H    1.0904480975   -0.1581980597   -0.5923397422
 H   -0.1211620553    1.1009689176   -0.7857505804
 H   -0.5389208955   -0.5735530482   -1.1069709230
 H   -0.1280256235   -0.3454224258    1.9726044253
   3    5    -7.789D+01   5.568D-03   1.000D+00
 Begin Run MolPro... imode =             2
 istate =             2
 jstate =             1
            2
 Read gradient for istate
            1  -5.6077809999999992E-003
            2   1.7240990000000000E-003
            3  -1.7947099999999998E-003
            4   1.0180184999999999E-002
            5  -2.5620200000000000E-003
            6   2.0490000000000004E-004
            7   1.6540399999999997E-004
            8  -2.4834500000000004E-004
            9   1.2185600000000001E-003
           10   3.5617700000000001E-004
           11   5.0127999999999995E-004
           12  -7.0810000000000013E-004
           13   1.0584900000000002E-004
           14  -3.3495799999999996E-004
           15  -9.3084999999999987E-004
           16  -5.1998340000000010E-003
           17   9.1994499999999988E-004
           18   2.0102000000000002E-003
 Read gradient for jstate, multigrad           18
            1  -5.6077809999999992E-003  -3.1387150000000004E-002
            2   1.7240990000000000E-003   8.9347620000000010E-003
            3  -1.7947099999999998E-003  -5.9105300000000005E-003
            4   1.0180184999999999E-002   4.6228321999999995E-002
            5  -2.5620200000000000E-003  -1.1525710000000000E-002
            6   2.0490000000000004E-004   3.4577999999999998E-004
            7   1.6540399999999997E-004  -5.8053699999999999E-004
            8  -2.4834500000000004E-004  -1.7632170000000002E-003
            9   1.2185600000000001E-003   1.0087070000000000E-002
           10   3.5617700000000001E-004   3.3146750000000003E-003
           11   5.0127999999999995E-004   1.1966859999999999E-003
           12  -7.0810000000000013E-004  -4.0999300000000005E-003
           13   1.0584900000000002E-004   2.7183030000000001E-003
           14  -3.3495799999999996E-004  -1.0774160000000002E-003
           15  -9.3084999999999987E-004  -4.5810699999999995E-003
           16  -5.1998340000000010E-003  -2.0293611999999999E-002
           17   9.1994499999999988E-004   4.2348940000000006E-003
           18   2.0102000000000002E-003   4.1586699999999999E-003
 ...Run MolPro successful
 In dfunc; eni,enj=   -77.89321080000001        -77.89644819999999      
   -77.89321080000001     
 nefunc =             7
 Gap =    3.2373999999890657E-003
 alpha =    2.5000000372529030E-002
 dlambdagap =     3.500000000000000     
 -0.0056078 -0.0313872  0.0055723  0.0010057
  0.0017241  0.0089348 -0.0015586 -0.0001257
 -0.0017947 -0.0059105  0.0008897 -0.0007388
  0.0101802  0.0462283 -0.0077920  0.0009324
 -0.0025620 -0.0115257  0.0019375 -0.0002625
  0.0002049  0.0003458 -0.0000305  0.0001688
  0.0001654 -0.0005805  0.0001612  0.0003568
 -0.0002483 -0.0017632  0.0003274  0.0001403
  0.0012186  0.0100871 -0.0019170 -0.0010566
  0.0003562  0.0033147 -0.0006395 -0.0004028
  0.0005013  0.0011967 -0.0001503  0.0003229
 -0.0007081 -0.0040999  0.0007332  0.0001620
  0.0001058  0.0027183 -0.0005647 -0.0005643
 -0.0003350 -0.0010774  0.0001605 -0.0001445
 -0.0009308 -0.0045811  0.0007890  0.0000056
 -0.0051998 -0.0202936  0.0032626 -0.0013277
  0.0009199  0.0042349 -0.0007165  0.0000695
  0.0020102  0.0041587 -0.0004644  0.0014590
 In dfunc; fval after gcons:   -77.89353041951894     
 Iteration     5 E=    -77.89353042 Cvg=      0.00288644
 Current Geometry
 C    0.0344851780    0.0769931057   -0.4466552759
 C   -0.3394345012   -0.0991720204    0.9602925260
 H    1.0909816184   -0.1583249237   -0.5924776312
 H   -0.1210162999    1.1005221099   -0.7856471600
 H   -0.5385586325   -0.5732783670   -1.1066793936
 H   -0.1264573653   -0.3457399054    1.9721669029
   4    6    -7.789D+01   2.886D-03   1.000D+00
 Begin Run MolPro... imode =             2
 istate =             2
 jstate =             1
            2
 Read gradient for istate
            1  -6.5447670000000002E-003
            2   1.8071989999999998E-003
            3  -1.0689499999999998E-003
            4   1.0177650999999999E-002
            5  -2.5162010000000001E-003
            6  -4.5869999999999997E-005
            7   6.7207599999999985E-004
            8  -3.3041900000000002E-004
            9   9.4218000000000011E-004
           10   4.8201599999999996E-004
           11   1.8539800000000000E-004
           12  -6.7300000000000004E-004
           13   3.8175299999999996E-004
           14  -1.3129600000000003E-004
           15  -7.7402000000000015E-004
           16  -5.1687290000000008E-003
           17   9.8531800000000000E-004
           18   1.6196699999999997E-003
 Read gradient for jstate, multigrad           18
            1  -6.5447670000000002E-003  -3.2820969000000000E-002
            2   1.8071989999999998E-003   9.1678730000000002E-003
            3  -1.0689499999999998E-003  -5.3163500000000008E-003
            4   1.0177650999999999E-002   4.7024650000000001E-002
            5  -2.5162010000000001E-003  -1.1687741000000000E-002
            6  -4.5869999999999997E-005   1.1193000000000000E-004
            7   6.7207599999999985E-004  -1.2483000000000002E-004
            8  -3.3041900000000002E-004  -1.8618219999999997E-003
            9   9.4218000000000011E-004   9.9605499999999996E-003
           10   4.8201599999999996E-004   3.5001989999999994E-003
           11   1.8539800000000000E-004   8.9639400000000009E-004
           12  -6.7300000000000004E-004  -4.1287300000000000E-003
           13   3.8175299999999996E-004   3.0452460000000006E-003
           14  -1.3129600000000003E-004  -8.8969199999999997E-004
           15  -7.7402000000000015E-004  -4.4955200000000000E-003
           16  -5.1687290000000008E-003  -2.0624296000000002E-002
           17   9.8531800000000000E-004   4.3749870000000000E-003
           18   1.6196699999999997E-003   3.8681100000000001E-003
 ...Run MolPro successful
 In dfunc; eni,enj=   -77.89327040000001        -77.89667170000000      
   -77.89327040000001     
 nefunc =             7
 Gap =    3.4012999999930571E-003
 alpha =    2.5000000372529030E-002
 dlambdagap =     3.500000000000000     
 -0.0065448 -0.0328210  0.0059167  0.0010257
  0.0018072  0.0091679 -0.0016574 -0.0003135
 -0.0010690 -0.0053164  0.0009564  0.0001548
  0.0101777  0.0470247 -0.0082970 -0.0004384
 -0.0025162 -0.0116877  0.0020652  0.0001262
 -0.0000459  0.0001119 -0.0000355 -0.0000913
  0.0006721 -0.0001248  0.0001794  0.0009017
 -0.0003304 -0.0018618  0.0003448  0.0001108
  0.0009422  0.0099606 -0.0020307 -0.0016561
  0.0004820  0.0035002 -0.0006796 -0.0003876
  0.0001854  0.0008964 -0.0001601 -0.0000194
 -0.0006730 -0.0041287  0.0007781  0.0003226
  0.0003818  0.0030452 -0.0005998 -0.0003856
 -0.0001313 -0.0008897  0.0001708  0.0000872
 -0.0007740 -0.0044955  0.0008380  0.0002982
 -0.0051687 -0.0206243  0.0034802 -0.0007158
  0.0009853  0.0043750 -0.0007633  0.0000087
  0.0016197  0.0038681 -0.0005063  0.0009719
 In dfunc; fval after gcons:   -77.89354537774614     
 Iteration     6 E=    -77.89354538 Cvg=      0.00262979
 Current Geometry
 C    0.0335418881    0.0770449821   -0.4455668264
 C   -0.3415552748   -0.0985941830    0.9600098352
 H    1.0909155053   -0.1585084473   -0.5916213594
 H   -0.1205797702    1.0999570524   -0.7857241003
 H   -0.5378485394   -0.5729799316   -1.1065062446
 H   -0.1244738115   -0.3459194749    1.9704086589
   5    7    -7.789D+01   2.630D-03   1.000D+00
 Begin Run MolPro... imode =             2
 istate =             2
 jstate =             1
            2
 Read gradient for istate
            1  -7.6968820000000004E-003
            2   1.8337209999999997E-003
            3   3.6221999999999999E-004
            4   1.0673192000000000E-002
            5  -2.3048929999999999E-003
            6  -1.8415700000000001E-003
            7   5.0998899999999994E-004
            8  -3.2574399999999999E-004
            9   1.0280899999999997E-003
           10   7.4375699999999991E-004
           11  -1.8170100000000000E-004
           12  -6.4354999999999993E-004
           13   8.0657199999999989E-004
           14   4.5316999999999998E-005
           15  -6.1143999999999998E-004
           16  -5.0366279999999994E-003
           17   9.3330099999999998E-004
           18   1.7062500000000003E-003
 Read gradient for jstate, multigrad           18
            1  -7.6968820000000004E-003  -3.4438629000000001E-002
            2   1.8337209999999997E-003   9.3181359999999991E-003
            3   3.6221999999999999E-004  -3.9183699999999998E-003
            4   1.0673192000000000E-002   4.8184152999999998E-002
            5  -2.3048929999999999E-003  -1.1626121000000000E-002
            6  -1.8415700000000001E-003  -1.8202600000000000E-003
            7   5.0998899999999994E-004  -3.3493100000000005E-004
            8  -3.2574399999999999E-004  -1.8811540000000001E-003
            9   1.0280899999999997E-003   1.0227700000000000E-002
           10   7.4375699999999991E-004   3.8111329999999999E-003
           11  -1.8170100000000000E-004   5.4487399999999999E-004
           12  -6.4354999999999993E-004  -4.1555700000000000E-003
           13   8.0657199999999989E-004   3.5108819999999996E-003
           14   4.5316999999999998E-005  -7.2491199999999987E-004
           15  -6.1143999999999998E-004  -4.3978000000000002E-003
           16  -5.0366279999999994E-003  -2.0732607000000001E-002
           17   9.3330099999999998E-004   4.3691770000000005E-003
           18   1.7062500000000003E-003   4.0643099999999999E-003
 ...Run MolPro successful
 In dfunc; eni,enj=   -77.89331570000000        -77.89679480000000      
   -77.89331570000000     
 nefunc =             7
 Gap =    3.4790999999927408E-003
 alpha =    2.5000000372529030E-002
 dlambdagap =     3.500000000000000     
 -0.0076969 -0.0344386  0.0061346  0.0004034
  0.0018337  0.0093181 -0.0017169 -0.0004334
  0.0003622 -0.0039184  0.0009820  0.0016589
  0.0106732  0.0481842 -0.0086051 -0.0006892
 -0.0023049 -0.0116261  0.0021383  0.0005186
 -0.0018416 -0.0018203 -0.0000049 -0.0018480
  0.0005100 -0.0003349  0.0001938  0.0007659
 -0.0003257 -0.0018812  0.0003568  0.0001454
  0.0010281  0.0102277 -0.0021104 -0.0017586
  0.0007438  0.0038111 -0.0007037 -0.0001854
 -0.0001817  0.0005449 -0.0001667 -0.0004018
 -0.0006435 -0.0041556  0.0008057  0.0004203
  0.0008066  0.0035109 -0.0006204 -0.0000126
  0.0000453 -0.0007249  0.0001767  0.0002786
 -0.0006114 -0.0043978  0.0008686  0.0005355
 -0.0050366 -0.0207326  0.0036007 -0.0002822
  0.0009333  0.0043692 -0.0007882 -0.0001075
  0.0017063  0.0040643 -0.0005409  0.0009920
 In dfunc; fval after gcons:   -77.89356768619774     
 Iteration     7 E=    -77.89356769 Cvg=      0.00357407
 Current Geometry
 C    0.0313137102    0.0774117308   -0.4441908439
 C   -0.3434890216   -0.0978465680    0.9586038725
 H    1.0889339859   -0.1588448823   -0.5876533455
 H   -0.1195055832    1.0996136786   -0.7864315174
 H   -0.5365739567   -0.5729453789   -1.1069685896
 H   -0.1206791379   -0.3463885793    1.9676403405
   6    8    -7.789D+01   3.574D-03   1.000D+00
 Begin Run MolPro... imode =             2
 istate =             2
 jstate =             1
            2
 Read gradient for istate
            1  -8.5954610000000002E-003
            2   2.2085599999999999E-003
            3  -4.0774000000000008E-004
            4   1.1373110000000000E-002
            5  -2.8215119999999999E-003
            6  -1.2850999999999999E-004
            7  -9.1526999999999994E-005
            8  -3.0374200000000009E-004
            9   1.5381700000000000E-003
           10   1.1390120000000001E-003
           11  -7.0648299999999997E-004
           12  -5.2869999999999990E-004
           13   1.4413740000000002E-003
           14   2.7631199999999998E-004
           15  -2.9306000000000001E-004
           16  -5.2665089999999992E-003
           17   1.3468650000000002E-003
           18  -1.8013000000000002E-004
 Read gradient for jstate, multigrad           18
            1  -8.5954610000000002E-003  -3.6081821000000005E-002
            2   2.2085599999999999E-003   9.8907780000000010E-003
            3  -4.0774000000000008E-004  -4.7379600000000002E-003
            4   1.1373110000000000E-002   5.0086759999999995E-002
            5  -2.8215119999999999E-003  -1.2397750000000001E-002
            6  -1.2850999999999999E-004  -4.5551000000000004E-004
            7  -9.1526999999999994E-005  -1.0050230000000000E-003
            8  -3.0374200000000009E-004  -1.9038510000000004E-003
            9   1.5381700000000000E-003   1.1053060000000001E-002
           10   1.1390120000000001E-003   4.2666830000000004E-003
           11  -7.0648299999999997E-004   2.0017000000000000E-005
           12  -5.2869999999999990E-004  -4.1231899999999992E-003
           13   1.4413740000000002E-003   4.2040240000000004E-003
           14   2.7631199999999998E-004  -4.8563299999999998E-004
           15  -2.9306000000000001E-004  -4.1675500000000003E-003
           16  -5.2665089999999992E-003  -2.1470623999999998E-002
           17   1.3468650000000002E-003   4.8764399999999997E-003
           18  -1.8013000000000002E-004   2.4311600000000002E-003
 ...Run MolPro successful
 In dfunc; eni,enj=   -77.89340060000001        -77.89705140000000      
   -77.89340060000001     
 nefunc =             7
 Gap =    3.6507999999884078E-003
 alpha =    2.5000000372529030E-002
 dlambdagap =     3.500000000000000     
 -0.0085955 -0.0360818  0.0065586  0.0006163
  0.0022086  0.0098908 -0.0018331 -0.0003661
 -0.0004077 -0.0047380  0.0010332  0.0010435
  0.0113731  0.0500868 -0.0092375 -0.0016013
 -0.0028215 -0.0123978  0.0022850  0.0003879
 -0.0001285 -0.0004555  0.0000780 -0.0000189
 -0.0000915 -0.0010050  0.0002180  0.0002146
 -0.0003037 -0.0019039  0.0003818  0.0002325
  0.0015382  0.0110531 -0.0022704 -0.0016506
  0.0011390  0.0042667 -0.0007463  0.0000908
 -0.0007065  0.0000200 -0.0001734 -0.0009500
 -0.0005287 -0.0041232  0.0008577  0.0006760
  0.0014414  0.0042040 -0.0006592  0.0005155
  0.0002763 -0.0004856  0.0001818  0.0005317
 -0.0002931 -0.0041676  0.0009245  0.0010054
 -0.0052665 -0.0214706  0.0038665  0.0001641
  0.0013469  0.0048764 -0.0008422  0.0001640
 -0.0001801  0.0024312 -0.0006231 -0.0010553
 In dfunc; fval after gcons:   -77.89359780142848     
 Iteration     8 E=    -77.89359780 Cvg=      0.00335214
 Current Geometry
 C    0.0276517687    0.0784082470   -0.4440167764
 C   -0.3476315785   -0.0967867149    0.9585050674
 H    1.0852583094   -0.1597268560   -0.5788359583
 H   -0.1176331171    1.0997541045   -0.7881974628
 H   -0.5346522103   -0.5733058978   -1.1085128000
 H   -0.1129931774   -0.3473428790    1.9620577831
   7    9    -7.789D+01   3.352D-03   1.000D+00
 Begin Run MolPro... imode =             2
 istate =             2
 jstate =             1
            2
 Read gradient for istate
            1  -9.9160939999999993E-003
            2   2.4650980000000002E-003
            3   3.6305000000000005E-004
            4   1.2233986000000001E-002
            5  -2.6779099999999998E-003
            6  -2.0619200000000002E-003
            7   1.1493000000000000E-005
            8  -5.1558200000000003E-004
            9   2.4310300000000002E-003
           10   1.3269320000000002E-003
           11  -9.9003000000000014E-005
           12  -7.9547999999999996E-004
           13   1.3397159999999997E-003
           14  -2.5365199999999999E-004
           15  -7.8046000000000006E-004
           16  -4.9960330000000006E-003
           17   1.0810500000000001E-003
           18   8.4378000000000011E-004
 Read gradient for jstate, multigrad           18
            1  -9.9160939999999993E-003  -3.7579365000000005E-002
            2   2.4650980000000002E-003   1.0156182000000000E-002
            3   3.6305000000000005E-004  -3.7724899999999999E-003
            4   1.2233986000000001E-002   5.1147876999999999E-002
            5  -2.6779099999999998E-003  -1.2232312000000001E-002
            6  -2.0619200000000002E-003  -2.8566799999999999E-003
            7   1.1493000000000000E-005  -9.3464799999999997E-004
            8  -5.1558200000000003E-004  -2.1428279999999997E-003
            9   2.4310300000000002E-003   1.2129960000000000E-002
           10   1.3269320000000002E-003   4.4386969999999994E-003
           11  -9.9003000000000014E-005   6.2386799999999996E-004
           12  -7.9547999999999996E-004  -4.4021100000000004E-003
           13   1.3397159999999997E-003   4.0874489999999994E-003
           14  -2.5365199999999999E-004  -9.9646099999999986E-004
           15  -7.8046000000000006E-004  -4.6696899999999992E-003
           16  -4.9960330000000006E-003  -2.1160010000000002E-002
           17   1.0810500000000001E-003   4.5915509999999999E-003
           18   8.4378000000000011E-004   3.5710299999999999E-003
 ...Run MolPro successful
 In dfunc; eni,enj=   -77.89338630000000        -77.89692540000000      
   -77.89338630000000     
 nefunc =             7
 Gap =    3.5390999999975747E-003
 alpha =    2.5000000372529030E-002
 dlambdagap =     3.500000000000000     
 -0.0099161 -0.0375794  0.0064356 -0.0012232
  0.0024651  0.0101562 -0.0017892  0.0000483
  0.0003631 -0.0037725  0.0009621  0.0016626
  0.0122340  0.0511479 -0.0090529  0.0000058
 -0.0026779 -0.0122323  0.0022227  0.0003244
 -0.0020619 -0.0028567  0.0001849 -0.0018122
  0.0000115 -0.0009346  0.0002201  0.0003088
 -0.0005156 -0.0021428  0.0003786 -0.0000042
  0.0024310  0.0121300 -0.0022564 -0.0006167
  0.0013269  0.0044387 -0.0007239  0.0003491
 -0.0000990  0.0006239 -0.0001682 -0.0003262
 -0.0007955 -0.0044021  0.0008390  0.0003379
  0.0013397  0.0040874 -0.0006392  0.0004763
 -0.0002537 -0.0009965  0.0001728 -0.0000202
 -0.0007805 -0.0046697  0.0009048  0.0004417
 -0.0049960 -0.0211600  0.0037604  0.0000833
  0.0010811  0.0045916 -0.0008167 -0.0000221
  0.0008438  0.0035710 -0.0006345 -0.0000132
 In dfunc; fval after gcons:   -77.89361977141790     
 Iteration     9 E=    -77.89361977 Cvg=      0.00298333
 Current Geometry
 C    0.0235472433    0.0795879320   -0.4442887112
 C   -0.3493730365   -0.0960619340    0.9571842487
 H    1.0823253309   -0.1609706636   -0.5686862070
 H   -0.1163331491    1.1016924605   -0.7910279525
 H   -0.5341032629   -0.5745543979   -1.1117685713
 H   -0.1060631295   -0.3486933939    1.9595869225
   8   10    -7.789D+01   2.983D-03   1.000D+00
 Begin Run MolPro... imode =             2
 istate =             2
 jstate =             1
            2
 Read gradient for istate
            1  -7.9220450000000007E-003
            2   2.1407950000000002E-003
            3  -9.0729999999999986E-004
            4   1.2082349999999999E-002
            5  -2.8741789999999998E-003
            6  -7.9303999999999988E-004
            7  -1.1146760000000000E-003
            8  -3.2662100000000001E-004
            9   3.0030700000000001E-003
           10   1.0839020000000001E-003
           11   5.6086999999999998E-004
           12  -1.0117000000000000E-003
           13   8.5534300000000005E-004
           14  -5.7206799999999998E-004
           15  -1.1686600000000000E-003
           16  -4.9848740000000005E-003
           17   1.0712029999999999E-003
           18   8.7764000000000006E-004
 Read gradient for jstate, multigrad           18
            1  -7.9220450000000007E-003  -3.5705388000000000E-002
            2   2.1407950000000002E-003   9.8665369999999992E-003
            3  -9.0729999999999986E-004  -5.0607999999999995E-003
            4   1.2082349999999999E-002   5.1226408000000001E-002
            5  -2.8741789999999998E-003  -1.2477864999999999E-002
            6  -7.9303999999999988E-004  -1.6806000000000001E-003
            7  -1.1146760000000000E-003  -2.0568080000000002E-003
            8  -3.2662100000000001E-004  -1.9655030000000000E-003
            9   3.0030700000000001E-003   1.2773299999999999E-002
           10   1.0839020000000001E-003   4.1951840000000011E-003
           11   5.6086999999999998E-004   1.2796879999999999E-003
           12  -1.0117000000000000E-003  -4.6259700000000006E-003
           13   8.5534300000000005E-004   3.6021909999999995E-003
           14  -5.7206799999999998E-004  -1.3087330000000001E-003
           15  -1.1686600000000000E-003  -5.0651799999999998E-003
           16  -4.9848740000000005E-003  -2.1261587000000000E-002
           17   1.0712029999999999E-003   4.6058749999999993E-003
           18   8.7764000000000006E-004   3.6592600000000002E-003
 ...Run MolPro successful
 In dfunc; eni,enj=   -77.89340900000001        -77.89699760000001      
   -77.89340900000001     
 nefunc =             7
 Gap =    3.5886000000004969E-003
 alpha =    2.5000000372529030E-002
 dlambdagap =     3.500000000000000     
 -0.0079220 -0.0357054  0.0065373  0.0010667
  0.0021408  0.0098665 -0.0018178 -0.0003587
 -0.0009073 -0.0050608  0.0009773  0.0004365
  0.0120824  0.0512264 -0.0092104 -0.0005819
 -0.0028742 -0.0124779  0.0022597  0.0002329
 -0.0007930 -0.0016806  0.0002088 -0.0005059
 -0.0011147 -0.0020568  0.0002217 -0.0008099
 -0.0003266 -0.0019655  0.0003856  0.0002036
  0.0030031  0.0127733 -0.0022989 -0.0001579
  0.0010839  0.0041952 -0.0007321  0.0000773
  0.0005609  0.0012797 -0.0001691  0.0003283
 -0.0010117 -0.0046260  0.0008504  0.0001576
  0.0008553  0.0036022 -0.0006463 -0.0000333
 -0.0005721 -0.0013087  0.0001733 -0.0003337
 -0.0011687 -0.0050652  0.0009168  0.0000920
 -0.0049849 -0.0212616  0.0038298  0.0002811
  0.0010712  0.0046059 -0.0008317 -0.0000724
  0.0008776  0.0036593 -0.0006545 -0.0000223
 In dfunc; fval after gcons:   -77.89362668644520     
 Iteration    10 E=    -77.89362669 Cvg=      0.00178116
 Current Geometry
 C    0.0240363605    0.0796527005   -0.4456465332
 C   -0.3500855699   -0.0959745378    0.9578830758
 H    1.0812358778   -0.1613186690   -0.5651207344
 H   -0.1165279112    1.1026752803   -0.7923604463
 H   -0.5346712376   -0.5748015624   -1.1133559079
 H   -0.1039875230   -0.3492332098    1.9596002311
   9   11    -7.789D+01   1.781D-03   1.000D+00
 Begin Run MolPro... imode =             2
 istate =             2
 jstate =             1
            2
 Read gradient for istate
            1  -8.7615789999999993E-003
            2   2.5178499999999997E-003
            3  -1.6639800000000000E-003
            4   1.2153759000000000E-002
            5  -3.0657719999999999E-003
            6   1.2823000000000002E-004
            7  -3.2898900000000002E-004
            8  -5.1347000000000005E-004
            9   3.0037300000000000E-003
           10   1.1052919999999999E-003
           11   3.3038600000000002E-004
           12  -9.6673000000000009E-004
           13   9.4394600000000004E-004
           14  -4.3044699999999994E-004
           15  -1.0801900000000000E-003
           16  -5.1124290000000006E-003
           17   1.1614529999999998E-003
           18   5.7892999999999990E-004
 Read gradient for jstate, multigrad           18
            1  -8.7615789999999993E-003  -3.6282841000000006E-002
            2   2.5178499999999997E-003   1.0164657000000001E-002
            3  -1.6639800000000000E-003  -5.7490899999999998E-003
            4   1.2153759000000000E-002   5.0908993000000002E-002
            5  -3.0657719999999999E-003  -1.2564291000000001E-002
            6   1.2823000000000002E-004  -7.8624999999999998E-004
            7  -3.2898900000000002E-004  -1.2548489999999999E-003
            8  -5.1347000000000005E-004  -2.1403559999999997E-003
            9   3.0037300000000000E-003   1.2694710000000000E-002
           10   1.1052919999999999E-003   4.1854090000000008E-003
           11   3.3038600000000002E-004   1.0382849999999999E-003
           12  -9.6673000000000009E-004  -4.5443999999999996E-003
           13   9.4394600000000004E-004   3.6646139999999998E-003
           14  -4.3044699999999994E-004  -1.1582080000000001E-003
           15  -1.0801900000000000E-003  -4.9357699999999998E-003
           16  -5.1124290000000006E-003  -2.1221326000000000E-002
           17   1.1614529999999998E-003   4.6599129999999995E-003
           18   5.7892999999999990E-004   3.3208099999999998E-003
 ...Run MolPro successful
 In dfunc; eni,enj=   -77.89338290000001        -77.89688310000000      
   -77.89338290000001     
 nefunc =             7
 Gap =    3.5001999999906275E-003
 alpha =    2.5000000372529030E-002
 dlambdagap =     3.500000000000000     
 -0.0087616 -0.0362828  0.0063448 -0.0003153
  0.0025179  0.0101647 -0.0017629  0.0001710
 -0.0016640 -0.0057491  0.0009418 -0.0004103
  0.0121538  0.0509090 -0.0089348  0.0002597
 -0.0030658 -0.0125643  0.0021898 -0.0001507
  0.0001282 -0.0007863  0.0002108  0.0004089
 -0.0003290 -0.0012548  0.0002135 -0.0000448
 -0.0005135 -0.0021404  0.0003751 -0.0000142
  0.0030037  0.0126947 -0.0022342  0.0000296
  0.0011053  0.0041854 -0.0007101  0.0001600
  0.0003304  0.0010383 -0.0001632  0.0001131
 -0.0009667 -0.0045444  0.0008248  0.0001313
  0.0009439  0.0036646 -0.0006272  0.0001090
 -0.0004304 -0.0011582  0.0001678 -0.0002071
 -0.0010802 -0.0049358  0.0008889  0.0001031
 -0.0051124 -0.0212213  0.0037138 -0.0001686
  0.0011615  0.0046599 -0.0008065  0.0000878
  0.0005789  0.0033208 -0.0006321 -0.0002626
 In dfunc; fval after gcons:   -77.89362845267826     
 Iteration    11 E=    -77.89362845 Cvg=      0.00088513
 Current Geometry
 C    0.0237653600    0.0798047262   -0.4461871026
 C   -0.3494176842   -0.0962423560    0.9584741674
 H    1.0821497798   -0.1614230819   -0.5655459218
 H   -0.1168279482    1.1025421645   -0.7924525784
 H   -0.5349401225   -0.5745390247   -1.1134539129
 H   -0.1047293880   -0.3491424274    1.9601650299
 BFGS Converged
 Gap Direction Gradient Norm / dlambdagap =    1.3700622206045152E-004
 Perpendicular Direction Gradient Norm =    7.4398822899120312E-004
 Gradient Convergence Threshold:    5.0000000000000000E-003
 Energy Change =    1.7662330549228500E-006
 Convergence Threshold:    1.0010000000000003E-006
 Begin Run MolPro... imode =             0
 Skip calc!!!
FINAL GEOMETRY, E=   -77.89338290, gap=     0.00350020
 C    0.0237653600    0.0798047262   -0.4461871026
 C   -0.3494176842   -0.0962423560    0.9584741674
 H    1.0821497798   -0.1614230819   -0.5655459218
 H   -0.1168279482    1.1025421645   -0.7924525784
 H   -0.5349401225   -0.5745390247   -1.1134539129
 H   -0.1047293880   -0.3491424274    1.9601650299
 Increasing penalty in seq penalty method    14.00000000000000     
 New tolerance:    1.0010000000000003E-006
 New gradient tolerance (gtol):    5.0000000000000000E-003
 Begin Run MolPro... imode =             2
 istate =             2
 jstate =             1
            2
 Read gradient for istate
            1  -8.7615789999999993E-003
            2   2.5178499999999997E-003
            3  -1.6639800000000000E-003
            4   1.2153760000000000E-002
            5  -3.0657719999999999E-003
            6   1.2823000000000002E-004
            7  -3.2899000000000003E-004
            8  -5.1347000000000005E-004
            9   3.0037300000000000E-003
           10   1.1052919999999999E-003
           11   3.3038600000000002E-004
           12  -9.6673000000000009E-004
           13   9.4394600000000004E-004
           14  -4.3044699999999994E-004
           15  -1.0801900000000000E-003
           16  -5.1124299999999998E-003
           17   1.1614529999999998E-003
           18   5.7892999999999990E-004
 Read gradient for jstate, multigrad           18
            1  -8.7615789999999993E-003  -3.6282842000000004E-002
            2   2.5178499999999997E-003   1.0164657000000001E-002
            3  -1.6639800000000000E-003  -5.7490899999999998E-003
            4   1.2153760000000000E-002   5.0908993000000002E-002
            5  -3.0657719999999999E-003  -1.2564291000000001E-002
            6   1.2823000000000002E-004  -7.8624999999999998E-004
            7  -3.2899000000000003E-004  -1.2548489999999999E-003
            8  -5.1347000000000005E-004  -2.1403559999999997E-003
            9   3.0037300000000000E-003   1.2694710000000000E-002
           10   1.1052919999999999E-003   4.1854090000000008E-003
           11   3.3038600000000002E-004   1.0382849999999999E-003
           12  -9.6673000000000009E-004  -4.5443999999999996E-003
           13   9.4394600000000004E-004   3.6646139999999998E-003
           14  -4.3044699999999994E-004  -1.1582080000000001E-003
           15  -1.0801900000000000E-003  -4.9357699999999998E-003
           16  -5.1124299999999998E-003  -2.1221324999999998E-002
           17   1.1614529999999998E-003   4.6599129999999995E-003
           18   5.7892999999999990E-004   3.3208099999999998E-003
 ...Run MolPro successful
 In dfunc; eni,enj=   -77.89338290000001        -77.89688310000000      
   -77.89338290000001     
 nefunc =             7
 Gap =    3.5001999999906275E-003
 alpha =    2.5000000372529030E-002
 dlambdagap =     14.00000000000000     
 -0.0087616 -0.0362828  0.0063448  0.0663056
  0.0025179  0.0101647 -0.0017629 -0.0183396
 -0.0016640 -0.0057491  0.0009418  0.0094786
  0.0121538  0.0509090 -0.0089348 -0.0935552
 -0.0030658 -0.0125643  0.0021898  0.0228424
  0.0001282 -0.0007863  0.0002108  0.0026226
 -0.0003290 -0.0012548  0.0002135  0.0021964
 -0.0005135 -0.0021404  0.0003751  0.0039240
  0.0030037  0.0126947 -0.0022342 -0.0234294
  0.0011053  0.0041854 -0.0007101 -0.0072961
  0.0003304  0.0010383 -0.0001632 -0.0016005
 -0.0009667 -0.0045444  0.0008248  0.0087917
  0.0009439  0.0036646 -0.0006272 -0.0064770
 -0.0004304 -0.0011582  0.0001678  0.0015546
 -0.0010802 -0.0049358  0.0008889  0.0094363
 -0.0051124 -0.0212213  0.0037138  0.0388263
  0.0011615  0.0046599 -0.0008065 -0.0083810
  0.0005789  0.0033208 -0.0006321 -0.0068998
 In dfunc; fval after gcons:   -77.88911481071301     
 Iteration     0 E=    -77.88911481 Cvg=      0.12870448
 Current Geometry
 C    0.0237653600    0.0798047262   -0.4461871026
 C   -0.3494176842   -0.0962423560    0.9584741674
 H    1.0821497798   -0.1614230819   -0.5655459218
 H   -0.1168279482    1.1025421645   -0.7924525784
 H   -0.5349401225   -0.5745390247   -1.1134539129
 H   -0.1047293880   -0.3491424274    1.9601650299
*************************************************
  N=   18   NUMBER OF CORRECTIONS= 5
       INITIAL VALUES
 F= -7.789D+01   GNORM=  1.287D-01
*************************************************

   I   NFN    FUNC        GNORM       STEPLENGTH

 Begin Run MolPro... imode =             2
 istate =             2
 jstate =             1
            2
 Read gradient for istate
            1  -6.1776083000000002E-002
            2   1.6609101000000002E-002
            3  -6.1751100000000001E-003
            4   2.5179837999999997E-002
            5  -6.5940909999999997E-003
            6   1.5937200000000002E-003
            7   2.4296275999999999E-002
            8  -7.7778879999999990E-003
            9   8.8751599999999993E-003
           10   7.1346530000000010E-003
           11  -1.1373914000000001E-002
           12   1.3581000000000001E-003
           13   1.1390192000000001E-002
           14   5.6164930000000002E-003
           15   4.6363599999999998E-003
           16  -6.2248760000000001E-003
           17   3.5202990000000001E-003
           18  -1.0288240000000002E-002
 Read gradient for jstate, multigrad           18
            1  -6.1776083000000002E-002  -6.3103541999999999E-002
            2   1.6609101000000002E-002   1.7422281000000002E-002
            3  -6.1751100000000001E-003  -8.6928900000000002E-003
            4   2.5179837999999997E-002   2.9834813000000002E-002
            5  -6.5940909999999997E-003  -8.2041509999999995E-003
            6   1.5937200000000002E-003   3.9351300000000005E-003
            7   2.4296275999999999E-002   2.2739331000000003E-002
            8  -7.7778879999999990E-003  -7.5256710000000009E-003
            9   8.8751599999999993E-003   9.5863000000000014E-003
           10   7.1346530000000010E-003   7.5263140000000011E-003
           11  -1.1373914000000001E-002  -1.1214606000000000E-002
           12   1.3581000000000001E-003   1.0362600000000000E-003
           13   1.1390192000000001E-002   1.1692954000000000E-002
           14   5.6164930000000002E-003   5.4205579999999998E-003
           15   4.6363599999999998E-003   4.2459999999999996E-003
           16  -6.2248760000000001E-003  -8.6898700000000009E-003
           17   3.5202990000000001E-003   4.1015889999999997E-003
           18  -1.0288240000000002E-002  -1.0110809999999999E-002
 ...Run MolPro successful
 In dfunc; eni,enj=   -77.88438050000001        -77.88553279999999      
   -77.88438050000001     
 nefunc =             7
 Gap =    1.1522999999868944E-003
 alpha =    2.5000000372529030E-002
 dlambdagap =     14.00000000000000     
 -0.0617761 -0.0631035  0.0001144 -0.0608382
  0.0166091  0.0174223 -0.0000701  0.0160346
 -0.0061751 -0.0086929  0.0002170 -0.0043962
  0.0251798  0.0298348 -0.0004012  0.0218909
 -0.0065941 -0.0082042  0.0001388 -0.0054565
  0.0015937  0.0039351 -0.0002018 -0.0000606
  0.0242963  0.0227393  0.0001342  0.0253963
 -0.0077779 -0.0075257 -0.0000217 -0.0079561
  0.0088752  0.0095863 -0.0000613  0.0083727
  0.0071347  0.0075263 -0.0000338  0.0068579
 -0.0113739 -0.0112146 -0.0000137 -0.0114865
  0.0013581  0.0010363  0.0000277  0.0015855
  0.0113902  0.0116930 -0.0000261  0.0111763
  0.0056165  0.0054206  0.0000169  0.0057549
  0.0046364  0.0042460  0.0000336  0.0049122
 -0.0062249 -0.0086899  0.0002124 -0.0044833
  0.0035203  0.0041016 -0.0000501  0.0031096
 -0.0102882 -0.0101108 -0.0000153 -0.0104136
 In dfunc; fval after gcons:   -77.88424584698096     
 Iteration     1 E=    -77.88424585 Cvg=      0.07594036
 Current Geometry
 C   -0.0277523320    0.0940541331   -0.4535517178
 C   -0.2767277216   -0.1139903345    0.9564364987
 H    1.0804432437   -0.1644719530   -0.5473418598
 H   -0.1111591067    1.1037856981   -0.7992835322
 H   -0.5299076917   -0.5757469066   -1.1207856797
 H   -0.1348963919   -0.3426306364    1.9655260226
 Begin Run MolPro... imode =             2
 istate =             2
 jstate =             1
            2
 Read gradient for istate
            1  -2.2107128000000000E-002
            2   6.0605270000000004E-003
            3  -2.7794699999999999E-003
            4   1.7047666000000001E-002
            5  -4.4707260000000009E-003
            6   1.0995900000000001E-003
            7   5.5130679999999996E-003
            8  -2.2122349999999997E-003
            9   4.2668699999999999E-003
           10   2.6350969999999996E-003
           11  -2.2115230000000001E-003
           12  -5.4538999999999991E-004
           13   3.4157080000000000E-003
           14   8.1196300000000008E-004
           15   6.4390000000000001E-005
           16  -6.5044119999999994E-003
           17   2.0219950000000000E-003
           18  -2.1059899999999998E-003
 Read gradient for jstate, multigrad           18
            1  -2.2107128000000000E-002  -4.4337781999999999E-002
            2   6.0605270000000004E-003   1.2024794000000001E-002
            3  -2.7794699999999999E-003  -4.9633099999999999E-003
            4   1.7047666000000001E-002   4.7194137999999999E-002
            5  -4.4707260000000009E-003  -1.1615101000000001E-002
            6   1.0995900000000001E-003  -9.0559999999999992E-004
            7   5.5130679999999996E-003   4.9800909999999998E-003
            8  -2.2122349999999997E-003  -3.6471169999999997E-003
            9   4.2668699999999999E-003   1.2445510000000000E-002
           10   2.6350969999999996E-003   5.0811950000000010E-003
           11  -2.2115230000000001E-003  -1.6626730000000000E-003
           12  -5.4538999999999991E-004  -3.4101399999999997E-003
           13   3.4157080000000000E-003   5.5835279999999994E-003
           14   8.1196300000000008E-004   2.5349999999999993E-004
           15   6.4390000000000001E-005  -3.0150899999999998E-003
           16  -6.5044119999999994E-003  -1.8501169000000001E-002
           17   2.0219950000000000E-003   4.6465969999999999E-003
           18  -2.1059899999999998E-003  -1.5134999999999998E-004
 ...Run MolPro successful
 In dfunc; eni,enj=   -77.89243519999999        -77.89395670000000      
   -77.89243519999999     
 nefunc =             7
 Gap =    1.5215000000097234E-003
 alpha =    2.5000000372529030E-002
 dlambdagap =     14.00000000000000     
 -0.0221071 -0.0443378  0.0024775  0.0014628
  0.0060605  0.0120248 -0.0006647 -0.0002630
 -0.0027795 -0.0049633  0.0002434 -0.0004641
  0.0170477  0.0471941 -0.0033597 -0.0149149
 -0.0044707 -0.0116151  0.0007962  0.0031040
  0.0010996 -0.0009056  0.0002235  0.0032256
  0.0055131  0.0049801  0.0000594  0.0060782
 -0.0022122 -0.0036471  0.0001599 -0.0006909
  0.0042669  0.0124455 -0.0009115 -0.0044045
  0.0026351  0.0050812 -0.0002726  0.0000416
 -0.0022115 -0.0016627 -0.0000612 -0.0027934
 -0.0005454 -0.0034101  0.0003193  0.0024919
  0.0034157  0.0055835 -0.0002416  0.0011173
  0.0008120  0.0002535  0.0000622  0.0014041
  0.0000644 -0.0030151  0.0003432  0.0033294
 -0.0065044 -0.0185012  0.0013370  0.0062151
  0.0020220  0.0046466 -0.0002925 -0.0007607
 -0.0021060 -0.0001514 -0.0002178 -0.0041784
 In dfunc; fval after gcons:   -77.89197394253266     
 Iteration     2 E=    -77.89197394 Cvg=      0.01966529
 Current Geometry
 C    0.0124583121    0.0829321708   -0.4478034805
 C   -0.3334637690   -0.1001376633    0.9580269421
 H    1.0817752311   -0.1620922449   -0.5615505138
 H   -0.1155837569    1.1028150939   -0.7939518288
 H   -0.5338356099   -0.5748041293   -1.1150630812
 H   -0.1113504097   -0.3477132265    1.9613416548
   1    3    -7.789D+01   1.967D-02   1.705D+00
 Begin Run MolPro... imode =             2
 istate =             2
 jstate =             1
            2
 Read gradient for istate
            1  -2.1779089000000003E-002
            2   5.7869830000000002E-003
            3  -1.7762800000000000E-003
            4   1.7676114999999997E-002
            5  -4.3719029999999997E-003
            6  -2.3140999999999998E-004
            7   4.7460420000000001E-003
            8  -2.1029619999999998E-003
            9   4.7006600000000001E-003
           10   2.6244979999999996E-003
           11  -1.7907630000000001E-003
           12  -7.7176999999999998E-004
           13   3.2329730000000003E-003
           14   5.4951600000000003E-004
           15  -2.9443999999999999E-004
           16  -6.5005389999999998E-003
           17   1.9291300000000000E-003
           18  -1.6267400000000000E-003
 Read gradient for jstate, multigrad           18
            1  -2.1779089000000003E-002  -4.3154418999999997E-002
            2   5.7869830000000002E-003   1.1486427000000001E-002
            3  -1.7762800000000000E-003  -3.6905999999999999E-003
            4   1.7676114999999997E-002   4.6406523999999996E-002
            5  -4.3719029999999997E-003  -1.1142259999999999E-002
            6  -2.3140999999999998E-004  -2.3453900000000001E-003
            7   4.7460420000000001E-003   4.2952839999999997E-003
            8  -2.1029619999999998E-003  -3.5082020000000003E-003
            9   4.7006600000000001E-003   1.2617970000000001E-002
           10   2.6244979999999996E-003   4.9701300000000002E-003
           11  -1.7907630000000001E-003  -1.2583710000000001E-003
           12  -7.7176999999999998E-004  -3.5220300000000004E-003
           13   3.2329730000000003E-003   5.3091029999999995E-003
           14   5.4951600000000003E-004   1.0074000000000001E-005
           15  -2.9443999999999999E-004  -3.2525399999999993E-003
           16  -6.5005389999999998E-003  -1.7826623000000000E-002
           17   1.9291300000000000E-003   4.4123319999999993E-003
           18  -1.6267400000000000E-003   1.9260000000000000E-004
 ...Run MolPro successful
 In dfunc; eni,enj=   -77.89231030000001        -77.89357730000000      
   -77.89231030000001     
 nefunc =             7
 Gap =    1.2669999999985748E-003
 alpha =    2.5000000372529030E-002
 dlambdagap =     14.00000000000000     
 -0.0217791 -0.0431544  0.0020124 -0.0042937
  0.0057870  0.0114864 -0.0005366  0.0011247
 -0.0017763 -0.0036906  0.0001802 -0.0002103
  0.0176761  0.0464065 -0.0027048 -0.0058259
 -0.0043719 -0.0111423  0.0006374  0.0011664
 -0.0002314 -0.0023454  0.0001990  0.0014979
  0.0047460  0.0042953  0.0000424  0.0051148
 -0.0021030 -0.0035082  0.0001323 -0.0009534
  0.0047007  0.0126180 -0.0007454 -0.0017758
  0.0026245  0.0049701 -0.0002208  0.0007057
 -0.0017908 -0.0012584 -0.0000501 -0.0022263
 -0.0007718 -0.0035220  0.0002589  0.0014780
  0.0032330  0.0053091 -0.0001955  0.0015347
  0.0005495  0.0000101  0.0000508  0.0009908
 -0.0002944 -0.0032525  0.0002785  0.0021253
 -0.0065005 -0.0178266  0.0010663  0.0027644
  0.0019291  0.0044123 -0.0002338 -0.0001022
 -0.0016267  0.0001926 -0.0001713 -0.0031150
 In dfunc; fval after gcons:   -77.89208819998169     
 Iteration     3 E=    -77.89208820 Cvg=      0.01097096
 Current Geometry
 C    0.0121947501    0.0829741271   -0.4476939955
 C   -0.3302825542   -0.1007968693    0.9573240266
 H    1.0804483576   -0.1619378792   -0.5606075207
 H   -0.1155990448    1.1034244061   -0.7944891349
 H   -0.5340853503   -0.5751097528   -1.1157829136
 H   -0.1126761601   -0.3475540316    1.9622492353
   2    4    -7.789D+01   1.097D-02   1.000D+00
 Begin Run MolPro... imode =             2
 istate =             2
 jstate =             1
            2
 Read gradient for istate
            1  -1.8327256000000000E-002
            2   4.6562989999999997E-003
            3  -3.6838000000000006E-004
            4   1.8045190999999999E-002
            5  -4.1428080000000005E-003
            6  -1.9040999999999999E-003
            7   1.9329779999999996E-003
            8  -1.5309329999999999E-003
            9   5.3905500000000011E-003
           10   2.3107600000000001E-003
           11  -5.5153400000000010E-004
           12  -1.2690299999999999E-003
           13   2.4313260000000003E-003
           14  -1.5266100000000002E-004
           15  -1.1668500000000002E-003
           16  -6.3929989999999997E-003
           17   1.7216370000000003E-003
           18  -6.8216999999999999E-004
 Read gradient for jstate, multigrad           18
            1  -1.8327256000000000E-002  -3.8985880999999999E-002
            2   4.6562989999999997E-003   1.0140205000000000E-002
            3  -3.6838000000000006E-004  -2.0917300000000001E-003
            4   1.8045190999999999E-002   4.5570392999999996E-002
            5  -4.1428080000000005E-003  -1.0604425000000002E-002
            6  -1.9040999999999999E-003  -4.0543999999999993E-003
            7   1.9329779999999996E-003   1.5682660000000002E-003
            8  -1.5309329999999999E-003  -2.9148790000000000E-003
            9   5.3905500000000011E-003   1.3085410000000000E-002
           10   2.3107600000000001E-003   4.5735150000000004E-003
           11  -5.5153400000000010E-004  -2.6687999999999996E-005
           12  -1.2690299999999999E-003  -3.9233400000000000E-003
           13   2.4313260000000003E-003   4.4291830000000001E-003
           14  -1.5266100000000002E-004  -6.8213599999999994E-004
           15  -1.1668500000000002E-003  -4.0253600000000000E-003
           16  -6.3929989999999997E-003  -1.7155476000000000E-002
           17   1.7216370000000003E-003   4.0879219999999998E-003
           18  -6.8216999999999999E-004   1.0094400000000001E-003
 ...Run MolPro successful
 In dfunc; eni,enj=   -77.89225560000000        -77.89333720000000      
   -77.89225560000000     
 nefunc =             7
 Gap =    1.0816000000062331E-003
 alpha =    2.5000000372529030E-002
 dlambdagap =     14.00000000000000     
 -0.0183273 -0.0389859  0.0016779 -0.0051661
  0.0046563  0.0101402 -0.0004454  0.0011626
 -0.0003684 -0.0020917  0.0001400  0.0007295
  0.0180452  0.0455704 -0.0022356  0.0005095
 -0.0041428 -0.0106044  0.0005248 -0.0000262
 -0.0019041 -0.0040544  0.0001746 -0.0005342
  0.0019330  0.0015683  0.0000296  0.0021653
 -0.0015309 -0.0029149  0.0001124 -0.0006492
  0.0053906  0.0130854 -0.0006250  0.0004883
  0.0023108  0.0045735 -0.0001838  0.0008692
 -0.0005515 -0.0000267 -0.0000426 -0.0008859
 -0.0012690 -0.0039233  0.0002156  0.0004220
  0.0024313  0.0044292 -0.0001623  0.0011585
 -0.0001527 -0.0006821  0.0000430  0.0001847
 -0.0011669 -0.0040254  0.0002322  0.0006542
 -0.0063930 -0.0171555  0.0008741  0.0004636
  0.0017216  0.0040879 -0.0001922  0.0002141
 -0.0006822  0.0010094 -0.0001374 -0.0017599
 In dfunc; fval after gcons:   -77.89216844697542     
 Iteration     4 E=    -77.89216845 Cvg=      0.00643016
 Current Geometry
 C    0.0140547799    0.0824992437   -0.4476742822
 C   -0.3267502797   -0.1015353785    0.9565793312
 H    1.0777980763   -0.1614662077   -0.5595697156
 H   -0.1159262256    1.1045785521   -0.7953003218
 H   -0.5348429918   -0.5756252377   -1.1169303930
 H   -0.1143333613   -0.3474509727    1.9638950628
   3    5    -7.789D+01   6.430D-03   1.000D+00
 Begin Run MolPro... imode =             2
 istate =             2
 jstate =             1
            2
 Read gradient for istate
            1  -1.4338866000000001E-002
            2   3.7074940000000001E-003
            3  -6.2050999999999989E-004
            4   1.7834125000000000E-002
            5  -4.1370599999999991E-003
            6  -1.6553299999999997E-003
            7  -7.7136299999999993E-004
            8  -9.4790099999999988E-004
            9   5.8865400000000001E-003
           10   1.9304319999999999E-003
           11   3.8315400000000004E-004
           12  -1.5928999999999998E-003
           13   1.6931979999999999E-003
           14  -6.3421199999999995E-004
           15  -1.7659300000000000E-003
           16  -6.3475269999999995E-003
           17   1.6285250000000002E-003
           18  -2.5185000000000004E-004
 Read gradient for jstate, multigrad           18
            1  -1.4338866000000001E-002  -3.4810033999999996E-002
            2   3.7074940000000001E-003   9.1441449999999982E-003
            3  -6.2050999999999989E-004  -2.3442099999999995E-003
            4   1.7834125000000000E-002   4.5056127999999998E-002
            5  -4.1370599999999991E-003  -1.0531642999999999E-002
            6  -1.6553299999999997E-003  -3.7491500000000006E-003
            7  -7.7136299999999993E-004  -1.0986509999999998E-003
            8  -9.4790099999999988E-004  -2.3288579999999999E-003
            9   5.8865400000000001E-003   1.3518030000000001E-002
           10   1.9304319999999999E-003   4.1728379999999996E-003
           11   3.8315400000000004E-004   9.0809599999999993E-004
           12  -1.5928999999999998E-003  -4.2210399999999995E-003
           13   1.6931979999999999E-003   3.6710820000000002E-003
           14  -6.3421199999999995E-004  -1.1641869999999999E-003
           15  -1.7659300000000000E-003  -4.5979099999999997E-003
           16  -6.3475269999999995E-003  -1.6991361999999999E-002
           17   1.6285250000000002E-003   3.9724469999999998E-003
           18  -2.5185000000000004E-004   1.3942900000000003E-003
 ...Run MolPro successful
 In dfunc; eni,enj=   -77.89227500000000        -77.89334260000000      
   -77.89227500000000     
 nefunc =             7
 Gap =    1.0675999999989472E-003
 alpha =    2.5000000372529030E-002
 dlambdagap =     14.00000000000000     
 -0.0143389 -0.0348100  0.0016425 -0.0015800
  0.0037075  0.0091441 -0.0004362  0.0003191
 -0.0006205 -0.0023442  0.0001383  0.0004538
  0.0178341  0.0450561 -0.0021841  0.0008678
 -0.0041371 -0.0105316  0.0005131 -0.0001516
 -0.0016553 -0.0037492  0.0001680 -0.0003503
 -0.0007714 -0.0010987  0.0000263 -0.0005674
 -0.0009479 -0.0023289  0.0001108 -0.0000872
  0.0058865  0.0135180 -0.0006123  0.0011301
  0.0019304  0.0041728 -0.0001799  0.0005328
  0.0003832  0.0009081 -0.0000421  0.0000560
 -0.0015929 -0.0042210  0.0002109  0.0000451
  0.0016932  0.0036711 -0.0001587  0.0004605
 -0.0006342 -0.0011642  0.0000425 -0.0003039
 -0.0017659 -0.0045979  0.0002272 -0.0000009
 -0.0063475 -0.0169914  0.0008540  0.0002863
  0.0016285  0.0039724 -0.0001881  0.0001677
 -0.0002519  0.0013943 -0.0001321 -0.0012778
 In dfunc; fval after gcons:   -77.89219666936995     
 Iteration     5 E=    -77.89219667 Cvg=      0.00276515
 Current Geometry
 C    0.0167307901    0.0819665411   -0.4484377565
 C   -0.3251375912   -0.1019987198    0.9569035172
 H    1.0760443411   -0.1610368278   -0.5594598689
 H   -0.1164673084    1.1053176729   -0.7958293733
 H   -0.5356310465   -0.5758010728   -1.1176576296
 H   -0.1155391868   -0.3474475948    1.9654807827
   4    6    -7.789D+01   2.765D-03   1.000D+00
 Begin Run MolPro... imode =             2
 istate =             2
 jstate =             1
            2
 Read gradient for istate
            1  -1.3192775000000001E-002
            2   3.4827100000000000E-003
            3  -9.5646000000000004E-004
            4   1.7501988999999998E-002
            5  -3.9964019999999994E-003
            6  -1.9516499999999999E-003
            7  -1.2763000000000000E-003
            8  -8.3290499999999987E-004
            9   5.9626700000000001E-003
           10   1.7465270000000002E-003
           11   6.1917099999999987E-004
           12  -1.6854400000000003E-003
           13   1.4263319999999999E-003
           14  -7.1208700000000000E-004
           15  -1.9227999999999998E-003
           16  -6.2057739999999999E-003
           17   1.4395130000000000E-003
           18   5.5369999999999999E-004
 Read gradient for jstate, multigrad           18
            1  -1.3192775000000001E-002  -3.3648045999999998E-002
            2   3.4827100000000000E-003   8.9210950000000011E-003
            3  -9.5646000000000004E-004  -2.7125100000000000E-003
            4   1.7501988999999998E-002   4.4702316999999994E-002
            5  -3.9964019999999994E-003  -1.0394873000000000E-002
            6  -1.9516499999999999E-003  -3.9869399999999997E-003
            7  -1.2763000000000000E-003  -1.5973129999999999E-003
            8  -8.3290499999999987E-004  -2.2125970000000001E-003
            9   5.9626700000000001E-003   1.3580600000000000E-002
           10   1.7465270000000002E-003   3.9894609999999995E-003
           11   6.1917099999999987E-004   1.1461589999999999E-003
           12  -1.6854400000000003E-003  -4.3108900000000006E-003
           13   1.4263319999999999E-003   3.4037970000000000E-003
           14  -7.1208700000000000E-004  -1.2454289999999999E-003
           15  -1.9227999999999998E-003  -4.7526900000000003E-003
           16  -6.2057739999999999E-003  -1.6850215000000002E-002
           17   1.4395130000000000E-003   3.7856449999999997E-003
           18   5.5369999999999999E-004   2.1824299999999996E-003
 ...Run MolPro successful
 In dfunc; eni,enj=   -77.89229390000000        -77.89337850000000      
   -77.89229390000000     
 nefunc =             7
 Gap =    1.0845999999986589E-003
 alpha =    2.5000000372529030E-002
 dlambdagap =     14.00000000000000     
 -0.0131928 -0.0336480  0.0016657 -0.0001006
  0.0034827  0.0089211 -0.0004429  0.0000019
 -0.0009565 -0.0027125  0.0001430  0.0001675
  0.0175020  0.0447023 -0.0022150  0.0000927
 -0.0039964 -0.0103949  0.0005210  0.0000989
 -0.0019517 -0.0039869  0.0001657 -0.0006490
 -0.0012763 -0.0015973  0.0000261 -0.0010708
 -0.0008329 -0.0022126  0.0001124  0.0000502
  0.0059627  0.0135806 -0.0006203  0.0010869
  0.0017465  0.0039895 -0.0001826  0.0003110
  0.0006192  0.0011462 -0.0000429  0.0002819
 -0.0016854 -0.0043109  0.0002138 -0.0000051
  0.0014263  0.0034038 -0.0001610  0.0001607
 -0.0007121 -0.0012454  0.0000434 -0.0003707
 -0.0019228 -0.0047527  0.0002304 -0.0001116
 -0.0062058 -0.0168502  0.0008668  0.0006071
  0.0014395  0.0037856 -0.0001910 -0.0000621
  0.0005537  0.0021824 -0.0001326 -0.0004887
 In dfunc; fval after gcons:   -77.89220483129952     
 Iteration     6 E=    -77.89220483 Cvg=      0.00194203
 Current Geometry
 C    0.0179137877    0.0817590703   -0.4489625998
 C   -0.3247327125   -0.1021380880    0.9571150916
 H    1.0762904890   -0.1609322935   -0.5602551291
 H   -0.1169743871    1.1054110678   -0.7960519881
 H   -0.5361231363   -0.5755694731   -1.1178792123
 H   -0.1163740401   -0.3475302848    1.9670334848
 BFGS Converged
 Gap Direction Gradient Norm / dlambdagap =    1.4723527251151389E-005
 Perpendicular Direction Gradient Norm =    1.9310564387827430E-003
 Gradient Convergence Threshold:    5.0000000000000000E-003
 Energy Change =    8.1619295713153406E-006
 Convergence Threshold:    1.0010000000000003E-006
 Begin Run MolPro... imode =             0
 Skip calc!!!
FINAL GEOMETRY, E=   -77.89229390, gap=     0.00108460
 C    0.0179137877    0.0817590703   -0.4489625998
 C   -0.3247327125   -0.1021380880    0.9571150916
 H    1.0762904890   -0.1609322935   -0.5602551291
 H   -0.1169743871    1.1054110678   -0.7960519881
 H   -0.5361231363   -0.5755694731   -1.1178792123
 H   -0.1163740401   -0.3475302848    1.9670334848
 Increasing penalty in seq penalty method    56.00000000000000     
 New tolerance:    1.0010000000000003E-006
 New gradient tolerance (gtol):    5.0000000000000000E-003
 Begin Run MolPro... imode =             2
 istate =             2
 jstate =             1
            2
 Read gradient for istate
            1  -1.3192775000000001E-002
            2   3.4827100000000000E-003
            3  -9.5646000000000004E-004
            4   1.7501986999999999E-002
            5  -3.9964010000000002E-003
            6  -1.9516499999999999E-003
            7  -1.2762989999999999E-003
            8  -8.3290499999999987E-004
            9   5.9626700000000001E-003
           10   1.7465280000000001E-003
           11   6.1917000000000009E-004
           12  -1.6854400000000003E-003
           13   1.4263319999999999E-003
           14  -7.1208700000000000E-004
           15  -1.9227999999999998E-003
           16  -6.2057730000000006E-003
           17   1.4395130000000000E-003
           18   5.5369999999999999E-004
 Read gradient for jstate, multigrad           18
            1  -1.3192775000000001E-002  -3.3648045999999998E-002
            2   3.4827100000000000E-003   8.9210950000000011E-003
            3  -9.5646000000000004E-004  -2.7125100000000000E-003
            4   1.7501986999999999E-002   4.4702318999999999E-002
            5  -3.9964010000000002E-003  -1.0394873000000000E-002
            6  -1.9516499999999999E-003  -3.9869299999999996E-003
            7  -1.2762989999999999E-003  -1.5973139999999999E-003
            8  -8.3290499999999987E-004  -2.2125960000000000E-003
            9   5.9626700000000001E-003   1.3580600000000000E-002
           10   1.7465280000000001E-003   3.9894609999999995E-003
           11   6.1917000000000009E-004   1.1461589999999999E-003
           12  -1.6854400000000003E-003  -4.3108900000000006E-003
           13   1.4263319999999999E-003   3.4037959999999998E-003
           14  -7.1208700000000000E-004  -1.2454289999999999E-003
           15  -1.9227999999999998E-003  -4.7526900000000003E-003
           16  -6.2057730000000006E-003  -1.6850217000000001E-002
           17   1.4395130000000000E-003   3.7856449999999997E-003
           18   5.5369999999999999E-004   2.1824299999999996E-003
 ...Run MolPro successful
 In dfunc; eni,enj=   -77.89229390000000        -77.89337850000000      
   -77.89229390000000     
 nefunc =             7
 Gap =    1.0845999999986589E-003
 alpha =    2.5000000372529030E-002
 dlambdagap =     56.00000000000000     
 -0.0131928 -0.0336480  0.0016657  0.0698587
  0.0034827  0.0089211 -0.0004429 -0.0185980
 -0.0009565 -0.0027125  0.0001430  0.0061734
  0.0175020  0.0447023 -0.0022150 -0.0929355
 -0.0039964 -0.0103949  0.0005210  0.0219824
 -0.0019517 -0.0039869  0.0001657  0.0063119
 -0.0012763 -0.0015973  0.0000261  0.0000271
 -0.0008329 -0.0022126  0.0001123  0.0047688
  0.0059627  0.0135806 -0.0006203 -0.0249673
  0.0017465  0.0039895 -0.0001826 -0.0073601
  0.0006192  0.0011462 -0.0000429 -0.0015205
 -0.0016854 -0.0043109  0.0002138  0.0089743
  0.0014263  0.0034038 -0.0001610 -0.0066025
 -0.0007121 -0.0012454  0.0000434  0.0014534
 -0.0019228 -0.0047527  0.0002304  0.0095670
 -0.0062058 -0.0168502  0.0008668  0.0370123
  0.0014395  0.0037856 -0.0001910 -0.0080861
  0.0005537  0.0021824 -0.0001326 -0.0060592
 In dfunc; fval after gcons:   -77.89031072519805     
 Iteration     0 E=    -77.89031073 Cvg=      0.12967911
 Current Geometry
 C    0.0179137877    0.0817590703   -0.4489625998
 C   -0.3247327125   -0.1021380880    0.9571150916
 H    1.0762904890   -0.1609322935   -0.5602551291
 H   -0.1169743871    1.1054110678   -0.7960519881
 H   -0.5361231363   -0.5755694731   -1.1178792123
 H   -0.1163740401   -0.3475302848    1.9670334848
*************************************************
  N=   18   NUMBER OF CORRECTIONS= 5
       INITIAL VALUES
 F= -7.789D+01   GNORM=  1.297D-01
*************************************************

   I   NFN    FUNC        GNORM       STEPLENGTH

 Begin Run MolPro... imode =             2
 istate =             2
 jstate =             1
            2
 Read gradient for istate
            1  -5.9314611000000008E-002
            2   1.5099072999999999E-002
            3  -1.5418500000000000E-003
            4   1.8175424999999999E-002
            5  -3.2301709999999995E-003
            6  -6.8257300000000010E-003
            7   2.5688007000000002E-002
            8  -7.9472030000000000E-003
            9   8.0036500000000004E-003
           10   6.7336669999999996E-003
           11  -1.0964160000000001E-002
           12   1.5291199999999998E-003
           13   1.0821754000000001E-002
           14   5.4008939999999992E-003
           15   4.6774900000000006E-003
           16  -2.1042420000000002E-003
           17   1.6415659999999999E-003
           18  -5.8426900000000002E-003
 Read gradient for jstate, multigrad           18
            1  -5.9314611000000008E-002  -6.8417850999999992E-002
            2   1.5099072999999999E-002   1.7846152000000002E-002
            3  -1.5418500000000000E-003  -4.0319400000000005E-003
            4   1.8175424999999999E-002   3.2402105999999997E-002
            5  -3.2301709999999995E-003  -6.8770029999999993E-003
            6  -6.8257300000000010E-003  -6.2980999999999998E-003
            7   2.5688007000000002E-002   2.3469961000000001E-002
            8  -7.9472030000000000E-003  -8.2542620000000007E-003
            9   8.0036500000000004E-003   1.2491680000000001E-002
           10   6.7336669999999996E-003   8.1267949999999995E-003
           11  -1.0964160000000001E-002  -1.0511740999999999E-002
           12   1.5291199999999998E-003   1.3308999999999997E-004
           13   1.0821754000000001E-002   1.1973658000000000E-002
           14   5.4008939999999992E-003   4.8839570000000005E-003
           15   4.6774900000000006E-003   3.0956500000000005E-003
           16  -2.1042420000000002E-003  -7.5546679999999986E-003
           17   1.6415659999999999E-003   2.9128970000000001E-003
           18  -5.8426900000000002E-003  -5.3903699999999999E-003
 ...Run MolPro successful
 In dfunc; eni,enj=   -77.88260450000000        -77.88307110000000      
   -77.88260450000000     
 nefunc =             7
 Gap =    4.6659999999576485E-004
 alpha =    2.5000000372529030E-002
 dlambdagap =     56.00000000000000     
 -0.0593146 -0.0684179  0.0003305 -0.0453569
  0.0150991  0.0178462 -0.0000997  0.0108871
 -0.0015419 -0.0040319  0.0000904  0.0022761
  0.0181754  0.0324021 -0.0005165 -0.0036379
 -0.0032302 -0.0068770  0.0001324  0.0023614
 -0.0068257 -0.0062981 -0.0000192 -0.0076347
  0.0256880  0.0234700  0.0000805  0.0290889
 -0.0079472 -0.0082543  0.0000111 -0.0074764
  0.0080037  0.0124917 -0.0001630  0.0011223
  0.0067337  0.0081268 -0.0000506  0.0045976
 -0.0109642 -0.0105117 -0.0000164 -0.0116578
  0.0015291  0.0001331  0.0000507  0.0036696
  0.0108218  0.0119737 -0.0000418  0.0090556
  0.0054009  0.0048840  0.0000188  0.0061935
  0.0046775  0.0030957  0.0000574  0.0071029
 -0.0021042 -0.0075547  0.0001979  0.0062527
  0.0016416  0.0029129 -0.0000462 -0.0003077
 -0.0058427 -0.0053904 -0.0000164 -0.0065362
 In dfunc; fval after gcons:   -77.88235905249616     
 Iteration     1 E=    -77.88235905 Cvg=      0.05987162
 Current Geometry
 C   -0.0359566628    0.0961005908   -0.4537230957
 C   -0.2530669853   -0.1190894410    0.9522477735
 H    1.0762696140   -0.1646097163   -0.5410020060
 H   -0.1112987471    1.1065835659   -0.8029723658
 H   -0.5310317448   -0.5766902105   -1.1252566393
 H   -0.1449154763   -0.3412947871    1.9717059338
 Begin Run MolPro... imode =             2
 istate =             2
 jstate =             1
            2
 Read gradient for istate
            1  -2.3076827000000000E-002
            2   5.9783199999999992E-003
            3  -1.1271899999999999E-003
            4   2.0562244999999999E-002
            5  -4.6578949999999999E-003
            6  -2.4406900000000005E-003
            7   3.3142669999999996E-003
            8  -2.1429809999999998E-003
            9   6.8243600000000004E-003
           10   2.8403619999999998E-003
           11  -1.1531880000000001E-003
           12  -1.4074300000000002E-003
           13   3.1780499999999998E-003
           14   1.4681000000000002E-004
           15  -1.1401100000000000E-003
           16  -6.8180970000000007E-003
           17   1.8289329999999996E-003
           18  -7.0892000000000008E-004
 Read gradient for jstate, multigrad           18
            1  -2.3076827000000000E-002  -3.9155873000000003E-002
            2   5.9783199999999992E-003   1.0091614000000000E-002
            3  -1.1271899999999999E-003  -1.6378000000000002E-003
            4   2.0562244999999999E-002   4.0948428000000003E-002
            5  -4.6578949999999999E-003  -9.2645880000000016E-003
            6  -2.4406900000000005E-003  -5.0372300000000001E-003
            7   3.3142669999999996E-003   3.3276510000000004E-003
            8  -2.1429809999999998E-003  -3.3332109999999999E-003
            9   6.8243600000000004E-003   1.3020840000000000E-002
           10   2.8403619999999998E-003   4.5635539999999999E-003
           11  -1.1531880000000001E-003  -7.6249099999999999E-004
           12  -1.4074300000000002E-003  -3.4489899999999993E-003
           13   3.1780499999999998E-003   4.7013410000000002E-003
           14   1.4681000000000002E-004  -2.4087600000000000E-004
           15  -1.1401100000000000E-003  -3.3343800000000003E-003
           16  -6.8180970000000007E-003  -1.4385100000000000E-002
           17   1.8289329999999996E-003   3.5095519999999998E-003
           18  -7.0892000000000008E-004   4.3757999999999999E-004
 ...Run MolPro successful
 In dfunc; eni,enj=   -77.89144300000000        -77.89153680000000      
   -77.89144300000000     
 nefunc =             7
 Gap =    9.3800000001920125E-005
 alpha =    2.5000000372529030E-002
 dlambdagap =     56.00000000000000     
 -0.0230768 -0.0391559  0.0001200 -0.0243974
  0.0059783  0.0100916 -0.0000307  0.0063161
 -0.0011272 -0.0016378  0.0000038 -0.0011691
  0.0205622  0.0409484 -0.0001521  0.0222365
 -0.0046579 -0.0092646  0.0000344 -0.0050362
 -0.0024407 -0.0050372  0.0000194 -0.0026539
  0.0033143  0.0033277 -0.0000001  0.0033154
 -0.0021430 -0.0033332  0.0000089 -0.0022407
  0.0068244  0.0130208 -0.0000462  0.0073333
  0.0028404  0.0045636 -0.0000129  0.0029819
 -0.0011532 -0.0007625 -0.0000029 -0.0011211
 -0.0014074 -0.0034490  0.0000152 -0.0015751
  0.0031781  0.0047013 -0.0000114  0.0033032
  0.0001468 -0.0002409  0.0000029  0.0001150
 -0.0011401 -0.0033344  0.0000164 -0.0013203
 -0.0068181 -0.0143851  0.0000565 -0.0074396
  0.0018289  0.0035096 -0.0000125  0.0019670
 -0.0007089  0.0004376 -0.0000086 -0.0006148
 In dfunc; fval after gcons:   -77.89147026516459     
 Iteration     2 E=    -77.89147027 Cvg=      0.03630488
 Current Geometry
 C    0.0094704119    0.0840068861   -0.4497087353
 C   -0.3135001970   -0.1047949554    0.9563522133
 H    1.0762872171   -0.1615086737   -0.5572374942
 H   -0.1160848166    1.1055948391   -0.7971366523
 H   -0.5353251379   -0.5757451317   -1.1190355121
 H   -0.1208474772   -0.3465529652    1.9677658203
   1    3    -7.789D+01   3.630D-02   1.209D+00
 Begin Run MolPro... imode =             2
 istate =             2
 jstate =             1
            2
 Read gradient for istate
            1  -2.0439333000000000E-002
            2   5.3067980000000006E-003
            3  -1.0460199999999999E-003
            4   1.9911227000000000E-002
            5  -4.5375429999999994E-003
            6  -2.2533900000000000E-003
            7   1.9820400000000003E-003
            8  -1.7849230000000000E-003
            9   6.6917299999999997E-003
           10   2.5568340000000003E-003
           11  -6.1948099999999995E-004
           12  -1.5261100000000001E-003
           13   2.6927420000000000E-003
           14  -1.2016300000000000E-004
           15  -1.4133399999999998E-003
           16  -6.7035089999999986E-003
           17   1.7553130000000001E-003
           18  -4.5284999999999993E-004
 Read gradient for jstate, multigrad           18
            1  -2.0439333000000000E-002  -3.7458827000000001E-002
            2   5.3067980000000006E-003   9.7003049999999984E-003
            3  -1.0460199999999999E-003  -1.8149699999999998E-003
            4   1.9911227000000000E-002   4.1745003000000001E-002
            5  -4.5375429999999994E-003  -9.5143740000000001E-003
            6  -2.2533900000000000E-003  -4.7376500000000004E-003
            7   1.9820400000000003E-003   1.9237569999999998E-003
            8  -1.7849230000000000E-003  -3.0179749999999999E-003
            9   6.6917299999999997E-003   1.3202950000000000E-002
           10   2.5568340000000003E-003   4.3909849999999997E-003
           11  -6.1948099999999995E-004  -1.9817799999999997E-004
           12  -1.5261100000000001E-003  -3.6937799999999998E-003
           13   2.6927420000000000E-003   4.3149970000000000E-003
           14  -1.2016300000000000E-004  -5.4077400000000004E-004
           15  -1.4133399999999998E-003  -3.7438799999999999E-003
           16  -6.7035089999999986E-003  -1.4915915000000000E-002
           17   1.7553130000000001E-003   3.5709949999999995E-003
           18  -4.5284999999999993E-004   7.8734999999999999E-004
 ...Run MolPro successful
 In dfunc; eni,enj=   -77.89165160000000        -77.89193330000001      
   -77.89165160000000     
 nefunc =             7
 Gap =    2.8170000000216078E-004
 alpha =    2.5000000372529030E-002
 dlambdagap =     56.00000000000000     
 -0.0204393 -0.0374588  0.0003772 -0.0078279
  0.0053068  0.0097003 -0.0000974  0.0020512
 -0.0010460 -0.0018150  0.0000170 -0.0004762
  0.0199112  0.0417450 -0.0004839  0.0037324
 -0.0045375 -0.0095144  0.0001103 -0.0008497
 -0.0022534 -0.0047377  0.0000551 -0.0004125
  0.0019820  0.0019238  0.0000013  0.0020252
 -0.0017849 -0.0030180  0.0000273 -0.0008712
  0.0066917  0.0132030 -0.0001443  0.0018669
  0.0025568  0.0043910 -0.0000406  0.0011977
 -0.0006195 -0.0001982 -0.0000093 -0.0009317
 -0.0015261 -0.0036938  0.0000480  0.0000801
  0.0026927  0.0043150 -0.0000360  0.0014906
 -0.0001202 -0.0005408  0.0000093  0.0001915
 -0.0014133 -0.0037439  0.0000516  0.0003136
 -0.0067035 -0.0149159  0.0001820 -0.0006181
  0.0017553  0.0035710 -0.0000402  0.0004099
 -0.0004528  0.0007874 -0.0000275 -0.0013718
 In dfunc; fval after gcons:   -77.89161667567411     
 Iteration     3 E=    -77.89161668 Cvg=      0.00979676
 Current Geometry
 C    0.0116597904    0.0834373599   -0.4495887863
 C   -0.3156513587   -0.1043027815    0.9565835245
 H    1.0760403522   -0.1613163578   -0.5579166875
 H   -0.1163461379    1.1056702765   -0.7969715546
 H   -0.5356063643   -0.5757459651   -1.1188862432
 H   -0.1200962813   -0.3467425328    1.9677793859
   2    4    -7.789D+01   9.797D-03   1.000D+00
 Begin Run MolPro... imode =             2
 istate =             2
 jstate =             1
            2
 Read gradient for istate
            1  -1.9087173000000000E-002
            2   4.9332890000000003E-003
            3  -8.5583999999999989E-004
            4   1.9686318000000004E-002
            5  -4.4656849999999997E-003
            6  -2.3401000000000001E-003
            7   1.2189519999999998E-003
            8  -1.5957219999999999E-003
            9   6.6995499999999995E-003
           10   2.4100670000000002E-003
           11  -2.8619700000000003E-004
           12  -1.6289700000000003E-003
           13   2.4194800000000001E-003
           14  -2.9103200000000001E-004
           15  -1.6133499999999998E-003
           16  -6.6476430000000004E-003
           17   1.7053479999999999E-003
           18  -2.6128000000000000E-004
 Read gradient for jstate, multigrad           18
            1  -1.9087173000000000E-002  -3.6383160999999999E-002
            2   4.9332890000000003E-003   9.4111669999999989E-003
            3  -8.5583999999999989E-004  -1.7086400000000001E-003
            4   1.9686318000000004E-002   4.1942197999999999E-002
            5  -4.4656849999999997E-003  -9.5543550000000010E-003
            6  -2.3401000000000001E-003  -4.7789099999999998E-003
            7   1.2189519999999998E-003   1.1421999999999999E-003
            8  -1.5957219999999999E-003  -2.8416770000000003E-003
            9   6.6995499999999995E-003   1.3301870000000000E-002
           10   2.4100670000000002E-003   4.2776239999999994E-003
           11  -2.8619700000000003E-004   1.4547200000000000E-004
           12  -1.6289700000000003E-003  -3.8335800000000004E-003
           13   2.4194800000000001E-003   4.0704500000000001E-003
           14  -2.9103200000000001E-004  -7.2268899999999991E-004
           15  -1.6133499999999998E-003  -3.9845699999999997E-003
           16  -6.6476430000000004E-003  -1.5049310999999999E-002
           17   1.7053479999999999E-003   3.5620819999999997E-003
           18  -2.6128000000000000E-004   1.0038300000000000E-003
 ...Run MolPro successful
 In dfunc; eni,enj=   -77.89171840000000        -77.89206090000000      
   -77.89171840000000     
 nefunc =             7
 Gap =    3.4250000000213277E-004
 alpha =    2.5000000372529030E-002
 dlambdagap =     56.00000000000000     
 -0.0190872 -0.0363832  0.0004643 -0.0017318
  0.0049333  0.0094112 -0.0001202  0.0004400
 -0.0008558 -0.0017086  0.0000229 -0.0000001
  0.0196863  0.0419422 -0.0005975 -0.0026460
 -0.0044657 -0.0095544  0.0001366  0.0006405
 -0.0023401 -0.0047789  0.0000655  0.0001071
  0.0012190  0.0011422  0.0000021  0.0012960
 -0.0015957 -0.0028417  0.0000335 -0.0003455
  0.0066995  0.0133019 -0.0001773  0.0000746
  0.0024101  0.0042776 -0.0000501  0.0005361
 -0.0002862  0.0001455 -0.0000116 -0.0007193
 -0.0016290 -0.0038336  0.0000592  0.0005832
  0.0024195  0.0040705 -0.0000443  0.0007628
 -0.0002910 -0.0007227  0.0000116  0.0001421
 -0.0016134 -0.0039846  0.0000637  0.0007660
 -0.0066476 -0.0150493  0.0002256  0.0017829
  0.0017053  0.0035621 -0.0000498 -0.0001578
 -0.0002613  0.0010038 -0.0000340 -0.0015307
 In dfunc; fval after gcons:   -77.89163043524599     
 Iteration     4 E=    -77.89163044 Cvg=      0.00450563
 Current Geometry
 C    0.0127075207    0.0831612805   -0.4495175989
 C   -0.3160996034   -0.1041990520    0.9566240092
 H    1.0757567823   -0.1611979901   -0.5581588983
 H   -0.1165115178    1.1058039072   -0.7969920290
 H   -0.5358137430   -0.5757732053   -1.1189402256
 H   -0.1200394389   -0.3467949416    1.9679843784
 BFGS Converged
 Gap Direction Gradient Norm / dlambdagap =    2.7359654287047945E-005
 Perpendicular Direction Gradient Norm =    4.2371272764094225E-003
 Gradient Convergence Threshold:    5.0000000000000000E-003
 Energy Change =    1.3759571871219123E-005
 Convergence Threshold:    1.0010000000000003E-006
 Begin Run MolPro... imode =             0
 Skip calc!!!
FINAL GEOMETRY, E=   -77.89171840, gap=     0.00034250
 C    0.0127075207    0.0831612805   -0.4495175989
 C   -0.3160996034   -0.1041990520    0.9566240092
 H    1.0757567823   -0.1611979901   -0.5581588983
 H   -0.1165115178    1.1058039072   -0.7969920290
 H   -0.5358137430   -0.5757732053   -1.1189402256
 H   -0.1200394389   -0.3467949416    1.9679843784
 Sequential penalty converged, gap=   3.4250000000213277E-004
