   -77.89212990000000        -77.89179420000001     
   -77.90084400000001        -77.89063539999999     
   -77.89350960000000        -77.89233260000000     
   -77.89806630000000        -77.89343390000001     
   -77.89615250000000        -77.89313490000001     
   -77.89644819999999        -77.89321080000001     
   -77.89667170000000        -77.89327040000001     
   -77.89679480000000        -77.89331570000000     
   -77.89705140000000        -77.89340060000001     
   -77.89692540000000        -77.89338630000000     
   -77.89699760000001        -77.89340900000001     
   -77.89688310000000        -77.89338290000001     
   -77.89688310000000        -77.89338290000001     
   -77.88553279999999        -77.88438050000001     
   -77.89395670000000        -77.89243519999999     
   -77.89357730000000        -77.89231030000001     
   -77.89333720000000        -77.89225560000000     
   -77.89334260000000        -77.89227500000000     
   -77.89337850000000        -77.89229390000000     
   -77.89337850000000        -77.89229390000000     
   -77.88307110000000        -77.88260450000000     
   -77.89153680000000        -77.89144300000000     
   -77.89193330000001        -77.89165160000000     
   -77.89206090000000        -77.89171840000000     
