   -117.1691846000000        -117.1679218000000     
   -117.2517443000000        -117.2507490000000     
   -117.2971444000000        -117.2957635000000     
   -117.3197578000000        -117.3177868000000     
   -117.3322703000000        -117.3281341000000     
   -117.3322896000000        -117.3293324000000     
   -117.3343885000000        -117.3310269000000     
   -117.3354173000000        -117.3318166000000     
   -117.3357524000000        -117.3321397000000     
   -117.3367885000000        -117.3326097000000     
   -117.3370077000000        -117.3328267000000     
   -117.3371854000000        -117.3329456000000     
   -117.3378722000000        -117.3333340000000     
   -117.3378122000000        -117.3334145000000     
   -117.3385529000000        -117.3338161000000     
   -117.3391214000000        -117.3341736000000     
   -117.3393940000000        -117.3343709000000     
   -117.3395295000000        -117.3344564000000     
   -117.3392865000000        -117.3344563000000     
   -117.3393209000000        -117.3344981000000     
   -117.3392571000000        -117.3345217000000     
   -117.3395286000000        -117.3346565000000     
   -117.3392350000000        -117.3346072000000     
   -117.3390701000000        -117.3346147000000     
   -117.3389768000000        -117.3346351000000     
   -117.3396574000000        -117.3349051000000     
   -117.3393933000000        -117.3348900000000     
   -117.3394275000000        -117.3349228000000     
   -117.3395375000000        -117.3349805000000     
   -117.3392902000000        -117.3349294000000     
   -117.3396373000000        -117.3350711000000     
   -117.3395914000000        -117.3350787000000     
   -117.3395005000000        -117.3351233000000     
   -117.3394278000000        -117.3351811000000     
   -117.3394865000000        -117.3352445000000     
   -117.3394786000000        -117.3353746000000     
   -117.3396502000000        -117.3354661000000     
   -117.3396459000000        -117.3355104000000     
   -117.3396174000000        -117.3355352000000     
   -117.3394897000000        -117.3355353000000     
   -117.3396041000000        -117.3356090000000     
   -117.3394797000000        -117.3356885000000     
   -117.3405466000000        -117.3361077000000     
   -117.3404232000000        -117.3362211000000     
   -117.3397975000000        -117.3362585000000     
   -117.3404040000000        -117.3365118000000     
   -117.3393524000000        -117.3361740000000     
   -117.3401637000000        -117.3367298000000     
   -117.3400156000000        -117.3366685000000     
   -117.3401347000000        -117.3367803000000     
   -117.3402762000000        -117.3368446000000     
   -117.3413908000000        -117.3371500000000     
   -117.3408480000000        -117.3370318000000     
   -117.3406828000000        -117.3370231000000     
   -117.3407143000000        -117.3370636000000     
   -117.3405223000000        -117.3370756000000     
   -117.3409022000000        -117.3371902000000     
   -117.3407506000000        -117.3371837000000     
   -117.3406965000000        -117.3371926000000     
   -117.3406361000000        -117.3372061000000     
   -117.3412670000000        -117.3373732000000     
   -117.3408259000000        -117.3372784000000     
   -117.3408835000000        -117.3372948000000     
   -117.3408835000000        -117.3372948000000     
   -117.3260775000000        -117.3232695000000     
   -117.3377558000000        -117.3363497000000     
   -117.3372668000000        -117.3361834000000     
   -117.3371564000000        -117.3361531000000     
   -117.3370716000000        -117.3361406000000     
   -117.3371468000000        -117.3361761000000     
   -117.3371539000000        -117.3361787000000     
   -117.3371502000000        -117.3361784000000     
