
libgomp: Invalid value for environment variable OMP_NUM_THREADS

libgomp: Invalid value for environment variable OMP_NUM_THREADS

libgomp: Invalid value for environment variable OMP_NUM_THREADS

libgomp: Invalid value for environment variable OMP_NUM_THREADS

libgomp: Invalid value for environment variable OMP_NUM_THREADS

libgomp: Invalid value for environment variable OMP_NUM_THREADS

libgomp: Invalid value for environment variable OMP_NUM_THREADS

libgomp: Invalid value for environment variable OMP_NUM_THREADS
  * process grid (2, 4) will be used
    r21c01b12.bem2.kdm.wcss.pl      
    r21c01b12.bem2.kdm.wcss.pl      
    r21c01b12.bem2.kdm.wcss.pl      
    r21c01b12.bem2.kdm.wcss.pl      
    r21c01b12.bem2.kdm.wcss.pl      
    r21c01b12.bem2.kdm.wcss.pl      
    r21c01b12.bem2.kdm.wcss.pl      
    r21c01b12.bem2.kdm.wcss.pl      

  * using 48 threads per process
OMP: Warning #232: OMP_NUM_THREADS: Invalid symbols found. Check the value "".
OMP: Warning #232: OMP_NUM_THREADS: Invalid symbols found. Check the value "".
OMP: Warning #232: OMP_NUM_THREADS: Invalid symbols found. Check the value "".
OMP: Warning #232: OMP_NUM_THREADS: Invalid symbols found. Check the value "".
OMP: Warning #232: OMP_NUM_THREADS: Invalid symbols found. Check the value "".
OMP: Warning #232: OMP_NUM_THREADS: Invalid symbols found. Check the value "".
OMP: Warning #232: OMP_NUM_THREADS: Invalid symbols found. Check the value "".
OMP: Warning #232: OMP_NUM_THREADS: Invalid symbols found. Check the value "".

  ===============================================================
    BAGEL - Freshly leavened quantum chemistry                   
  ===============================================================

  *** Geometry ***

  { "atom" : "C", "xyz" : [      1.265172,      0.000000,     -0.001890 ] },
  { "atom" : "C", "xyz" : [     -1.265172,      0.000000,     -0.000378 ] },
  { "atom" : "H", "xyz" : [      2.327009,      1.775776,      0.015874 ] },
  { "atom" : "H", "xyz" : [      2.327009,     -1.775776,     -0.008693 ] },
  { "atom" : "H", "xyz" : [     -2.327009,     -1.775776,     -0.020598 ] },
  { "atom" : "H", "xyz" : [     -2.327009,      1.775776,      0.012472 ] },

  Number of auxiliary basis functions:      222

  Since a DF basis is specified, we compute 2- and 3-index integrals:
    o Being stored without compression. Storage requirement is 0.004 GB
       - 3-index ints prep                         0.00
       - 3-index ints                              0.14
       - 2-index ints                              0.31
       - computing inverse                         0.12
        elapsed time:        0.57 sec.


  Number of basis functions:       48
  Number of electrons      :       16


    * METHOD: MOLECULE                             0.60

       - Overlap matrix                            0.02
       - Hcore matrix                              0.04
       - Overlap orthog                            0.00

  *** RHF ***

  === Nuclear Repulsion ===
  
    33.1503946530

      * DIIS with orbital gradients will be used.

       - SCF startup                               1.43

  === RHF iteration (svp) ===
  
               o Fock build                                  0.36
      0        -77.90647311          0.02030750           0.36
               o DIIS                                        0.00
               o Diag                                        0.00
               o Post process                                0.00
               o Fock build                                  0.22
      1        -77.96913991          0.00744387           0.22
               o DIIS                                        0.00
               o Diag                                        0.00
               o Post process                                0.00
               o Fock build                                  0.19
      2        -77.97658629          0.00160916           0.19
               o DIIS                                        0.00
               o Diag                                        0.00
               o Post process                                0.00
               o Fock build                                  0.15
      3        -77.97703839          0.00008753           0.16
               o DIIS                                        0.00
               o Diag                                        0.00
               o Post process                                0.00
               o Fock build                                  0.14
      4        -77.97704031          0.00001288           0.14
               o DIIS                                        0.00
               o Diag                                        0.00
               o Post process                                0.00
               o Fock build                                  0.13
      5        -77.97704035          0.00000138           0.13
               o DIIS                                        0.00
               o Diag                                        0.00
               o Post process                                0.00
               o Fock build                                  0.13
      6        -77.97704035          0.00000018           0.13
               o DIIS                                        0.00
               o Diag                                        0.00
               o Post process                                0.00
               o Fock build                                  0.13
      7        -77.97704035          0.00000004           0.13
               o DIIS                                        0.00
               o Diag                                        0.00
               o Post process                                0.00
               o Fock build                                  0.13
      8        -77.97704035          0.00000002           0.13
               o DIIS                                        0.00
               o Diag                                        0.00
               o Post process                                0.00
               o Fock build                                  0.13
      9        -77.97704035          0.00000001           0.13
  
    * SCF iteration converged.

    * Permanent dipole moment:
           (   -0.000001,     0.000004,    -0.000558) a.u.


    * METHOD: HF                                   3.27


    * METHOD: PRINT                                0.00

  ---------------------------
      CASSCF calculation     
  ---------------------------

 
    ==== Active orbitals : ===== 
         Orbital 8
         Orbital 9
    ============================ 

    * nstate   :      2
    * nclosed  :      7
    * nact     :      2
    * nvirt    :     39
  === CASSCF iteration (svp) ===

    * Using the second-order algorithm

      0  0       -77.99589651     7.92e-03      0.32
      0  1       -77.62141078     0.00e+00      0.32

         res : 2.88e-02   lamb: 1.00e+00   eps : -3.22e-03   step: 2.59e-02    0.00
         res : 6.42e-03   lamb: 1.00e+00   eps : -3.41e-03   step: 2.67e-02    0.00
         res : 8.39e-04   lamb: 1.00e+00   eps : -3.42e-03   step: 2.78e-02    0.00
         res : 3.24e-04   lamb: 1.00e+00   eps : -3.42e-03   step: 2.82e-02    0.00
         res : 9.34e-05   lamb: 1.00e+00   eps : -3.42e-03   step: 2.86e-02    0.01
         res : 3.50e-05   lamb: 1.00e+00   eps : -3.42e-03   step: 2.86e-02    0.00
         res : 2.25e-05   lamb: 1.00e+00   eps : -3.42e-03   step: 2.86e-02    0.00
         res : 3.89e-06   lamb: 1.00e+00   eps : -3.42e-03   step: 2.86e-02    0.00
         res : 3.05e-06   lamb: 1.00e+00   eps : -3.42e-03   step: 2.86e-02    0.00
         res : 1.63e-06   lamb: 1.00e+00   eps : -3.42e-03   step: 2.86e-02    0.00

      1  0       -77.99445083     5.13e-05      1.38
      1  1       -77.62628510     0.00e+00      1.38

         res : 5.11e-04   lamb: 1.00e+00   eps : -5.07e-07   step: 1.17e-03    0.00
         res : 1.10e-04   lamb: 1.00e+00   eps : -5.71e-07   step: 1.39e-03    0.00
         res : 9.95e-05   lamb: 1.00e+00   eps : -5.85e-07   step: 1.85e-03    0.00
         res : 3.28e-05   lamb: 1.00e+00   eps : -5.89e-07   step: 2.19e-03    0.00
         res : 1.47e-05   lamb: 1.00e+00   eps : -5.89e-07   step: 2.20e-03    0.00
         res : 1.15e-05   lamb: 1.00e+00   eps : -5.89e-07   step: 2.23e-03    0.00
         res : 3.42e-06   lamb: 1.00e+00   eps : -5.90e-07   step: 2.23e-03    0.00
         res : 2.08e-06   lamb: 1.00e+00   eps : -5.90e-07   step: 2.23e-03    0.00
         res : 7.88e-07   lamb: 1.00e+00   eps : -5.90e-07   step: 2.24e-03    0.00
         res : 2.65e-07   lamb: 1.00e+00   eps : -5.90e-07   step: 2.24e-03    0.00
         res : 2.83e-08   lamb: 1.00e+00   eps : -5.90e-07   step: 2.24e-03    0.00

      2  0       -77.99449071     2.16e-06      1.53
      2  1       -77.62624582     0.00e+00      1.53

         res : 2.63e-05   lamb: 1.00e+00   eps : -1.34e-09   step: 4.39e-05    0.00
         res : 2.94e-06   lamb: 1.00e+00   eps : -1.49e-09   step: 5.19e-05    0.00
         res : 2.80e-06   lamb: 1.00e+00   eps : -1.49e-09   step: 5.92e-05    0.00
         res : 1.40e-06   lamb: 1.00e+00   eps : -1.50e-09   step: 6.79e-05    0.00
         res : 3.40e-07   lamb: 1.00e+00   eps : -1.50e-09   step: 6.89e-05    0.00
         res : 1.87e-07   lamb: 1.00e+00   eps : -1.50e-09   step: 6.91e-05    0.00
         res : 1.05e-07   lamb: 1.00e+00   eps : -1.50e-09   step: 6.91e-05    0.00
         res : 3.10e-08   lamb: 1.00e+00   eps : -1.50e-09   step: 6.91e-05    0.00
         res : 2.01e-08   lamb: 1.00e+00   eps : -1.50e-09   step: 6.91e-05    0.01
         res : 5.06e-09   lamb: 1.00e+00   eps : -1.50e-09   step: 6.91e-05    0.00

      3  0       -77.99449341     1.44e-07      1.63
      3  1       -77.62624313     0.00e+00      1.63

         res : 1.64e-06   lamb: 1.00e+00   eps : -5.27e-12   step: 2.68e-06    0.00
         res : 1.89e-07   lamb: 1.00e+00   eps : -5.83e-12   step: 3.19e-06    0.00
         res : 1.82e-07   lamb: 1.00e+00   eps : -5.86e-12   step: 3.60e-06    0.00
         res : 1.22e-07   lamb: 1.00e+00   eps : -5.88e-12   step: 4.12e-06    0.00
         res : 3.33e-08   lamb: 1.00e+00   eps : -5.88e-12   step: 4.27e-06    0.00
         res : 1.06e-08   lamb: 1.00e+00   eps : -5.88e-12   step: 4.28e-06    0.00
         res : 5.46e-09   lamb: 1.00e+00   eps : -5.88e-12   step: 4.28e-06    0.00
         res : 1.55e-09   lamb: 1.00e+00   eps : -5.88e-12   step: 4.28e-06    0.00

      4  0       -77.99449358     3.07e-08      1.58
      4  1       -77.62624296     0.00e+00      1.58

         res : 1.50e-07   lamb: 1.00e+00   eps : -7.30e-14   step: 1.89e-07    0.00
         res : 2.40e-08   lamb: 1.00e+00   eps : -7.96e-14   step: 2.34e-07    0.00
         res : 8.51e-09   lamb: 1.00e+00   eps : -7.98e-14   step: 2.49e-07    0.00
         res : 8.75e-09   lamb: 1.00e+00   eps : -7.98e-14   step: 2.64e-07    0.00
         res : 4.67e-09   lamb: 1.00e+00   eps : -7.99e-14   step: 2.89e-07    0.00

      5  0       -77.99449359     1.54e-08      1.43
      5  1       -77.62624295     0.00e+00      1.43

         res : 5.98e-08   lamb: 1.00e+00   eps : -1.47e-14   step: 6.25e-08    0.00
         res : 9.93e-09   lamb: 1.00e+00   eps : -1.58e-14   step: 7.07e-08    0.00
         res : 1.58e-09   lamb: 1.00e+00   eps : -1.58e-14   step: 7.21e-08    0.00

      6  0       -77.99449359     7.96e-09      1.54
      6  1       -77.62624295     0.00e+00      1.54

    * Second-order optimization converged. *   

    * Integral transformation done. Elapsed time: 0.32

     guess   0:   closed 1.                   open ..                  
     guess   1:   closed ..                   open 11                  

  === FCI iteration ===

      0  0       -77.97527962     5.12e-02      0.00
      0  1       -77.62624295     3.39e-07      0.00
    - linear dependency detected:    1 /    4    min eigenvalue:     5.5511e-17    max eigenvalue:     5.5511e-17
    * Using canonical orthogonalization due to linear dependency


      1  0 *     -77.99449359     1.25e-16      0.00
      1  1 *     -77.62624295     4.79e-16      0.00

     * ci vector, state   0, <S^2> = 0.0000
       2.     0.9828271564
       .2    -0.1845285353

     * ci vector, state   1, <S^2> = 0.0000
       ab    -0.7071067811
       ba    -0.7071067811

    * METHOD: CASSCF                              10.62


    * METHOD: PRINT                                0.00


  
  ===============================================================

