   -78.00801928000000        -78.00743795000000     
   -78.00842016000000        -78.00753903000000     
   -78.00870506000000        -78.00728796000000     
   -78.00858371000000        -78.00750513000000     
   -78.00842016000000        -78.00753903000000     
   -78.00865115000001        -78.00744604000000     
   -78.00852903000001        -78.00752694000001     
   -78.00858371000000        -78.00750513000000     
   -78.00849040000000        -78.00753493000001     
   -78.00852903000001        -78.00752694000001     
   -78.00826920999999        -78.00734748000001     
   -78.00855595000000        -78.00741351000001     
   -78.00859576000001        -78.00754135000000     
   -78.00852903000001        -78.00752694000001     
   -78.00860188999999        -78.00751430000000     
   -78.00857861999999        -78.00754440000000     
   -78.00860125000000        -78.00753423000000     
   -78.00859576000001        -78.00754135000000     
   -78.00872889000000        -78.00765092000000     
   -78.00856055000000        -78.00744351000000     
   -78.00872142999999        -78.00762867000000     
   -78.00869899000000        -78.00763007000000     
   -78.00873423000000        -78.00765063000000     
   -78.00872889000000        -78.00765092000000     
   -78.00873248000001        -78.00764538999999     
   -78.00873423000000        -78.00765063000000     
   -78.00792090000000        -78.00721245000000     
   -78.01011810999999        -78.00830898000000     
   -78.01250625000000        -78.00922549000001     
   -78.01662999000000        -78.01024404000000     
   -78.01405389000000        -78.00968770000000     
   -78.01250625000000        -78.00922549000001     
   -78.01367045000001        -78.00958233000000     
   -78.01355993999999        -78.00955085000000     
   -78.01472010000001        -78.00985675000000     
   -78.01400070000000        -78.00967344000000     
   -78.01357120999999        -78.00955408000000     
   -78.01316180000001        -78.00943332000000     
   -78.01373490000000        -78.00960046000000     
   -78.01341447000000        -78.00950865999999     
   -78.01357120999999        -78.00955408000000     
   -78.01380270999999        -78.00962548000000     
   -78.01419082000000        -78.00971460000000     
   -78.01394920000000        -78.00966347000001     
   -78.01380270999999        -78.00962548000000     
   -78.01366824000000        -78.00950137000000     
   -78.01348785000000        -78.00928528000000     
   -78.01375992000000        -78.00957425999999     
   -78.01378113000000        -78.00960834000000     
   -78.01379769000000        -78.00961743000001     
   -78.01379881000000        -78.00962334000000     
   -78.01380270999999        -78.00962548000000     
   -78.01408807999999        -78.00990702999999     
   -78.01430118000000        -78.01011144000000     
   -78.01405687000000        -78.00984669000000     
   -78.01428955000000        -78.01009291000000     
   -78.01425467999999        -78.01006862000000     
   -78.01430883000000        -78.01011708999999     
   -78.01429913000000        -78.01010968000000     
   -78.01430739000000        -78.01011384000000     
   -78.01430883000000        -78.01011708999999     
   -78.01431934000000        -78.01009850000000     
   -78.01424466000000        -78.01010235000000     
   -78.01401466000000        -78.00995811999999     
   -78.01417541000001        -78.01006504000000     
   -78.01427611000000        -78.01011459000000     
   -78.01424466000000        -78.01010235000000     
   -78.01429125000000        -78.01011806000000     
   -78.01427611000000        -78.01011459000000     
   -78.01407403000000        -78.01007359000000     
   -78.01370301999999        -78.00996401000000     
   -78.01393869000000        -78.01003801000000     
   -78.01407403000000        -78.01007359000000     
   -78.01385109000000        -78.01001214000000     
   -78.01393869000000        -78.01003801000000     
   -78.01388817000000        -78.01005110000000     
   -78.01376772000000        -78.01003204000000     
   -78.01347444000000        -78.00989804000000     
   -78.01366983000000        -78.00999576000000     
   -78.01381931000000        -78.01004514000000     
   -78.01379063000000        -78.01003851999999     
   -78.01374783999999        -78.01002570000000     
   -78.01379063000000        -78.01003851999999     
   -78.01378744000000        -78.01005213000001     
   -78.01356339000000        -78.00985722000000     
   -78.01373289999999        -78.01000843000000     
   -78.01380129000000        -78.01005945999999     
   -78.01378744000000        -78.01005213000001     
   -78.01380209000000        -78.01005630000000     
   -78.01380129000000        -78.01005945999999     
   -78.01384361000000        -78.01003172999999     
   -78.01367564000000        -78.01004340000000     
   -78.01331965000000        -78.00985547000001     
   -78.01356214000000        -78.00999539999999     
   -78.01373203999999        -78.01005847000000     
   -78.01374778000000        -78.01006095000000     
   -78.01367564000000        -78.01004340000000     
   -78.01373203999999        -78.01005847000000     
   -78.01365742000000        -78.01003953000000     
   -78.01375442000000        -78.00999213999999     
   -78.01375491000000        -78.01004724000001     
   -78.01370903999999        -78.01005667000000     
   -78.01373203999999        -78.01005847000000     
   -78.01369142000000        -78.01005220000000     
   -78.01370903999999        -78.01005667000000     
   -78.01366767000000        -78.00999546000000     
   -78.01366369000000        -78.01004122000001     
   -78.01370798000001        -78.01006735000000     
   -78.01370903999999        -78.01005667000000     
   -78.01369725000001        -78.01006366999999     
   -78.01371077000000        -78.01006570000000     
   -78.01370798000001        -78.01006735000000     
   -78.01371915000000        -78.01000676000000     
   -78.01357513000001        -78.01004829999999     
   -78.01306854000001        -78.00971998999999     
   -78.01342351000000        -78.00996560999999     
   -78.01364244000000        -78.01007247000000     
   -78.01357513000001        -78.01004829999999     
   -78.01367384000000        -78.01007700000000     
   -78.01361913000000        -78.01006569000000     
   -78.01364244000000        -78.01007247000000     
   -78.01406550999999        -78.01021437999999     
   -78.01475427000000        -78.01042575000000     
   -78.01587039000000        -78.01071220999999     
   -78.01518104000000        -78.01054385000000     
   -78.01449076999999        -78.01034783999999     
   -78.01453044000000        -78.01035981000000     
   -78.01477882000000        -78.01043282000001     
   -78.01435262000000        -78.01030552000000     
   -78.01453044000000        -78.01035981000000     
   -78.01444422000000        -78.01032062000000     
   -78.01467615000000        -78.01040890000000     
   -78.01491980999999        -78.01044370000000     
   -78.01476869000000        -78.01042922000001     
   -78.01461976000000        -78.01039240000000     
   -78.01467615000000        -78.01040890000000     
   -78.01458533000000        -78.01038078000001     
   -78.01461976000000        -78.01039240000000     
   -78.01450302000001        -78.01032403000001     
   -78.01454058000000        -78.01022942000000     
   -78.01462975000000        -78.01037119000000     
   -78.01458959000000        -78.01038100000000     
   -78.01462931000000        -78.01039014000000     
   -78.01461976000000        -78.01039240000000     
   -78.02103451000001        -78.01060249000000     
   -78.00456684000000        -78.00425118000000     
   -78.01049003999999        -78.00884516000001     
   -78.01716011000001        -78.01083197000000     
   -78.01303423000000        -78.00991698999999     
   -78.01559657999999        -78.01060984000000     
   -78.01401423999999        -78.01022847999999     
   -78.01461976000000        -78.01039240000000     
   -78.01363979000000        -78.01011616000000     
   -78.01424561000000        -78.01029371000000     
   -78.01401423999999        -78.01022847999999     
   -78.01438856000000        -78.01033241000000     
   -78.01424561000000        -78.01029371000000     
   -78.01398940999999        -78.01017941000001     
   -78.01428767000000        -78.01010242000000     
   -78.01431506000000        -78.01027451000000     
   -78.01416897000000        -78.01027150000000     
   -78.01428004000000        -78.01029436000000     
   -78.01421940000000        -78.01028832999999     
   -78.01424561000000        -78.01029371000000     
   -78.01421940000000        -78.01028832999999     
   -78.01416021000000        -78.01016481000001     
   -78.01394485000000        -78.01011914000000     
   -78.01416781000000        -78.01027682000000     
   -78.01421940000000        -78.01028832999999     
   -78.01410282000001        -78.01023671999999     
   -78.01419538000000        -78.01028905000000     
   -78.01416781000000        -78.01027682000000     
   -78.01420756000000        -78.01029176999999     
   -78.01419538000000        -78.01028905000000     
   -78.01324019000000        -78.01000487000000     
   -78.01577121000000        -78.01067376000000     
   -78.01479351000000        -78.01044722000000     
   -78.01382853000000        -78.01018456000000     
   -78.01442321000000        -78.01035107000000     
   -78.01405498000000        -78.01024974000001     
   -78.01419538000000        -78.01028905000000     
   -78.01443844000001        -78.01035217000000     
   -78.01382101000000        -78.01015452999999     
   -78.01404938000000        -78.01024232000000     
   -78.01428728000000        -78.01031500000001     
   -78.01419538000000        -78.01028905000000     
   -78.01434467000000        -78.01032990000000     
   -78.01428728000000        -78.01031500000001     
   -78.01420999000000        -78.01023134000000     
   -78.01389909000000        -78.00992850000000     
   -78.01421372999999        -78.01024337000000     
   -78.01428644000001        -78.01031220000000     
   -78.01427010000000        -78.01029874000000     
   -78.01429113000000        -78.01031818000000     
   -78.01428728000000        -78.01031500000001     
   -78.01429113000000        -78.01031818000000     
   -78.01426318000000        -78.01028329000000     
   -78.01410743000000        -78.01014333000001     
   -78.01425540000000        -78.01028617999999     
   -78.01429272999999        -78.01031725999999     
   -78.01428238000000        -78.01031089999999     
   -78.01429113000000        -78.01031818000000     
   -78.01429706000000        -78.01029611000000     
   -78.01423339000000        -78.01030812000000     
   -78.01401115000000        -78.01016892000000     
   -78.01416750000000        -78.01027310000001     
   -78.01426253000000        -78.01031871000001     
   -78.01423339000000        -78.01030812000000     
   -78.01427615000000        -78.01032107000000     
   -78.01426253000000        -78.01031871000001     
   -78.01403162000000        -78.01025266000001     
   -78.01459251000000        -78.01038253999999     
   -78.01439499000000        -78.01034939000000     
   -78.01417674000000        -78.01029586000000     
   -78.01426253000000        -78.01031871000001     
   -78.01412223000000        -78.01028027000000     
   -78.01417674000000        -78.01029586000000     
   -78.01409916000000        -78.01028190000000     
   -78.01393564000000        -78.01021974000000     
   -78.01404220000001        -78.01026390000000     
   -78.01409916000000        -78.01028190000000     
   -78.01403988000000        -78.01023757999999     
   -78.01396477000000        -78.01012505000000     
   -78.01408239000000        -78.01025629000000     
   -78.01408891000000        -78.01027726000000     
   -78.01409768000001        -78.01027700000000     
   -78.01409916000000        -78.01028190000000     
   -78.01414278000000        -78.01025751000000     
   -78.01397056000000        -78.01025974000000     
   -78.01360759000001        -78.01006010000000     
   -78.01385471000000        -78.01020755000000     
   -78.01402822000000        -78.01027725000000     
   -78.01397056000000        -78.01025974000000     
   -78.01405856000000        -78.01028247000001     
   -78.01402822000000        -78.01027725000000     
   -78.01396855000000        -78.01027134000000     
   -78.01377599999999        -78.01016644000001     
   -78.01390902000000        -78.01024520999999     
   -78.01399668000001        -78.01027890000000     
   -78.01396855000000        -78.01027134000000     
   -78.01401077000000        -78.01028029000000     
   -78.01399668000001        -78.01027890000000     
   -78.01399137999999        -78.01025576000001     
   -78.01389363000000        -78.01020264000000     
   -78.01397349000000        -78.01026623000000     
   -78.01400092999999        -78.01027645000001     
   -78.01399668000001        -78.01027890000000     
   -78.01402914000001        -78.01023708000000     
   -78.01382891000000        -78.01022924999999     
   -78.01394926000000        -78.01027689000000     
   -78.01399668000001        -78.01027890000000     
   -78.01390962000001        -78.01026512999999     
   -78.01396982000000        -78.01028015000000     
   -78.01394926000000        -78.01027689000000     
   -78.01435966000000        -78.01040310000000     
   -78.01502505000001        -78.01058638000001     
   -78.01461375000000        -78.01047624000000     
   -78.01420276000000        -78.01035601000000     
   -78.01435966000000        -78.01040310000000     
   -78.01426865000001        -78.01037135000000     
   -78.01451170000000        -78.01043783000000     
   -78.01441719000000        -78.01041891000000     
   -78.01432457000000        -78.01039184000000     
   -78.01435966000000        -78.01040310000000     
   -78.01423397000001        -78.01032723000000     
   -78.01429696000000        -78.01025418000000     
   -78.01437564000000        -78.01038697000000     
   -78.01432595999999        -78.01038874000000     
   -78.01437145000000        -78.01040274000000     
   -78.01435966000000        -78.01040310000000     
   -78.02080092999999        -78.01073148000000     
   -78.00427184000000        -78.00390116000000     
   -78.01020642000000        -78.00875567000000     
   -78.01691165000000        -78.01089398000001     
   -78.01276592000001        -78.00989199000000     
   -78.01534115000000        -78.01064107000001     
   -78.01375109999999        -78.01022591000000     
   -78.01473518000000        -78.01050118000001     
   -78.01412732000000        -78.01033810000000     
   -78.01450317000000        -78.01044159999999     
   -78.01435966000000        -78.01040310000000     
   -78.01440421000000        -78.01043719000000     
   -78.01432689000001        -78.01033071000001     
   -78.01439655000000        -78.01042015000000     
   -78.01439551999999        -78.01043319000000     
   -78.01440445999999        -78.01043412000000     
   -78.01440421000000        -78.01043719000000     
   -78.01408318000000        -78.01026539999999     
   -78.01454585000000        -78.01033176000000     
   -78.01451249000000        -78.01045184000000     
   -78.01430309000000        -78.01039342000000     
   -78.01445359000000        -78.01045092000000     
   -78.01436870000001        -78.01042363000001     
   -78.01440421000000        -78.01043719000000     
   -78.01442976000000        -78.01040232000000     
   -78.01399834999999        -78.01013107000000     
   -78.01430166999999        -78.01037248999999     
   -78.01443462000000        -78.01044439000000     
   -78.01437279000000        -78.01042018000000     
   -78.01441882000000        -78.01044290999999     
   -78.01440421000000        -78.01043719000000     
   -78.01441882000000        -78.01044290999999     
   -78.01345870000000        -78.01016636000000     
   -78.01599936000000        -78.01081066000000     
   -78.01501926000000        -78.01059526000000     
   -78.01405026000000        -78.01034161000000     
   -78.01464761000000        -78.01050281000001     
   -78.01441882000000        -78.01044290999999     
   -78.01468805000000        -78.01051251000000     
   -78.01400486000000        -78.01029345000001     
   -78.01425727000000        -78.01039115000000     
   -78.01452057000000        -78.01047158000000     
   -78.01441882000000        -78.01044290999999     
   -78.01431374000001        -78.01031472000000     
   -78.01408932000000        -78.01014232000000     
   -78.01436575000000        -78.01040213000000     
   -78.01440658000000        -78.01042232000000     
   -78.01440916999999        -78.01043814000001     
   -78.01441821000000        -78.01043918000001     
   -78.01441882000000        -78.01044290999999     
   -78.01436929000000        -78.01038463000000     
   -78.01427608000000        -78.01031206000000     
   -78.01439782000000        -78.01042679000000     
   -78.01441185000000        -78.01043273000001     
   -78.01441556000000        -78.01044157000000     
   -78.01441792999999        -78.01044081000001     
   -78.01441882000000        -78.01044290999999     
   -78.01445550000000        -78.01044936000000     
   -78.01430981999999        -78.01038514000000     
   -78.01438447000000        -78.01042780000000     
   -78.01443557000000        -78.01044799000000     
   -78.01441882000000        -78.01044290999999     
   -78.01444423000000        -78.01044951000000     
   -78.01443557000000        -78.01044799000000     
   -78.01420550000000        -78.01038695000000     
   -78.01379077999999        -78.01024583000000     
   -78.01405323000000        -78.01033920000000     
   -78.01429576000000        -78.01041263000000     
   -78.01420550000000        -78.01038695000000     
   -78.01429576000000        -78.01041263000000     
   -78.01419774000000        -78.01037812000000     
   -78.01441641000000        -78.01042887000000     
   -78.01434743000000        -78.01042464000000     
   -78.01426042000000        -78.01040164000000     
   -78.01429576000000        -78.01041263000000     
   -78.01420741000000        -78.01033945000000     
   -78.01421363000000        -78.01030769000000     
   -78.01429816000000        -78.01040605999999     
   -78.01427413000000        -78.01039668999999     
   -78.01430148999999        -78.01041490000000     
   -78.01429576000000        -78.01041263000000     
   -78.01430206000001        -78.01041336000000     
   -78.01430148999999        -78.01041490000000     
   -78.01438039000000        -78.01042694000000     
   -78.01411410999999        -78.01033228000000     
   -78.01423868000001        -78.01039259000000     
   -78.01433493000000        -78.01042299000000     
   -78.01430148999999        -78.01041490000000     
   -78.01422358000001        -78.01039145000000     
   -78.01433414000000        -78.01036010999999     
   -78.01432757000001        -78.01040746000000     
   -78.01427694000000        -78.01041112000000     
   -78.01430148999999        -78.01041490000000     
   -78.01425854999999        -78.01040559000000     
   -78.01427694000000        -78.01041112000000     
   -78.01428138000000        -78.01039717000000     
   -78.01415858000000        -78.01032046000000     
   -78.01424784000000        -78.01039288000000     
   -78.01428489000000        -78.01041216000000     
   -78.01426819000000        -78.01040656000001     
   -78.01427694000000        -78.01041112000000     
   -78.01434535000000        -78.01040479000000     
   -78.01405051000000        -78.01030372000000     
   -78.01420718000000        -78.01038708999999     
   -78.01430960000000        -78.01041533999999     
   -78.01427694000000        -78.01041112000000     
   -78.01418786000001        -78.01038470000000     
   -78.01442586000000        -78.01043613000000     
   -78.01433328000000        -78.01042338000001     
   -78.01424258000000        -78.01040196000000     
   -78.01427694000000        -78.01041112000000     
   -78.01422153999999        -78.01039572000001     
   -78.01424258000000        -78.01040196000000     
   -78.01410464999999        -78.01031595000001     
   -78.01420234000000        -78.01027193000000     
   -78.01426673000000        -78.01039268000000     
   -78.01420406000000        -78.01038359000000     
   -78.01425743000000        -78.01040417000000     
   -78.01422997000000        -78.01039709000000     
   -78.01424258000000        -78.01040196000000     
   -78.02077185000000        -78.01081847000000     
   -78.00392583999999        -78.00351843000000     
   -78.01000411000000        -78.00865414000000     
   -78.01683626000001        -78.01093702999999     
   -78.01261862000000        -78.00985670999999     
   -78.01524107000000        -78.01065840000000     
   -78.01362286000000        -78.01021236000000     
   -78.01462474000000        -78.01050734000000     
   -78.01400603000000        -78.01033231000000     
   -78.01438865000000        -78.01044329000000     
   -78.01424258000000        -78.01040196000000     
   -78.01438865000000        -78.01044329000000     
   -78.01436640999999        -78.01040730000000     
   -78.01427645000000        -78.01034093000000     
   -78.01436720000000        -78.01042737000000     
   -78.01438845000000        -78.01043851999999     
   -78.01438365999999        -78.01044070000000     
   -78.01438865000000        -78.01044329000000     
   -78.01436416999999        -78.01043910999999     
   -78.01430608000000        -78.01041094999999     
   -78.01434465000000        -78.01043146000001     
   -78.01436416999999        -78.01043910999999     
   -78.01404522999999        -78.01026477000001     
   -78.01450031000000        -78.01033489000000     
   -78.01447064000000        -78.01045465000000     
   -78.01426397000000        -78.01039453000000     
   -78.01441290000000        -78.01045325000000     
   -78.01436416999999        -78.01043910999999     
   -78.01443802999999        -78.01045689999999     
   -78.01441290000000        -78.01045325000000     
   -78.01443166999999        -78.01040870000000     
   -78.01401245000000        -78.01015701999999     
   -78.01431324000001        -78.01039316000001     
   -78.01444103000000        -78.01045707999999     
   -78.01438270000000        -78.01043812000000     
   -78.01441290000000        -78.01045325000000     
   -78.01343005000000        -78.01016054000000     
   -78.01602963000001        -78.01084595000000     
   -78.01502727000000        -78.01061531000001     
   -78.01403569000000        -78.01034583000001     
   -78.01464702000000        -78.01051688000000     
   -78.01441290000000        -78.01045325000000     
   -78.01466665000000        -78.01051926000000     
   -78.01402667000001        -78.01031012000000     
   -78.01426157000000        -78.01040381999999     
   -78.01450859000001        -78.01048050999999     
   -78.01441290000000        -78.01045325000000     
   -78.01456851000000        -78.01049610000000     
   -78.01450859000001        -78.01048050999999     
   -78.01442511000000        -78.01037417000001     
   -78.01414214000000        -78.01014232999999     
   -78.01444171000000        -78.01042571000001     
   -78.01450471000000        -78.01046839000000     
   -78.01449371000000        -78.01047043000000     
   -78.01451118999999        -78.01048003000000     
   -78.01450859000001        -78.01048050999999     
   -78.01448680000000        -78.01044937000000     
   -78.01431641000001        -78.01030110000001     
   -78.01446940000000        -78.01044654000000     
   -78.01451246000001        -78.01048093999999     
   -78.01449848000000        -78.01047244999999     
   -78.01450859000001        -78.01048050999999     
   -78.01452426000000        -78.01046766000000     
   -78.01443433000000        -78.01045479000000     
   -78.01448741000000        -78.01047753000000     
   -78.01450859000001        -78.01048050999999     
   -78.01446989000000        -78.01047147000000     
   -78.01448741000000        -78.01047753000000     
   -78.01439240000001        -78.01044741000000     
   -78.01460341000001        -78.01048689000000     
   -78.01453727000001        -78.01048688000000     
   -78.01445320000001        -78.01046820000001     
   -78.01448741000000        -78.01047753000000     
   -78.01443077000000        -78.01046109000001     
   -78.01445320000001        -78.01046820000001     
   -78.01438202000000        -78.01041214999999     
   -78.01434178000000        -78.01033411000000     
   -78.01444463000000        -78.01045071000000     
   -78.01443820999999        -78.01045888000000     
   -78.01445477000000        -78.01046633000000     
   -78.01445320000001        -78.01046820000001     
   -78.01453372000000        -78.01048024000001     
   -78.01426296000000        -78.01038529000000     
   -78.01438933000000        -78.01044582999999     
   -78.01448727000000        -78.01047632000000     
   -78.01445320000001        -78.01046820000001     
   -78.01434585000000        -78.01041669999999     
   -78.01453343000000        -78.01045866000000     
   -78.01449746999999        -78.01047808000000     
   -78.01441740999999        -78.01045372000000     
   -78.01445320000001        -78.01046820000001     
   -78.01444429000000        -78.01043955999999     
   -78.01435600000001        -78.01040086000000     
   -78.01443224000000        -78.01045894000001     
   -78.01445606999999        -78.01046366000000     
   -78.01445320000001        -78.01046820000001     
   -78.01451555000000        -78.01045557000000     
   -78.01423513000000        -78.01036959000000     
   -78.01438684000000        -78.01044773000000     
   -78.01448361999999        -78.01047009000000     
   -78.01445320000001        -78.01046820000001     
   -78.01436454000000        -78.01044167000001     
   -78.01460190000000        -78.01049365000000     
   -78.01450938000001        -78.01048059000000     
   -78.01441896999999        -78.01045899000000     
   -78.01445320000001        -78.01046820000001     
   -78.01439804000000        -78.01045272000000     
   -78.01441896999999        -78.01045899000000     
   -78.01428109000000        -78.01037406000000     
   -78.01437876000000        -78.01032723000000     
   -78.01444312000000        -78.01044904000000     
   -78.01438047000001        -78.01044103000000     
   -78.01443381999999        -78.01046094000000     
   -78.01441896999999        -78.01045899000000     
   -78.02102431000000        -78.01086477000000     
   -78.00391906000000        -78.00350976999999     
   -78.01011315000000        -78.00869975000001     
   -78.01704743000001        -78.01099397000000     
   -78.01277062000000        -78.00991111000000     
   -78.01543150000001        -78.01071601000000     
   -78.01379016999999        -78.01026864000001     
   -78.01480660000000        -78.01056468000000     
   -78.01417899000000        -78.01038908000000     
   -78.01456714000000        -78.01050044999999     
   -78.01441896999999        -78.01045899000000     
   -78.01440229000001        -78.01042896000000     
   -78.01429711999999        -78.01034600000000     
   -78.01439406999999        -78.01043936000001     
   -78.01442093999999        -78.01045655999999     
   -78.01441262000000        -78.01045492000000     
   -78.01441896999999        -78.01045899000000     
   -78.01438623000000        -78.01044679000000     
   -78.01445320000001        -78.01045713000001     
   -78.01443481000000        -78.01046144999999     
   -78.01440750000000        -78.01045551999999     
   -78.01441896999999        -78.01045899000000     
   -78.01446558000001        -78.01046798000000     
   -78.01432620000000        -78.01042141000001     
   -78.01438607000000        -78.01044799000000     
   -78.01443774000001        -78.01046371000000     
   -78.01441896999999        -78.01045899000000     
   -78.01441896999999        -78.01045899000000     
   -78.01412916000000        -78.01031763000000     
   -78.01326485000000        -78.00968597000001     
   -78.01077193000000        -78.00754540000000     
   -78.01247676000000        -78.00903631000000     
   -78.01365389999999        -78.00998735000000     
   -78.01370329000000        -78.01002414000000     
   -78.01330203000001        -78.00971551000001     
   -78.01388445000001        -78.01015510000001     
   -78.01355968000000        -78.00991611000001     
   -78.01377521000001        -78.01007693000000     
   -78.01370329000000        -78.01002414000000     
   -78.01372750000000        -78.00998937999999     
   -78.01330192000000        -78.00971973000000     
   -78.01360210999999        -78.00995979000000     
   -78.01370329000000        -78.01002414000000     
   -78.01350719000000        -78.00988777000001     
   -78.01364844000000        -78.00999202000000     
   -78.01360210999999        -78.00995979000000     
   -78.01264816000000        -78.00967270000000     
   -78.01114429000000        -78.00913328999999     
   -78.00885227000001        -78.00807768000000     
   -78.00603692000000        -78.00555665000000     
   -78.00763558000000        -78.00723472000000     
   -78.00970323999999        -78.00850697000000     
   -78.00986333000000        -78.00858236000001     
   -78.00993568000000        -78.00861592000000     
   -78.00898997000000        -78.00815080000000     
   -78.01039156000000        -78.00882043999999     
   -78.00992060999999        -78.00860896000000     
   -78.00956059000001        -78.00843847000000     
   -78.01009954000000        -78.00869080000000     
   -78.00978248000000        -78.00854448000000     
   -78.00992060999999        -78.00860896000000     
   -78.01020219999999        -78.00873966000000     
   -78.00951999000000        -78.00834389000001     
   -78.00975874000000        -78.00851600999999     
   -78.01002554000000        -78.00866160000000     
   -78.00992060999999        -78.00860896000000     
   -78.01009207000000        -78.00869242000000     
   -78.01002554000000        -78.00866160000000     
   -78.00988501000000        -78.00847637000000     
   -78.00972305000001        -78.00842575999999     
   -78.00998712000001        -78.00864951000000     
   -78.01002554000000        -78.00866160000000     
   -78.00991568000001        -78.00859380999999     
   -78.01001307000000        -78.00866551999999     
   -78.00998712000001        -78.00864951000000     
   -78.01002214000000        -78.00866838000000     
   -78.01001307000000        -78.00866551999999     
   -78.00995070000000        -78.00860538000001     
   -78.00989533000001        -78.00854296000000     
   -78.01000098000000        -78.00865177000000     
   -78.01000096999999        -78.00865434000001     
   -78.01001312000000        -78.00866497000000     
   -78.01001019000000        -78.00866300000000     
   -78.01001307000000        -78.00866551999999     
   -78.00990729000000        -78.00860862000000     
   -78.01015046000001        -78.00872119000000     
   -78.01007052999999        -78.00869213000000     
   -78.00997452000000        -78.00864580000000     
   -78.01001307000000        -78.00866551999999     
   -78.01015577000000        -78.00881464000000     
   -78.01015163000000        -78.00882158000000     
   -78.00958350000001        -78.00827298999999     
   -78.01001275000000        -78.00868995000000     
   -78.01018630999999        -78.00885193000001     
   -78.01018806000000        -78.00885303000000     
   -78.01015658000000        -78.00882611999999     
   -78.01018632000000        -78.00884893000000     
   -78.01018135000000        -78.00884805000000     
   -78.01018806000000        -78.00885303000000     
   -78.01023017000000        -78.00885018000000     
   -78.01005975000000        -78.00879428000000     
   -78.00969198999999        -78.00853094000000     
   -78.00994281000000        -78.00871840000001     
   -78.01011760000000        -78.00882602000000     
   -78.01005975000000        -78.00879428000000     
   -78.01014788000001        -78.00883988000000     
   -78.01009680000000        -78.00881526000001     
   -78.01011760000000        -78.00882602000000     
   -78.01005453000001        -78.00879538000000     
   -78.01013069000000        -78.00878442000000     
   -78.01013557000000        -78.00882339000000     
   -78.01009847000000        -78.00881941000000     
   -78.01011760000000        -78.00882602000000     
   -78.01008358000000        -78.00881218000001     
   -78.01009847000000        -78.00881941000000     
   -78.01014444000000        -78.00885622000000     
   -78.01010427000000        -78.00879978000000     
   -78.01014594000000        -78.00885172000000     
   -78.01013321000001        -78.00884856000000     
   -78.01014444000000        -78.00885622000000     
   -78.01018283000001        -78.00884019999999     
   -78.00996664000000        -78.00876460000001     
   -78.01009325000000        -78.00883820999999     
   -78.01014444000000        -78.00885622000000     
   -78.01005123000000        -78.00881654000000     
   -78.01009325000000        -78.00883820999999     
   -78.00999820000000        -78.00879725999999     
   -78.00986451000000        -78.00870725999999     
   -78.00994396000000        -78.00876630000000     
   -78.01003351000000        -78.00881423000000     
   -78.00999820000000        -78.00879725999999     
   -78.01003351000000        -78.00881423000000     
   -78.00996053999999        -78.00877276000000     
   -78.00987304000000        -78.00859828999999     
   -78.01001402000000        -78.00877422000001     
   -78.01002062000001        -78.00881361000000     
   -78.01003351000000        -78.00881423000000     
   -78.01000333000000        -78.00880376000001     
   -78.01002062000001        -78.00881361000000     
   -78.01589970000001        -78.01011058000000     
   -78.00177112000000        -78.00142284000000     
   -78.00672873000001        -78.00651684000000     
   -78.01226870000001        -78.00964475000001     
   -78.00866292000001        -78.00811193000000     
   -78.01087413000000        -78.00917697000000     
   -78.00949808000000        -78.00856202999999     
   -78.01034553000000        -78.00895880000000     
   -78.00982053000000        -78.00871993000000     
   -78.01014456000000        -78.00887001000000     
   -78.01002062000001        -78.00881361000000     
   -78.01014456000000        -78.00887001000000     
   -78.01004807000000        -78.00877613999999     
   -78.01015366999999        -78.00886247000000     
   -78.01016940000000        -78.00889035000000     
   -78.01014456000000        -78.00887001000000     
   -78.01017152999999        -78.00888856000000     
   -78.01016303999999        -78.00888598000000     
   -78.01016940000000        -78.00889035000000     
   -78.01012178000001        -78.00886705000001     
   -78.01022814000000        -78.00890481000000     
   -78.01019454999999        -78.00889927999999     
   -78.01015221000000        -78.00888274000000     
   -78.01016940000000        -78.00889035000000     
   -78.01014096999999        -78.00887724000000     
   -78.01015221000000        -78.00888274000000     
   -78.01018673000000        -78.00889604000000     
   -78.01007966000000        -78.00883819000001     
   -78.01012694000001        -78.00886908000000     
   -78.01016633000000        -78.00888911000000     
   -78.01015221000000        -78.00888274000000     
   -78.00670605000001        -78.00643993000000     
   -78.01722719999999        -78.01108069000000     
   -78.01273736000000        -78.00993586000000     
   -78.00866001000000        -78.00811447000000     
   -78.01111677999999        -78.00931376000000     
   -78.00957182000001        -78.00859937000000     
   -78.01051704000000        -78.00905145000000     
   -78.00992905000000        -78.00877601000001     
   -78.01029103000000        -78.00894777000001     
   -78.01015221000000        -78.00888274000000     
   -78.01037715000000        -78.00898759000000     
   -78.01029103000000        -78.00894777000001     
   -78.01019862000000        -78.00883437000000     
   -78.01006384000000        -78.00875542999999     
   -78.01025848000000        -78.00892842000000     
   -78.01027707000000        -78.00892574000000     
   -78.01028660000000        -78.00894836000001     
   -78.01029103000000        -78.00894777000001     
   -78.01027891000000        -78.00894378000000     
   -78.01028660000000        -78.00894836000001     
   -78.00942609000001        -78.00853307000000     
   -78.01173805000001        -78.00955250000000     
   -78.01083303000000        -78.00918912000000     
   -78.00995426999999        -78.00879349000000     
   -78.01049408000000        -78.00904176000000     
   -78.01015916000000        -78.00888974999999     
   -78.01028660000000        -78.00894836000001     
   -78.01008070000000        -78.00885319000000     
   -78.01015916000000        -78.00888974999999     
   -78.01039355000000        -78.00898015000000     
   -78.00983592999999        -78.00868968000000     
   -78.01002670000000        -78.00882168000000     
   -78.01024601000000        -78.00892699000001     
   -78.01010733000000        -78.00886491999999     
   -78.01015916000000        -78.00888974999999     
   -78.01012667000001        -78.00881896000000     
   -78.00968211999999        -78.00846878000000     
   -78.01005407000000        -78.00880696999999     
   -78.01017634000000        -78.00889262000000     
   -78.01013028000000        -78.00886953000000     
   -78.01017003000000        -78.00889520000000     
   -78.01015916000000        -78.00888974999999     
   -78.01017003000000        -78.00889520000000     
   -78.01011807000000        -78.00884630000000     
   -78.01003233000000        -78.00875139000000     
   -78.01015080000001        -78.00887380000000     
   -78.01016208000000        -78.00888848000000     
   -78.01016743000000        -78.00889180000000     
   -78.01017003000000        -78.00889520000000     
   -78.01009922999999        -78.00886844999999     
   -78.00994901000000        -78.00878597000001     
   -78.01004700000000        -78.00884264000000     
   -78.01009922999999        -78.00886844999999     
   -78.01003135000001        -78.00881004000000     
   -78.00998217000000        -78.00873704000000     
   -78.01008856000000        -78.00885215000000     
   -78.01008551000000        -78.00885829000001     
   -78.01010001000000        -78.00886705000001     
   -78.01009922999999        -78.00886844999999     
   -78.01016500999999        -78.00888797000000     
   -78.00993257000000        -78.00877361000001     
   -78.01004441000001        -78.00884148999999     
   -78.01012769000000        -78.00887941000001     
   -78.01009922999999        -78.00886844999999     
   -78.01001056000000        -78.00881819999999     
   -78.01015176999999        -78.00885734000001     
   -78.01013257000000        -78.00887765000000     
   -78.01007043000000        -78.00885442000001     
   -78.01009922999999        -78.00886844999999     
   -78.01011416000000        -78.00887150000000     
   -78.00996307000000        -78.00874998000000     
   -78.01006344000000        -78.00883962000000     
   -78.01011124000000        -78.00887600000000     
   -78.01009922999999        -78.00886844999999     
   -78.01011477000000        -78.00887673000000     
   -78.01011124000000        -78.00887600000000     
   -78.01015493000000        -78.00886955999999     
   -78.00992461000000        -78.00876813000001     
   -78.01005669000000        -78.00885189000000     
   -78.01013447000000        -78.00888021000000     
   -78.01009286999999        -78.00886930999999     
   -78.01011124000000        -78.00887600000000     
   -78.01009286999999        -78.00886930999999     
   -78.01001730999999        -78.00882294000000     
   -78.01023281000001        -78.00892059000000     
   -78.01014401000000        -78.00889237000000     
   -78.01009286999999        -78.00886930999999     
   -78.01017711999999        -78.00890447000000     
   -78.01014401000000        -78.00889237000000     
   -78.01003468000000        -78.00881372000001     
   -78.01004663000001        -78.00874091999999     
   -78.01014798000000        -78.00887634999999     
   -78.01011699000000        -78.00887732000000     
   -78.01015139000000        -78.00889220000001     
   -78.01014401000000        -78.00889237000000     
   -78.01611961000000        -78.01027065000000     
   -78.00173383000001        -78.00138226000000     
   -78.00676812000000        -78.00657038000000     
   -78.01242968000000        -78.00975382000000     
   -78.00876307000000        -78.00817204000001     
   -78.01101181999999        -78.00926698000001     
   -78.00961253000000        -78.00863371000000     
   -78.01047446000000        -78.00904194000000     
   -78.00994051000001        -78.00879598000000     
   -78.01027006000000        -78.00895043000000     
   -78.01014401000000        -78.00889237000000     
   -78.01034807000001        -78.00898574000000     
   -78.01027006000000        -78.00895043000000     
   -78.01020020999999        -78.00888245000000     
   -78.01023833000001        -78.00890301000000     
   -78.01027897000000        -78.00895525000000     
   -78.01027006000000        -78.00895043000000     
   -78.01027145000000        -78.00894404000000     
   -78.01027865000000        -78.00895676000000     
   -78.01027897000000        -78.00895525000000     
   -78.01027865000000        -78.00895676000000     
   -78.01022103000000        -78.00892473000000     
   -78.01035353000000        -78.00898561000000     
   -78.01030996000000        -78.00897114999999     
   -78.01025764000001        -78.00894580000001     
   -78.01027865000000        -78.00895676000000     
   -78.01031807000000        -78.00897277000000     
   -78.01019778000000        -78.00890767000000     
   -78.01025025000000        -78.00894139000000     
   -78.01029466000000        -78.00896417000000     
   -78.01027865000000        -78.00895676000000     
   -78.00686211999999        -78.00661393000000     
   -78.01724747000000        -78.01103621000000     
   -78.01282519000000        -78.00996440000000     
   -78.00880969000001        -78.00821574000000     
   -78.01122878000000        -78.00937044000000     
   -78.00970703000000        -78.00868403000000     
   -78.01063800000000        -78.00911884999999     
   -78.01005884999999        -78.00885409999999     
   -78.01041537000000        -78.00901926000000     
   -78.01027865000000        -78.00895676000000     
   -78.01024228999999        -78.00894056000000     
   -78.01013322999999        -78.00886172000000     
   -78.01020792000000        -78.00891808000000     
   -78.01025899000000        -78.00894971000000     
   -78.01024228999999        -78.00894056000000     
   -78.01025899000000        -78.00894971000000     
   -78.01022063000001        -78.00889158000000     
   -78.00994584999999        -78.00866953000001     
   -78.01019340000001        -78.00889658000000     
   -78.01026559000000        -78.00894870000000     
   -78.01024191000000        -78.00893736000000     
   -78.01025899000000        -78.00894971000000     
   -78.00941186999999        -78.00853549000000     
   -78.01169215000000        -78.00955061000001     
   -78.01079817000000        -78.00918928000000     
   -78.00993145000000        -78.00879546000000     
   -78.01046364000000        -78.00904267000000     
   -78.01013334000000        -78.00889135000000     
   -78.01025899000000        -78.00894971000000     
   -78.01050323000000        -78.00904072000000     
   -78.00991421000001        -78.00875077000001     
   -78.01011904000001        -78.00888183000001     
   -78.01034993000000        -78.00898706000000     
   -78.01020443000000        -78.00892490000000     
   -78.01025899000000        -78.00894971000000     
   -78.01020443000000        -78.00892490000000     
   -78.01014635000000        -78.00882976000000     
   -78.00976921000000        -78.00854366000000     
   -78.01011525000000        -78.00885724000000     
   -78.01021181999999        -78.00891846000000     
   -78.01018162000000        -78.00891045000000     
   -78.01021156000000        -78.00892680000000     
   -78.01020443000000        -78.00892490000000     
   -78.01015670000000        -78.00888073000000     
   -78.01005864000000        -78.00877219000000     
   -78.01018229000000        -78.00890029000000     
   -78.01019816000000        -78.00892005000000     
   -78.01020074000000        -78.00892029000001     
   -78.01020443000000        -78.00892490000000     
   -78.01014519000000        -78.00887462999999     
   -78.01007254000000        -78.00877937999999     
   -78.01018823000000        -78.00890336000001     
   -78.01019405000000        -78.00891790000000     
   -78.01020311000001        -78.00892152000000     
   -78.01020443000000        -78.00892490000000     
   -78.01026978000000        -78.00894434000000     
   -78.01003910999999        -78.00883077000000     
   -78.01015002000000        -78.00889813000001     
   -78.01023269000000        -78.00893580000000     
   -78.01020443000000        -78.00892490000000     
   -78.01012124000000        -78.00887925000001     
   -78.01024716000001        -78.00890547000000     
   -78.01023415000000        -78.00893105000000     
   -78.01017778000001        -78.00891267999999     
   -78.01021774000000        -78.00892924000000     
   -78.01020443000000        -78.00892490000000     
   -78.01020505000000        -78.00891338000000     
   -78.01009215000001        -78.00883072000001     
   -78.01017766000000        -78.00890526000001     
   -78.01021092000001        -78.00892684999999     
   -78.01019657000001        -78.00891980000000     
   -78.01020443000000        -78.00892490000000     
   -78.01025447000001        -78.00892324000000     
   -78.01000772000000        -78.00880961000000     
   -78.01014601000000        -78.00889791000000     
   -78.01023007000001        -78.00893092000000     
   -78.01018458000000        -78.00891710000001     
   -78.01020443000000        -78.00892490000000     
   -78.01018458000000        -78.00891710000001     
   -78.01010570000000        -78.00887290000000     
   -78.01032766000000        -78.00896512000000     
   -78.01023725000000        -78.00893886999999     
   -78.01015347000001        -78.00890151999999     
   -78.01018458000000        -78.00891710000001     
   -78.01008885000000        -78.00885006000000     
   -78.01006320000000        -78.00874489000000     
   -78.01017969000000        -78.00889343999999     
   -78.01016285999999        -78.00890659000000     
   -78.01018861000000        -78.00891406000000     
   -78.01018458000000        -78.00891710000001     
   -78.01613756000000        -78.01028147000000     
   -78.00184892999999        -78.00149878000001     
   -78.00680223000001        -78.00664918000000     
   -78.01245951999999        -78.00976921000000     
   -78.00880986000000        -78.00820662000000     
   -78.01104809000000        -78.00928747000000     
   -78.00965576999999        -78.00866160000000     
   -78.01051336000000        -78.00906494000000     
   -78.00998210000000        -78.00882187000001     
   -78.01031000000000        -78.00897449000000     
   -78.01010717000000        -78.00888107000000     
   -78.01018458000000        -78.00891710000001     
   -78.01013897999999        -78.00887664000000     
   -78.01011566000000        -78.00882686000000     
   -78.01017897000000        -78.00890527999999     
   -78.01017517000000        -78.00891036000000     
   -78.01018547000000        -78.00891590000001     
   -78.01018458000000        -78.00891710000001     
   -78.01012554000000        -78.00888193000000     
   -78.01026191000000        -78.00895091000000     
   -78.01021681000000        -78.00893340000000     
   -78.01018458000000        -78.00891710000001     
   -78.01023506999999        -78.00894138000000     
   -78.01021681000000        -78.00893340000000     
   -78.01025960000000        -78.00895296000000     
   -78.01013021000000        -78.00887831999999     
   -78.01018626000000        -78.00891577000000     
   -78.01023412000001        -78.00894218000001     
   -78.01021681000000        -78.00893340000000     
   -78.01024422000000        -78.00894679000000     
   -78.01023412000001        -78.00894218000001     
   -78.00688551000000        -78.00662844999999     
   -78.01710762000000        -78.01097887000000     
   -78.01274241000000        -78.00993145000000     
   -78.00878987999999        -78.00821302999999     
   -78.01116947000000        -78.00934857999999     
   -78.00967176000000        -78.00867406000000     
   -78.01058780000000        -78.00910145000000     
   -78.01001784000000        -78.00884127000000     
   -78.01036868000000        -78.00900360000000     
   -78.01015130000000        -78.00890385000000     
   -78.01023412000001        -78.00894218000001     
   -78.01018994000000        -78.00891713999999     
   -78.01025521000000        -78.00892974000000     
   -78.01024957000000        -78.00894520000000     
   -78.01022003999999        -78.00893554000000     
   -78.01023412000001        -78.00894218000001     
   -78.01020045000000        -78.00892570000001     
   -78.01026999000000        -78.00894992000001     
   -78.01025052999999        -78.00894787999999     
   -78.01022230000000        -78.00893694000000     
   -78.01023412000001        -78.00894218000001     
   -78.01021436000001        -78.00893305000000     
   -78.01022230000000        -78.00893694000000     
   -78.01022230000000        -78.00893694000000     
   -78.01017407000001        -78.00887010000000     
   -78.00992752000001        -78.00867325999999     
   -78.01016339000000        -78.00888977000000     
   -78.01022230000000        -78.00893694000000     
   -78.01009363000000        -78.00882736000000     
   -78.01019380000000        -78.00891568000000     
   -78.01016339000000        -78.00888977000000     
   -78.01020772000000        -78.00892682000000     
   -78.01019380000000        -78.00891568000000     
   -78.00936369999999        -78.00851109000000     
   -78.00814765000000        -78.00773830999999     
   -78.00657989000000        -78.00614023000000     
   -78.00752194000000        -78.00714564000000     
   -78.00857775000000        -78.00806532000000     
   -78.00860110000001        -78.00808023000000     
   -78.00815978000000        -78.00774968000000     
   -78.00888548000000        -78.00825107999999     
   -78.00842397000000        -78.00796199000000     
   -78.00870835000001        -78.00814674000000     
   -78.00853252000000        -78.00803592000000     
   -78.00860110000001        -78.00808023000000     
   -78.00887250000000        -78.00816622000001     
   -78.00826474000000        -78.00784322000000     
   -78.00844453000001        -78.00801638999999     
   -78.00860110000001        -78.00808023000000     
   -78.00836182000000        -78.00796359000000     
   -78.00850216000001        -78.00804282999999     
   -78.00841110000000        -78.00799797000001     
   -78.00844453000001        -78.00801638999999     
   -78.00839151000000        -78.00798557000000     
   -78.00841110000000        -78.00799797000001     
   -78.00827689000000        -78.00782073000001     
   -78.00809252000001        -78.00773053000000     
   -78.00836689000000        -78.00797693000000     
   -78.00841110000000        -78.00799797000001     
   -78.00829152000000        -78.00791390000001     
   -78.00839516000001        -78.00799676000000     
   -78.00836689000000        -78.00797693000000     
   -78.00840560000000        -78.00800173000000     
   -78.00839516000001        -78.00799676000000     
   -78.00833747000000        -78.00794968000000     
   -78.00826696000000        -78.00785096000000     
   -78.00837951000000        -78.00797446000000     
   -78.00838500000000        -78.00799068000001     
   -78.00839392000000        -78.00799299000001     
   -78.00839516000001        -78.00799676000000     
   -78.00832574000000        -78.00793355000000     
   -78.00828129000000        -78.00787194000000     
   -78.00838563000001        -78.00798313999999     
   -78.00838079000000        -78.00798484000001     
   -78.00839635000000        -78.00799641000000     
   -78.00839516000001        -78.00799676000000     
   -78.00844987000001        -78.00801539000000     
   -78.00824819000000        -78.00790382000000     
   -78.00834755000000        -78.00797051000001     
   -78.00841930999999        -78.00800734000001     
   -78.00839516000001        -78.00799676000000     
   -78.00831397000000        -78.00794372000000     
   -78.00843788000000        -78.00798496000000     
   -78.00842455999999        -78.00800630000001     
   -78.00836900000000        -78.00798204000000     
   -78.00840828000000        -78.00800248000000     
   -78.00839516000001        -78.00799676000000     
   -78.00839376000000        -78.00798644000000     
   -78.00828626000001        -78.00790049000000     
   -78.00836966000000        -78.00797634000000     
   -78.00840087000000        -78.00799918000000     
   -78.00838778000001        -78.00799137000000     
   -78.00839516000001        -78.00799676000000     
   -78.00842976000000        -78.00799341000000     
   -78.00822546000001        -78.00788267000000     
   -78.00834666000000        -78.00797055000000     
   -78.00839516000001        -78.00799676000000     
   -78.00830653000000        -78.00794361000000     
   -78.00836760000000        -78.00798310000000     
   -78.00834666000000        -78.00797055000000     
   -78.00836760000000        -78.00798310000000     
   -78.00832235999999        -78.00791108000000     
   -78.00851857000001        -78.00801826000000     
   -78.00841765000000        -78.00800504000000     
   -78.00834519000000        -78.00796078000000     
   -78.00838491000000        -78.00799336999999     
   -78.00836760000000        -78.00798310000000     
   -78.00839680000000        -78.00799848000000     
   -78.00838491000000        -78.00799336999999     
   -78.00829888000000        -78.00792654999999     
   -78.00824498000000        -78.00781429000000     
   -78.00837346000000        -78.00796799000000     
   -78.00836701000000        -78.00798333000000     
   -78.00838650000000        -78.00798981000000     
   -78.00838491000000        -78.00799336999999     
   -78.01384776000000        -78.00974312000000     
   -78.00085226000000        -78.00072742000000     
   -78.00574850000000        -78.00528273000000     
   -78.01043147000000        -78.00896671000000     
   -78.00724413000000        -78.00714880000000     
   -78.00915645000001        -78.00840626999999     
   -78.00791928000000        -78.00771016000000     
   -78.00867789000000        -78.00815695000000     
   -78.00820517000000        -78.00788850000001     
   -78.00849654000000        -78.00805671000001     
   -78.00831611000000        -78.00795367000001     
   -78.00838491000000        -78.00799336999999     
   -78.00832474000001        -78.00793834000000     
   -78.00834742000001        -78.00792232000001     
   -78.00839023000000        -78.00798947000000     
   -78.00836948000000        -78.00798131000001     
   -78.00838981000000        -78.00799529000000     
   -78.00838491000000        -78.00799336999999     
   -78.00841928000000        -78.00800835000000     
   -78.00831823999999        -78.00793957000000     
   -78.00836092000000        -78.00797726000000     
   -78.00839873000000        -78.00800067000000     
   -78.00838491000000        -78.00799336999999     
   -78.00570829999999        -78.00515440000000     
   -78.01486430999999        -78.01050588000000     
   -78.01070307000001        -78.00914650000000     
   -78.00718543000001        -78.00706359000000     
   -78.00924300000000        -78.00845975000000     
   -78.00787760000000        -78.00768497000000     
   -78.00870843000000        -78.00817522000000     
   -78.00818786000001        -78.00787851000000     
   -78.00850783999999        -78.00806338000000     
   -78.00830936000000        -78.00794974000000     
   -78.00838491000000        -78.00799336999999     
   -78.00836206000000        -78.00797297000000     
   -78.00838084000000        -78.00796570999999     
   -78.00838944000000        -78.00799164000000     
   -78.00837844000000        -78.00798895000000     
   -78.00838491000000        -78.00799336999999     
   -78.00836535000001        -78.00798395000000     
   -78.00831515000000        -78.00794897999999     
   -78.00834888999999        -78.00797348000000     
   -78.00836535000001        -78.00798395000000     
   -78.00692236000000        -78.00669771000000     
   -78.01145713000000        -78.00946358000000     
   -78.00949153000001        -78.00858698000000     
   -78.00771406000000        -78.00758171000000     
   -78.00878708000000        -78.00821945000000     
   -78.00811006000001        -78.00783529000000     
   -78.00852519000000        -78.00807463000000     
   -78.00826734000000        -78.00792745000000     
   -78.00842622000000        -78.00801869000000     
   -78.00836535000001        -78.00798395000000     
   -78.00842622000000        -78.00801869000000     
   -78.00778203000000        -78.00744517000000     
   -78.00973276000001        -78.00869886000000     
   -78.00891549000001        -78.00828721000001     
   -78.00813233000000        -78.00784547000001     
   -78.00861153000000        -78.00812259000000     
   -78.00831286000000        -78.00795349000001     
   -78.00849675000001        -78.00805859000000     
   -78.00842622000000        -78.00801869000000     
   -78.00866159000000        -78.00810301000000     
   -78.00821919000001        -78.00771668000000     
   -78.00832315000000        -78.00792590000000     
   -78.00851058000001        -78.00805622999999     
   -78.00838111000000        -78.00798875000000     
   -78.00845708999999        -78.00803433000000     
   -78.00840822000001        -78.00800800000000     
   -78.00842622000000        -78.00801869000000     
   -78.00837808000000        -78.00792715000000     
   -78.00797218000000        -78.00761559999999     
   -78.00832973000000        -78.00794546000000     
   -78.00843777999999        -78.00801432999999     
   -78.00840067000000        -78.00800245000001     
   -78.00843499000000        -78.00802150000000     
   -78.00842622000000        -78.00801869000000     
   -78.00835868000000        -78.00796187000000     
   -78.00831556000000        -78.00789023999999     
   -78.00841703000000        -78.00800277000000     
   -78.00841222000000        -78.00800881000001     
   -78.00842741000000        -78.00801731999999     
   -78.00842622000000        -78.00801869000000     
   -78.00834045000001        -78.00793778000001     
   -78.00834059000000        -78.00792416000000     
   -78.00842720999999        -78.00801640000000     
   -78.00840551000000        -78.00799992000000     
   -78.00843139000000        -78.00802263000000     
   -78.00842622000000        -78.00801869000000     
   -78.00843139000000        -78.00802263000000     
   -78.00848444000000        -78.00804036000000     
   -78.00828740000000        -78.00793098000000     
   -78.00838487999999        -78.00799689999999     
   -78.00843139000000        -78.00802263000000     
   -78.00835087999999        -78.00797529000000     
   -78.00838487999999        -78.00799689999999     
   -78.00832317000000        -78.00795859000000     
   -78.00839834999999        -78.00796081000000     
   -78.00840280000000        -78.00799720000001     
   -78.00836603000000        -78.00798784000000     
   -78.00838487999999        -78.00799689999999     
   -78.00835145000001        -78.00797881000000     
   -78.00836603000000        -78.00798784000000     
   -78.00836939000000        -78.00798380000001     
   -78.00825042000000        -78.00788247000000     
   -78.00833783000000        -78.00796380000000     
   -78.00837350000000        -78.00799259999999     
   -78.00836603000000        -78.00798784000000     
   -78.00837430000000        -78.00799164999999     
   -78.00837350000000        -78.00799259999999     
   -78.00841661000000        -78.00799639000000     
   -78.00818789000000        -78.00786712000000     
   -78.00831927999999        -78.00796197000000     
   -78.00839653000000        -78.00800076000000     
   -78.00837350000000        -78.00799259999999     
   -78.00831628000000        -78.00793199000000     
   -78.00853580000000        -78.00801635000001     
   -78.00843044000000        -78.00800781000000     
   -78.00834579000001        -78.00797538000000     
   -78.00839384000000        -78.00799993000000     
   -78.00837350000000        -78.00799259999999     
   -78.00828941000000        -78.00792864000000     
   -78.00823002000000        -78.00780863000000     
   -78.00836076000000        -78.00796539000000     
   -78.00835635999999        -78.00798365999999     
   -78.00837350000000        -78.00799259999999     
   -78.00833643999999        -78.00796851000000     
   -78.00835635999999        -78.00798365999999     
   -78.01371125999999        -78.00965649000000     
   -78.00093217000000        -78.00081172000000     
   -78.00578072000000        -78.00530886000000     
   -78.01036375000000        -78.00892838999999     
   -78.00724658000000        -78.00714720000001     
   -78.00911340000000        -78.00838577000000     
   -78.00789928000000        -78.00770713999999     
   -78.00864389000000        -78.00814312000000     
   -78.00817990000000        -78.00788138000000     
   -78.00846593000000        -78.00804543000000     
   -78.00835635999999        -78.00798365999999     
   -78.00853381000000        -78.00808307000000     
   -78.00846593000000        -78.00804543000000     
   -78.00837629999999        -78.00796300000000     
   -78.00847257000000        -78.00801892000000     
   -78.00848861000000        -78.00805853000000     
   -78.00846593000000        -78.00804543000000     
   -78.00849018000000        -78.00805223000000     
   -78.00848289000000        -78.00805693000000     
   -78.00848861000000        -78.00805853000000     
   -78.00848289000000        -78.00805693000000     
   -78.00850826000000        -78.00806674000000     
   -78.00842993000001        -78.00801260999999     
   -78.00846433000000        -78.00804420999999     
   -78.00849328000000        -78.00806222999999     
   -78.00848289000000        -78.00805693000000     
   -78.00580414000000        -78.00526082000000     
   -78.01491663000000        -78.01050664000000     
   -78.01078848000000        -78.00918695999999     
   -78.00725730000001        -78.00717126000001     
   -78.00933707999999        -78.00851452000001     
   -78.00797233999999        -78.00775892000000     
   -78.00880512000001        -78.00823536000000     
   -78.00828627000000        -78.00794445000000     
   -78.00860537000000        -78.00812560999999     
   -78.00840755999999        -78.00801416000000     
   -78.00852958000000        -78.00808324000000     
   -78.00848289000000        -78.00805693000000     
   -78.00845987000000        -78.00804196999999     
   -78.00847632999999        -78.00802240000000     
   -78.00848688000001        -78.00805228000000     
   -78.00847649000001        -78.00805449000001     
   -78.00848289000000        -78.00805693000000     
   -78.00847106000001        -78.00805096000001     
   -78.00847649000001        -78.00805449000001     
   -78.00845996000000        -78.00804825000000     
   -78.00841444000000        -78.00801844000000     
   -78.00845996000000        -78.00804825000000     
   -78.00701703999999        -78.00681351000000     
   -78.01150770000000        -78.00947936000000     
   -78.00957047000000        -78.00863284000000     
   -78.00781499000000        -78.00765991000000     
   -78.00887588000001        -78.00827674000000     
   -78.00820821000001        -78.00790387000001     
   -78.00861759999999        -78.00813626999999     
   -78.00836330999999        -78.00799340000000     
   -78.00851999000000        -78.00808198000000     
   -78.00845996000000        -78.00804825000000     
   -78.00845342000000        -78.00803696000000     
   -78.00838519000000        -78.00797996000000     
   -78.00844386999999        -78.00803481000000     
   -78.00846221000000        -78.00804875999999     
   -78.00845563000000        -78.00804496000001     
   -78.00845996000000        -78.00804825000000     
   -78.00781121000000        -78.00750563000000     
   -78.00974248000000        -78.00870829000000     
   -78.00894029000000        -78.00830892000000     
   -78.00817078999999        -78.00788061999999     
   -78.00864192000000        -78.00814910000000     
   -78.00834857000000        -78.00798503000000     
   -78.00852922999999        -78.00808696999999     
   -78.00845996000000        -78.00804825000000     
   -78.00868045999999        -78.00812256000000     
   -78.00827021000001        -78.00776755000000     
   -78.00836466000000        -78.00796269000000     
   -78.00853857000000        -78.00808211000000     
   -78.00841817000000        -78.00802075999999     
   -78.00848866000000        -78.00806247000000     
   -78.00845996000000        -78.00804825000000     
   -78.00845329000001        -78.00800090000000     
   -78.00794277000000        -78.00757831000000     
   -78.00833885999999        -78.00794877000000     
   -78.00848711000000        -78.00806052999999     
   -78.00842493000000        -78.00802188000000     
   -78.00847465000000        -78.00805738000000     
   -78.00845996000000        -78.00804825000000     
   -78.00847465000000        -78.00805738000000     
   -78.00840028000000        -78.00799394000001     
   -78.00837543000000        -78.00794002000001     
   -78.00846977000000        -78.00804564000001     
   -78.00845801000000        -78.00804494000000     
   -78.00847748000000        -78.00805759000001     
   -78.00847465000000        -78.00805738000000     
   -78.00838185000001        -78.00796973999999     
   -78.00840212999999        -78.00797544000000     
   -78.00848039000000        -78.00805964000000     
   -78.00845116000001        -78.00803594000000     
   -78.00848160000000        -78.00806301999999     
   -78.00847465000000        -78.00805738000000     
   -78.00848160000000        -78.00806301999999     
   -78.00854910000000        -78.00809559000000     
   -78.00831433000000        -78.00794756000001     
   -78.00842618000000        -78.00802815999999     
   -78.00851061000000        -78.00807892000000     
   -78.00848160000000        -78.00806301999999     
   -78.00840399000001        -78.00801170000000     
   -78.00851792000000        -78.00804792000000     
   -78.00850862000000        -78.00807139000000     
   -78.00845686000000        -78.00804897000000     
   -78.00849382000000        -78.00806830000001     
   -78.00848160000000        -78.00806301999999     
   -78.00847432000000        -78.00804674000000     
   -78.00838401999999        -78.00797833000000     
   -78.00846017000001        -78.00804675000001     
   -78.00848496000000        -78.00806304000000     
   -78.00848160000000        -78.00806301999999     
   -78.00853445000000        -78.00807738000000     
   -78.00828142000000        -78.00792075000000     
   -78.00842163000000        -78.00802593000000     
   -78.00850828000000        -78.00807519000000     
   -78.00848160000000        -78.00806301999999     
   -78.00843112000000        -78.00800704000000     
   -78.00862361000000        -78.00808755000000     
   -78.00853023000001        -78.00807919000000     
   -78.00845789000000        -78.00804623000001     
   -78.00849887000000        -78.00807063000001     
   -78.00848160000000        -78.00806301999999     
   -78.00837466999999        -78.00797347000000     
   -78.00837738000000        -78.00792312000000     
   -78.00848348000000        -78.00805228000000     
   -78.00845563000000        -78.00804415000000     
   -78.00848824000001        -78.00806500000000     
   -78.00848160000000        -78.00806301999999     
   -78.01381385000001        -78.00970076000000     
   -78.00113172000000        -78.00100799000001     
   -78.00589921000000        -78.00545167999999     
   -78.01047982999999        -78.00899015000000     
   -78.00734434000000        -78.00727362000001     
   -78.00923516000000        -78.00845768000001     
   -78.00802344000000        -78.00779469000000     
   -78.00876785000000        -78.00821947999999     
   -78.00830575000001        -78.00796282000000     
   -78.00859069000001        -78.00812361000000     
   -78.00841432999999        -78.00802505999999     
   -78.00848160000000        -78.00806301999999     
   -78.00840579000000        -78.00799562000000     
   -78.00846816000001        -78.00801393000000     
   -78.00849630000000        -78.00806722000000     
   -78.00846025000000        -78.00804613000000     
   -78.00849011000000        -78.00806799000000     
   -78.00848160000000        -78.00806301999999     
   -78.00849358000001        -78.00806898000000     
   -78.00849011000000        -78.00806799000000     
   -78.00851990000000        -78.00808238000000     
   -78.00842962999999        -78.00801629999999     
   -78.00846873000000        -78.00805244999999     
   -78.00850221000000        -78.00807503999999     
   -78.00849011000000        -78.00806799000000     
   -78.00850925000000        -78.00807843000000     
   -78.00850221000000        -78.00807503999999     
   -78.00587767000000        -78.00534410000000     
   -78.01483236999999        -78.01045972999999     
   -78.01076687000000        -78.00917674999999     
   -78.00730230000001        -78.00720857000000     
   -78.00934066000001        -78.00852135000000     
   -78.00800267000000        -78.00778303000000     
   -78.00881840000000        -78.00824912000000     
   -78.00830942000000        -78.00796520000000     
   -78.00862238000001        -78.00814206000000     
   -78.00842831999999        -78.00803329000000     
   -78.00854802000001        -78.00810070999999     
   -78.00850221000000        -78.00807503999999     
   -78.00847190000000        -78.00805060000000     
   -78.00850794000000        -78.00805681999999     
   -78.00851079000000        -78.00807651000000     
   -78.00849301000000        -78.00806891000001     
   -78.00850221000000        -78.00807503999999     
   -78.00705252000000        -78.00686183000001     
   -78.01154081000000        -78.00949479000001     
   -78.00960919000001        -78.00865480000000     
   -78.00785467000000        -78.00769466000000     
   -78.00891679000000        -78.00830160000000     
   -78.00825118000000        -78.00793198000000     
   -78.00865933999999        -78.00816230000000     
   -78.00840585000000        -78.00802066000000     
   -78.00856204999999        -78.00810847000000     
   -78.00850221000000        -78.00807503999999     
   -78.00850104000000        -78.00806919999999     
   -78.00841837999999        -78.00799750000000     
   -78.00848271000000        -78.00805812000000     
   -78.00850653000001        -78.00807765000000     
   -78.00850221000000        -78.00807503999999     
   -78.00850626000000        -78.00807627000000     
   -78.00850653000001        -78.00807765000000     
   -78.00854256000000        -78.00809633999999     
   -78.00842589000000        -78.00802470000001     
   -78.00847899000000        -78.00806075000000     
   -78.00852154000000        -78.00808605000000     
   -78.00850653000001        -78.00807765000000     
